2024-01-19 23:54:03.261  INFO 4520 --- [http-nio-8081-exec-5] com.shopme.filter.SettingFilter          : SettingFilter | doFilter is called
2024-01-19 23:54:03.262  INFO 4520 --- [http-nio-8081-exec-5] com.shopme.filter.SettingFilter          : SettingFilter | doFilter | url : http://localhost:8081/Shopme/c/android_phones
2024-01-19 23:54:03.262  INFO 4520 --- [http-nio-8081-exec-5] com.shopme.filter.SettingFilter          : SettingFilter | loadGeneralSettings is called
2024-01-19 23:54:03.263  INFO 4520 --- [http-nio-8081-exec-5] com.shopme.filter.SettingFilter          : SettingFilter | loadGeneralSettings | generalSettings : [Setting [key=COPYRIGHT, value=Copyright (C) 2023 Shopme Ltd.], Setting [key=CURRENCY_ID, value=4], Setting [key=CURRENCY_SYMBOL, value=€], Setting [key=CURRENCY_SYMBOL_POSITION, value=Before price], Setting [key=DECIMAL_DIGITS, value=2], Setting [key=DECIMAL_POINT_TYPE, value=POINT], Setting [key=SITE_LOGO, value=/site-logo/shopme logo.jpg], Setting [key=SITE_NAME, value=ShopMe], Setting [key=THOUSANDS_POINT_TYPE, value=POINT]]
2024-01-19 23:54:03.265  INFO 4520 --- [http-nio-8081-exec-5] com.shopme.filter.SettingFilter          : SettingFilter | loadGeneralSettings | generalSettings : [Setting [key=COPYRIGHT, value=Copyright (C) 2023 Shopme Ltd.], Setting [key=CURRENCY_ID, value=4], Setting [key=CURRENCY_SYMBOL, value=€], Setting [key=CURRENCY_SYMBOL_POSITION, value=Before price], Setting [key=DECIMAL_DIGITS, value=2], Setting [key=DECIMAL_POINT_TYPE, value=POINT], Setting [key=SITE_LOGO, value=/site-logo/shopme logo.jpg], Setting [key=SITE_NAME, value=ShopMe], Setting [key=THOUSANDS_POINT_TYPE, value=POINT]]
2024-01-19 23:54:03.266  INFO 4520 --- [http-nio-8081-exec-5] com.shopme.filter.SettingFilter          : SettingFilter | loadGeneralSettings | generalSettings : [Setting [key=COPYRIGHT, value=Copyright (C) 2023 Shopme Ltd.], Setting [key=CURRENCY_ID, value=4], Setting [key=CURRENCY_SYMBOL, value=€], Setting [key=CURRENCY_SYMBOL_POSITION, value=Before price], Setting [key=DECIMAL_DIGITS, value=2], Setting [key=DECIMAL_POINT_TYPE, value=POINT], Setting [key=SITE_LOGO, value=/site-logo/shopme logo.jpg], Setting [key=SITE_NAME, value=ShopMe], Setting [key=THOUSANDS_POINT_TYPE, value=POINT]]
2024-01-19 23:54:03.266  INFO 4520 --- [http-nio-8081-exec-5] com.shopme.filter.SettingFilter          : SettingFilter | loadGeneralSettings | generalSettings : [Setting [key=COPYRIGHT, value=Copyright (C) 2023 Shopme Ltd.], Setting [key=CURRENCY_ID, value=4], Setting [key=CURRENCY_SYMBOL, value=€], Setting [key=CURRENCY_SYMBOL_POSITION, value=Before price], Setting [key=DECIMAL_DIGITS, value=2], Setting [key=DECIMAL_POINT_TYPE, value=POINT], Setting [key=SITE_LOGO, value=/site-logo/shopme logo.jpg], Setting [key=SITE_NAME, value=ShopMe], Setting [key=THOUSANDS_POINT_TYPE, value=POINT]]
2024-01-19 23:54:03.266  INFO 4520 --- [http-nio-8081-exec-5] com.shopme.filter.SettingFilter          : SettingFilter | loadGeneralSettings | generalSettings : [Setting [key=COPYRIGHT, value=Copyright (C) 2023 Shopme Ltd.], Setting [key=CURRENCY_ID, value=4], Setting [key=CURRENCY_SYMBOL, value=€], Setting [key=CURRENCY_SYMBOL_POSITION, value=Before price], Setting [key=DECIMAL_DIGITS, value=2], Setting [key=DECIMAL_POINT_TYPE, value=POINT], Setting [key=SITE_LOGO, value=/site-logo/shopme logo.jpg], Setting [key=SITE_NAME, value=ShopMe], Setting [key=THOUSANDS_POINT_TYPE, value=POINT]]
2024-01-19 23:54:03.266  INFO 4520 --- [http-nio-8081-exec-5] com.shopme.filter.SettingFilter          : SettingFilter | loadGeneralSettings | generalSettings : [Setting [key=COPYRIGHT, value=Copyright (C) 2023 Shopme Ltd.], Setting [key=CURRENCY_ID, value=4], Setting [key=CURRENCY_SYMBOL, value=€], Setting [key=CURRENCY_SYMBOL_POSITION, value=Before price], Setting [key=DECIMAL_DIGITS, value=2], Setting [key=DECIMAL_POINT_TYPE, value=POINT], Setting [key=SITE_LOGO, value=/site-logo/shopme logo.jpg], Setting [key=SITE_NAME, value=ShopMe], Setting [key=THOUSANDS_POINT_TYPE, value=POINT]]
2024-01-19 23:54:03.266  INFO 4520 --- [http-nio-8081-exec-5] com.shopme.filter.SettingFilter          : SettingFilter | loadGeneralSettings | generalSettings : [Setting [key=COPYRIGHT, value=Copyright (C) 2023 Shopme Ltd.], Setting [key=CURRENCY_ID, value=4], Setting [key=CURRENCY_SYMBOL, value=€], Setting [key=CURRENCY_SYMBOL_POSITION, value=Before price], Setting [key=DECIMAL_DIGITS, value=2], Setting [key=DECIMAL_POINT_TYPE, value=POINT], Setting [key=SITE_LOGO, value=/site-logo/shopme logo.jpg], Setting [key=SITE_NAME, value=ShopMe], Setting [key=THOUSANDS_POINT_TYPE, value=POINT]]
2024-01-19 23:54:03.266  INFO 4520 --- [http-nio-8081-exec-5] com.shopme.filter.SettingFilter          : SettingFilter | loadGeneralSettings | generalSettings : [Setting [key=COPYRIGHT, value=Copyright (C) 2023 Shopme Ltd.], Setting [key=CURRENCY_ID, value=4], Setting [key=CURRENCY_SYMBOL, value=€], Setting [key=CURRENCY_SYMBOL_POSITION, value=Before price], Setting [key=DECIMAL_DIGITS, value=2], Setting [key=DECIMAL_POINT_TYPE, value=POINT], Setting [key=SITE_LOGO, value=/site-logo/shopme logo.jpg], Setting [key=SITE_NAME, value=ShopMe], Setting [key=THOUSANDS_POINT_TYPE, value=POINT]]
2024-01-19 23:54:03.266  INFO 4520 --- [http-nio-8081-exec-5] com.shopme.filter.SettingFilter          : SettingFilter | loadGeneralSettings | generalSettings : [Setting [key=COPYRIGHT, value=Copyright (C) 2023 Shopme Ltd.], Setting [key=CURRENCY_ID, value=4], Setting [key=CURRENCY_SYMBOL, value=€], Setting [key=CURRENCY_SYMBOL_POSITION, value=Before price], Setting [key=DECIMAL_DIGITS, value=2], Setting [key=DECIMAL_POINT_TYPE, value=POINT], Setting [key=SITE_LOGO, value=/site-logo/shopme logo.jpg], Setting [key=SITE_NAME, value=ShopMe], Setting [key=THOUSANDS_POINT_TYPE, value=POINT]]
2024-01-19 23:54:03.266  INFO 4520 --- [http-nio-8081-exec-5] com.shopme.filter.SettingFilter          : SettingFilter | loadMenuSettings is called
2024-01-19 23:54:03.269  INFO 4520 --- [http-nio-8081-exec-5] com.shopme.filter.SettingFilter          : SettingFilter | loadMenuSettings | headerMenuItems size : 4
2024-01-19 23:54:03.270  INFO 4520 --- [http-nio-8081-exec-5] com.shopme.filter.SettingFilter          : SettingFilter | loadMenuSettings | footerMenuItems size : 3
2024-01-19 23:54:03.271  INFO 4520 --- [http-nio-8081-exec-5] com.shopme.controller.ProductController  : ProductController | viewCategoryFirstPage is called
2024-01-19 23:54:03.271  INFO 4520 --- [http-nio-8081-exec-5] com.shopme.controller.ProductController  : ProductController | viewCategoryByPage is called
2024-01-19 23:54:03.272  INFO 4520 --- [http-nio-8081-exec-5] com.shopme.controller.ProductController  : ProductController | viewCategoryByPage | category : Android Phones
2024-01-19 23:54:03.273  INFO 4520 --- [http-nio-8081-exec-5] com.shopme.controller.ProductController  : ProductController | viewCategoryByPage | listCategoryParents : [Electronics, Phones & Accessories, Android Phones]
2024-01-19 23:54:03.273  INFO 4520 --- [http-nio-8081-exec-5] com.shopme.service.ProductService        : ProductService | listByCategory is called
2024-01-19 23:54:03.273  INFO 4520 --- [http-nio-8081-exec-5] com.shopme.service.ProductService        : ProductService | listByCategory | categoryId : 19
2024-01-19 23:54:03.273  INFO 4520 --- [http-nio-8081-exec-5] com.shopme.service.ProductService        : ProductService | listByCategory | categoryIdMatch : -19-
2024-01-19 23:54:03.273  INFO 4520 --- [http-nio-8081-exec-5] com.shopme.service.ProductService        : ProductService | listByCategory | pageable : Page request [number: 0, size 10, sort: UNSORTED]
2024-01-19 23:54:03.275  INFO 4520 --- [http-nio-8081-exec-5] com.shopme.controller.ProductController  : ProductController | viewCategoryByPage | listProducts : [Product [id=16, name=Huawei P50 Pro], Product [id=44, name=Samsung  Galaxy S24], Product [id=3, name=Samsung Fold 4]]
2024-01-19 23:54:03.275  INFO 4520 --- [http-nio-8081-exec-5] com.shopme.controller.ProductController  : ProductController | viewCategoryByPage | startCount : 1
2024-01-19 23:54:03.275  INFO 4520 --- [http-nio-8081-exec-5] com.shopme.controller.ProductController  : ProductController | viewCategoryByPage | endCount : 10
2024-01-19 23:54:03.275  INFO 4520 --- [http-nio-8081-exec-5] com.shopme.controller.ProductController  : ProductController | viewCategoryByPage | endCount > pageProducts.getTotalElements()
2024-01-19 23:54:03.275  INFO 4520 --- [http-nio-8081-exec-5] com.shopme.controller.ProductController  : ProductController | viewCategoryByPage | endCount > pageProducts.getTotalElements() | endCount : 10
2024-01-19 23:54:03.275  INFO 4520 --- [http-nio-8081-exec-5] com.shopme.controller.ProductController  : ProductController | viewCategoryByPage | endCount > pageProducts.getTotalElements() | pageProducts.getTotalElements() : 3
2024-01-19 23:54:03.275  INFO 4520 --- [http-nio-8081-exec-5] com.shopme.controller.ProductController  : ProductController | viewCategoryByPage | endCount > pageProducts.getTotalElements()
2024-01-19 23:54:03.275  INFO 4520 --- [http-nio-8081-exec-5] com.shopme.controller.ProductController  : ProductController | viewCategoryByPage | currentPage : 1
2024-01-19 23:54:03.275  INFO 4520 --- [http-nio-8081-exec-5] com.shopme.controller.ProductController  : ProductController | viewCategoryByPage | totalPages : 1
2024-01-19 23:54:03.275  INFO 4520 --- [http-nio-8081-exec-5] com.shopme.controller.ProductController  : ProductController | viewCategoryByPage | startCount : 1
2024-01-19 23:54:03.275  INFO 4520 --- [http-nio-8081-exec-5] com.shopme.controller.ProductController  : ProductController | viewCategoryByPage | endCount : 3
2024-01-19 23:54:03.275  INFO 4520 --- [http-nio-8081-exec-5] com.shopme.controller.ProductController  : ProductController | viewCategoryByPage | totalItems : 3
2024-01-19 23:54:03.275  INFO 4520 --- [http-nio-8081-exec-5] com.shopme.controller.ProductController  : ProductController | viewCategoryByPage | pageTitle : Android Phones
2024-01-19 23:54:03.275  INFO 4520 --- [http-nio-8081-exec-5] com.shopme.controller.ProductController  : ProductController | viewCategoryByPage | listCategoryParents : [Electronics, Phones & Accessories, Android Phones]
2024-01-19 23:54:03.275  INFO 4520 --- [http-nio-8081-exec-5] com.shopme.controller.ProductController  : ProductController | viewCategoryByPage | listProducts : [Product [id=16, name=Huawei P50 Pro], Product [id=44, name=Samsung  Galaxy S24], Product [id=3, name=Samsung Fold 4]]
2024-01-19 23:54:03.275  INFO 4520 --- [http-nio-8081-exec-5] com.shopme.controller.ProductController  : ProductController | viewCategoryByPage | category : Android Phones
2024-01-19 23:54:03.300  INFO 4520 --- [http-nio-8081-exec-5] com.shopme.security.CustomerUserDetails  : CustomerUserDetails | username: diluna617@gmail.com
2024-01-19 23:54:03.308  INFO 4520 --- [http-nio-8081-exec-4] com.shopme.filter.SettingFilter          : SettingFilter | doFilter is called
2024-01-19 23:54:03.308  INFO 4520 --- [http-nio-8081-exec-4] com.shopme.filter.SettingFilter          : SettingFilter | doFilter | url : http://localhost:8081/Shopme/webjars/bootstrap/4.3.1/css/bootstrap.min.css
2024-01-19 23:54:03.308  INFO 4520 --- [http-nio-8081-exec-4] com.shopme.filter.SettingFilter          : SettingFilter | doFilter | .css , .js , .png , . jpg | url : http://localhost:8081/Shopme/webjars/bootstrap/4.3.1/css/bootstrap.min.css
2024-01-19 23:54:03.308  INFO 4520 --- [http-nio-8081-exec-2] com.shopme.filter.SettingFilter          : SettingFilter | doFilter is called
2024-01-19 23:54:03.308  INFO 4520 --- [http-nio-8081-exec-2] com.shopme.filter.SettingFilter          : SettingFilter | doFilter | url : http://localhost:8081/Shopme/fontawesome/all.css
2024-01-19 23:54:03.308  INFO 4520 --- [http-nio-8081-exec-2] com.shopme.filter.SettingFilter          : SettingFilter | doFilter | .css , .js , .png , . jpg | url : http://localhost:8081/Shopme/fontawesome/all.css
2024-01-19 23:54:03.308  INFO 4520 --- [http-nio-8081-exec-9] com.shopme.filter.SettingFilter          : SettingFilter | doFilter is called
2024-01-19 23:54:03.308  INFO 4520 --- [http-nio-8081-exec-9] com.shopme.filter.SettingFilter          : SettingFilter | doFilter | url : http://localhost:8081/Shopme/css/styles.css
2024-01-19 23:54:03.308  INFO 4520 --- [http-nio-8081-exec-9] com.shopme.filter.SettingFilter          : SettingFilter | doFilter | .css , .js , .png , . jpg | url : http://localhost:8081/Shopme/css/styles.css
2024-01-19 23:54:03.310  INFO 4520 --- [http-nio-8081-exec-10] com.shopme.filter.SettingFilter          : SettingFilter | doFilter is called
2024-01-19 23:54:03.310  INFO 4520 --- [http-nio-8081-exec-8] com.shopme.filter.SettingFilter          : SettingFilter | doFilter is called
2024-01-19 23:54:03.310  INFO 4520 --- [http-nio-8081-exec-10] com.shopme.filter.SettingFilter          : SettingFilter | doFilter | url : http://localhost:8081/Shopme/star-rating/themes/krajee-svg/theme.css
2024-01-19 23:54:03.310  INFO 4520 --- [http-nio-8081-exec-8] com.shopme.filter.SettingFilter          : SettingFilter | doFilter | url : http://localhost:8081/Shopme/star-rating/css/star-rating.css
2024-01-19 23:54:03.310  INFO 4520 --- [http-nio-8081-exec-7] com.shopme.filter.SettingFilter          : SettingFilter | doFilter is called
2024-01-19 23:54:03.310  INFO 4520 --- [http-nio-8081-exec-8] com.shopme.filter.SettingFilter          : SettingFilter | doFilter | .css , .js , .png , . jpg | url : http://localhost:8081/Shopme/star-rating/css/star-rating.css
2024-01-19 23:54:03.310  INFO 4520 --- [http-nio-8081-exec-10] com.shopme.filter.SettingFilter          : SettingFilter | doFilter | .css , .js , .png , . jpg | url : http://localhost:8081/Shopme/star-rating/themes/krajee-svg/theme.css
2024-01-19 23:54:03.310  INFO 4520 --- [http-nio-8081-exec-7] com.shopme.filter.SettingFilter          : SettingFilter | doFilter | url : http://localhost:8081/Shopme/images/ShopmeAdminSmall.png
2024-01-19 23:54:03.310  INFO 4520 --- [http-nio-8081-exec-7] com.shopme.filter.SettingFilter          : SettingFilter | doFilter | .css , .js , .png , . jpg | url : http://localhost:8081/Shopme/images/ShopmeAdminSmall.png
2024-01-19 23:54:03.311  INFO 4520 --- [http-nio-8081-exec-8] com.shopme.security.CustomerUserDetails  : CustomerUserDetails | username: diluna617@gmail.com
2024-01-19 23:54:03.311  INFO 4520 --- [http-nio-8081-exec-10] com.shopme.security.CustomerUserDetails  : CustomerUserDetails | username: diluna617@gmail.com
2024-01-19 23:54:03.311  INFO 4520 --- [http-nio-8081-exec-2] com.shopme.security.CustomerUserDetails  : CustomerUserDetails | username: diluna617@gmail.com
2024-01-19 23:54:03.314  INFO 4520 --- [http-nio-8081-exec-6] com.shopme.filter.SettingFilter          : SettingFilter | doFilter is called
2024-01-19 23:54:03.314  INFO 4520 --- [http-nio-8081-exec-1] com.shopme.filter.SettingFilter          : SettingFilter | doFilter is called
2024-01-19 23:54:03.314  INFO 4520 --- [http-nio-8081-exec-6] com.shopme.filter.SettingFilter          : SettingFilter | doFilter | url : http://localhost:8081/Shopme/webjars/jquery/3.4.1/jquery.min.js
2024-01-19 23:54:03.315  INFO 4520 --- [http-nio-8081-exec-6] com.shopme.filter.SettingFilter          : SettingFilter | doFilter | .css , .js , .png , . jpg | url : http://localhost:8081/Shopme/webjars/jquery/3.4.1/jquery.min.js
2024-01-19 23:54:03.315  INFO 4520 --- [http-nio-8081-exec-1] com.shopme.filter.SettingFilter          : SettingFilter | doFilter | url : http://localhost:8081/Shopme/webjars/bootstrap/4.3.1/js/bootstrap.min.js
2024-01-19 23:54:03.315  INFO 4520 --- [http-nio-8081-exec-1] com.shopme.filter.SettingFilter          : SettingFilter | doFilter | .css , .js , .png , . jpg | url : http://localhost:8081/Shopme/webjars/bootstrap/4.3.1/js/bootstrap.min.js
2024-01-19 23:54:03.315  INFO 4520 --- [http-nio-8081-exec-3] com.shopme.filter.SettingFilter          : SettingFilter | doFilter is called
2024-01-19 23:54:03.316  INFO 4520 --- [http-nio-8081-exec-3] com.shopme.filter.SettingFilter          : SettingFilter | doFilter | url : http://localhost:8081/Shopme/product-images/16/mate50-pro-carbon-black.png
2024-01-19 23:54:03.316  INFO 4520 --- [http-nio-8081-exec-3] com.shopme.filter.SettingFilter          : SettingFilter | doFilter | .css , .js , .png , . jpg | url : http://localhost:8081/Shopme/product-images/16/mate50-pro-carbon-black.png
2024-01-19 23:54:03.317  INFO 4520 --- [http-nio-8081-exec-5] com.shopme.filter.SettingFilter          : SettingFilter | doFilter is called
2024-01-19 23:54:03.317  INFO 4520 --- [http-nio-8081-exec-5] com.shopme.filter.SettingFilter          : SettingFilter | doFilter | url : http://localhost:8081/Shopme/star-rating/js/star-rating.js
2024-01-19 23:54:03.317  INFO 4520 --- [http-nio-8081-exec-5] com.shopme.filter.SettingFilter          : SettingFilter | doFilter | .css , .js , .png , . jpg | url : http://localhost:8081/Shopme/star-rating/js/star-rating.js
2024-01-19 23:54:03.317  INFO 4520 --- [http-nio-8081-exec-9] com.shopme.filter.SettingFilter          : SettingFilter | doFilter is called
2024-01-19 23:54:03.317  INFO 4520 --- [http-nio-8081-exec-3] com.shopme.security.CustomerUserDetails  : CustomerUserDetails | username: diluna617@gmail.com
2024-01-19 23:54:03.317  INFO 4520 --- [http-nio-8081-exec-9] com.shopme.filter.SettingFilter          : SettingFilter | doFilter | url : http://localhost:8081/Shopme/star-rating/themes/krajee-svg/theme.js
2024-01-19 23:54:03.317  INFO 4520 --- [http-nio-8081-exec-9] com.shopme.filter.SettingFilter          : SettingFilter | doFilter | .css , .js , .png , . jpg | url : http://localhost:8081/Shopme/star-rating/themes/krajee-svg/theme.js
2024-01-19 23:54:03.320  INFO 4520 --- [http-nio-8081-exec-9] com.shopme.security.CustomerUserDetails  : CustomerUserDetails | username: diluna617@gmail.com
2024-01-19 23:54:03.320  INFO 4520 --- [http-nio-8081-exec-5] com.shopme.security.CustomerUserDetails  : CustomerUserDetails | username: diluna617@gmail.com
2024-01-19 23:54:03.329  INFO 4520 --- [http-nio-8081-exec-8] com.shopme.filter.SettingFilter          : SettingFilter | doFilter is called
2024-01-19 23:54:03.330  INFO 4520 --- [http-nio-8081-exec-7] com.shopme.filter.SettingFilter          : SettingFilter | doFilter is called
2024-01-19 23:54:03.366  INFO 4520 --- [http-nio-8081-exec-8] com.shopme.filter.SettingFilter          : SettingFilter | doFilter | url : http://localhost:8081/Shopme/product-images/44/gsmarena_002.jpg
2024-01-19 23:54:03.366  INFO 4520 --- [http-nio-8081-exec-7] com.shopme.filter.SettingFilter          : SettingFilter | doFilter | url : http://localhost:8081/Shopme/product-images/3/samsung-main.jpg
2024-01-19 23:54:03.368  INFO 4520 --- [http-nio-8081-exec-8] com.shopme.filter.SettingFilter          : SettingFilter | doFilter | .css , .js , .png , . jpg | url : http://localhost:8081/Shopme/product-images/44/gsmarena_002.jpg
2024-01-19 23:54:03.368  INFO 4520 --- [http-nio-8081-exec-7] com.shopme.filter.SettingFilter          : SettingFilter | doFilter | .css , .js , .png , . jpg | url : http://localhost:8081/Shopme/product-images/3/samsung-main.jpg
2024-01-19 23:54:03.369  INFO 4520 --- [http-nio-8081-exec-7] com.shopme.security.CustomerUserDetails  : CustomerUserDetails | username: diluna617@gmail.com
2024-01-19 23:54:03.369  INFO 4520 --- [http-nio-8081-exec-8] com.shopme.security.CustomerUserDetails  : CustomerUserDetails | username: diluna617@gmail.com
2024-01-19 23:54:06.307  INFO 4520 --- [http-nio-8081-exec-10] com.shopme.filter.SettingFilter          : SettingFilter | doFilter is called
2024-01-19 23:54:06.307  INFO 4520 --- [http-nio-8081-exec-10] com.shopme.filter.SettingFilter          : SettingFilter | doFilter | url : http://localhost:8081/Shopme/
2024-01-19 23:54:06.307  INFO 4520 --- [http-nio-8081-exec-10] com.shopme.filter.SettingFilter          : SettingFilter | loadGeneralSettings is called
2024-01-19 23:54:06.310  INFO 4520 --- [http-nio-8081-exec-10] com.shopme.filter.SettingFilter          : SettingFilter | loadGeneralSettings | generalSettings : [Setting [key=COPYRIGHT, value=Copyright (C) 2023 Shopme Ltd.], Setting [key=CURRENCY_ID, value=4], Setting [key=CURRENCY_SYMBOL, value=€], Setting [key=CURRENCY_SYMBOL_POSITION, value=Before price], Setting [key=DECIMAL_DIGITS, value=2], Setting [key=DECIMAL_POINT_TYPE, value=POINT], Setting [key=SITE_LOGO, value=/site-logo/shopme logo.jpg], Setting [key=SITE_NAME, value=ShopMe], Setting [key=THOUSANDS_POINT_TYPE, value=POINT]]
2024-01-19 23:54:06.310  INFO 4520 --- [http-nio-8081-exec-10] com.shopme.filter.SettingFilter          : SettingFilter | loadGeneralSettings | generalSettings : [Setting [key=COPYRIGHT, value=Copyright (C) 2023 Shopme Ltd.], Setting [key=CURRENCY_ID, value=4], Setting [key=CURRENCY_SYMBOL, value=€], Setting [key=CURRENCY_SYMBOL_POSITION, value=Before price], Setting [key=DECIMAL_DIGITS, value=2], Setting [key=DECIMAL_POINT_TYPE, value=POINT], Setting [key=SITE_LOGO, value=/site-logo/shopme logo.jpg], Setting [key=SITE_NAME, value=ShopMe], Setting [key=THOUSANDS_POINT_TYPE, value=POINT]]
2024-01-19 23:54:06.310  INFO 4520 --- [http-nio-8081-exec-10] com.shopme.filter.SettingFilter          : SettingFilter | loadGeneralSettings | generalSettings : [Setting [key=COPYRIGHT, value=Copyright (C) 2023 Shopme Ltd.], Setting [key=CURRENCY_ID, value=4], Setting [key=CURRENCY_SYMBOL, value=€], Setting [key=CURRENCY_SYMBOL_POSITION, value=Before price], Setting [key=DECIMAL_DIGITS, value=2], Setting [key=DECIMAL_POINT_TYPE, value=POINT], Setting [key=SITE_LOGO, value=/site-logo/shopme logo.jpg], Setting [key=SITE_NAME, value=ShopMe], Setting [key=THOUSANDS_POINT_TYPE, value=POINT]]
2024-01-19 23:54:06.310  INFO 4520 --- [http-nio-8081-exec-10] com.shopme.filter.SettingFilter          : SettingFilter | loadGeneralSettings | generalSettings : [Setting [key=COPYRIGHT, value=Copyright (C) 2023 Shopme Ltd.], Setting [key=CURRENCY_ID, value=4], Setting [key=CURRENCY_SYMBOL, value=€], Setting [key=CURRENCY_SYMBOL_POSITION, value=Before price], Setting [key=DECIMAL_DIGITS, value=2], Setting [key=DECIMAL_POINT_TYPE, value=POINT], Setting [key=SITE_LOGO, value=/site-logo/shopme logo.jpg], Setting [key=SITE_NAME, value=ShopMe], Setting [key=THOUSANDS_POINT_TYPE, value=POINT]]
2024-01-19 23:54:06.310  INFO 4520 --- [http-nio-8081-exec-10] com.shopme.filter.SettingFilter          : SettingFilter | loadGeneralSettings | generalSettings : [Setting [key=COPYRIGHT, value=Copyright (C) 2023 Shopme Ltd.], Setting [key=CURRENCY_ID, value=4], Setting [key=CURRENCY_SYMBOL, value=€], Setting [key=CURRENCY_SYMBOL_POSITION, value=Before price], Setting [key=DECIMAL_DIGITS, value=2], Setting [key=DECIMAL_POINT_TYPE, value=POINT], Setting [key=SITE_LOGO, value=/site-logo/shopme logo.jpg], Setting [key=SITE_NAME, value=ShopMe], Setting [key=THOUSANDS_POINT_TYPE, value=POINT]]
2024-01-19 23:54:06.310  INFO 4520 --- [http-nio-8081-exec-10] com.shopme.filter.SettingFilter          : SettingFilter | loadGeneralSettings | generalSettings : [Setting [key=COPYRIGHT, value=Copyright (C) 2023 Shopme Ltd.], Setting [key=CURRENCY_ID, value=4], Setting [key=CURRENCY_SYMBOL, value=€], Setting [key=CURRENCY_SYMBOL_POSITION, value=Before price], Setting [key=DECIMAL_DIGITS, value=2], Setting [key=DECIMAL_POINT_TYPE, value=POINT], Setting [key=SITE_LOGO, value=/site-logo/shopme logo.jpg], Setting [key=SITE_NAME, value=ShopMe], Setting [key=THOUSANDS_POINT_TYPE, value=POINT]]
2024-01-19 23:54:06.310  INFO 4520 --- [http-nio-8081-exec-10] com.shopme.filter.SettingFilter          : SettingFilter | loadGeneralSettings | generalSettings : [Setting [key=COPYRIGHT, value=Copyright (C) 2023 Shopme Ltd.], Setting [key=CURRENCY_ID, value=4], Setting [key=CURRENCY_SYMBOL, value=€], Setting [key=CURRENCY_SYMBOL_POSITION, value=Before price], Setting [key=DECIMAL_DIGITS, value=2], Setting [key=DECIMAL_POINT_TYPE, value=POINT], Setting [key=SITE_LOGO, value=/site-logo/shopme logo.jpg], Setting [key=SITE_NAME, value=ShopMe], Setting [key=THOUSANDS_POINT_TYPE, value=POINT]]
2024-01-19 23:54:06.310  INFO 4520 --- [http-nio-8081-exec-10] com.shopme.filter.SettingFilter          : SettingFilter | loadGeneralSettings | generalSettings : [Setting [key=COPYRIGHT, value=Copyright (C) 2023 Shopme Ltd.], Setting [key=CURRENCY_ID, value=4], Setting [key=CURRENCY_SYMBOL, value=€], Setting [key=CURRENCY_SYMBOL_POSITION, value=Before price], Setting [key=DECIMAL_DIGITS, value=2], Setting [key=DECIMAL_POINT_TYPE, value=POINT], Setting [key=SITE_LOGO, value=/site-logo/shopme logo.jpg], Setting [key=SITE_NAME, value=ShopMe], Setting [key=THOUSANDS_POINT_TYPE, value=POINT]]
2024-01-19 23:54:06.310  INFO 4520 --- [http-nio-8081-exec-10] com.shopme.filter.SettingFilter          : SettingFilter | loadGeneralSettings | generalSettings : [Setting [key=COPYRIGHT, value=Copyright (C) 2023 Shopme Ltd.], Setting [key=CURRENCY_ID, value=4], Setting [key=CURRENCY_SYMBOL, value=€], Setting [key=CURRENCY_SYMBOL_POSITION, value=Before price], Setting [key=DECIMAL_DIGITS, value=2], Setting [key=DECIMAL_POINT_TYPE, value=POINT], Setting [key=SITE_LOGO, value=/site-logo/shopme logo.jpg], Setting [key=SITE_NAME, value=ShopMe], Setting [key=THOUSANDS_POINT_TYPE, value=POINT]]
2024-01-19 23:54:06.310  INFO 4520 --- [http-nio-8081-exec-10] com.shopme.filter.SettingFilter          : SettingFilter | loadMenuSettings is called
2024-01-19 23:54:06.313  INFO 4520 --- [http-nio-8081-exec-10] com.shopme.filter.SettingFilter          : SettingFilter | loadMenuSettings | headerMenuItems size : 4
2024-01-19 23:54:06.314  INFO 4520 --- [http-nio-8081-exec-10] com.shopme.filter.SettingFilter          : SettingFilter | loadMenuSettings | footerMenuItems size : 3
2024-01-19 23:54:06.315  INFO 4520 --- [http-nio-8081-exec-10] com.shopme.controller.MainController     : MainController | viewHomePage is called
2024-01-19 23:54:06.316  INFO 4520 --- [http-nio-8081-exec-10] com.shopme.controller.MainController     : MainController | viewHomePage | listSections : 3
2024-01-19 23:54:06.326  INFO 4520 --- [http-nio-8081-exec-10] com.shopme.controller.MainController     : MainController | viewHomePage | listCategories : 26
2024-01-19 23:54:06.338  INFO 4520 --- [http-nio-8081-exec-10] com.shopme.security.CustomerUserDetails  : CustomerUserDetails | getFullName: Diluna Chathuranga
2024-01-19 23:54:06.338  INFO 4520 --- [http-nio-8081-exec-10] com.shopme.security.CustomerUserDetails  : CustomerUserDetails | getFullName: Diluna Chathuranga
2024-01-19 23:54:06.385  INFO 4520 --- [http-nio-8081-exec-10] com.shopme.security.CustomerUserDetails  : CustomerUserDetails | username: diluna617@gmail.com
2024-01-19 23:54:06.393  INFO 4520 --- [http-nio-8081-exec-4] com.shopme.filter.SettingFilter          : SettingFilter | doFilter is called
2024-01-19 23:54:06.393  INFO 4520 --- [http-nio-8081-exec-2] com.shopme.filter.SettingFilter          : SettingFilter | doFilter is called
2024-01-19 23:54:06.393  INFO 4520 --- [http-nio-8081-exec-4] com.shopme.filter.SettingFilter          : SettingFilter | doFilter | url : http://localhost:8081/Shopme/fontawesome/all.css
2024-01-19 23:54:06.393  INFO 4520 --- [http-nio-8081-exec-2] com.shopme.filter.SettingFilter          : SettingFilter | doFilter | url : http://localhost:8081/Shopme/webjars/bootstrap/4.3.1/css/bootstrap.min.css
2024-01-19 23:54:06.393  INFO 4520 --- [http-nio-8081-exec-4] com.shopme.filter.SettingFilter          : SettingFilter | doFilter | .css , .js , .png , . jpg | url : http://localhost:8081/Shopme/fontawesome/all.css
2024-01-19 23:54:06.393  INFO 4520 --- [http-nio-8081-exec-2] com.shopme.filter.SettingFilter          : SettingFilter | doFilter | .css , .js , .png , . jpg | url : http://localhost:8081/Shopme/webjars/bootstrap/4.3.1/css/bootstrap.min.css
2024-01-19 23:54:06.394  INFO 4520 --- [http-nio-8081-exec-1] com.shopme.filter.SettingFilter          : SettingFilter | doFilter is called
2024-01-19 23:54:06.394  INFO 4520 --- [http-nio-8081-exec-6] com.shopme.filter.SettingFilter          : SettingFilter | doFilter is called
2024-01-19 23:54:06.394  INFO 4520 --- [http-nio-8081-exec-6] com.shopme.filter.SettingFilter          : SettingFilter | doFilter | url : http://localhost:8081/Shopme/star-rating/css/star-rating.css
2024-01-19 23:54:06.394  INFO 4520 --- [http-nio-8081-exec-6] com.shopme.filter.SettingFilter          : SettingFilter | doFilter | .css , .js , .png , . jpg | url : http://localhost:8081/Shopme/star-rating/css/star-rating.css
2024-01-19 23:54:06.394  INFO 4520 --- [http-nio-8081-exec-3] com.shopme.filter.SettingFilter          : SettingFilter | doFilter is called
2024-01-19 23:54:06.395  INFO 4520 --- [http-nio-8081-exec-3] com.shopme.filter.SettingFilter          : SettingFilter | doFilter | url : http://localhost:8081/Shopme/star-rating/themes/krajee-svg/theme.css
2024-01-19 23:54:06.395  INFO 4520 --- [http-nio-8081-exec-3] com.shopme.filter.SettingFilter          : SettingFilter | doFilter | .css , .js , .png , . jpg | url : http://localhost:8081/Shopme/star-rating/themes/krajee-svg/theme.css
2024-01-19 23:54:06.394  INFO 4520 --- [http-nio-8081-exec-9] com.shopme.filter.SettingFilter          : SettingFilter | doFilter is called
2024-01-19 23:54:06.395  INFO 4520 --- [http-nio-8081-exec-9] com.shopme.filter.SettingFilter          : SettingFilter | doFilter | url : http://localhost:8081/Shopme/images/ShopmeAdminSmall.png
2024-01-19 23:54:06.395  INFO 4520 --- [http-nio-8081-exec-9] com.shopme.filter.SettingFilter          : SettingFilter | doFilter | .css , .js , .png , . jpg | url : http://localhost:8081/Shopme/images/ShopmeAdminSmall.png
2024-01-19 23:54:06.394  INFO 4520 --- [http-nio-8081-exec-1] com.shopme.filter.SettingFilter          : SettingFilter | doFilter | url : http://localhost:8081/Shopme/css/styles.css
2024-01-19 23:54:06.395  INFO 4520 --- [http-nio-8081-exec-1] com.shopme.filter.SettingFilter          : SettingFilter | doFilter | .css , .js , .png , . jpg | url : http://localhost:8081/Shopme/css/styles.css
2024-01-19 23:54:06.396  INFO 4520 --- [http-nio-8081-exec-4] com.shopme.security.CustomerUserDetails  : CustomerUserDetails | username: diluna617@gmail.com
2024-01-19 23:54:06.396  INFO 4520 --- [http-nio-8081-exec-5] com.shopme.filter.SettingFilter          : SettingFilter | doFilter is called
2024-01-19 23:54:06.396  INFO 4520 --- [http-nio-8081-exec-5] com.shopme.filter.SettingFilter          : SettingFilter | doFilter | url : http://localhost:8081/Shopme/webjars/jquery/3.4.1/jquery.min.js
2024-01-19 23:54:06.396  INFO 4520 --- [http-nio-8081-exec-5] com.shopme.filter.SettingFilter          : SettingFilter | doFilter | .css , .js , .png , . jpg | url : http://localhost:8081/Shopme/webjars/jquery/3.4.1/jquery.min.js
2024-01-19 23:54:06.397  INFO 4520 --- [http-nio-8081-exec-3] com.shopme.security.CustomerUserDetails  : CustomerUserDetails | username: diluna617@gmail.com
2024-01-19 23:54:06.398  INFO 4520 --- [http-nio-8081-exec-6] com.shopme.security.CustomerUserDetails  : CustomerUserDetails | username: diluna617@gmail.com
2024-01-19 23:54:06.398  INFO 4520 --- [http-nio-8081-exec-7] com.shopme.filter.SettingFilter          : SettingFilter | doFilter is called
2024-01-19 23:54:06.398  INFO 4520 --- [http-nio-8081-exec-7] com.shopme.filter.SettingFilter          : SettingFilter | doFilter | url : http://localhost:8081/Shopme/category-images/19/cellphone_stands.png
2024-01-19 23:54:06.400  INFO 4520 --- [http-nio-8081-exec-7] com.shopme.filter.SettingFilter          : SettingFilter | doFilter | .css , .js , .png , . jpg | url : http://localhost:8081/Shopme/category-images/19/cellphone_stands.png
2024-01-19 23:54:06.400  INFO 4520 --- [http-nio-8081-exec-8] com.shopme.filter.SettingFilter          : SettingFilter | doFilter is called
2024-01-19 23:54:06.400  INFO 4520 --- [http-nio-8081-exec-8] com.shopme.filter.SettingFilter          : SettingFilter | doFilter | url : http://localhost:8081/Shopme/webjars/bootstrap/4.3.1/js/bootstrap.min.js
2024-01-19 23:54:06.400  INFO 4520 --- [http-nio-8081-exec-8] com.shopme.filter.SettingFilter          : SettingFilter | doFilter | .css , .js , .png , . jpg | url : http://localhost:8081/Shopme/webjars/bootstrap/4.3.1/js/bootstrap.min.js
2024-01-19 23:54:06.401  INFO 4520 --- [http-nio-8081-exec-7] com.shopme.security.CustomerUserDetails  : CustomerUserDetails | username: diluna617@gmail.com
2024-01-19 23:54:06.403  INFO 4520 --- [http-nio-8081-exec-4] com.shopme.filter.SettingFilter          : SettingFilter | doFilter is called
2024-01-19 23:54:06.403  INFO 4520 --- [http-nio-8081-exec-10] com.shopme.filter.SettingFilter          : SettingFilter | doFilter is called
2024-01-19 23:54:06.403  INFO 4520 --- [http-nio-8081-exec-4] com.shopme.filter.SettingFilter          : SettingFilter | doFilter | url : http://localhost:8081/Shopme/star-rating/themes/krajee-svg/theme.js
2024-01-19 23:54:06.403  INFO 4520 --- [http-nio-8081-exec-4] com.shopme.filter.SettingFilter          : SettingFilter | doFilter | .css , .js , .png , . jpg | url : http://localhost:8081/Shopme/star-rating/themes/krajee-svg/theme.js
2024-01-19 23:54:06.403  INFO 4520 --- [http-nio-8081-exec-10] com.shopme.filter.SettingFilter          : SettingFilter | doFilter | url : http://localhost:8081/Shopme/star-rating/js/star-rating.js
2024-01-19 23:54:06.403  INFO 4520 --- [http-nio-8081-exec-10] com.shopme.filter.SettingFilter          : SettingFilter | doFilter | .css , .js , .png , . jpg | url : http://localhost:8081/Shopme/star-rating/js/star-rating.js
2024-01-19 23:54:06.404  INFO 4520 --- [http-nio-8081-exec-4] com.shopme.security.CustomerUserDetails  : CustomerUserDetails | username: diluna617@gmail.com
2024-01-19 23:54:06.404  INFO 4520 --- [http-nio-8081-exec-10] com.shopme.security.CustomerUserDetails  : CustomerUserDetails | username: diluna617@gmail.com
2024-01-19 23:54:06.417  INFO 4520 --- [http-nio-8081-exec-2] com.shopme.filter.SettingFilter          : SettingFilter | doFilter is called
2024-01-19 23:54:06.417  INFO 4520 --- [http-nio-8081-exec-2] com.shopme.filter.SettingFilter          : SettingFilter | doFilter | url : http://localhost:8081/Shopme/category-images/15/cellphones.png
2024-01-19 23:54:06.417  INFO 4520 --- [http-nio-8081-exec-2] com.shopme.filter.SettingFilter          : SettingFilter | doFilter | .css , .js , .png , . jpg | url : http://localhost:8081/Shopme/category-images/15/cellphones.png
2024-01-19 23:54:06.417  INFO 4520 --- [http-nio-8081-exec-9] com.shopme.filter.SettingFilter          : SettingFilter | doFilter is called
2024-01-19 23:54:06.417  INFO 4520 --- [http-nio-8081-exec-9] com.shopme.filter.SettingFilter          : SettingFilter | doFilter | url : http://localhost:8081/Shopme/category-images/31/HP-PR06-4530s-Laptop-Battery-1.png
2024-01-19 23:54:06.417  INFO 4520 --- [http-nio-8081-exec-9] com.shopme.filter.SettingFilter          : SettingFilter | doFilter | .css , .js , .png , . jpg | url : http://localhost:8081/Shopme/category-images/31/HP-PR06-4530s-Laptop-Battery-1.png
2024-01-19 23:54:06.418  INFO 4520 --- [http-nio-8081-exec-2] com.shopme.security.CustomerUserDetails  : CustomerUserDetails | username: diluna617@gmail.com
2024-01-19 23:54:06.419  INFO 4520 --- [http-nio-8081-exec-9] com.shopme.security.CustomerUserDetails  : CustomerUserDetails | username: diluna617@gmail.com
2024-01-19 23:54:06.424  INFO 4520 --- [http-nio-8081-exec-3] com.shopme.filter.SettingFilter          : SettingFilter | doFilter is called
2024-01-19 23:54:06.424  INFO 4520 --- [http-nio-8081-exec-3] com.shopme.filter.SettingFilter          : SettingFilter | doFilter | url : http://localhost:8081/Shopme/category-images/17/cables%20and%20adapters.png
2024-01-19 23:54:06.424  INFO 4520 --- [http-nio-8081-exec-3] com.shopme.filter.SettingFilter          : SettingFilter | doFilter | .css , .js , .png , . jpg | url : http://localhost:8081/Shopme/category-images/17/cables%20and%20adapters.png
2024-01-19 23:54:06.424  INFO 4520 --- [http-nio-8081-exec-1] com.shopme.filter.SettingFilter          : SettingFilter | doFilter is called
2024-01-19 23:54:06.424  INFO 4520 --- [http-nio-8081-exec-1] com.shopme.filter.SettingFilter          : SettingFilter | doFilter | url : http://localhost:8081/Shopme/category-images/20/cellphone%20cases.png
2024-01-19 23:54:06.424  INFO 4520 --- [http-nio-8081-exec-1] com.shopme.filter.SettingFilter          : SettingFilter | doFilter | .css , .js , .png , . jpg | url : http://localhost:8081/Shopme/category-images/20/cellphone%20cases.png
2024-01-19 23:54:06.425  INFO 4520 --- [http-nio-8081-exec-3] com.shopme.security.CustomerUserDetails  : CustomerUserDetails | username: diluna617@gmail.com
2024-01-19 23:54:06.426  INFO 4520 --- [http-nio-8081-exec-1] com.shopme.security.CustomerUserDetails  : CustomerUserDetails | username: diluna617@gmail.com
2024-01-19 23:54:06.428  INFO 4520 --- [http-nio-8081-exec-6] com.shopme.filter.SettingFilter          : SettingFilter | doFilter is called
2024-01-19 23:54:06.428  INFO 4520 --- [http-nio-8081-exec-6] com.shopme.filter.SettingFilter          : SettingFilter | doFilter | url : http://localhost:8081/Shopme/category-images/22/computer%20processors.png
2024-01-19 23:54:06.428  INFO 4520 --- [http-nio-8081-exec-6] com.shopme.filter.SettingFilter          : SettingFilter | doFilter | .css , .js , .png , . jpg | url : http://localhost:8081/Shopme/category-images/22/computer%20processors.png
2024-01-19 23:54:06.430  INFO 4520 --- [http-nio-8081-exec-6] com.shopme.security.CustomerUserDetails  : CustomerUserDetails | username: diluna617@gmail.com
2024-01-19 23:54:06.432  INFO 4520 --- [http-nio-8081-exec-5] com.shopme.filter.SettingFilter          : SettingFilter | doFilter is called
2024-01-19 23:54:06.432  INFO 4520 --- [http-nio-8081-exec-5] com.shopme.filter.SettingFilter          : SettingFilter | doFilter | url : http://localhost:8081/Shopme/category-images/5/desktop%20computers.png
2024-01-19 23:54:06.432  INFO 4520 --- [http-nio-8081-exec-5] com.shopme.filter.SettingFilter          : SettingFilter | doFilter | .css , .js , .png , . jpg | url : http://localhost:8081/Shopme/category-images/5/desktop%20computers.png
2024-01-19 23:54:06.432  INFO 4520 --- [http-nio-8081-exec-7] com.shopme.filter.SettingFilter          : SettingFilter | doFilter is called
2024-01-19 23:54:06.432  INFO 4520 --- [http-nio-8081-exec-7] com.shopme.filter.SettingFilter          : SettingFilter | doFilter | url : http://localhost:8081/Shopme/category-images/10/digital%20cameras.png
2024-01-19 23:54:06.432  INFO 4520 --- [http-nio-8081-exec-7] com.shopme.filter.SettingFilter          : SettingFilter | doFilter | .css , .js , .png , . jpg | url : http://localhost:8081/Shopme/category-images/10/digital%20cameras.png
2024-01-19 23:54:06.432  INFO 4520 --- [http-nio-8081-exec-8] com.shopme.filter.SettingFilter          : SettingFilter | doFilter is called
2024-01-19 23:54:06.432  INFO 4520 --- [http-nio-8081-exec-8] com.shopme.filter.SettingFilter          : SettingFilter | doFilter | url : http://localhost:8081/Shopme/category-images/37/octoplus-frp-tool.jpg
2024-01-19 23:54:06.432  INFO 4520 --- [http-nio-8081-exec-8] com.shopme.filter.SettingFilter          : SettingFilter | doFilter | .css , .js , .png , . jpg | url : http://localhost:8081/Shopme/category-images/37/octoplus-frp-tool.jpg
2024-01-19 23:54:06.432  INFO 4520 --- [http-nio-8081-exec-4] com.shopme.filter.SettingFilter          : SettingFilter | doFilter is called
2024-01-19 23:54:06.432  INFO 4520 --- [http-nio-8081-exec-4] com.shopme.filter.SettingFilter          : SettingFilter | doFilter | url : http://localhost:8081/Shopme/category-images/39/images%20(3).jpeg
2024-01-19 23:54:06.432  INFO 4520 --- [http-nio-8081-exec-4] com.shopme.filter.SettingFilter          : SettingFilter | loadGeneralSettings is called
2024-01-19 23:54:06.432  INFO 4520 --- [http-nio-8081-exec-10] com.shopme.filter.SettingFilter          : SettingFilter | doFilter is called
2024-01-19 23:54:06.432  INFO 4520 --- [http-nio-8081-exec-10] com.shopme.filter.SettingFilter          : SettingFilter | doFilter | url : http://localhost:8081/Shopme/category-images/11/flashes.png
2024-01-19 23:54:06.432  INFO 4520 --- [http-nio-8081-exec-10] com.shopme.filter.SettingFilter          : SettingFilter | doFilter | .css , .js , .png , . jpg | url : http://localhost:8081/Shopme/category-images/11/flashes.png
2024-01-19 23:54:06.434  INFO 4520 --- [http-nio-8081-exec-8] com.shopme.security.CustomerUserDetails  : CustomerUserDetails | username: diluna617@gmail.com
2024-01-19 23:54:06.434  INFO 4520 --- [http-nio-8081-exec-5] com.shopme.security.CustomerUserDetails  : CustomerUserDetails | username: diluna617@gmail.com
2024-01-19 23:54:06.434  INFO 4520 --- [http-nio-8081-exec-7] com.shopme.security.CustomerUserDetails  : CustomerUserDetails | username: diluna617@gmail.com
2024-01-19 23:54:06.434  INFO 4520 --- [http-nio-8081-exec-10] com.shopme.security.CustomerUserDetails  : CustomerUserDetails | username: diluna617@gmail.com
2024-01-19 23:54:06.435  INFO 4520 --- [http-nio-8081-exec-4] com.shopme.filter.SettingFilter          : SettingFilter | loadGeneralSettings | generalSettings : [Setting [key=COPYRIGHT, value=Copyright (C) 2023 Shopme Ltd.], Setting [key=CURRENCY_ID, value=4], Setting [key=CURRENCY_SYMBOL, value=€], Setting [key=CURRENCY_SYMBOL_POSITION, value=Before price], Setting [key=DECIMAL_DIGITS, value=2], Setting [key=DECIMAL_POINT_TYPE, value=POINT], Setting [key=SITE_LOGO, value=/site-logo/shopme logo.jpg], Setting [key=SITE_NAME, value=ShopMe], Setting [key=THOUSANDS_POINT_TYPE, value=POINT]]
2024-01-19 23:54:06.435  INFO 4520 --- [http-nio-8081-exec-4] com.shopme.filter.SettingFilter          : SettingFilter | loadGeneralSettings | generalSettings : [Setting [key=COPYRIGHT, value=Copyright (C) 2023 Shopme Ltd.], Setting [key=CURRENCY_ID, value=4], Setting [key=CURRENCY_SYMBOL, value=€], Setting [key=CURRENCY_SYMBOL_POSITION, value=Before price], Setting [key=DECIMAL_DIGITS, value=2], Setting [key=DECIMAL_POINT_TYPE, value=POINT], Setting [key=SITE_LOGO, value=/site-logo/shopme logo.jpg], Setting [key=SITE_NAME, value=ShopMe], Setting [key=THOUSANDS_POINT_TYPE, value=POINT]]
2024-01-19 23:54:06.435  INFO 4520 --- [http-nio-8081-exec-4] com.shopme.filter.SettingFilter          : SettingFilter | loadGeneralSettings | generalSettings : [Setting [key=COPYRIGHT, value=Copyright (C) 2023 Shopme Ltd.], Setting [key=CURRENCY_ID, value=4], Setting [key=CURRENCY_SYMBOL, value=€], Setting [key=CURRENCY_SYMBOL_POSITION, value=Before price], Setting [key=DECIMAL_DIGITS, value=2], Setting [key=DECIMAL_POINT_TYPE, value=POINT], Setting [key=SITE_LOGO, value=/site-logo/shopme logo.jpg], Setting [key=SITE_NAME, value=ShopMe], Setting [key=THOUSANDS_POINT_TYPE, value=POINT]]
2024-01-19 23:54:06.435  INFO 4520 --- [http-nio-8081-exec-4] com.shopme.filter.SettingFilter          : SettingFilter | loadGeneralSettings | generalSettings : [Setting [key=COPYRIGHT, value=Copyright (C) 2023 Shopme Ltd.], Setting [key=CURRENCY_ID, value=4], Setting [key=CURRENCY_SYMBOL, value=€], Setting [key=CURRENCY_SYMBOL_POSITION, value=Before price], Setting [key=DECIMAL_DIGITS, value=2], Setting [key=DECIMAL_POINT_TYPE, value=POINT], Setting [key=SITE_LOGO, value=/site-logo/shopme logo.jpg], Setting [key=SITE_NAME, value=ShopMe], Setting [key=THOUSANDS_POINT_TYPE, value=POINT]]
2024-01-19 23:54:06.435  INFO 4520 --- [http-nio-8081-exec-4] com.shopme.filter.SettingFilter          : SettingFilter | loadGeneralSettings | generalSettings : [Setting [key=COPYRIGHT, value=Copyright (C) 2023 Shopme Ltd.], Setting [key=CURRENCY_ID, value=4], Setting [key=CURRENCY_SYMBOL, value=€], Setting [key=CURRENCY_SYMBOL_POSITION, value=Before price], Setting [key=DECIMAL_DIGITS, value=2], Setting [key=DECIMAL_POINT_TYPE, value=POINT], Setting [key=SITE_LOGO, value=/site-logo/shopme logo.jpg], Setting [key=SITE_NAME, value=ShopMe], Setting [key=THOUSANDS_POINT_TYPE, value=POINT]]
2024-01-19 23:54:06.435  INFO 4520 --- [http-nio-8081-exec-4] com.shopme.filter.SettingFilter          : SettingFilter | loadGeneralSettings | generalSettings : [Setting [key=COPYRIGHT, value=Copyright (C) 2023 Shopme Ltd.], Setting [key=CURRENCY_ID, value=4], Setting [key=CURRENCY_SYMBOL, value=€], Setting [key=CURRENCY_SYMBOL_POSITION, value=Before price], Setting [key=DECIMAL_DIGITS, value=2], Setting [key=DECIMAL_POINT_TYPE, value=POINT], Setting [key=SITE_LOGO, value=/site-logo/shopme logo.jpg], Setting [key=SITE_NAME, value=ShopMe], Setting [key=THOUSANDS_POINT_TYPE, value=POINT]]
2024-01-19 23:54:06.435  INFO 4520 --- [http-nio-8081-exec-4] com.shopme.filter.SettingFilter          : SettingFilter | loadGeneralSettings | generalSettings : [Setting [key=COPYRIGHT, value=Copyright (C) 2023 Shopme Ltd.], Setting [key=CURRENCY_ID, value=4], Setting [key=CURRENCY_SYMBOL, value=€], Setting [key=CURRENCY_SYMBOL_POSITION, value=Before price], Setting [key=DECIMAL_DIGITS, value=2], Setting [key=DECIMAL_POINT_TYPE, value=POINT], Setting [key=SITE_LOGO, value=/site-logo/shopme logo.jpg], Setting [key=SITE_NAME, value=ShopMe], Setting [key=THOUSANDS_POINT_TYPE, value=POINT]]
2024-01-19 23:54:06.435  INFO 4520 --- [http-nio-8081-exec-4] com.shopme.filter.SettingFilter          : SettingFilter | loadGeneralSettings | generalSettings : [Setting [key=COPYRIGHT, value=Copyright (C) 2023 Shopme Ltd.], Setting [key=CURRENCY_ID, value=4], Setting [key=CURRENCY_SYMBOL, value=€], Setting [key=CURRENCY_SYMBOL_POSITION, value=Before price], Setting [key=DECIMAL_DIGITS, value=2], Setting [key=DECIMAL_POINT_TYPE, value=POINT], Setting [key=SITE_LOGO, value=/site-logo/shopme logo.jpg], Setting [key=SITE_NAME, value=ShopMe], Setting [key=THOUSANDS_POINT_TYPE, value=POINT]]
2024-01-19 23:54:06.435  INFO 4520 --- [http-nio-8081-exec-4] com.shopme.filter.SettingFilter          : SettingFilter | loadGeneralSettings | generalSettings : [Setting [key=COPYRIGHT, value=Copyright (C) 2023 Shopme Ltd.], Setting [key=CURRENCY_ID, value=4], Setting [key=CURRENCY_SYMBOL, value=€], Setting [key=CURRENCY_SYMBOL_POSITION, value=Before price], Setting [key=DECIMAL_DIGITS, value=2], Setting [key=DECIMAL_POINT_TYPE, value=POINT], Setting [key=SITE_LOGO, value=/site-logo/shopme logo.jpg], Setting [key=SITE_NAME, value=ShopMe], Setting [key=THOUSANDS_POINT_TYPE, value=POINT]]
2024-01-19 23:54:06.435  INFO 4520 --- [http-nio-8081-exec-4] com.shopme.filter.SettingFilter          : SettingFilter | loadMenuSettings is called
2024-01-19 23:54:06.435  INFO 4520 --- [http-nio-8081-exec-2] com.shopme.filter.SettingFilter          : SettingFilter | doFilter is called
2024-01-19 23:54:06.435  INFO 4520 --- [http-nio-8081-exec-2] com.shopme.filter.SettingFilter          : SettingFilter | doFilter | url : http://localhost:8081/Shopme/category-images/23/graphic%20cards.png
2024-01-19 23:54:06.435  INFO 4520 --- [http-nio-8081-exec-2] com.shopme.filter.SettingFilter          : SettingFilter | doFilter | .css , .js , .png , . jpg | url : http://localhost:8081/Shopme/category-images/23/graphic%20cards.png
2024-01-19 23:54:06.436  INFO 4520 --- [http-nio-8081-exec-2] com.shopme.security.CustomerUserDetails  : CustomerUserDetails | username: diluna617@gmail.com
2024-01-19 23:54:06.437  INFO 4520 --- [http-nio-8081-exec-9] com.shopme.filter.SettingFilter          : SettingFilter | doFilter is called
2024-01-19 23:54:06.437  INFO 4520 --- [http-nio-8081-exec-9] com.shopme.filter.SettingFilter          : SettingFilter | doFilter | url : http://localhost:8081/Shopme/category-images/21/download%20(1).jpg
2024-01-19 23:54:06.437  INFO 4520 --- [http-nio-8081-exec-9] com.shopme.filter.SettingFilter          : SettingFilter | doFilter | .css , .js , .png , . jpg | url : http://localhost:8081/Shopme/category-images/21/download%20(1).jpg
2024-01-19 23:54:06.437  INFO 4520 --- [http-nio-8081-exec-3] com.shopme.filter.SettingFilter          : SettingFilter | doFilter is called
2024-01-19 23:54:06.437  INFO 4520 --- [http-nio-8081-exec-1] com.shopme.filter.SettingFilter          : SettingFilter | doFilter is called
2024-01-19 23:54:06.437  INFO 4520 --- [http-nio-8081-exec-3] com.shopme.filter.SettingFilter          : SettingFilter | doFilter | url : http://localhost:8081/Shopme/category-images/34/download%20(9).jpg
2024-01-19 23:54:06.437  INFO 4520 --- [http-nio-8081-exec-1] com.shopme.filter.SettingFilter          : SettingFilter | doFilter | url : http://localhost:8081/Shopme/category-images/6/laptop%20computers.png
2024-01-19 23:54:06.437  INFO 4520 --- [http-nio-8081-exec-3] com.shopme.filter.SettingFilter          : SettingFilter | doFilter | .css , .js , .png , . jpg | url : http://localhost:8081/Shopme/category-images/34/download%20(9).jpg
2024-01-19 23:54:06.437  INFO 4520 --- [http-nio-8081-exec-1] com.shopme.filter.SettingFilter          : SettingFilter | doFilter | .css , .js , .png , . jpg | url : http://localhost:8081/Shopme/category-images/6/laptop%20computers.png
2024-01-19 23:54:06.437  INFO 4520 --- [http-nio-8081-exec-6] com.shopme.filter.SettingFilter          : SettingFilter | doFilter is called
2024-01-19 23:54:06.437  INFO 4520 --- [http-nio-8081-exec-6] com.shopme.filter.SettingFilter          : SettingFilter | doFilter | url : http://localhost:8081/Shopme/category-images/12/lenses.png
2024-01-19 23:54:06.437  INFO 4520 --- [http-nio-8081-exec-6] com.shopme.filter.SettingFilter          : SettingFilter | doFilter | .css , .js , .png , . jpg | url : http://localhost:8081/Shopme/category-images/12/lenses.png
2024-01-19 23:54:06.438  INFO 4520 --- [http-nio-8081-exec-8] com.shopme.filter.SettingFilter          : SettingFilter | doFilter is called
2024-01-19 23:54:06.438  INFO 4520 --- [http-nio-8081-exec-3] com.shopme.security.CustomerUserDetails  : CustomerUserDetails | username: diluna617@gmail.com
2024-01-19 23:54:06.438  INFO 4520 --- [http-nio-8081-exec-6] com.shopme.security.CustomerUserDetails  : CustomerUserDetails | username: diluna617@gmail.com
2024-01-19 23:54:06.438  INFO 4520 --- [http-nio-8081-exec-9] com.shopme.security.CustomerUserDetails  : CustomerUserDetails | username: diluna617@gmail.com
2024-01-19 23:54:06.438  INFO 4520 --- [http-nio-8081-exec-8] com.shopme.filter.SettingFilter          : SettingFilter | doFilter | url : http://localhost:8081/Shopme/category-images/29/computer%20memory.png
2024-01-19 23:54:06.438  INFO 4520 --- [http-nio-8081-exec-8] com.shopme.filter.SettingFilter          : SettingFilter | doFilter | .css , .js , .png , . jpg | url : http://localhost:8081/Shopme/category-images/29/computer%20memory.png
2024-01-19 23:54:06.438  INFO 4520 --- [http-nio-8081-exec-1] com.shopme.security.CustomerUserDetails  : CustomerUserDetails | username: diluna617@gmail.com
2024-01-19 23:54:06.439  INFO 4520 --- [http-nio-8081-exec-4] com.shopme.filter.SettingFilter          : SettingFilter | loadMenuSettings | headerMenuItems size : 4
2024-01-19 23:54:06.439  INFO 4520 --- [http-nio-8081-exec-8] com.shopme.security.CustomerUserDetails  : CustomerUserDetails | username: diluna617@gmail.com
2024-01-19 23:54:06.440  INFO 4520 --- [http-nio-8081-exec-7] com.shopme.filter.SettingFilter          : SettingFilter | doFilter is called
2024-01-19 23:54:06.440  INFO 4520 --- [http-nio-8081-exec-7] com.shopme.filter.SettingFilter          : SettingFilter | doFilter | url : http://localhost:8081/Shopme/category-images/18/microsd%20cards.png
2024-01-19 23:54:06.440  INFO 4520 --- [http-nio-8081-exec-7] com.shopme.filter.SettingFilter          : SettingFilter | doFilter | .css , .js , .png , . jpg | url : http://localhost:8081/Shopme/category-images/18/microsd%20cards.png
2024-01-19 23:54:06.441  INFO 4520 --- [http-nio-8081-exec-5] com.shopme.filter.SettingFilter          : SettingFilter | doFilter is called
2024-01-19 23:54:06.441  INFO 4520 --- [http-nio-8081-exec-5] com.shopme.filter.SettingFilter          : SettingFilter | doFilter | url : http://localhost:8081/Shopme/category-images/30/motherboards.png
2024-01-19 23:54:06.441  INFO 4520 --- [http-nio-8081-exec-5] com.shopme.filter.SettingFilter          : SettingFilter | doFilter | .css , .js , .png , . jpg | url : http://localhost:8081/Shopme/category-images/30/motherboards.png
2024-01-19 23:54:06.441  INFO 4520 --- [http-nio-8081-exec-10] com.shopme.filter.SettingFilter          : SettingFilter | doFilter is called
2024-01-19 23:54:06.441  INFO 4520 --- [http-nio-8081-exec-10] com.shopme.filter.SettingFilter          : SettingFilter | doFilter | url : http://localhost:8081/Shopme/category-images/36/download%20(10).jpg
2024-01-19 23:54:06.441  INFO 4520 --- [http-nio-8081-exec-10] com.shopme.filter.SettingFilter          : SettingFilter | doFilter | .css , .js , .png , . jpg | url : http://localhost:8081/Shopme/category-images/36/download%20(10).jpg
2024-01-19 23:54:06.441  INFO 4520 --- [http-nio-8081-exec-2] com.shopme.filter.SettingFilter          : SettingFilter | doFilter is called
2024-01-19 23:54:06.441  INFO 4520 --- [http-nio-8081-exec-2] com.shopme.filter.SettingFilter          : SettingFilter | doFilter | url : http://localhost:8081/Shopme/category-images/9/VariCam-35-side.jpg
2024-01-19 23:54:06.441  INFO 4520 --- [http-nio-8081-exec-2] com.shopme.filter.SettingFilter          : SettingFilter | doFilter | .css , .js , .png , . jpg | url : http://localhost:8081/Shopme/category-images/9/VariCam-35-side.jpg
2024-01-19 23:54:06.441  INFO 4520 --- [http-nio-8081-exec-3] com.shopme.filter.SettingFilter          : SettingFilter | doFilter is called
2024-01-19 23:54:06.441  INFO 4520 --- [http-nio-8081-exec-3] com.shopme.filter.SettingFilter          : SettingFilter | doFilter | url : http://localhost:8081/Shopme/category-images/38/f959ef38cbdcf87d50ef26e6c6fca2ff.jpg
2024-01-19 23:54:06.441  INFO 4520 --- [http-nio-8081-exec-3] com.shopme.filter.SettingFilter          : SettingFilter | doFilter | .css , .js , .png , . jpg | url : http://localhost:8081/Shopme/category-images/38/f959ef38cbdcf87d50ef26e6c6fca2ff.jpg
2024-01-19 23:54:06.441  INFO 4520 --- [http-nio-8081-exec-4] com.shopme.filter.SettingFilter          : SettingFilter | loadMenuSettings | footerMenuItems size : 3
2024-01-19 23:54:06.442  INFO 4520 --- [http-nio-8081-exec-10] com.shopme.security.CustomerUserDetails  : CustomerUserDetails | username: diluna617@gmail.com
2024-01-19 23:54:06.442  INFO 4520 --- [http-nio-8081-exec-7] com.shopme.security.CustomerUserDetails  : CustomerUserDetails | username: diluna617@gmail.com
2024-01-19 23:54:06.442  INFO 4520 --- [http-nio-8081-exec-5] com.shopme.security.CustomerUserDetails  : CustomerUserDetails | username: diluna617@gmail.com
2024-01-19 23:54:06.442  INFO 4520 --- [http-nio-8081-exec-2] com.shopme.security.CustomerUserDetails  : CustomerUserDetails | username: diluna617@gmail.com
2024-01-19 23:54:06.442  INFO 4520 --- [http-nio-8081-exec-3] com.shopme.security.CustomerUserDetails  : CustomerUserDetails | username: diluna617@gmail.com
2024-01-19 23:54:06.442  INFO 4520 --- [http-nio-8081-exec-4] com.shopme.security.CustomerUserDetails  : CustomerUserDetails | username: diluna617@gmail.com
2024-01-19 23:54:06.446  INFO 4520 --- [http-nio-8081-exec-8] com.shopme.filter.SettingFilter          : SettingFilter | doFilter is called
2024-01-19 23:54:06.446  INFO 4520 --- [http-nio-8081-exec-9] com.shopme.filter.SettingFilter          : SettingFilter | doFilter is called
2024-01-19 23:54:06.446  INFO 4520 --- [http-nio-8081-exec-1] com.shopme.filter.SettingFilter          : SettingFilter | doFilter is called
2024-01-19 23:54:06.446  INFO 4520 --- [http-nio-8081-exec-6] com.shopme.filter.SettingFilter          : SettingFilter | doFilter is called
2024-01-19 23:54:06.446  INFO 4520 --- [http-nio-8081-exec-8] com.shopme.filter.SettingFilter          : SettingFilter | doFilter | url : http://localhost:8081/Shopme/category-images/13/tripods_monopods.png
2024-01-19 23:54:06.446  INFO 4520 --- [http-nio-8081-exec-1] com.shopme.filter.SettingFilter          : SettingFilter | doFilter | url : http://localhost:8081/Shopme/category-images/7/tablets.png
2024-01-19 23:54:06.446  INFO 4520 --- [http-nio-8081-exec-9] com.shopme.filter.SettingFilter          : SettingFilter | doFilter | url : http://localhost:8081/Shopme/category-images/35/61awFXzj8RL.jpg
2024-01-19 23:54:06.446  INFO 4520 --- [http-nio-8081-exec-10] com.shopme.filter.SettingFilter          : SettingFilter | doFilter is called
2024-01-19 23:54:06.446  INFO 4520 --- [http-nio-8081-exec-6] com.shopme.filter.SettingFilter          : SettingFilter | doFilter | url : http://localhost:8081/Shopme/category-images/33/download%20(8).jpg
2024-01-19 23:54:06.446  INFO 4520 --- [http-nio-8081-exec-9] com.shopme.filter.SettingFilter          : SettingFilter | doFilter | .css , .js , .png , . jpg | url : http://localhost:8081/Shopme/category-images/35/61awFXzj8RL.jpg
2024-01-19 23:54:06.446  INFO 4520 --- [http-nio-8081-exec-8] com.shopme.filter.SettingFilter          : SettingFilter | doFilter | .css , .js , .png , . jpg | url : http://localhost:8081/Shopme/category-images/13/tripods_monopods.png
2024-01-19 23:54:06.446  INFO 4520 --- [http-nio-8081-exec-1] com.shopme.filter.SettingFilter          : SettingFilter | doFilter | .css , .js , .png , . jpg | url : http://localhost:8081/Shopme/category-images/7/tablets.png
2024-01-19 23:54:06.446  INFO 4520 --- [http-nio-8081-exec-10] com.shopme.filter.SettingFilter          : SettingFilter | doFilter | url : http://localhost:8081/Shopme/webfonts/fa-solid-900.woff2
2024-01-19 23:54:06.446  INFO 4520 --- [http-nio-8081-exec-6] com.shopme.filter.SettingFilter          : SettingFilter | doFilter | .css , .js , .png , . jpg | url : http://localhost:8081/Shopme/category-images/33/download%20(8).jpg
2024-01-19 23:54:06.446  INFO 4520 --- [http-nio-8081-exec-10] com.shopme.filter.SettingFilter          : SettingFilter | loadGeneralSettings is called
2024-01-19 23:54:06.446  INFO 4520 --- [http-nio-8081-exec-7] com.shopme.filter.SettingFilter          : SettingFilter | doFilter is called
2024-01-19 23:54:06.446  INFO 4520 --- [http-nio-8081-exec-7] com.shopme.filter.SettingFilter          : SettingFilter | doFilter | url : http://localhost:8081/Shopme/brand-logos/22/ASUS.png
2024-01-19 23:54:06.446  INFO 4520 --- [http-nio-8081-exec-7] com.shopme.filter.SettingFilter          : SettingFilter | doFilter | .css , .js , .png , . jpg | url : http://localhost:8081/Shopme/brand-logos/22/ASUS.png
2024-01-19 23:54:06.448  INFO 4520 --- [http-nio-8081-exec-1] com.shopme.security.CustomerUserDetails  : CustomerUserDetails | username: diluna617@gmail.com
2024-01-19 23:54:06.448  INFO 4520 --- [http-nio-8081-exec-6] com.shopme.security.CustomerUserDetails  : CustomerUserDetails | username: diluna617@gmail.com
2024-01-19 23:54:06.448  INFO 4520 --- [http-nio-8081-exec-8] com.shopme.security.CustomerUserDetails  : CustomerUserDetails | username: diluna617@gmail.com
2024-01-19 23:54:06.448  INFO 4520 --- [http-nio-8081-exec-7] com.shopme.security.CustomerUserDetails  : CustomerUserDetails | username: diluna617@gmail.com
2024-01-19 23:54:06.449  INFO 4520 --- [http-nio-8081-exec-9] com.shopme.security.CustomerUserDetails  : CustomerUserDetails | username: diluna617@gmail.com
2024-01-19 23:54:06.449  INFO 4520 --- [http-nio-8081-exec-10] com.shopme.filter.SettingFilter          : SettingFilter | loadGeneralSettings | generalSettings : [Setting [key=COPYRIGHT, value=Copyright (C) 2023 Shopme Ltd.], Setting [key=CURRENCY_ID, value=4], Setting [key=CURRENCY_SYMBOL, value=€], Setting [key=CURRENCY_SYMBOL_POSITION, value=Before price], Setting [key=DECIMAL_DIGITS, value=2], Setting [key=DECIMAL_POINT_TYPE, value=POINT], Setting [key=SITE_LOGO, value=/site-logo/shopme logo.jpg], Setting [key=SITE_NAME, value=ShopMe], Setting [key=THOUSANDS_POINT_TYPE, value=POINT]]
2024-01-19 23:54:06.449  INFO 4520 --- [http-nio-8081-exec-10] com.shopme.filter.SettingFilter          : SettingFilter | loadGeneralSettings | generalSettings : [Setting [key=COPYRIGHT, value=Copyright (C) 2023 Shopme Ltd.], Setting [key=CURRENCY_ID, value=4], Setting [key=CURRENCY_SYMBOL, value=€], Setting [key=CURRENCY_SYMBOL_POSITION, value=Before price], Setting [key=DECIMAL_DIGITS, value=2], Setting [key=DECIMAL_POINT_TYPE, value=POINT], Setting [key=SITE_LOGO, value=/site-logo/shopme logo.jpg], Setting [key=SITE_NAME, value=ShopMe], Setting [key=THOUSANDS_POINT_TYPE, value=POINT]]
2024-01-19 23:54:06.449  INFO 4520 --- [http-nio-8081-exec-10] com.shopme.filter.SettingFilter          : SettingFilter | loadGeneralSettings | generalSettings : [Setting [key=COPYRIGHT, value=Copyright (C) 2023 Shopme Ltd.], Setting [key=CURRENCY_ID, value=4], Setting [key=CURRENCY_SYMBOL, value=€], Setting [key=CURRENCY_SYMBOL_POSITION, value=Before price], Setting [key=DECIMAL_DIGITS, value=2], Setting [key=DECIMAL_POINT_TYPE, value=POINT], Setting [key=SITE_LOGO, value=/site-logo/shopme logo.jpg], Setting [key=SITE_NAME, value=ShopMe], Setting [key=THOUSANDS_POINT_TYPE, value=POINT]]
2024-01-19 23:54:06.449  INFO 4520 --- [http-nio-8081-exec-10] com.shopme.filter.SettingFilter          : SettingFilter | loadGeneralSettings | generalSettings : [Setting [key=COPYRIGHT, value=Copyright (C) 2023 Shopme Ltd.], Setting [key=CURRENCY_ID, value=4], Setting [key=CURRENCY_SYMBOL, value=€], Setting [key=CURRENCY_SYMBOL_POSITION, value=Before price], Setting [key=DECIMAL_DIGITS, value=2], Setting [key=DECIMAL_POINT_TYPE, value=POINT], Setting [key=SITE_LOGO, value=/site-logo/shopme logo.jpg], Setting [key=SITE_NAME, value=ShopMe], Setting [key=THOUSANDS_POINT_TYPE, value=POINT]]
2024-01-19 23:54:06.449  INFO 4520 --- [http-nio-8081-exec-10] com.shopme.filter.SettingFilter          : SettingFilter | loadGeneralSettings | generalSettings : [Setting [key=COPYRIGHT, value=Copyright (C) 2023 Shopme Ltd.], Setting [key=CURRENCY_ID, value=4], Setting [key=CURRENCY_SYMBOL, value=€], Setting [key=CURRENCY_SYMBOL_POSITION, value=Before price], Setting [key=DECIMAL_DIGITS, value=2], Setting [key=DECIMAL_POINT_TYPE, value=POINT], Setting [key=SITE_LOGO, value=/site-logo/shopme logo.jpg], Setting [key=SITE_NAME, value=ShopMe], Setting [key=THOUSANDS_POINT_TYPE, value=POINT]]
2024-01-19 23:54:06.449  INFO 4520 --- [http-nio-8081-exec-10] com.shopme.filter.SettingFilter          : SettingFilter | loadGeneralSettings | generalSettings : [Setting [key=COPYRIGHT, value=Copyright (C) 2023 Shopme Ltd.], Setting [key=CURRENCY_ID, value=4], Setting [key=CURRENCY_SYMBOL, value=€], Setting [key=CURRENCY_SYMBOL_POSITION, value=Before price], Setting [key=DECIMAL_DIGITS, value=2], Setting [key=DECIMAL_POINT_TYPE, value=POINT], Setting [key=SITE_LOGO, value=/site-logo/shopme logo.jpg], Setting [key=SITE_NAME, value=ShopMe], Setting [key=THOUSANDS_POINT_TYPE, value=POINT]]
2024-01-19 23:54:06.449  INFO 4520 --- [http-nio-8081-exec-10] com.shopme.filter.SettingFilter          : SettingFilter | loadGeneralSettings | generalSettings : [Setting [key=COPYRIGHT, value=Copyright (C) 2023 Shopme Ltd.], Setting [key=CURRENCY_ID, value=4], Setting [key=CURRENCY_SYMBOL, value=€], Setting [key=CURRENCY_SYMBOL_POSITION, value=Before price], Setting [key=DECIMAL_DIGITS, value=2], Setting [key=DECIMAL_POINT_TYPE, value=POINT], Setting [key=SITE_LOGO, value=/site-logo/shopme logo.jpg], Setting [key=SITE_NAME, value=ShopMe], Setting [key=THOUSANDS_POINT_TYPE, value=POINT]]
2024-01-19 23:54:06.449  INFO 4520 --- [http-nio-8081-exec-10] com.shopme.filter.SettingFilter          : SettingFilter | loadGeneralSettings | generalSettings : [Setting [key=COPYRIGHT, value=Copyright (C) 2023 Shopme Ltd.], Setting [key=CURRENCY_ID, value=4], Setting [key=CURRENCY_SYMBOL, value=€], Setting [key=CURRENCY_SYMBOL_POSITION, value=Before price], Setting [key=DECIMAL_DIGITS, value=2], Setting [key=DECIMAL_POINT_TYPE, value=POINT], Setting [key=SITE_LOGO, value=/site-logo/shopme logo.jpg], Setting [key=SITE_NAME, value=ShopMe], Setting [key=THOUSANDS_POINT_TYPE, value=POINT]]
2024-01-19 23:54:06.449  INFO 4520 --- [http-nio-8081-exec-10] com.shopme.filter.SettingFilter          : SettingFilter | loadGeneralSettings | generalSettings : [Setting [key=COPYRIGHT, value=Copyright (C) 2023 Shopme Ltd.], Setting [key=CURRENCY_ID, value=4], Setting [key=CURRENCY_SYMBOL, value=€], Setting [key=CURRENCY_SYMBOL_POSITION, value=Before price], Setting [key=DECIMAL_DIGITS, value=2], Setting [key=DECIMAL_POINT_TYPE, value=POINT], Setting [key=SITE_LOGO, value=/site-logo/shopme logo.jpg], Setting [key=SITE_NAME, value=ShopMe], Setting [key=THOUSANDS_POINT_TYPE, value=POINT]]
2024-01-19 23:54:06.449  INFO 4520 --- [http-nio-8081-exec-10] com.shopme.filter.SettingFilter          : SettingFilter | loadMenuSettings is called
2024-01-19 23:54:06.453  INFO 4520 --- [http-nio-8081-exec-5] com.shopme.filter.SettingFilter          : SettingFilter | doFilter is called
2024-01-19 23:54:06.453  INFO 4520 --- [http-nio-8081-exec-2] com.shopme.filter.SettingFilter          : SettingFilter | doFilter is called
2024-01-19 23:54:06.453  INFO 4520 --- [http-nio-8081-exec-3] com.shopme.filter.SettingFilter          : SettingFilter | doFilter is called
2024-01-19 23:54:06.453  INFO 4520 --- [http-nio-8081-exec-4] com.shopme.filter.SettingFilter          : SettingFilter | doFilter is called
2024-01-19 23:54:06.453  INFO 4520 --- [http-nio-8081-exec-1] com.shopme.filter.SettingFilter          : SettingFilter | doFilter is called
2024-01-19 23:54:06.453  INFO 4520 --- [http-nio-8081-exec-3] com.shopme.filter.SettingFilter          : SettingFilter | doFilter | url : http://localhost:8081/Shopme/brand-logos/1/Canon.png
2024-01-19 23:54:06.453  INFO 4520 --- [http-nio-8081-exec-5] com.shopme.filter.SettingFilter          : SettingFilter | doFilter | url : http://localhost:8081/Shopme/brand-logos/24/AMD.png
2024-01-19 23:54:06.453  INFO 4520 --- [http-nio-8081-exec-2] com.shopme.filter.SettingFilter          : SettingFilter | doFilter | url : http://localhost:8081/Shopme/brand-logos/8/Apple.png
2024-01-19 23:54:06.453  INFO 4520 --- [http-nio-8081-exec-3] com.shopme.filter.SettingFilter          : SettingFilter | doFilter | .css , .js , .png , . jpg | url : http://localhost:8081/Shopme/brand-logos/1/Canon.png
2024-01-19 23:54:06.453  INFO 4520 --- [http-nio-8081-exec-5] com.shopme.filter.SettingFilter          : SettingFilter | doFilter | .css , .js , .png , . jpg | url : http://localhost:8081/Shopme/brand-logos/24/AMD.png
2024-01-19 23:54:06.453  INFO 4520 --- [http-nio-8081-exec-2] com.shopme.filter.SettingFilter          : SettingFilter | doFilter | .css , .js , .png , . jpg | url : http://localhost:8081/Shopme/brand-logos/8/Apple.png
2024-01-19 23:54:06.453  INFO 4520 --- [http-nio-8081-exec-4] com.shopme.filter.SettingFilter          : SettingFilter | doFilter | url : http://localhost:8081/Shopme/brand-logos/14/GoPro.png
2024-01-19 23:54:06.453  INFO 4520 --- [http-nio-8081-exec-1] com.shopme.filter.SettingFilter          : SettingFilter | doFilter | url : http://localhost:8081/Shopme/brand-logos/4/HP.png
2024-01-19 23:54:06.453  INFO 4520 --- [http-nio-8081-exec-4] com.shopme.filter.SettingFilter          : SettingFilter | doFilter | .css , .js , .png , . jpg | url : http://localhost:8081/Shopme/brand-logos/14/GoPro.png
2024-01-19 23:54:06.453  INFO 4520 --- [http-nio-8081-exec-1] com.shopme.filter.SettingFilter          : SettingFilter | doFilter | .css , .js , .png , . jpg | url : http://localhost:8081/Shopme/brand-logos/4/HP.png
2024-01-19 23:54:06.454  INFO 4520 --- [http-nio-8081-exec-5] com.shopme.security.CustomerUserDetails  : CustomerUserDetails | username: diluna617@gmail.com
2024-01-19 23:54:06.454  INFO 4520 --- [http-nio-8081-exec-4] com.shopme.security.CustomerUserDetails  : CustomerUserDetails | username: diluna617@gmail.com
2024-01-19 23:54:06.454  INFO 4520 --- [http-nio-8081-exec-3] com.shopme.security.CustomerUserDetails  : CustomerUserDetails | username: diluna617@gmail.com
2024-01-19 23:54:06.454  INFO 4520 --- [http-nio-8081-exec-2] com.shopme.security.CustomerUserDetails  : CustomerUserDetails | username: diluna617@gmail.com
2024-01-19 23:54:06.454  INFO 4520 --- [http-nio-8081-exec-1] com.shopme.security.CustomerUserDetails  : CustomerUserDetails | username: diluna617@gmail.com
2024-01-19 23:54:06.454  INFO 4520 --- [http-nio-8081-exec-10] com.shopme.filter.SettingFilter          : SettingFilter | loadMenuSettings | headerMenuItems size : 4
2024-01-19 23:54:06.457  INFO 4520 --- [http-nio-8081-exec-6] com.shopme.filter.SettingFilter          : SettingFilter | doFilter is called
2024-01-19 23:54:06.457  INFO 4520 --- [http-nio-8081-exec-8] com.shopme.filter.SettingFilter          : SettingFilter | doFilter is called
2024-01-19 23:54:06.457  INFO 4520 --- [http-nio-8081-exec-6] com.shopme.filter.SettingFilter          : SettingFilter | doFilter | url : http://localhost:8081/Shopme/brand-logos/21/Intel.png
2024-01-19 23:54:06.457  INFO 4520 --- [http-nio-8081-exec-7] com.shopme.filter.SettingFilter          : SettingFilter | doFilter is called
2024-01-19 23:54:06.457  INFO 4520 --- [http-nio-8081-exec-6] com.shopme.filter.SettingFilter          : SettingFilter | doFilter | .css , .js , .png , . jpg | url : http://localhost:8081/Shopme/brand-logos/21/Intel.png
2024-01-19 23:54:06.457  INFO 4520 --- [http-nio-8081-exec-8] com.shopme.filter.SettingFilter          : SettingFilter | doFilter | url : http://localhost:8081/Shopme/brand-logos/20/Lenovo.png
2024-01-19 23:54:06.457  INFO 4520 --- [http-nio-8081-exec-7] com.shopme.filter.SettingFilter          : SettingFilter | doFilter | url : http://localhost:8081/Shopme/brand-logos/3/Sony.png
2024-01-19 23:54:06.457  INFO 4520 --- [http-nio-8081-exec-8] com.shopme.filter.SettingFilter          : SettingFilter | doFilter | .css , .js , .png , . jpg | url : http://localhost:8081/Shopme/brand-logos/20/Lenovo.png
2024-01-19 23:54:06.457  INFO 4520 --- [http-nio-8081-exec-7] com.shopme.filter.SettingFilter          : SettingFilter | doFilter | .css , .js , .png , . jpg | url : http://localhost:8081/Shopme/brand-logos/3/Sony.png
2024-01-19 23:54:06.457  INFO 4520 --- [http-nio-8081-exec-9] com.shopme.filter.SettingFilter          : SettingFilter | doFilter is called
2024-01-19 23:54:06.457  INFO 4520 --- [http-nio-8081-exec-9] com.shopme.filter.SettingFilter          : SettingFilter | doFilter | url : http://localhost:8081/Shopme/brand-logos/28/Kingston.png
2024-01-19 23:54:06.457  INFO 4520 --- [http-nio-8081-exec-9] com.shopme.filter.SettingFilter          : SettingFilter | doFilter | .css , .js , .png , . jpg | url : http://localhost:8081/Shopme/brand-logos/28/Kingston.png
2024-01-19 23:54:06.458  INFO 4520 --- [http-nio-8081-exec-10] com.shopme.filter.SettingFilter          : SettingFilter | loadMenuSettings | footerMenuItems size : 3
2024-01-19 23:54:06.458  INFO 4520 --- [http-nio-8081-exec-6] com.shopme.security.CustomerUserDetails  : CustomerUserDetails | username: diluna617@gmail.com
2024-01-19 23:54:06.458  INFO 4520 --- [http-nio-8081-exec-7] com.shopme.security.CustomerUserDetails  : CustomerUserDetails | username: diluna617@gmail.com
2024-01-19 23:54:06.458  INFO 4520 --- [http-nio-8081-exec-9] com.shopme.security.CustomerUserDetails  : CustomerUserDetails | username: diluna617@gmail.com
2024-01-19 23:54:06.458  INFO 4520 --- [http-nio-8081-exec-8] com.shopme.security.CustomerUserDetails  : CustomerUserDetails | username: diluna617@gmail.com
2024-01-19 23:54:06.459  INFO 4520 --- [http-nio-8081-exec-10] com.shopme.security.CustomerUserDetails  : CustomerUserDetails | username: diluna617@gmail.com
2024-01-19 23:54:09.082  INFO 4520 --- [http-nio-8081-exec-5] com.shopme.filter.SettingFilter          : SettingFilter | doFilter is called
2024-01-19 23:54:09.082  INFO 4520 --- [http-nio-8081-exec-5] com.shopme.filter.SettingFilter          : SettingFilter | doFilter | url : http://localhost:8081/Shopme/c/apple_phones
2024-01-19 23:54:09.082  INFO 4520 --- [http-nio-8081-exec-5] com.shopme.filter.SettingFilter          : SettingFilter | loadGeneralSettings is called
2024-01-19 23:54:09.083  INFO 4520 --- [http-nio-8081-exec-5] com.shopme.filter.SettingFilter          : SettingFilter | loadGeneralSettings | generalSettings : [Setting [key=COPYRIGHT, value=Copyright (C) 2023 Shopme Ltd.], Setting [key=CURRENCY_ID, value=4], Setting [key=CURRENCY_SYMBOL, value=€], Setting [key=CURRENCY_SYMBOL_POSITION, value=Before price], Setting [key=DECIMAL_DIGITS, value=2], Setting [key=DECIMAL_POINT_TYPE, value=POINT], Setting [key=SITE_LOGO, value=/site-logo/shopme logo.jpg], Setting [key=SITE_NAME, value=ShopMe], Setting [key=THOUSANDS_POINT_TYPE, value=POINT]]
2024-01-19 23:54:09.083  INFO 4520 --- [http-nio-8081-exec-5] com.shopme.filter.SettingFilter          : SettingFilter | loadGeneralSettings | generalSettings : [Setting [key=COPYRIGHT, value=Copyright (C) 2023 Shopme Ltd.], Setting [key=CURRENCY_ID, value=4], Setting [key=CURRENCY_SYMBOL, value=€], Setting [key=CURRENCY_SYMBOL_POSITION, value=Before price], Setting [key=DECIMAL_DIGITS, value=2], Setting [key=DECIMAL_POINT_TYPE, value=POINT], Setting [key=SITE_LOGO, value=/site-logo/shopme logo.jpg], Setting [key=SITE_NAME, value=ShopMe], Setting [key=THOUSANDS_POINT_TYPE, value=POINT]]
2024-01-19 23:54:09.083  INFO 4520 --- [http-nio-8081-exec-5] com.shopme.filter.SettingFilter          : SettingFilter | loadGeneralSettings | generalSettings : [Setting [key=COPYRIGHT, value=Copyright (C) 2023 Shopme Ltd.], Setting [key=CURRENCY_ID, value=4], Setting [key=CURRENCY_SYMBOL, value=€], Setting [key=CURRENCY_SYMBOL_POSITION, value=Before price], Setting [key=DECIMAL_DIGITS, value=2], Setting [key=DECIMAL_POINT_TYPE, value=POINT], Setting [key=SITE_LOGO, value=/site-logo/shopme logo.jpg], Setting [key=SITE_NAME, value=ShopMe], Setting [key=THOUSANDS_POINT_TYPE, value=POINT]]
2024-01-19 23:54:09.083  INFO 4520 --- [http-nio-8081-exec-5] com.shopme.filter.SettingFilter          : SettingFilter | loadGeneralSettings | generalSettings : [Setting [key=COPYRIGHT, value=Copyright (C) 2023 Shopme Ltd.], Setting [key=CURRENCY_ID, value=4], Setting [key=CURRENCY_SYMBOL, value=€], Setting [key=CURRENCY_SYMBOL_POSITION, value=Before price], Setting [key=DECIMAL_DIGITS, value=2], Setting [key=DECIMAL_POINT_TYPE, value=POINT], Setting [key=SITE_LOGO, value=/site-logo/shopme logo.jpg], Setting [key=SITE_NAME, value=ShopMe], Setting [key=THOUSANDS_POINT_TYPE, value=POINT]]
2024-01-19 23:54:09.083  INFO 4520 --- [http-nio-8081-exec-5] com.shopme.filter.SettingFilter          : SettingFilter | loadGeneralSettings | generalSettings : [Setting [key=COPYRIGHT, value=Copyright (C) 2023 Shopme Ltd.], Setting [key=CURRENCY_ID, value=4], Setting [key=CURRENCY_SYMBOL, value=€], Setting [key=CURRENCY_SYMBOL_POSITION, value=Before price], Setting [key=DECIMAL_DIGITS, value=2], Setting [key=DECIMAL_POINT_TYPE, value=POINT], Setting [key=SITE_LOGO, value=/site-logo/shopme logo.jpg], Setting [key=SITE_NAME, value=ShopMe], Setting [key=THOUSANDS_POINT_TYPE, value=POINT]]
2024-01-19 23:54:09.083  INFO 4520 --- [http-nio-8081-exec-5] com.shopme.filter.SettingFilter          : SettingFilter | loadGeneralSettings | generalSettings : [Setting [key=COPYRIGHT, value=Copyright (C) 2023 Shopme Ltd.], Setting [key=CURRENCY_ID, value=4], Setting [key=CURRENCY_SYMBOL, value=€], Setting [key=CURRENCY_SYMBOL_POSITION, value=Before price], Setting [key=DECIMAL_DIGITS, value=2], Setting [key=DECIMAL_POINT_TYPE, value=POINT], Setting [key=SITE_LOGO, value=/site-logo/shopme logo.jpg], Setting [key=SITE_NAME, value=ShopMe], Setting [key=THOUSANDS_POINT_TYPE, value=POINT]]
2024-01-19 23:54:09.083  INFO 4520 --- [http-nio-8081-exec-5] com.shopme.filter.SettingFilter          : SettingFilter | loadGeneralSettings | generalSettings : [Setting [key=COPYRIGHT, value=Copyright (C) 2023 Shopme Ltd.], Setting [key=CURRENCY_ID, value=4], Setting [key=CURRENCY_SYMBOL, value=€], Setting [key=CURRENCY_SYMBOL_POSITION, value=Before price], Setting [key=DECIMAL_DIGITS, value=2], Setting [key=DECIMAL_POINT_TYPE, value=POINT], Setting [key=SITE_LOGO, value=/site-logo/shopme logo.jpg], Setting [key=SITE_NAME, value=ShopMe], Setting [key=THOUSANDS_POINT_TYPE, value=POINT]]
2024-01-19 23:54:09.083  INFO 4520 --- [http-nio-8081-exec-5] com.shopme.filter.SettingFilter          : SettingFilter | loadGeneralSettings | generalSettings : [Setting [key=COPYRIGHT, value=Copyright (C) 2023 Shopme Ltd.], Setting [key=CURRENCY_ID, value=4], Setting [key=CURRENCY_SYMBOL, value=€], Setting [key=CURRENCY_SYMBOL_POSITION, value=Before price], Setting [key=DECIMAL_DIGITS, value=2], Setting [key=DECIMAL_POINT_TYPE, value=POINT], Setting [key=SITE_LOGO, value=/site-logo/shopme logo.jpg], Setting [key=SITE_NAME, value=ShopMe], Setting [key=THOUSANDS_POINT_TYPE, value=POINT]]
2024-01-19 23:54:09.083  INFO 4520 --- [http-nio-8081-exec-5] com.shopme.filter.SettingFilter          : SettingFilter | loadGeneralSettings | generalSettings : [Setting [key=COPYRIGHT, value=Copyright (C) 2023 Shopme Ltd.], Setting [key=CURRENCY_ID, value=4], Setting [key=CURRENCY_SYMBOL, value=€], Setting [key=CURRENCY_SYMBOL_POSITION, value=Before price], Setting [key=DECIMAL_DIGITS, value=2], Setting [key=DECIMAL_POINT_TYPE, value=POINT], Setting [key=SITE_LOGO, value=/site-logo/shopme logo.jpg], Setting [key=SITE_NAME, value=ShopMe], Setting [key=THOUSANDS_POINT_TYPE, value=POINT]]
2024-01-19 23:54:09.084  INFO 4520 --- [http-nio-8081-exec-5] com.shopme.filter.SettingFilter          : SettingFilter | loadMenuSettings is called
2024-01-19 23:54:09.086  INFO 4520 --- [http-nio-8081-exec-5] com.shopme.filter.SettingFilter          : SettingFilter | loadMenuSettings | headerMenuItems size : 4
2024-01-19 23:54:09.088  INFO 4520 --- [http-nio-8081-exec-5] com.shopme.filter.SettingFilter          : SettingFilter | loadMenuSettings | footerMenuItems size : 3
2024-01-19 23:54:09.090  INFO 4520 --- [http-nio-8081-exec-5] com.shopme.controller.ProductController  : ProductController | viewCategoryFirstPage is called
2024-01-19 23:54:09.090  INFO 4520 --- [http-nio-8081-exec-5] com.shopme.controller.ProductController  : ProductController | viewCategoryByPage is called
2024-01-19 23:54:09.091  INFO 4520 --- [http-nio-8081-exec-5] com.shopme.controller.ProductController  : ProductController | viewCategoryByPage | category : Apple Phones
2024-01-19 23:54:09.091  INFO 4520 --- [http-nio-8081-exec-5] com.shopme.controller.ProductController  : ProductController | viewCategoryByPage | listCategoryParents : [Electronics, Phones & Accessories, Apple Phones]
2024-01-19 23:54:09.091  INFO 4520 --- [http-nio-8081-exec-5] com.shopme.service.ProductService        : ProductService | listByCategory is called
2024-01-19 23:54:09.091  INFO 4520 --- [http-nio-8081-exec-5] com.shopme.service.ProductService        : ProductService | listByCategory | categoryId : 15
2024-01-19 23:54:09.091  INFO 4520 --- [http-nio-8081-exec-5] com.shopme.service.ProductService        : ProductService | listByCategory | categoryIdMatch : -15-
2024-01-19 23:54:09.091  INFO 4520 --- [http-nio-8081-exec-5] com.shopme.service.ProductService        : ProductService | listByCategory | pageable : Page request [number: 0, size 10, sort: UNSORTED]
2024-01-19 23:54:09.093  INFO 4520 --- [http-nio-8081-exec-5] com.shopme.controller.ProductController  : ProductController | viewCategoryByPage | listProducts : [Product [id=1, name=Iphone 14 Pro]]
2024-01-19 23:54:09.093  INFO 4520 --- [http-nio-8081-exec-5] com.shopme.controller.ProductController  : ProductController | viewCategoryByPage | startCount : 1
2024-01-19 23:54:09.093  INFO 4520 --- [http-nio-8081-exec-5] com.shopme.controller.ProductController  : ProductController | viewCategoryByPage | endCount : 10
2024-01-19 23:54:09.093  INFO 4520 --- [http-nio-8081-exec-5] com.shopme.controller.ProductController  : ProductController | viewCategoryByPage | endCount > pageProducts.getTotalElements()
2024-01-19 23:54:09.093  INFO 4520 --- [http-nio-8081-exec-5] com.shopme.controller.ProductController  : ProductController | viewCategoryByPage | endCount > pageProducts.getTotalElements() | endCount : 10
2024-01-19 23:54:09.093  INFO 4520 --- [http-nio-8081-exec-5] com.shopme.controller.ProductController  : ProductController | viewCategoryByPage | endCount > pageProducts.getTotalElements() | pageProducts.getTotalElements() : 1
2024-01-19 23:54:09.093  INFO 4520 --- [http-nio-8081-exec-5] com.shopme.controller.ProductController  : ProductController | viewCategoryByPage | endCount > pageProducts.getTotalElements()
2024-01-19 23:54:09.093  INFO 4520 --- [http-nio-8081-exec-5] com.shopme.controller.ProductController  : ProductController | viewCategoryByPage | currentPage : 1
2024-01-19 23:54:09.093  INFO 4520 --- [http-nio-8081-exec-5] com.shopme.controller.ProductController  : ProductController | viewCategoryByPage | totalPages : 1
2024-01-19 23:54:09.093  INFO 4520 --- [http-nio-8081-exec-5] com.shopme.controller.ProductController  : ProductController | viewCategoryByPage | startCount : 1
2024-01-19 23:54:09.093  INFO 4520 --- [http-nio-8081-exec-5] com.shopme.controller.ProductController  : ProductController | viewCategoryByPage | endCount : 1
2024-01-19 23:54:09.093  INFO 4520 --- [http-nio-8081-exec-5] com.shopme.controller.ProductController  : ProductController | viewCategoryByPage | totalItems : 1
2024-01-19 23:54:09.093  INFO 4520 --- [http-nio-8081-exec-5] com.shopme.controller.ProductController  : ProductController | viewCategoryByPage | pageTitle : Apple Phones
2024-01-19 23:54:09.093  INFO 4520 --- [http-nio-8081-exec-5] com.shopme.controller.ProductController  : ProductController | viewCategoryByPage | listCategoryParents : [Electronics, Phones & Accessories, Apple Phones]
2024-01-19 23:54:09.093  INFO 4520 --- [http-nio-8081-exec-5] com.shopme.controller.ProductController  : ProductController | viewCategoryByPage | listProducts : [Product [id=1, name=Iphone 14 Pro]]
2024-01-19 23:54:09.093  INFO 4520 --- [http-nio-8081-exec-5] com.shopme.controller.ProductController  : ProductController | viewCategoryByPage | category : Apple Phones
2024-01-19 23:54:09.109  INFO 4520 --- [http-nio-8081-exec-5] com.shopme.security.CustomerUserDetails  : CustomerUserDetails | username: diluna617@gmail.com
2024-01-19 23:54:09.120  INFO 4520 --- [http-nio-8081-exec-4] com.shopme.filter.SettingFilter          : SettingFilter | doFilter is called
2024-01-19 23:54:09.120  INFO 4520 --- [http-nio-8081-exec-4] com.shopme.filter.SettingFilter          : SettingFilter | doFilter | url : http://localhost:8081/Shopme/webjars/bootstrap/4.3.1/css/bootstrap.min.css
2024-01-19 23:54:09.120  INFO 4520 --- [http-nio-8081-exec-4] com.shopme.filter.SettingFilter          : SettingFilter | doFilter | .css , .js , .png , . jpg | url : http://localhost:8081/Shopme/webjars/bootstrap/4.3.1/css/bootstrap.min.css
2024-01-19 23:54:09.120  INFO 4520 --- [http-nio-8081-exec-3] com.shopme.filter.SettingFilter          : SettingFilter | doFilter is called
2024-01-19 23:54:09.120  INFO 4520 --- [http-nio-8081-exec-3] com.shopme.filter.SettingFilter          : SettingFilter | doFilter | url : http://localhost:8081/Shopme/fontawesome/all.css
2024-01-19 23:54:09.120  INFO 4520 --- [http-nio-8081-exec-3] com.shopme.filter.SettingFilter          : SettingFilter | doFilter | .css , .js , .png , . jpg | url : http://localhost:8081/Shopme/fontawesome/all.css
2024-01-19 23:54:09.120  INFO 4520 --- [http-nio-8081-exec-2] com.shopme.filter.SettingFilter          : SettingFilter | doFilter is called
2024-01-19 23:54:09.120  INFO 4520 --- [http-nio-8081-exec-2] com.shopme.filter.SettingFilter          : SettingFilter | doFilter | url : http://localhost:8081/Shopme/css/styles.css
2024-01-19 23:54:09.120  INFO 4520 --- [http-nio-8081-exec-2] com.shopme.filter.SettingFilter          : SettingFilter | doFilter | .css , .js , .png , . jpg | url : http://localhost:8081/Shopme/css/styles.css
2024-01-19 23:54:09.120  INFO 4520 --- [http-nio-8081-exec-1] com.shopme.filter.SettingFilter          : SettingFilter | doFilter is called
2024-01-19 23:54:09.120  INFO 4520 --- [http-nio-8081-exec-1] com.shopme.filter.SettingFilter          : SettingFilter | doFilter | url : http://localhost:8081/Shopme/star-rating/css/star-rating.css
2024-01-19 23:54:09.120  INFO 4520 --- [http-nio-8081-exec-7] com.shopme.filter.SettingFilter          : SettingFilter | doFilter is called
2024-01-19 23:54:09.120  INFO 4520 --- [http-nio-8081-exec-1] com.shopme.filter.SettingFilter          : SettingFilter | doFilter | .css , .js , .png , . jpg | url : http://localhost:8081/Shopme/star-rating/css/star-rating.css
2024-01-19 23:54:09.120  INFO 4520 --- [http-nio-8081-exec-7] com.shopme.filter.SettingFilter          : SettingFilter | doFilter | url : http://localhost:8081/Shopme/star-rating/themes/krajee-svg/theme.css
2024-01-19 23:54:09.120  INFO 4520 --- [http-nio-8081-exec-7] com.shopme.filter.SettingFilter          : SettingFilter | doFilter | .css , .js , .png , . jpg | url : http://localhost:8081/Shopme/star-rating/themes/krajee-svg/theme.css
2024-01-19 23:54:09.120  INFO 4520 --- [http-nio-8081-exec-6] com.shopme.filter.SettingFilter          : SettingFilter | doFilter is called
2024-01-19 23:54:09.120  INFO 4520 --- [http-nio-8081-exec-6] com.shopme.filter.SettingFilter          : SettingFilter | doFilter | url : http://localhost:8081/Shopme/images/ShopmeAdminSmall.png
2024-01-19 23:54:09.120  INFO 4520 --- [http-nio-8081-exec-6] com.shopme.filter.SettingFilter          : SettingFilter | doFilter | .css , .js , .png , . jpg | url : http://localhost:8081/Shopme/images/ShopmeAdminSmall.png
2024-01-19 23:54:09.122  INFO 4520 --- [http-nio-8081-exec-1] com.shopme.security.CustomerUserDetails  : CustomerUserDetails | username: diluna617@gmail.com
2024-01-19 23:54:09.122  INFO 4520 --- [http-nio-8081-exec-7] com.shopme.security.CustomerUserDetails  : CustomerUserDetails | username: diluna617@gmail.com
2024-01-19 23:54:09.122  INFO 4520 --- [http-nio-8081-exec-3] com.shopme.security.CustomerUserDetails  : CustomerUserDetails | username: diluna617@gmail.com
2024-01-19 23:54:09.124  INFO 4520 --- [http-nio-8081-exec-9] com.shopme.filter.SettingFilter          : SettingFilter | doFilter is called
2024-01-19 23:54:09.124  INFO 4520 --- [http-nio-8081-exec-9] com.shopme.filter.SettingFilter          : SettingFilter | doFilter | url : http://localhost:8081/Shopme/product-images/1/apple-main.jpg
2024-01-19 23:54:09.124  INFO 4520 --- [http-nio-8081-exec-9] com.shopme.filter.SettingFilter          : SettingFilter | doFilter | .css , .js , .png , . jpg | url : http://localhost:8081/Shopme/product-images/1/apple-main.jpg
2024-01-19 23:54:09.127  INFO 4520 --- [http-nio-8081-exec-5] com.shopme.filter.SettingFilter          : SettingFilter | doFilter is called
2024-01-19 23:54:09.127  INFO 4520 --- [http-nio-8081-exec-10] com.shopme.filter.SettingFilter          : SettingFilter | doFilter is called
2024-01-19 23:54:09.127  INFO 4520 --- [http-nio-8081-exec-8] com.shopme.filter.SettingFilter          : SettingFilter | doFilter is called
2024-01-19 23:54:09.127  INFO 4520 --- [http-nio-8081-exec-5] com.shopme.filter.SettingFilter          : SettingFilter | doFilter | url : http://localhost:8081/Shopme/star-rating/js/star-rating.js
2024-01-19 23:54:09.127  INFO 4520 --- [http-nio-8081-exec-2] com.shopme.filter.SettingFilter          : SettingFilter | doFilter is called
2024-01-19 23:54:09.127  INFO 4520 --- [http-nio-8081-exec-10] com.shopme.filter.SettingFilter          : SettingFilter | doFilter | url : http://localhost:8081/Shopme/webjars/bootstrap/4.3.1/js/bootstrap.min.js
2024-01-19 23:54:09.127  INFO 4520 --- [http-nio-8081-exec-9] com.shopme.security.CustomerUserDetails  : CustomerUserDetails | username: diluna617@gmail.com
2024-01-19 23:54:09.127  INFO 4520 --- [http-nio-8081-exec-8] com.shopme.filter.SettingFilter          : SettingFilter | doFilter | url : http://localhost:8081/Shopme/webjars/jquery/3.4.1/jquery.min.js
2024-01-19 23:54:09.127  INFO 4520 --- [http-nio-8081-exec-10] com.shopme.filter.SettingFilter          : SettingFilter | doFilter | .css , .js , .png , . jpg | url : http://localhost:8081/Shopme/webjars/bootstrap/4.3.1/js/bootstrap.min.js
2024-01-19 23:54:09.127  INFO 4520 --- [http-nio-8081-exec-2] com.shopme.filter.SettingFilter          : SettingFilter | doFilter | url : http://localhost:8081/Shopme/star-rating/themes/krajee-svg/theme.js
2024-01-19 23:54:09.127  INFO 4520 --- [http-nio-8081-exec-8] com.shopme.filter.SettingFilter          : SettingFilter | doFilter | .css , .js , .png , . jpg | url : http://localhost:8081/Shopme/webjars/jquery/3.4.1/jquery.min.js
2024-01-19 23:54:09.127  INFO 4520 --- [http-nio-8081-exec-5] com.shopme.filter.SettingFilter          : SettingFilter | doFilter | .css , .js , .png , . jpg | url : http://localhost:8081/Shopme/star-rating/js/star-rating.js
2024-01-19 23:54:09.127  INFO 4520 --- [http-nio-8081-exec-2] com.shopme.filter.SettingFilter          : SettingFilter | doFilter | .css , .js , .png , . jpg | url : http://localhost:8081/Shopme/star-rating/themes/krajee-svg/theme.js
2024-01-19 23:54:09.129  INFO 4520 --- [http-nio-8081-exec-5] com.shopme.security.CustomerUserDetails  : CustomerUserDetails | username: diluna617@gmail.com
2024-01-19 23:54:09.129  INFO 4520 --- [http-nio-8081-exec-2] com.shopme.security.CustomerUserDetails  : CustomerUserDetails | username: diluna617@gmail.com
