2024-01-14 23:32:31.045  INFO 8944 --- [http-nio-8081-exec-9] com.shopme.filter.SettingFilter          : SettingFilter | doFilter is called
2024-01-14 23:32:31.146  INFO 8944 --- [http-nio-8081-exec-9] com.shopme.filter.SettingFilter          : SettingFilter | doFilter | url : http://localhost:8081/Shopme/c/computer_motherboard
2024-01-14 23:32:31.146  INFO 8944 --- [http-nio-8081-exec-9] com.shopme.filter.SettingFilter          : SettingFilter | loadGeneralSettings is called
2024-01-14 23:32:31.149  INFO 8944 --- [http-nio-8081-exec-9] com.shopme.filter.SettingFilter          : SettingFilter | loadGeneralSettings | generalSettings : [Setting [key=COPYRIGHT, value=Copyright (C) 2023 Shopme Ltd.], Setting [key=CURRENCY_ID, value=4], Setting [key=CURRENCY_SYMBOL, value=€], Setting [key=CURRENCY_SYMBOL_POSITION, value=Before price], Setting [key=DECIMAL_DIGITS, value=2], Setting [key=DECIMAL_POINT_TYPE, value=POINT], Setting [key=SITE_LOGO, value=/site-logo/shopme logo.jpg], Setting [key=SITE_NAME, value=ShopMe], Setting [key=THOUSANDS_POINT_TYPE, value=POINT]]
2024-01-14 23:32:31.149  INFO 8944 --- [http-nio-8081-exec-9] com.shopme.filter.SettingFilter          : SettingFilter | loadGeneralSettings | generalSettings : [Setting [key=COPYRIGHT, value=Copyright (C) 2023 Shopme Ltd.], Setting [key=CURRENCY_ID, value=4], Setting [key=CURRENCY_SYMBOL, value=€], Setting [key=CURRENCY_SYMBOL_POSITION, value=Before price], Setting [key=DECIMAL_DIGITS, value=2], Setting [key=DECIMAL_POINT_TYPE, value=POINT], Setting [key=SITE_LOGO, value=/site-logo/shopme logo.jpg], Setting [key=SITE_NAME, value=ShopMe], Setting [key=THOUSANDS_POINT_TYPE, value=POINT]]
2024-01-14 23:32:31.149  INFO 8944 --- [http-nio-8081-exec-9] com.shopme.filter.SettingFilter          : SettingFilter | loadGeneralSettings | generalSettings : [Setting [key=COPYRIGHT, value=Copyright (C) 2023 Shopme Ltd.], Setting [key=CURRENCY_ID, value=4], Setting [key=CURRENCY_SYMBOL, value=€], Setting [key=CURRENCY_SYMBOL_POSITION, value=Before price], Setting [key=DECIMAL_DIGITS, value=2], Setting [key=DECIMAL_POINT_TYPE, value=POINT], Setting [key=SITE_LOGO, value=/site-logo/shopme logo.jpg], Setting [key=SITE_NAME, value=ShopMe], Setting [key=THOUSANDS_POINT_TYPE, value=POINT]]
2024-01-14 23:32:31.149  INFO 8944 --- [http-nio-8081-exec-9] com.shopme.filter.SettingFilter          : SettingFilter | loadGeneralSettings | generalSettings : [Setting [key=COPYRIGHT, value=Copyright (C) 2023 Shopme Ltd.], Setting [key=CURRENCY_ID, value=4], Setting [key=CURRENCY_SYMBOL, value=€], Setting [key=CURRENCY_SYMBOL_POSITION, value=Before price], Setting [key=DECIMAL_DIGITS, value=2], Setting [key=DECIMAL_POINT_TYPE, value=POINT], Setting [key=SITE_LOGO, value=/site-logo/shopme logo.jpg], Setting [key=SITE_NAME, value=ShopMe], Setting [key=THOUSANDS_POINT_TYPE, value=POINT]]
2024-01-14 23:32:31.149  INFO 8944 --- [http-nio-8081-exec-9] com.shopme.filter.SettingFilter          : SettingFilter | loadGeneralSettings | generalSettings : [Setting [key=COPYRIGHT, value=Copyright (C) 2023 Shopme Ltd.], Setting [key=CURRENCY_ID, value=4], Setting [key=CURRENCY_SYMBOL, value=€], Setting [key=CURRENCY_SYMBOL_POSITION, value=Before price], Setting [key=DECIMAL_DIGITS, value=2], Setting [key=DECIMAL_POINT_TYPE, value=POINT], Setting [key=SITE_LOGO, value=/site-logo/shopme logo.jpg], Setting [key=SITE_NAME, value=ShopMe], Setting [key=THOUSANDS_POINT_TYPE, value=POINT]]
2024-01-14 23:32:31.149  INFO 8944 --- [http-nio-8081-exec-9] com.shopme.filter.SettingFilter          : SettingFilter | loadGeneralSettings | generalSettings : [Setting [key=COPYRIGHT, value=Copyright (C) 2023 Shopme Ltd.], Setting [key=CURRENCY_ID, value=4], Setting [key=CURRENCY_SYMBOL, value=€], Setting [key=CURRENCY_SYMBOL_POSITION, value=Before price], Setting [key=DECIMAL_DIGITS, value=2], Setting [key=DECIMAL_POINT_TYPE, value=POINT], Setting [key=SITE_LOGO, value=/site-logo/shopme logo.jpg], Setting [key=SITE_NAME, value=ShopMe], Setting [key=THOUSANDS_POINT_TYPE, value=POINT]]
2024-01-14 23:32:31.149  INFO 8944 --- [http-nio-8081-exec-9] com.shopme.filter.SettingFilter          : SettingFilter | loadGeneralSettings | generalSettings : [Setting [key=COPYRIGHT, value=Copyright (C) 2023 Shopme Ltd.], Setting [key=CURRENCY_ID, value=4], Setting [key=CURRENCY_SYMBOL, value=€], Setting [key=CURRENCY_SYMBOL_POSITION, value=Before price], Setting [key=DECIMAL_DIGITS, value=2], Setting [key=DECIMAL_POINT_TYPE, value=POINT], Setting [key=SITE_LOGO, value=/site-logo/shopme logo.jpg], Setting [key=SITE_NAME, value=ShopMe], Setting [key=THOUSANDS_POINT_TYPE, value=POINT]]
2024-01-14 23:32:31.149  INFO 8944 --- [http-nio-8081-exec-9] com.shopme.filter.SettingFilter          : SettingFilter | loadGeneralSettings | generalSettings : [Setting [key=COPYRIGHT, value=Copyright (C) 2023 Shopme Ltd.], Setting [key=CURRENCY_ID, value=4], Setting [key=CURRENCY_SYMBOL, value=€], Setting [key=CURRENCY_SYMBOL_POSITION, value=Before price], Setting [key=DECIMAL_DIGITS, value=2], Setting [key=DECIMAL_POINT_TYPE, value=POINT], Setting [key=SITE_LOGO, value=/site-logo/shopme logo.jpg], Setting [key=SITE_NAME, value=ShopMe], Setting [key=THOUSANDS_POINT_TYPE, value=POINT]]
2024-01-14 23:32:31.149  INFO 8944 --- [http-nio-8081-exec-9] com.shopme.filter.SettingFilter          : SettingFilter | loadGeneralSettings | generalSettings : [Setting [key=COPYRIGHT, value=Copyright (C) 2023 Shopme Ltd.], Setting [key=CURRENCY_ID, value=4], Setting [key=CURRENCY_SYMBOL, value=€], Setting [key=CURRENCY_SYMBOL_POSITION, value=Before price], Setting [key=DECIMAL_DIGITS, value=2], Setting [key=DECIMAL_POINT_TYPE, value=POINT], Setting [key=SITE_LOGO, value=/site-logo/shopme logo.jpg], Setting [key=SITE_NAME, value=ShopMe], Setting [key=THOUSANDS_POINT_TYPE, value=POINT]]
2024-01-14 23:32:31.149  INFO 8944 --- [http-nio-8081-exec-9] com.shopme.filter.SettingFilter          : SettingFilter | loadMenuSettings is called
2024-01-14 23:32:31.153  INFO 8944 --- [http-nio-8081-exec-9] com.shopme.filter.SettingFilter          : SettingFilter | loadMenuSettings | headerMenuItems size : 4
2024-01-14 23:32:31.158  INFO 8944 --- [http-nio-8081-exec-9] com.shopme.filter.SettingFilter          : SettingFilter | loadMenuSettings | footerMenuItems size : 3
2024-01-14 23:32:31.177  INFO 8944 --- [http-nio-8081-exec-9] com.shopme.controller.ProductController  : ProductController | viewCategoryFirstPage is called
2024-01-14 23:32:31.177  INFO 8944 --- [http-nio-8081-exec-9] com.shopme.controller.ProductController  : ProductController | viewCategoryByPage is called
2024-01-14 23:32:31.181  INFO 8944 --- [http-nio-8081-exec-9] com.shopme.controller.ProductController  : ProductController | viewCategoryByPage | category : Motherboard
2024-01-14 23:32:31.182  INFO 8944 --- [http-nio-8081-exec-9] com.shopme.controller.ProductController  : ProductController | viewCategoryByPage | listCategoryParents : [Computers, Computer Accessories, Motherboard]
2024-01-14 23:32:31.186  INFO 8944 --- [http-nio-8081-exec-9] com.shopme.service.ProductService        : ProductService | listByCategory is called
2024-01-14 23:32:31.187  INFO 8944 --- [http-nio-8081-exec-9] com.shopme.service.ProductService        : ProductService | listByCategory | categoryId : 30
2024-01-14 23:32:31.187  INFO 8944 --- [http-nio-8081-exec-9] com.shopme.service.ProductService        : ProductService | listByCategory | categoryIdMatch : -30-
2024-01-14 23:32:31.187  INFO 8944 --- [http-nio-8081-exec-9] com.shopme.service.ProductService        : ProductService | listByCategory | pageable : Page request [number: 0, size 10, sort: UNSORTED]
2024-01-14 23:32:31.197  INFO 8944 --- [http-nio-8081-exec-9] com.shopme.controller.ProductController  : ProductController | viewCategoryByPage | listProducts : [Product [id=24, name=MSI Gaming Max]]
2024-01-14 23:32:31.197  INFO 8944 --- [http-nio-8081-exec-9] com.shopme.controller.ProductController  : ProductController | viewCategoryByPage | startCount : 1
2024-01-14 23:32:31.197  INFO 8944 --- [http-nio-8081-exec-9] com.shopme.controller.ProductController  : ProductController | viewCategoryByPage | endCount : 10
2024-01-14 23:32:31.198  INFO 8944 --- [http-nio-8081-exec-9] com.shopme.controller.ProductController  : ProductController | viewCategoryByPage | endCount > pageProducts.getTotalElements()
2024-01-14 23:32:31.198  INFO 8944 --- [http-nio-8081-exec-9] com.shopme.controller.ProductController  : ProductController | viewCategoryByPage | endCount > pageProducts.getTotalElements() | endCount : 10
2024-01-14 23:32:31.198  INFO 8944 --- [http-nio-8081-exec-9] com.shopme.controller.ProductController  : ProductController | viewCategoryByPage | endCount > pageProducts.getTotalElements() | pageProducts.getTotalElements() : 1
2024-01-14 23:32:31.198  INFO 8944 --- [http-nio-8081-exec-9] com.shopme.controller.ProductController  : ProductController | viewCategoryByPage | endCount > pageProducts.getTotalElements()
2024-01-14 23:32:31.198  INFO 8944 --- [http-nio-8081-exec-9] com.shopme.controller.ProductController  : ProductController | viewCategoryByPage | currentPage : 1
2024-01-14 23:32:31.198  INFO 8944 --- [http-nio-8081-exec-9] com.shopme.controller.ProductController  : ProductController | viewCategoryByPage | totalPages : 1
2024-01-14 23:32:31.198  INFO 8944 --- [http-nio-8081-exec-9] com.shopme.controller.ProductController  : ProductController | viewCategoryByPage | startCount : 1
2024-01-14 23:32:31.198  INFO 8944 --- [http-nio-8081-exec-9] com.shopme.controller.ProductController  : ProductController | viewCategoryByPage | endCount : 1
2024-01-14 23:32:31.198  INFO 8944 --- [http-nio-8081-exec-9] com.shopme.controller.ProductController  : ProductController | viewCategoryByPage | totalItems : 1
2024-01-14 23:32:31.198  INFO 8944 --- [http-nio-8081-exec-9] com.shopme.controller.ProductController  : ProductController | viewCategoryByPage | pageTitle : Motherboard
2024-01-14 23:32:31.198  INFO 8944 --- [http-nio-8081-exec-9] com.shopme.controller.ProductController  : ProductController | viewCategoryByPage | listCategoryParents : [Computers, Computer Accessories, Motherboard]
2024-01-14 23:32:31.198  INFO 8944 --- [http-nio-8081-exec-9] com.shopme.controller.ProductController  : ProductController | viewCategoryByPage | listProducts : [Product [id=24, name=MSI Gaming Max]]
2024-01-14 23:32:31.198  INFO 8944 --- [http-nio-8081-exec-9] com.shopme.controller.ProductController  : ProductController | viewCategoryByPage | category : Motherboard
2024-01-14 23:32:31.309  INFO 8944 --- [http-nio-8081-exec-9] com.shopme.security.CustomerUserDetails  : CustomerUserDetails | username: diluna617@gmail.com
2024-01-14 23:32:31.344  INFO 8944 --- [http-nio-8081-exec-10] com.shopme.filter.SettingFilter          : SettingFilter | doFilter is called
2024-01-14 23:32:31.345  INFO 8944 --- [http-nio-8081-exec-10] com.shopme.filter.SettingFilter          : SettingFilter | doFilter | url : http://localhost:8081/Shopme/webjars/bootstrap/4.3.1/css/bootstrap.min.css
2024-01-14 23:32:31.345  INFO 8944 --- [http-nio-8081-exec-10] com.shopme.filter.SettingFilter          : SettingFilter | doFilter | .css , .js , .png , . jpg | url : http://localhost:8081/Shopme/webjars/bootstrap/4.3.1/css/bootstrap.min.css
2024-01-14 23:32:31.349  INFO 8944 --- [http-nio-8081-exec-1] com.shopme.filter.SettingFilter          : SettingFilter | doFilter is called
2024-01-14 23:32:31.349  INFO 8944 --- [http-nio-8081-exec-1] com.shopme.filter.SettingFilter          : SettingFilter | doFilter | url : http://localhost:8081/Shopme/star-rating/css/star-rating.css
2024-01-14 23:32:31.349  INFO 8944 --- [http-nio-8081-exec-1] com.shopme.filter.SettingFilter          : SettingFilter | doFilter | .css , .js , .png , . jpg | url : http://localhost:8081/Shopme/star-rating/css/star-rating.css
2024-01-14 23:32:31.349  INFO 8944 --- [http-nio-8081-exec-2] com.shopme.filter.SettingFilter          : SettingFilter | doFilter is called
2024-01-14 23:32:31.349  INFO 8944 --- [http-nio-8081-exec-2] com.shopme.filter.SettingFilter          : SettingFilter | doFilter | url : http://localhost:8081/Shopme/webjars/bootstrap/4.3.1/js/bootstrap.min.js
2024-01-14 23:32:31.349  INFO 8944 --- [http-nio-8081-exec-2] com.shopme.filter.SettingFilter          : SettingFilter | doFilter | .css , .js , .png , . jpg | url : http://localhost:8081/Shopme/webjars/bootstrap/4.3.1/js/bootstrap.min.js
2024-01-14 23:32:31.348  INFO 8944 --- [http-nio-8081-exec-5] com.shopme.filter.SettingFilter          : SettingFilter | doFilter is called
2024-01-14 23:32:31.349  INFO 8944 --- [http-nio-8081-exec-5] com.shopme.filter.SettingFilter          : SettingFilter | doFilter | url : http://localhost:8081/Shopme/css/styles.css
2024-01-14 23:32:31.349  INFO 8944 --- [http-nio-8081-exec-5] com.shopme.filter.SettingFilter          : SettingFilter | doFilter | .css , .js , .png , . jpg | url : http://localhost:8081/Shopme/css/styles.css
2024-01-14 23:32:31.348  INFO 8944 --- [http-nio-8081-exec-4] com.shopme.filter.SettingFilter          : SettingFilter | doFilter is called
2024-01-14 23:32:31.351  INFO 8944 --- [http-nio-8081-exec-4] com.shopme.filter.SettingFilter          : SettingFilter | doFilter | url : http://localhost:8081/Shopme/webjars/jquery/3.4.1/jquery.min.js
2024-01-14 23:32:31.351  INFO 8944 --- [http-nio-8081-exec-4] com.shopme.filter.SettingFilter          : SettingFilter | doFilter | .css , .js , .png , . jpg | url : http://localhost:8081/Shopme/webjars/jquery/3.4.1/jquery.min.js
2024-01-14 23:32:31.349  INFO 8944 --- [http-nio-8081-exec-7] com.shopme.filter.SettingFilter          : SettingFilter | doFilter is called
2024-01-14 23:32:31.351  INFO 8944 --- [http-nio-8081-exec-7] com.shopme.filter.SettingFilter          : SettingFilter | doFilter | url : http://localhost:8081/Shopme/fontawesome/all.css
2024-01-14 23:32:31.351  INFO 8944 --- [http-nio-8081-exec-7] com.shopme.filter.SettingFilter          : SettingFilter | doFilter | .css , .js , .png , . jpg | url : http://localhost:8081/Shopme/fontawesome/all.css
2024-01-14 23:32:31.351  INFO 8944 --- [http-nio-8081-exec-3] com.shopme.filter.SettingFilter          : SettingFilter | doFilter is called
2024-01-14 23:32:31.351  INFO 8944 --- [http-nio-8081-exec-3] com.shopme.filter.SettingFilter          : SettingFilter | doFilter | url : http://localhost:8081/Shopme/star-rating/themes/krajee-svg/theme.css
2024-01-14 23:32:31.351  INFO 8944 --- [http-nio-8081-exec-3] com.shopme.filter.SettingFilter          : SettingFilter | doFilter | .css , .js , .png , . jpg | url : http://localhost:8081/Shopme/star-rating/themes/krajee-svg/theme.css
2024-01-14 23:32:31.352  INFO 8944 --- [http-nio-8081-exec-1] com.shopme.security.CustomerUserDetails  : CustomerUserDetails | username: diluna617@gmail.com
2024-01-14 23:32:31.353  INFO 8944 --- [http-nio-8081-exec-8] com.shopme.filter.SettingFilter          : SettingFilter | doFilter is called
2024-01-14 23:32:31.353  INFO 8944 --- [http-nio-8081-exec-3] com.shopme.security.CustomerUserDetails  : CustomerUserDetails | username: diluna617@gmail.com
2024-01-14 23:32:31.353  INFO 8944 --- [http-nio-8081-exec-8] com.shopme.filter.SettingFilter          : SettingFilter | doFilter | url : http://localhost:8081/Shopme/star-rating/js/star-rating.js
2024-01-14 23:32:31.353  INFO 8944 --- [http-nio-8081-exec-8] com.shopme.filter.SettingFilter          : SettingFilter | doFilter | .css , .js , .png , . jpg | url : http://localhost:8081/Shopme/star-rating/js/star-rating.js
2024-01-14 23:32:31.354  INFO 8944 --- [http-nio-8081-exec-6] com.shopme.filter.SettingFilter          : SettingFilter | doFilter is called
2024-01-14 23:32:31.354  INFO 8944 --- [http-nio-8081-exec-6] com.shopme.filter.SettingFilter          : SettingFilter | doFilter | url : http://localhost:8081/Shopme/star-rating/themes/krajee-svg/theme.js
2024-01-14 23:32:31.354  INFO 8944 --- [http-nio-8081-exec-9] com.shopme.filter.SettingFilter          : SettingFilter | doFilter is called
2024-01-14 23:32:31.354  INFO 8944 --- [http-nio-8081-exec-6] com.shopme.filter.SettingFilter          : SettingFilter | doFilter | .css , .js , .png , . jpg | url : http://localhost:8081/Shopme/star-rating/themes/krajee-svg/theme.js
2024-01-14 23:32:31.354  INFO 8944 --- [http-nio-8081-exec-7] com.shopme.security.CustomerUserDetails  : CustomerUserDetails | username: diluna617@gmail.com
2024-01-14 23:32:31.354  INFO 8944 --- [http-nio-8081-exec-9] com.shopme.filter.SettingFilter          : SettingFilter | doFilter | url : http://localhost:8081/Shopme/images/ShopmeAdminSmall.png
2024-01-14 23:32:31.355  INFO 8944 --- [http-nio-8081-exec-9] com.shopme.filter.SettingFilter          : SettingFilter | doFilter | .css , .js , .png , . jpg | url : http://localhost:8081/Shopme/images/ShopmeAdminSmall.png
2024-01-14 23:32:31.356  INFO 8944 --- [http-nio-8081-exec-10] com.shopme.filter.SettingFilter          : SettingFilter | doFilter is called
2024-01-14 23:32:31.356  INFO 8944 --- [http-nio-8081-exec-10] com.shopme.filter.SettingFilter          : SettingFilter | doFilter | url : http://localhost:8081/Shopme/product-images/24/download%20(11).jpg
2024-01-14 23:32:31.356  INFO 8944 --- [http-nio-8081-exec-10] com.shopme.filter.SettingFilter          : SettingFilter | doFilter | .css , .js , .png , . jpg | url : http://localhost:8081/Shopme/product-images/24/download%20(11).jpg
2024-01-14 23:32:31.357  INFO 8944 --- [http-nio-8081-exec-8] com.shopme.security.CustomerUserDetails  : CustomerUserDetails | username: diluna617@gmail.com
2024-01-14 23:32:31.357  INFO 8944 --- [http-nio-8081-exec-6] com.shopme.security.CustomerUserDetails  : CustomerUserDetails | username: diluna617@gmail.com
2024-01-14 23:32:31.358  INFO 8944 --- [http-nio-8081-exec-10] com.shopme.security.CustomerUserDetails  : CustomerUserDetails | username: diluna617@gmail.com
2024-01-14 23:32:31.418  INFO 8944 --- [http-nio-8081-exec-10] com.shopme.security.CustomerUserDetails  : CustomerUserDetails | username: diluna617@gmail.com
2024-01-14 23:32:38.611  INFO 8944 --- [http-nio-8081-exec-5] com.shopme.filter.SettingFilter          : SettingFilter | doFilter is called
2024-01-14 23:32:38.611  INFO 8944 --- [http-nio-8081-exec-5] com.shopme.filter.SettingFilter          : SettingFilter | doFilter | url : http://localhost:8081/Shopme/
2024-01-14 23:32:38.611  INFO 8944 --- [http-nio-8081-exec-5] com.shopme.filter.SettingFilter          : SettingFilter | loadGeneralSettings is called
2024-01-14 23:32:38.614  INFO 8944 --- [http-nio-8081-exec-5] com.shopme.filter.SettingFilter          : SettingFilter | loadGeneralSettings | generalSettings : [Setting [key=COPYRIGHT, value=Copyright (C) 2023 Shopme Ltd.], Setting [key=CURRENCY_ID, value=4], Setting [key=CURRENCY_SYMBOL, value=€], Setting [key=CURRENCY_SYMBOL_POSITION, value=Before price], Setting [key=DECIMAL_DIGITS, value=2], Setting [key=DECIMAL_POINT_TYPE, value=POINT], Setting [key=SITE_LOGO, value=/site-logo/shopme logo.jpg], Setting [key=SITE_NAME, value=ShopMe], Setting [key=THOUSANDS_POINT_TYPE, value=POINT]]
2024-01-14 23:32:38.614  INFO 8944 --- [http-nio-8081-exec-5] com.shopme.filter.SettingFilter          : SettingFilter | loadGeneralSettings | generalSettings : [Setting [key=COPYRIGHT, value=Copyright (C) 2023 Shopme Ltd.], Setting [key=CURRENCY_ID, value=4], Setting [key=CURRENCY_SYMBOL, value=€], Setting [key=CURRENCY_SYMBOL_POSITION, value=Before price], Setting [key=DECIMAL_DIGITS, value=2], Setting [key=DECIMAL_POINT_TYPE, value=POINT], Setting [key=SITE_LOGO, value=/site-logo/shopme logo.jpg], Setting [key=SITE_NAME, value=ShopMe], Setting [key=THOUSANDS_POINT_TYPE, value=POINT]]
2024-01-14 23:32:38.614  INFO 8944 --- [http-nio-8081-exec-5] com.shopme.filter.SettingFilter          : SettingFilter | loadGeneralSettings | generalSettings : [Setting [key=COPYRIGHT, value=Copyright (C) 2023 Shopme Ltd.], Setting [key=CURRENCY_ID, value=4], Setting [key=CURRENCY_SYMBOL, value=€], Setting [key=CURRENCY_SYMBOL_POSITION, value=Before price], Setting [key=DECIMAL_DIGITS, value=2], Setting [key=DECIMAL_POINT_TYPE, value=POINT], Setting [key=SITE_LOGO, value=/site-logo/shopme logo.jpg], Setting [key=SITE_NAME, value=ShopMe], Setting [key=THOUSANDS_POINT_TYPE, value=POINT]]
2024-01-14 23:32:38.614  INFO 8944 --- [http-nio-8081-exec-5] com.shopme.filter.SettingFilter          : SettingFilter | loadGeneralSettings | generalSettings : [Setting [key=COPYRIGHT, value=Copyright (C) 2023 Shopme Ltd.], Setting [key=CURRENCY_ID, value=4], Setting [key=CURRENCY_SYMBOL, value=€], Setting [key=CURRENCY_SYMBOL_POSITION, value=Before price], Setting [key=DECIMAL_DIGITS, value=2], Setting [key=DECIMAL_POINT_TYPE, value=POINT], Setting [key=SITE_LOGO, value=/site-logo/shopme logo.jpg], Setting [key=SITE_NAME, value=ShopMe], Setting [key=THOUSANDS_POINT_TYPE, value=POINT]]
2024-01-14 23:32:38.614  INFO 8944 --- [http-nio-8081-exec-5] com.shopme.filter.SettingFilter          : SettingFilter | loadGeneralSettings | generalSettings : [Setting [key=COPYRIGHT, value=Copyright (C) 2023 Shopme Ltd.], Setting [key=CURRENCY_ID, value=4], Setting [key=CURRENCY_SYMBOL, value=€], Setting [key=CURRENCY_SYMBOL_POSITION, value=Before price], Setting [key=DECIMAL_DIGITS, value=2], Setting [key=DECIMAL_POINT_TYPE, value=POINT], Setting [key=SITE_LOGO, value=/site-logo/shopme logo.jpg], Setting [key=SITE_NAME, value=ShopMe], Setting [key=THOUSANDS_POINT_TYPE, value=POINT]]
2024-01-14 23:32:38.614  INFO 8944 --- [http-nio-8081-exec-5] com.shopme.filter.SettingFilter          : SettingFilter | loadGeneralSettings | generalSettings : [Setting [key=COPYRIGHT, value=Copyright (C) 2023 Shopme Ltd.], Setting [key=CURRENCY_ID, value=4], Setting [key=CURRENCY_SYMBOL, value=€], Setting [key=CURRENCY_SYMBOL_POSITION, value=Before price], Setting [key=DECIMAL_DIGITS, value=2], Setting [key=DECIMAL_POINT_TYPE, value=POINT], Setting [key=SITE_LOGO, value=/site-logo/shopme logo.jpg], Setting [key=SITE_NAME, value=ShopMe], Setting [key=THOUSANDS_POINT_TYPE, value=POINT]]
2024-01-14 23:32:38.614  INFO 8944 --- [http-nio-8081-exec-5] com.shopme.filter.SettingFilter          : SettingFilter | loadGeneralSettings | generalSettings : [Setting [key=COPYRIGHT, value=Copyright (C) 2023 Shopme Ltd.], Setting [key=CURRENCY_ID, value=4], Setting [key=CURRENCY_SYMBOL, value=€], Setting [key=CURRENCY_SYMBOL_POSITION, value=Before price], Setting [key=DECIMAL_DIGITS, value=2], Setting [key=DECIMAL_POINT_TYPE, value=POINT], Setting [key=SITE_LOGO, value=/site-logo/shopme logo.jpg], Setting [key=SITE_NAME, value=ShopMe], Setting [key=THOUSANDS_POINT_TYPE, value=POINT]]
2024-01-14 23:32:38.614  INFO 8944 --- [http-nio-8081-exec-5] com.shopme.filter.SettingFilter          : SettingFilter | loadGeneralSettings | generalSettings : [Setting [key=COPYRIGHT, value=Copyright (C) 2023 Shopme Ltd.], Setting [key=CURRENCY_ID, value=4], Setting [key=CURRENCY_SYMBOL, value=€], Setting [key=CURRENCY_SYMBOL_POSITION, value=Before price], Setting [key=DECIMAL_DIGITS, value=2], Setting [key=DECIMAL_POINT_TYPE, value=POINT], Setting [key=SITE_LOGO, value=/site-logo/shopme logo.jpg], Setting [key=SITE_NAME, value=ShopMe], Setting [key=THOUSANDS_POINT_TYPE, value=POINT]]
2024-01-14 23:32:38.614  INFO 8944 --- [http-nio-8081-exec-5] com.shopme.filter.SettingFilter          : SettingFilter | loadGeneralSettings | generalSettings : [Setting [key=COPYRIGHT, value=Copyright (C) 2023 Shopme Ltd.], Setting [key=CURRENCY_ID, value=4], Setting [key=CURRENCY_SYMBOL, value=€], Setting [key=CURRENCY_SYMBOL_POSITION, value=Before price], Setting [key=DECIMAL_DIGITS, value=2], Setting [key=DECIMAL_POINT_TYPE, value=POINT], Setting [key=SITE_LOGO, value=/site-logo/shopme logo.jpg], Setting [key=SITE_NAME, value=ShopMe], Setting [key=THOUSANDS_POINT_TYPE, value=POINT]]
2024-01-14 23:32:38.614  INFO 8944 --- [http-nio-8081-exec-5] com.shopme.filter.SettingFilter          : SettingFilter | loadMenuSettings is called
2024-01-14 23:32:38.619  INFO 8944 --- [http-nio-8081-exec-5] com.shopme.filter.SettingFilter          : SettingFilter | loadMenuSettings | headerMenuItems size : 4
2024-01-14 23:32:38.622  INFO 8944 --- [http-nio-8081-exec-5] com.shopme.filter.SettingFilter          : SettingFilter | loadMenuSettings | footerMenuItems size : 3
2024-01-14 23:32:38.624  INFO 8944 --- [http-nio-8081-exec-5] com.shopme.controller.MainController     : MainController | viewHomePage is called
2024-01-14 23:32:38.626  INFO 8944 --- [http-nio-8081-exec-5] com.shopme.controller.MainController     : MainController | viewHomePage | listSections : 3
2024-01-14 23:32:38.641  INFO 8944 --- [http-nio-8081-exec-5] com.shopme.controller.MainController     : MainController | viewHomePage | listCategories : 26
2024-01-14 23:32:38.658  INFO 8944 --- [http-nio-8081-exec-5] com.shopme.security.CustomerUserDetails  : CustomerUserDetails | getFullName: Diluna Chathuranga
2024-01-14 23:32:38.660  INFO 8944 --- [http-nio-8081-exec-5] com.shopme.security.CustomerUserDetails  : CustomerUserDetails | getFullName: Diluna Chathuranga
2024-01-14 23:32:38.721  INFO 8944 --- [http-nio-8081-exec-5] com.shopme.security.CustomerUserDetails  : CustomerUserDetails | username: diluna617@gmail.com
2024-01-14 23:32:38.759  INFO 8944 --- [http-nio-8081-exec-1] com.shopme.filter.SettingFilter          : SettingFilter | doFilter is called
2024-01-14 23:32:38.759  INFO 8944 --- [http-nio-8081-exec-1] com.shopme.filter.SettingFilter          : SettingFilter | doFilter | url : http://localhost:8081/Shopme/webjars/bootstrap/4.3.1/css/bootstrap.min.css
2024-01-14 23:32:38.759  INFO 8944 --- [http-nio-8081-exec-1] com.shopme.filter.SettingFilter          : SettingFilter | doFilter | .css , .js , .png , . jpg | url : http://localhost:8081/Shopme/webjars/bootstrap/4.3.1/css/bootstrap.min.css
2024-01-14 23:32:38.762  INFO 8944 --- [http-nio-8081-exec-3] com.shopme.filter.SettingFilter          : SettingFilter | doFilter is called
2024-01-14 23:32:38.762  INFO 8944 --- [http-nio-8081-exec-3] com.shopme.filter.SettingFilter          : SettingFilter | doFilter | url : http://localhost:8081/Shopme/css/styles.css
2024-01-14 23:32:38.762  INFO 8944 --- [http-nio-8081-exec-3] com.shopme.filter.SettingFilter          : SettingFilter | doFilter | .css , .js , .png , . jpg | url : http://localhost:8081/Shopme/css/styles.css
2024-01-14 23:32:38.762  INFO 8944 --- [http-nio-8081-exec-4] com.shopme.filter.SettingFilter          : SettingFilter | doFilter is called
2024-01-14 23:32:38.762  INFO 8944 --- [http-nio-8081-exec-4] com.shopme.filter.SettingFilter          : SettingFilter | doFilter | url : http://localhost:8081/Shopme/webjars/jquery/3.4.1/jquery.min.js
2024-01-14 23:32:38.762  INFO 8944 --- [http-nio-8081-exec-4] com.shopme.filter.SettingFilter          : SettingFilter | doFilter | .css , .js , .png , . jpg | url : http://localhost:8081/Shopme/webjars/jquery/3.4.1/jquery.min.js
2024-01-14 23:32:38.762  INFO 8944 --- [http-nio-8081-exec-2] com.shopme.filter.SettingFilter          : SettingFilter | doFilter is called
2024-01-14 23:32:38.763  INFO 8944 --- [http-nio-8081-exec-6] com.shopme.filter.SettingFilter          : SettingFilter | doFilter is called
2024-01-14 23:32:38.762  INFO 8944 --- [http-nio-8081-exec-7] com.shopme.filter.SettingFilter          : SettingFilter | doFilter is called
2024-01-14 23:32:38.764  INFO 8944 --- [http-nio-8081-exec-2] com.shopme.filter.SettingFilter          : SettingFilter | doFilter | url : http://localhost:8081/Shopme/fontawesome/all.css
2024-01-14 23:32:38.764  INFO 8944 --- [http-nio-8081-exec-7] com.shopme.filter.SettingFilter          : SettingFilter | doFilter | url : http://localhost:8081/Shopme/webjars/bootstrap/4.3.1/js/bootstrap.min.js
2024-01-14 23:32:38.764  INFO 8944 --- [http-nio-8081-exec-2] com.shopme.filter.SettingFilter          : SettingFilter | doFilter | .css , .js , .png , . jpg | url : http://localhost:8081/Shopme/fontawesome/all.css
2024-01-14 23:32:38.764  INFO 8944 --- [http-nio-8081-exec-6] com.shopme.filter.SettingFilter          : SettingFilter | doFilter | url : http://localhost:8081/Shopme/star-rating/css/star-rating.css
2024-01-14 23:32:38.764  INFO 8944 --- [http-nio-8081-exec-7] com.shopme.filter.SettingFilter          : SettingFilter | doFilter | .css , .js , .png , . jpg | url : http://localhost:8081/Shopme/webjars/bootstrap/4.3.1/js/bootstrap.min.js
2024-01-14 23:32:38.764  INFO 8944 --- [http-nio-8081-exec-6] com.shopme.filter.SettingFilter          : SettingFilter | doFilter | .css , .js , .png , . jpg | url : http://localhost:8081/Shopme/star-rating/css/star-rating.css
2024-01-14 23:32:38.765  INFO 8944 --- [http-nio-8081-exec-9] com.shopme.filter.SettingFilter          : SettingFilter | doFilter is called
2024-01-14 23:32:38.765  INFO 8944 --- [http-nio-8081-exec-9] com.shopme.filter.SettingFilter          : SettingFilter | doFilter | url : http://localhost:8081/Shopme/star-rating/themes/krajee-svg/theme.css
2024-01-14 23:32:38.765  INFO 8944 --- [http-nio-8081-exec-9] com.shopme.filter.SettingFilter          : SettingFilter | doFilter | .css , .js , .png , . jpg | url : http://localhost:8081/Shopme/star-rating/themes/krajee-svg/theme.css
2024-01-14 23:32:38.767  INFO 8944 --- [http-nio-8081-exec-10] com.shopme.filter.SettingFilter          : SettingFilter | doFilter is called
2024-01-14 23:32:38.767  INFO 8944 --- [http-nio-8081-exec-6] com.shopme.security.CustomerUserDetails  : CustomerUserDetails | username: diluna617@gmail.com
2024-01-14 23:32:38.767  INFO 8944 --- [http-nio-8081-exec-10] com.shopme.filter.SettingFilter          : SettingFilter | doFilter | url : http://localhost:8081/Shopme/star-rating/themes/krajee-svg/theme.js
2024-01-14 23:32:38.767  INFO 8944 --- [http-nio-8081-exec-8] com.shopme.filter.SettingFilter          : SettingFilter | doFilter is called
2024-01-14 23:32:38.767  INFO 8944 --- [http-nio-8081-exec-10] com.shopme.filter.SettingFilter          : SettingFilter | doFilter | .css , .js , .png , . jpg | url : http://localhost:8081/Shopme/star-rating/themes/krajee-svg/theme.js
2024-01-14 23:32:38.767  INFO 8944 --- [http-nio-8081-exec-8] com.shopme.filter.SettingFilter          : SettingFilter | doFilter | url : http://localhost:8081/Shopme/star-rating/js/star-rating.js
2024-01-14 23:32:38.767  INFO 8944 --- [http-nio-8081-exec-8] com.shopme.filter.SettingFilter          : SettingFilter | doFilter | .css , .js , .png , . jpg | url : http://localhost:8081/Shopme/star-rating/js/star-rating.js
2024-01-14 23:32:38.767  INFO 8944 --- [http-nio-8081-exec-9] com.shopme.security.CustomerUserDetails  : CustomerUserDetails | username: diluna617@gmail.com
2024-01-14 23:32:38.768  INFO 8944 --- [http-nio-8081-exec-2] com.shopme.security.CustomerUserDetails  : CustomerUserDetails | username: diluna617@gmail.com
2024-01-14 23:32:38.768  INFO 8944 --- [http-nio-8081-exec-10] com.shopme.security.CustomerUserDetails  : CustomerUserDetails | username: diluna617@gmail.com
2024-01-14 23:32:38.768  INFO 8944 --- [http-nio-8081-exec-8] com.shopme.security.CustomerUserDetails  : CustomerUserDetails | username: diluna617@gmail.com
2024-01-14 23:32:38.812  INFO 8944 --- [http-nio-8081-exec-5] com.shopme.filter.SettingFilter          : SettingFilter | doFilter is called
2024-01-14 23:32:38.812  INFO 8944 --- [http-nio-8081-exec-5] com.shopme.filter.SettingFilter          : SettingFilter | doFilter | url : http://localhost:8081/Shopme/webfonts/fa-solid-900.woff2
2024-01-14 23:32:38.812  INFO 8944 --- [http-nio-8081-exec-5] com.shopme.filter.SettingFilter          : SettingFilter | loadGeneralSettings is called
2024-01-14 23:32:38.815  INFO 8944 --- [http-nio-8081-exec-5] com.shopme.filter.SettingFilter          : SettingFilter | loadGeneralSettings | generalSettings : [Setting [key=COPYRIGHT, value=Copyright (C) 2023 Shopme Ltd.], Setting [key=CURRENCY_ID, value=4], Setting [key=CURRENCY_SYMBOL, value=€], Setting [key=CURRENCY_SYMBOL_POSITION, value=Before price], Setting [key=DECIMAL_DIGITS, value=2], Setting [key=DECIMAL_POINT_TYPE, value=POINT], Setting [key=SITE_LOGO, value=/site-logo/shopme logo.jpg], Setting [key=SITE_NAME, value=ShopMe], Setting [key=THOUSANDS_POINT_TYPE, value=POINT]]
2024-01-14 23:32:38.815  INFO 8944 --- [http-nio-8081-exec-5] com.shopme.filter.SettingFilter          : SettingFilter | loadGeneralSettings | generalSettings : [Setting [key=COPYRIGHT, value=Copyright (C) 2023 Shopme Ltd.], Setting [key=CURRENCY_ID, value=4], Setting [key=CURRENCY_SYMBOL, value=€], Setting [key=CURRENCY_SYMBOL_POSITION, value=Before price], Setting [key=DECIMAL_DIGITS, value=2], Setting [key=DECIMAL_POINT_TYPE, value=POINT], Setting [key=SITE_LOGO, value=/site-logo/shopme logo.jpg], Setting [key=SITE_NAME, value=ShopMe], Setting [key=THOUSANDS_POINT_TYPE, value=POINT]]
2024-01-14 23:32:38.815  INFO 8944 --- [http-nio-8081-exec-5] com.shopme.filter.SettingFilter          : SettingFilter | loadGeneralSettings | generalSettings : [Setting [key=COPYRIGHT, value=Copyright (C) 2023 Shopme Ltd.], Setting [key=CURRENCY_ID, value=4], Setting [key=CURRENCY_SYMBOL, value=€], Setting [key=CURRENCY_SYMBOL_POSITION, value=Before price], Setting [key=DECIMAL_DIGITS, value=2], Setting [key=DECIMAL_POINT_TYPE, value=POINT], Setting [key=SITE_LOGO, value=/site-logo/shopme logo.jpg], Setting [key=SITE_NAME, value=ShopMe], Setting [key=THOUSANDS_POINT_TYPE, value=POINT]]
2024-01-14 23:32:38.815  INFO 8944 --- [http-nio-8081-exec-5] com.shopme.filter.SettingFilter          : SettingFilter | loadGeneralSettings | generalSettings : [Setting [key=COPYRIGHT, value=Copyright (C) 2023 Shopme Ltd.], Setting [key=CURRENCY_ID, value=4], Setting [key=CURRENCY_SYMBOL, value=€], Setting [key=CURRENCY_SYMBOL_POSITION, value=Before price], Setting [key=DECIMAL_DIGITS, value=2], Setting [key=DECIMAL_POINT_TYPE, value=POINT], Setting [key=SITE_LOGO, value=/site-logo/shopme logo.jpg], Setting [key=SITE_NAME, value=ShopMe], Setting [key=THOUSANDS_POINT_TYPE, value=POINT]]
2024-01-14 23:32:38.815  INFO 8944 --- [http-nio-8081-exec-5] com.shopme.filter.SettingFilter          : SettingFilter | loadGeneralSettings | generalSettings : [Setting [key=COPYRIGHT, value=Copyright (C) 2023 Shopme Ltd.], Setting [key=CURRENCY_ID, value=4], Setting [key=CURRENCY_SYMBOL, value=€], Setting [key=CURRENCY_SYMBOL_POSITION, value=Before price], Setting [key=DECIMAL_DIGITS, value=2], Setting [key=DECIMAL_POINT_TYPE, value=POINT], Setting [key=SITE_LOGO, value=/site-logo/shopme logo.jpg], Setting [key=SITE_NAME, value=ShopMe], Setting [key=THOUSANDS_POINT_TYPE, value=POINT]]
2024-01-14 23:32:38.815  INFO 8944 --- [http-nio-8081-exec-5] com.shopme.filter.SettingFilter          : SettingFilter | loadGeneralSettings | generalSettings : [Setting [key=COPYRIGHT, value=Copyright (C) 2023 Shopme Ltd.], Setting [key=CURRENCY_ID, value=4], Setting [key=CURRENCY_SYMBOL, value=€], Setting [key=CURRENCY_SYMBOL_POSITION, value=Before price], Setting [key=DECIMAL_DIGITS, value=2], Setting [key=DECIMAL_POINT_TYPE, value=POINT], Setting [key=SITE_LOGO, value=/site-logo/shopme logo.jpg], Setting [key=SITE_NAME, value=ShopMe], Setting [key=THOUSANDS_POINT_TYPE, value=POINT]]
2024-01-14 23:32:38.815  INFO 8944 --- [http-nio-8081-exec-5] com.shopme.filter.SettingFilter          : SettingFilter | loadGeneralSettings | generalSettings : [Setting [key=COPYRIGHT, value=Copyright (C) 2023 Shopme Ltd.], Setting [key=CURRENCY_ID, value=4], Setting [key=CURRENCY_SYMBOL, value=€], Setting [key=CURRENCY_SYMBOL_POSITION, value=Before price], Setting [key=DECIMAL_DIGITS, value=2], Setting [key=DECIMAL_POINT_TYPE, value=POINT], Setting [key=SITE_LOGO, value=/site-logo/shopme logo.jpg], Setting [key=SITE_NAME, value=ShopMe], Setting [key=THOUSANDS_POINT_TYPE, value=POINT]]
2024-01-14 23:32:38.815  INFO 8944 --- [http-nio-8081-exec-5] com.shopme.filter.SettingFilter          : SettingFilter | loadGeneralSettings | generalSettings : [Setting [key=COPYRIGHT, value=Copyright (C) 2023 Shopme Ltd.], Setting [key=CURRENCY_ID, value=4], Setting [key=CURRENCY_SYMBOL, value=€], Setting [key=CURRENCY_SYMBOL_POSITION, value=Before price], Setting [key=DECIMAL_DIGITS, value=2], Setting [key=DECIMAL_POINT_TYPE, value=POINT], Setting [key=SITE_LOGO, value=/site-logo/shopme logo.jpg], Setting [key=SITE_NAME, value=ShopMe], Setting [key=THOUSANDS_POINT_TYPE, value=POINT]]
2024-01-14 23:32:38.815  INFO 8944 --- [http-nio-8081-exec-5] com.shopme.filter.SettingFilter          : SettingFilter | loadGeneralSettings | generalSettings : [Setting [key=COPYRIGHT, value=Copyright (C) 2023 Shopme Ltd.], Setting [key=CURRENCY_ID, value=4], Setting [key=CURRENCY_SYMBOL, value=€], Setting [key=CURRENCY_SYMBOL_POSITION, value=Before price], Setting [key=DECIMAL_DIGITS, value=2], Setting [key=DECIMAL_POINT_TYPE, value=POINT], Setting [key=SITE_LOGO, value=/site-logo/shopme logo.jpg], Setting [key=SITE_NAME, value=ShopMe], Setting [key=THOUSANDS_POINT_TYPE, value=POINT]]
2024-01-14 23:32:38.815  INFO 8944 --- [http-nio-8081-exec-5] com.shopme.filter.SettingFilter          : SettingFilter | loadMenuSettings is called
2024-01-14 23:32:38.820  INFO 8944 --- [http-nio-8081-exec-5] com.shopme.filter.SettingFilter          : SettingFilter | loadMenuSettings | headerMenuItems size : 4
2024-01-14 23:32:38.826  INFO 8944 --- [http-nio-8081-exec-5] com.shopme.filter.SettingFilter          : SettingFilter | loadMenuSettings | footerMenuItems size : 3
2024-01-14 23:32:38.830  INFO 8944 --- [http-nio-8081-exec-5] com.shopme.security.CustomerUserDetails  : CustomerUserDetails | username: diluna617@gmail.com
2024-01-14 23:32:46.492  INFO 8944 --- [http-nio-8081-exec-1] com.shopme.filter.SettingFilter          : SettingFilter | doFilter is called
2024-01-14 23:32:46.492  INFO 8944 --- [http-nio-8081-exec-1] com.shopme.filter.SettingFilter          : SettingFilter | doFilter | url : http://localhost:8081/Shopme/c/android_phones
2024-01-14 23:32:46.492  INFO 8944 --- [http-nio-8081-exec-1] com.shopme.filter.SettingFilter          : SettingFilter | loadGeneralSettings is called
2024-01-14 23:32:46.494  INFO 8944 --- [http-nio-8081-exec-1] com.shopme.filter.SettingFilter          : SettingFilter | loadGeneralSettings | generalSettings : [Setting [key=COPYRIGHT, value=Copyright (C) 2023 Shopme Ltd.], Setting [key=CURRENCY_ID, value=4], Setting [key=CURRENCY_SYMBOL, value=€], Setting [key=CURRENCY_SYMBOL_POSITION, value=Before price], Setting [key=DECIMAL_DIGITS, value=2], Setting [key=DECIMAL_POINT_TYPE, value=POINT], Setting [key=SITE_LOGO, value=/site-logo/shopme logo.jpg], Setting [key=SITE_NAME, value=ShopMe], Setting [key=THOUSANDS_POINT_TYPE, value=POINT]]
2024-01-14 23:32:46.494  INFO 8944 --- [http-nio-8081-exec-1] com.shopme.filter.SettingFilter          : SettingFilter | loadGeneralSettings | generalSettings : [Setting [key=COPYRIGHT, value=Copyright (C) 2023 Shopme Ltd.], Setting [key=CURRENCY_ID, value=4], Setting [key=CURRENCY_SYMBOL, value=€], Setting [key=CURRENCY_SYMBOL_POSITION, value=Before price], Setting [key=DECIMAL_DIGITS, value=2], Setting [key=DECIMAL_POINT_TYPE, value=POINT], Setting [key=SITE_LOGO, value=/site-logo/shopme logo.jpg], Setting [key=SITE_NAME, value=ShopMe], Setting [key=THOUSANDS_POINT_TYPE, value=POINT]]
2024-01-14 23:32:46.494  INFO 8944 --- [http-nio-8081-exec-1] com.shopme.filter.SettingFilter          : SettingFilter | loadGeneralSettings | generalSettings : [Setting [key=COPYRIGHT, value=Copyright (C) 2023 Shopme Ltd.], Setting [key=CURRENCY_ID, value=4], Setting [key=CURRENCY_SYMBOL, value=€], Setting [key=CURRENCY_SYMBOL_POSITION, value=Before price], Setting [key=DECIMAL_DIGITS, value=2], Setting [key=DECIMAL_POINT_TYPE, value=POINT], Setting [key=SITE_LOGO, value=/site-logo/shopme logo.jpg], Setting [key=SITE_NAME, value=ShopMe], Setting [key=THOUSANDS_POINT_TYPE, value=POINT]]
2024-01-14 23:32:46.494  INFO 8944 --- [http-nio-8081-exec-1] com.shopme.filter.SettingFilter          : SettingFilter | loadGeneralSettings | generalSettings : [Setting [key=COPYRIGHT, value=Copyright (C) 2023 Shopme Ltd.], Setting [key=CURRENCY_ID, value=4], Setting [key=CURRENCY_SYMBOL, value=€], Setting [key=CURRENCY_SYMBOL_POSITION, value=Before price], Setting [key=DECIMAL_DIGITS, value=2], Setting [key=DECIMAL_POINT_TYPE, value=POINT], Setting [key=SITE_LOGO, value=/site-logo/shopme logo.jpg], Setting [key=SITE_NAME, value=ShopMe], Setting [key=THOUSANDS_POINT_TYPE, value=POINT]]
2024-01-14 23:32:46.494  INFO 8944 --- [http-nio-8081-exec-1] com.shopme.filter.SettingFilter          : SettingFilter | loadGeneralSettings | generalSettings : [Setting [key=COPYRIGHT, value=Copyright (C) 2023 Shopme Ltd.], Setting [key=CURRENCY_ID, value=4], Setting [key=CURRENCY_SYMBOL, value=€], Setting [key=CURRENCY_SYMBOL_POSITION, value=Before price], Setting [key=DECIMAL_DIGITS, value=2], Setting [key=DECIMAL_POINT_TYPE, value=POINT], Setting [key=SITE_LOGO, value=/site-logo/shopme logo.jpg], Setting [key=SITE_NAME, value=ShopMe], Setting [key=THOUSANDS_POINT_TYPE, value=POINT]]
2024-01-14 23:32:46.494  INFO 8944 --- [http-nio-8081-exec-1] com.shopme.filter.SettingFilter          : SettingFilter | loadGeneralSettings | generalSettings : [Setting [key=COPYRIGHT, value=Copyright (C) 2023 Shopme Ltd.], Setting [key=CURRENCY_ID, value=4], Setting [key=CURRENCY_SYMBOL, value=€], Setting [key=CURRENCY_SYMBOL_POSITION, value=Before price], Setting [key=DECIMAL_DIGITS, value=2], Setting [key=DECIMAL_POINT_TYPE, value=POINT], Setting [key=SITE_LOGO, value=/site-logo/shopme logo.jpg], Setting [key=SITE_NAME, value=ShopMe], Setting [key=THOUSANDS_POINT_TYPE, value=POINT]]
2024-01-14 23:32:46.494  INFO 8944 --- [http-nio-8081-exec-1] com.shopme.filter.SettingFilter          : SettingFilter | loadGeneralSettings | generalSettings : [Setting [key=COPYRIGHT, value=Copyright (C) 2023 Shopme Ltd.], Setting [key=CURRENCY_ID, value=4], Setting [key=CURRENCY_SYMBOL, value=€], Setting [key=CURRENCY_SYMBOL_POSITION, value=Before price], Setting [key=DECIMAL_DIGITS, value=2], Setting [key=DECIMAL_POINT_TYPE, value=POINT], Setting [key=SITE_LOGO, value=/site-logo/shopme logo.jpg], Setting [key=SITE_NAME, value=ShopMe], Setting [key=THOUSANDS_POINT_TYPE, value=POINT]]
2024-01-14 23:32:46.494  INFO 8944 --- [http-nio-8081-exec-1] com.shopme.filter.SettingFilter          : SettingFilter | loadGeneralSettings | generalSettings : [Setting [key=COPYRIGHT, value=Copyright (C) 2023 Shopme Ltd.], Setting [key=CURRENCY_ID, value=4], Setting [key=CURRENCY_SYMBOL, value=€], Setting [key=CURRENCY_SYMBOL_POSITION, value=Before price], Setting [key=DECIMAL_DIGITS, value=2], Setting [key=DECIMAL_POINT_TYPE, value=POINT], Setting [key=SITE_LOGO, value=/site-logo/shopme logo.jpg], Setting [key=SITE_NAME, value=ShopMe], Setting [key=THOUSANDS_POINT_TYPE, value=POINT]]
2024-01-14 23:32:46.494  INFO 8944 --- [http-nio-8081-exec-1] com.shopme.filter.SettingFilter          : SettingFilter | loadGeneralSettings | generalSettings : [Setting [key=COPYRIGHT, value=Copyright (C) 2023 Shopme Ltd.], Setting [key=CURRENCY_ID, value=4], Setting [key=CURRENCY_SYMBOL, value=€], Setting [key=CURRENCY_SYMBOL_POSITION, value=Before price], Setting [key=DECIMAL_DIGITS, value=2], Setting [key=DECIMAL_POINT_TYPE, value=POINT], Setting [key=SITE_LOGO, value=/site-logo/shopme logo.jpg], Setting [key=SITE_NAME, value=ShopMe], Setting [key=THOUSANDS_POINT_TYPE, value=POINT]]
2024-01-14 23:32:46.494  INFO 8944 --- [http-nio-8081-exec-1] com.shopme.filter.SettingFilter          : SettingFilter | loadMenuSettings is called
2024-01-14 23:32:46.498  INFO 8944 --- [http-nio-8081-exec-1] com.shopme.filter.SettingFilter          : SettingFilter | loadMenuSettings | headerMenuItems size : 4
2024-01-14 23:32:46.502  INFO 8944 --- [http-nio-8081-exec-1] com.shopme.filter.SettingFilter          : SettingFilter | loadMenuSettings | footerMenuItems size : 3
2024-01-14 23:32:46.503  INFO 8944 --- [http-nio-8081-exec-1] com.shopme.controller.ProductController  : ProductController | viewCategoryFirstPage is called
2024-01-14 23:32:46.503  INFO 8944 --- [http-nio-8081-exec-1] com.shopme.controller.ProductController  : ProductController | viewCategoryByPage is called
2024-01-14 23:32:46.506  INFO 8944 --- [http-nio-8081-exec-1] com.shopme.controller.ProductController  : ProductController | viewCategoryByPage | category : Android Phones
2024-01-14 23:32:46.506  INFO 8944 --- [http-nio-8081-exec-1] com.shopme.controller.ProductController  : ProductController | viewCategoryByPage | listCategoryParents : [Electronics, Phones & Accessories, Android Phones]
2024-01-14 23:32:46.506  INFO 8944 --- [http-nio-8081-exec-1] com.shopme.service.ProductService        : ProductService | listByCategory is called
2024-01-14 23:32:46.506  INFO 8944 --- [http-nio-8081-exec-1] com.shopme.service.ProductService        : ProductService | listByCategory | categoryId : 19
2024-01-14 23:32:46.506  INFO 8944 --- [http-nio-8081-exec-1] com.shopme.service.ProductService        : ProductService | listByCategory | categoryIdMatch : -19-
2024-01-14 23:32:46.506  INFO 8944 --- [http-nio-8081-exec-1] com.shopme.service.ProductService        : ProductService | listByCategory | pageable : Page request [number: 0, size 10, sort: UNSORTED]
2024-01-14 23:32:46.509  INFO 8944 --- [http-nio-8081-exec-1] com.shopme.controller.ProductController  : ProductController | viewCategoryByPage | listProducts : [Product [id=16, name=Huawei P50 Pro], Product [id=3, name=Samsung Fold 4]]
2024-01-14 23:32:46.509  INFO 8944 --- [http-nio-8081-exec-1] com.shopme.controller.ProductController  : ProductController | viewCategoryByPage | startCount : 1
2024-01-14 23:32:46.509  INFO 8944 --- [http-nio-8081-exec-1] com.shopme.controller.ProductController  : ProductController | viewCategoryByPage | endCount : 10
2024-01-14 23:32:46.509  INFO 8944 --- [http-nio-8081-exec-1] com.shopme.controller.ProductController  : ProductController | viewCategoryByPage | endCount > pageProducts.getTotalElements()
2024-01-14 23:32:46.510  INFO 8944 --- [http-nio-8081-exec-1] com.shopme.controller.ProductController  : ProductController | viewCategoryByPage | endCount > pageProducts.getTotalElements() | endCount : 10
2024-01-14 23:32:46.510  INFO 8944 --- [http-nio-8081-exec-1] com.shopme.controller.ProductController  : ProductController | viewCategoryByPage | endCount > pageProducts.getTotalElements() | pageProducts.getTotalElements() : 2
2024-01-14 23:32:46.510  INFO 8944 --- [http-nio-8081-exec-1] com.shopme.controller.ProductController  : ProductController | viewCategoryByPage | endCount > pageProducts.getTotalElements()
2024-01-14 23:32:46.510  INFO 8944 --- [http-nio-8081-exec-1] com.shopme.controller.ProductController  : ProductController | viewCategoryByPage | currentPage : 1
2024-01-14 23:32:46.510  INFO 8944 --- [http-nio-8081-exec-1] com.shopme.controller.ProductController  : ProductController | viewCategoryByPage | totalPages : 1
2024-01-14 23:32:46.510  INFO 8944 --- [http-nio-8081-exec-1] com.shopme.controller.ProductController  : ProductController | viewCategoryByPage | startCount : 1
2024-01-14 23:32:46.510  INFO 8944 --- [http-nio-8081-exec-1] com.shopme.controller.ProductController  : ProductController | viewCategoryByPage | endCount : 2
2024-01-14 23:32:46.510  INFO 8944 --- [http-nio-8081-exec-1] com.shopme.controller.ProductController  : ProductController | viewCategoryByPage | totalItems : 2
2024-01-14 23:32:46.510  INFO 8944 --- [http-nio-8081-exec-1] com.shopme.controller.ProductController  : ProductController | viewCategoryByPage | pageTitle : Android Phones
2024-01-14 23:32:46.510  INFO 8944 --- [http-nio-8081-exec-1] com.shopme.controller.ProductController  : ProductController | viewCategoryByPage | listCategoryParents : [Electronics, Phones & Accessories, Android Phones]
2024-01-14 23:32:46.510  INFO 8944 --- [http-nio-8081-exec-1] com.shopme.controller.ProductController  : ProductController | viewCategoryByPage | listProducts : [Product [id=16, name=Huawei P50 Pro], Product [id=3, name=Samsung Fold 4]]
2024-01-14 23:32:46.510  INFO 8944 --- [http-nio-8081-exec-1] com.shopme.controller.ProductController  : ProductController | viewCategoryByPage | category : Android Phones
2024-01-14 23:32:46.539  INFO 8944 --- [http-nio-8081-exec-1] com.shopme.security.CustomerUserDetails  : CustomerUserDetails | username: diluna617@gmail.com
2024-01-14 23:32:46.585  INFO 8944 --- [http-nio-8081-exec-3] com.shopme.filter.SettingFilter          : SettingFilter | doFilter is called
2024-01-14 23:32:46.585  INFO 8944 --- [http-nio-8081-exec-3] com.shopme.filter.SettingFilter          : SettingFilter | doFilter | url : http://localhost:8081/Shopme/webjars/bootstrap/4.3.1/css/bootstrap.min.css
2024-01-14 23:32:46.585  INFO 8944 --- [http-nio-8081-exec-3] com.shopme.filter.SettingFilter          : SettingFilter | doFilter | .css , .js , .png , . jpg | url : http://localhost:8081/Shopme/webjars/bootstrap/4.3.1/css/bootstrap.min.css
2024-01-14 23:32:46.588  INFO 8944 --- [http-nio-8081-exec-4] com.shopme.filter.SettingFilter          : SettingFilter | doFilter is called
2024-01-14 23:32:46.588  INFO 8944 --- [http-nio-8081-exec-4] com.shopme.filter.SettingFilter          : SettingFilter | doFilter | url : http://localhost:8081/Shopme/fontawesome/all.css
2024-01-14 23:32:46.588  INFO 8944 --- [http-nio-8081-exec-4] com.shopme.filter.SettingFilter          : SettingFilter | doFilter | .css , .js , .png , . jpg | url : http://localhost:8081/Shopme/fontawesome/all.css
2024-01-14 23:32:46.589  INFO 8944 --- [http-nio-8081-exec-6] com.shopme.filter.SettingFilter          : SettingFilter | doFilter is called
2024-01-14 23:32:46.589  INFO 8944 --- [http-nio-8081-exec-6] com.shopme.filter.SettingFilter          : SettingFilter | doFilter | url : http://localhost:8081/Shopme/css/styles.css
2024-01-14 23:32:46.589  INFO 8944 --- [http-nio-8081-exec-6] com.shopme.filter.SettingFilter          : SettingFilter | doFilter | .css , .js , .png , . jpg | url : http://localhost:8081/Shopme/css/styles.css
2024-01-14 23:32:46.589  INFO 8944 --- [http-nio-8081-exec-2] com.shopme.filter.SettingFilter          : SettingFilter | doFilter is called
2024-01-14 23:32:46.589  INFO 8944 --- [http-nio-8081-exec-2] com.shopme.filter.SettingFilter          : SettingFilter | doFilter | url : http://localhost:8081/Shopme/webjars/bootstrap/4.3.1/js/bootstrap.min.js
2024-01-14 23:32:46.589  INFO 8944 --- [http-nio-8081-exec-2] com.shopme.filter.SettingFilter          : SettingFilter | doFilter | .css , .js , .png , . jpg | url : http://localhost:8081/Shopme/webjars/bootstrap/4.3.1/js/bootstrap.min.js
2024-01-14 23:32:46.589  INFO 8944 --- [http-nio-8081-exec-9] com.shopme.filter.SettingFilter          : SettingFilter | doFilter is called
2024-01-14 23:32:46.589  INFO 8944 --- [http-nio-8081-exec-9] com.shopme.filter.SettingFilter          : SettingFilter | doFilter | url : http://localhost:8081/Shopme/webjars/jquery/3.4.1/jquery.min.js
2024-01-14 23:32:46.589  INFO 8944 --- [http-nio-8081-exec-9] com.shopme.filter.SettingFilter          : SettingFilter | doFilter | .css , .js , .png , . jpg | url : http://localhost:8081/Shopme/webjars/jquery/3.4.1/jquery.min.js
2024-01-14 23:32:46.592  INFO 8944 --- [http-nio-8081-exec-6] com.shopme.filter.SettingFilter          : SettingFilter | doFilter is called
2024-01-14 23:32:46.592  INFO 8944 --- [http-nio-8081-exec-6] com.shopme.filter.SettingFilter          : SettingFilter | doFilter | url : http://localhost:8081/Shopme/star-rating/themes/krajee-svg/theme.css
2024-01-14 23:32:46.592  INFO 8944 --- [http-nio-8081-exec-6] com.shopme.filter.SettingFilter          : SettingFilter | doFilter | .css , .js , .png , . jpg | url : http://localhost:8081/Shopme/star-rating/themes/krajee-svg/theme.css
2024-01-14 23:32:46.593  INFO 8944 --- [http-nio-8081-exec-4] com.shopme.security.CustomerUserDetails  : CustomerUserDetails | username: diluna617@gmail.com
2024-01-14 23:32:46.593  INFO 8944 --- [http-nio-8081-exec-7] com.shopme.filter.SettingFilter          : SettingFilter | doFilter is called
2024-01-14 23:32:46.593  INFO 8944 --- [http-nio-8081-exec-7] com.shopme.filter.SettingFilter          : SettingFilter | doFilter | url : http://localhost:8081/Shopme/star-rating/css/star-rating.css
2024-01-14 23:32:46.593  INFO 8944 --- [http-nio-8081-exec-7] com.shopme.filter.SettingFilter          : SettingFilter | doFilter | .css , .js , .png , . jpg | url : http://localhost:8081/Shopme/star-rating/css/star-rating.css
2024-01-14 23:32:46.594  INFO 8944 --- [http-nio-8081-exec-5] com.shopme.filter.SettingFilter          : SettingFilter | doFilter is called
2024-01-14 23:32:46.594  INFO 8944 --- [http-nio-8081-exec-8] com.shopme.filter.SettingFilter          : SettingFilter | doFilter is called
2024-01-14 23:32:46.594  INFO 8944 --- [http-nio-8081-exec-5] com.shopme.filter.SettingFilter          : SettingFilter | doFilter | url : http://localhost:8081/Shopme/star-rating/themes/krajee-svg/theme.js
2024-01-14 23:32:46.594  INFO 8944 --- [http-nio-8081-exec-8] com.shopme.filter.SettingFilter          : SettingFilter | doFilter | url : http://localhost:8081/Shopme/star-rating/js/star-rating.js
2024-01-14 23:32:46.594  INFO 8944 --- [http-nio-8081-exec-8] com.shopme.filter.SettingFilter          : SettingFilter | doFilter | .css , .js , .png , . jpg | url : http://localhost:8081/Shopme/star-rating/js/star-rating.js
2024-01-14 23:32:46.594  INFO 8944 --- [http-nio-8081-exec-5] com.shopme.filter.SettingFilter          : SettingFilter | doFilter | .css , .js , .png , . jpg | url : http://localhost:8081/Shopme/star-rating/themes/krajee-svg/theme.js
2024-01-14 23:32:46.595  INFO 8944 --- [http-nio-8081-exec-1] com.shopme.filter.SettingFilter          : SettingFilter | doFilter is called
2024-01-14 23:32:46.595  INFO 8944 --- [http-nio-8081-exec-1] com.shopme.filter.SettingFilter          : SettingFilter | doFilter | url : http://localhost:8081/Shopme/images/ShopmeAdminSmall.png
2024-01-14 23:32:46.595  INFO 8944 --- [http-nio-8081-exec-1] com.shopme.filter.SettingFilter          : SettingFilter | doFilter | .css , .js , .png , . jpg | url : http://localhost:8081/Shopme/images/ShopmeAdminSmall.png
2024-01-14 23:32:46.595  INFO 8944 --- [http-nio-8081-exec-3] com.shopme.filter.SettingFilter          : SettingFilter | doFilter is called
2024-01-14 23:32:46.595  INFO 8944 --- [http-nio-8081-exec-3] com.shopme.filter.SettingFilter          : SettingFilter | doFilter | url : http://localhost:8081/Shopme/product-images/16/mate50-pro-carbon-black.png
2024-01-14 23:32:46.595  INFO 8944 --- [http-nio-8081-exec-3] com.shopme.filter.SettingFilter          : SettingFilter | doFilter | .css , .js , .png , . jpg | url : http://localhost:8081/Shopme/product-images/16/mate50-pro-carbon-black.png
2024-01-14 23:32:46.595  INFO 8944 --- [http-nio-8081-exec-7] com.shopme.security.CustomerUserDetails  : CustomerUserDetails | username: diluna617@gmail.com
2024-01-14 23:32:46.595  INFO 8944 --- [http-nio-8081-exec-6] com.shopme.security.CustomerUserDetails  : CustomerUserDetails | username: diluna617@gmail.com
2024-01-14 23:32:46.596  INFO 8944 --- [http-nio-8081-exec-5] com.shopme.security.CustomerUserDetails  : CustomerUserDetails | username: diluna617@gmail.com
2024-01-14 23:32:46.597  INFO 8944 --- [http-nio-8081-exec-8] com.shopme.security.CustomerUserDetails  : CustomerUserDetails | username: diluna617@gmail.com
2024-01-14 23:32:46.597  INFO 8944 --- [http-nio-8081-exec-3] com.shopme.security.CustomerUserDetails  : CustomerUserDetails | username: diluna617@gmail.com
2024-01-14 23:32:46.626  INFO 8944 --- [http-nio-8081-exec-9] com.shopme.filter.SettingFilter          : SettingFilter | doFilter is called
2024-01-14 23:32:46.626  INFO 8944 --- [http-nio-8081-exec-9] com.shopme.filter.SettingFilter          : SettingFilter | doFilter | url : http://localhost:8081/Shopme/product-images/3/samsung-main.jpg
2024-01-14 23:32:46.626  INFO 8944 --- [http-nio-8081-exec-9] com.shopme.filter.SettingFilter          : SettingFilter | doFilter | .css , .js , .png , . jpg | url : http://localhost:8081/Shopme/product-images/3/samsung-main.jpg
2024-01-14 23:32:46.629  INFO 8944 --- [http-nio-8081-exec-9] com.shopme.security.CustomerUserDetails  : CustomerUserDetails | username: diluna617@gmail.com
2024-01-14 23:32:49.638  INFO 8944 --- [http-nio-8081-exec-4] com.shopme.filter.SettingFilter          : SettingFilter | doFilter is called
2024-01-14 23:32:49.638  INFO 8944 --- [http-nio-8081-exec-4] com.shopme.filter.SettingFilter          : SettingFilter | doFilter | url : http://localhost:8081/Shopme/p/Huawei-P50-Pro/
2024-01-14 23:32:49.638  INFO 8944 --- [http-nio-8081-exec-4] com.shopme.filter.SettingFilter          : SettingFilter | loadGeneralSettings is called
2024-01-14 23:32:49.640  INFO 8944 --- [http-nio-8081-exec-4] com.shopme.filter.SettingFilter          : SettingFilter | loadGeneralSettings | generalSettings : [Setting [key=COPYRIGHT, value=Copyright (C) 2023 Shopme Ltd.], Setting [key=CURRENCY_ID, value=4], Setting [key=CURRENCY_SYMBOL, value=€], Setting [key=CURRENCY_SYMBOL_POSITION, value=Before price], Setting [key=DECIMAL_DIGITS, value=2], Setting [key=DECIMAL_POINT_TYPE, value=POINT], Setting [key=SITE_LOGO, value=/site-logo/shopme logo.jpg], Setting [key=SITE_NAME, value=ShopMe], Setting [key=THOUSANDS_POINT_TYPE, value=POINT]]
2024-01-14 23:32:49.640  INFO 8944 --- [http-nio-8081-exec-4] com.shopme.filter.SettingFilter          : SettingFilter | loadGeneralSettings | generalSettings : [Setting [key=COPYRIGHT, value=Copyright (C) 2023 Shopme Ltd.], Setting [key=CURRENCY_ID, value=4], Setting [key=CURRENCY_SYMBOL, value=€], Setting [key=CURRENCY_SYMBOL_POSITION, value=Before price], Setting [key=DECIMAL_DIGITS, value=2], Setting [key=DECIMAL_POINT_TYPE, value=POINT], Setting [key=SITE_LOGO, value=/site-logo/shopme logo.jpg], Setting [key=SITE_NAME, value=ShopMe], Setting [key=THOUSANDS_POINT_TYPE, value=POINT]]
2024-01-14 23:32:49.640  INFO 8944 --- [http-nio-8081-exec-4] com.shopme.filter.SettingFilter          : SettingFilter | loadGeneralSettings | generalSettings : [Setting [key=COPYRIGHT, value=Copyright (C) 2023 Shopme Ltd.], Setting [key=CURRENCY_ID, value=4], Setting [key=CURRENCY_SYMBOL, value=€], Setting [key=CURRENCY_SYMBOL_POSITION, value=Before price], Setting [key=DECIMAL_DIGITS, value=2], Setting [key=DECIMAL_POINT_TYPE, value=POINT], Setting [key=SITE_LOGO, value=/site-logo/shopme logo.jpg], Setting [key=SITE_NAME, value=ShopMe], Setting [key=THOUSANDS_POINT_TYPE, value=POINT]]
2024-01-14 23:32:49.640  INFO 8944 --- [http-nio-8081-exec-4] com.shopme.filter.SettingFilter          : SettingFilter | loadGeneralSettings | generalSettings : [Setting [key=COPYRIGHT, value=Copyright (C) 2023 Shopme Ltd.], Setting [key=CURRENCY_ID, value=4], Setting [key=CURRENCY_SYMBOL, value=€], Setting [key=CURRENCY_SYMBOL_POSITION, value=Before price], Setting [key=DECIMAL_DIGITS, value=2], Setting [key=DECIMAL_POINT_TYPE, value=POINT], Setting [key=SITE_LOGO, value=/site-logo/shopme logo.jpg], Setting [key=SITE_NAME, value=ShopMe], Setting [key=THOUSANDS_POINT_TYPE, value=POINT]]
2024-01-14 23:32:49.640  INFO 8944 --- [http-nio-8081-exec-4] com.shopme.filter.SettingFilter          : SettingFilter | loadGeneralSettings | generalSettings : [Setting [key=COPYRIGHT, value=Copyright (C) 2023 Shopme Ltd.], Setting [key=CURRENCY_ID, value=4], Setting [key=CURRENCY_SYMBOL, value=€], Setting [key=CURRENCY_SYMBOL_POSITION, value=Before price], Setting [key=DECIMAL_DIGITS, value=2], Setting [key=DECIMAL_POINT_TYPE, value=POINT], Setting [key=SITE_LOGO, value=/site-logo/shopme logo.jpg], Setting [key=SITE_NAME, value=ShopMe], Setting [key=THOUSANDS_POINT_TYPE, value=POINT]]
2024-01-14 23:32:49.640  INFO 8944 --- [http-nio-8081-exec-4] com.shopme.filter.SettingFilter          : SettingFilter | loadGeneralSettings | generalSettings : [Setting [key=COPYRIGHT, value=Copyright (C) 2023 Shopme Ltd.], Setting [key=CURRENCY_ID, value=4], Setting [key=CURRENCY_SYMBOL, value=€], Setting [key=CURRENCY_SYMBOL_POSITION, value=Before price], Setting [key=DECIMAL_DIGITS, value=2], Setting [key=DECIMAL_POINT_TYPE, value=POINT], Setting [key=SITE_LOGO, value=/site-logo/shopme logo.jpg], Setting [key=SITE_NAME, value=ShopMe], Setting [key=THOUSANDS_POINT_TYPE, value=POINT]]
2024-01-14 23:32:49.642  INFO 8944 --- [http-nio-8081-exec-4] com.shopme.filter.SettingFilter          : SettingFilter | loadGeneralSettings | generalSettings : [Setting [key=COPYRIGHT, value=Copyright (C) 2023 Shopme Ltd.], Setting [key=CURRENCY_ID, value=4], Setting [key=CURRENCY_SYMBOL, value=€], Setting [key=CURRENCY_SYMBOL_POSITION, value=Before price], Setting [key=DECIMAL_DIGITS, value=2], Setting [key=DECIMAL_POINT_TYPE, value=POINT], Setting [key=SITE_LOGO, value=/site-logo/shopme logo.jpg], Setting [key=SITE_NAME, value=ShopMe], Setting [key=THOUSANDS_POINT_TYPE, value=POINT]]
2024-01-14 23:32:49.642  INFO 8944 --- [http-nio-8081-exec-4] com.shopme.filter.SettingFilter          : SettingFilter | loadGeneralSettings | generalSettings : [Setting [key=COPYRIGHT, value=Copyright (C) 2023 Shopme Ltd.], Setting [key=CURRENCY_ID, value=4], Setting [key=CURRENCY_SYMBOL, value=€], Setting [key=CURRENCY_SYMBOL_POSITION, value=Before price], Setting [key=DECIMAL_DIGITS, value=2], Setting [key=DECIMAL_POINT_TYPE, value=POINT], Setting [key=SITE_LOGO, value=/site-logo/shopme logo.jpg], Setting [key=SITE_NAME, value=ShopMe], Setting [key=THOUSANDS_POINT_TYPE, value=POINT]]
2024-01-14 23:32:49.642  INFO 8944 --- [http-nio-8081-exec-4] com.shopme.filter.SettingFilter          : SettingFilter | loadGeneralSettings | generalSettings : [Setting [key=COPYRIGHT, value=Copyright (C) 2023 Shopme Ltd.], Setting [key=CURRENCY_ID, value=4], Setting [key=CURRENCY_SYMBOL, value=€], Setting [key=CURRENCY_SYMBOL_POSITION, value=Before price], Setting [key=DECIMAL_DIGITS, value=2], Setting [key=DECIMAL_POINT_TYPE, value=POINT], Setting [key=SITE_LOGO, value=/site-logo/shopme logo.jpg], Setting [key=SITE_NAME, value=ShopMe], Setting [key=THOUSANDS_POINT_TYPE, value=POINT]]
2024-01-14 23:32:49.642  INFO 8944 --- [http-nio-8081-exec-4] com.shopme.filter.SettingFilter          : SettingFilter | loadMenuSettings is called
2024-01-14 23:32:49.646  INFO 8944 --- [http-nio-8081-exec-4] com.shopme.filter.SettingFilter          : SettingFilter | loadMenuSettings | headerMenuItems size : 4
2024-01-14 23:32:49.650  INFO 8944 --- [http-nio-8081-exec-4] com.shopme.filter.SettingFilter          : SettingFilter | loadMenuSettings | footerMenuItems size : 3
2024-01-14 23:32:49.651  INFO 8944 --- [http-nio-8081-exec-4] com.shopme.controller.ProductController  : ProductController | viewProductDetail is called
2024-01-14 23:32:49.680  INFO 8944 --- [http-nio-8081-exec-4] com.shopme.controller.ProductController  : ProductController | viewProductDetail | listCategoryParents : [Electronics, Phones & Accessories, Android Phones]
2024-01-14 23:32:49.680  INFO 8944 --- [http-nio-8081-exec-4] com.shopme.controller.ProductController  : ProductController | viewProductDetail | product : Product [id=16, name=Huawei P50 Pro]
2024-01-14 23:32:49.680  INFO 8944 --- [http-nio-8081-exec-4] com.shopme.controller.ProductController  : ProductController | viewProductDetail | pageTitle : Huawei P50 Pro
2024-01-14 23:32:49.680  INFO 8944 --- [http-nio-8081-exec-4] com.shopme.controller.ProductController  : ProductController | viewProductDetail | listReviews size : 3
2024-01-14 23:32:49.680  INFO 8944 --- [http-nio-8081-exec-4] com.shopme.controller.ProductController  : ProductController | viewProductDetail | listQuestions size : 0
2024-01-14 23:32:49.682  INFO 8944 --- [http-nio-8081-exec-4] com.shopme.util.CustomerAccountUtil      : CustomerAccountUtil | getEmailOfAuthenticatedCustomer is called
2024-01-14 23:32:49.682  INFO 8944 --- [http-nio-8081-exec-4] com.shopme.util.CustomerAccountUtil      : CustomerAccountUtil | getEmailOfAuthenticatedCustomer | principal : UsernamePasswordAuthenticationToken [Principal=com.shopme.security.CustomerUserDetails@62897111, Credentials=[PROTECTED], Authenticated=true, Details=WebAuthenticationDetails [RemoteIpAddress=0:0:0:0:0:0:0:1, SessionId=D539BB2CDBB16A4B8CC120F8E5C6B230], Granted Authorities=[]]
2024-01-14 23:32:49.682  INFO 8944 --- [http-nio-8081-exec-4] com.shopme.util.CustomerAccountUtil      : CustomerAccountUtil | getEmailOfAuthenticatedCustomer | principal instanceof UsernamePasswordAuthenticationToken  : true
2024-01-14 23:32:49.682  INFO 8944 --- [http-nio-8081-exec-4] com.shopme.util.CustomerAccountUtil      : CustomerAccountUtil | getEmailOfAuthenticatedCustomer | principal instanceof RememberMeAuthenticationToken  : false
2024-01-14 23:32:49.683  INFO 8944 --- [http-nio-8081-exec-4] com.shopme.util.CustomerAccountUtil      : CustomerAccountUtil | getEmailOfAuthenticatedCustomer | principal instanceof OAuth2AuthenticationToken  : false
2024-01-14 23:32:49.683  INFO 8944 --- [http-nio-8081-exec-4] com.shopme.security.CustomerUserDetails  : CustomerUserDetails | username: diluna617@gmail.com
2024-01-14 23:32:49.684  INFO 8944 --- [http-nio-8081-exec-4] com.shopme.util.CustomerAccountUtil      : CustomerAccountUtil | getEmailOfAuthenticatedCustomer | customerEmail : diluna617@gmail.com
2024-01-14 23:32:49.689  INFO 8944 --- [http-nio-8081-exec-4] com.shopme.controller.ProductController  : ProductController | viewProductDetail | customerReviewed : true
2024-01-14 23:32:49.692  INFO 8944 --- [http-nio-8081-exec-4] com.shopme.service.ReviewVoteService     : ReviewVoteService | markReviewsVotedForProductByCustomer is called
2024-01-14 23:32:49.692  INFO 8944 --- [http-nio-8081-exec-4] com.shopme.service.ReviewVoteService     : ReviewVoteService | markReviewsVotedForProductByCustomer | listReviews : [Review [headline=Fast Delivery. A ++, rating=5, reviewTime=2023-07-08 17:07:10.071, product=Huawei P50 Pro, customer=Diluna Chathuranga]]
2024-01-14 23:32:49.692  INFO 8944 --- [http-nio-8081-exec-4] com.shopme.service.ReviewVoteService     : ReviewVoteService | markReviewsVotedForProductByCustomer | productId : 16
2024-01-14 23:32:49.692  INFO 8944 --- [http-nio-8081-exec-4] com.shopme.service.ReviewVoteService     : ReviewVoteService | markReviewsVotedForProductByCustomer | customerId : 2
2024-01-14 23:32:49.696  INFO 8944 --- [http-nio-8081-exec-4] com.shopme.service.ReviewVoteService     : ReviewVoteService | markReviewsVotedForProductByCustomer | listVotes : []
2024-01-14 23:32:49.705  INFO 8944 --- [http-nio-8081-exec-4] com.shopme.controller.ProductController  : ProductController | viewProductDetail | customerReviewed : true
2024-01-14 23:32:49.707  INFO 8944 --- [http-nio-8081-exec-4] com.shopme.controller.ProductController  : ProductController | viewProductDetail | numberOfQuestions : 0
2024-01-14 23:32:49.723  INFO 8944 --- [http-nio-8081-exec-4] com.shopme.security.CustomerUserDetails  : CustomerUserDetails | getFullName: Diluna Chathuranga
2024-01-14 23:32:49.725  INFO 8944 --- [http-nio-8081-exec-4] com.shopme.security.CustomerUserDetails  : CustomerUserDetails | getFullName: Diluna Chathuranga
2024-01-14 23:32:49.736  INFO 8944 --- [http-nio-8081-exec-4] com.shopme.common.constants.Constants    : ShopmeCommon | Constants | bucketName : awsshopme-files
2024-01-14 23:32:49.736  INFO 8944 --- [http-nio-8081-exec-4] com.shopme.common.constants.Constants    : ShopmeCommon | Constants | region : ap-south-1
2024-01-14 23:32:49.736  INFO 8944 --- [http-nio-8081-exec-4] com.shopme.common.constants.Constants    : ShopmeCommon | S3_BASE_URI | S3_BASE_URI : https://awsshopme-files.s3.ap-south-1.amazonaws.com
2024-01-14 23:32:49.916  INFO 8944 --- [http-nio-8081-exec-10] com.shopme.filter.SettingFilter          : SettingFilter | doFilter is called
2024-01-14 23:32:49.916  INFO 8944 --- [http-nio-8081-exec-4] com.shopme.security.CustomerUserDetails  : CustomerUserDetails | username: diluna617@gmail.com
2024-01-14 23:32:49.916  INFO 8944 --- [http-nio-8081-exec-10] com.shopme.filter.SettingFilter          : SettingFilter | doFilter | url : http://localhost:8081/Shopme/webjars/bootstrap/4.3.1/css/bootstrap.min.css
2024-01-14 23:32:49.916  INFO 8944 --- [http-nio-8081-exec-10] com.shopme.filter.SettingFilter          : SettingFilter | doFilter | .css , .js , .png , . jpg | url : http://localhost:8081/Shopme/webjars/bootstrap/4.3.1/css/bootstrap.min.css
2024-01-14 23:32:49.921  INFO 8944 --- [http-nio-8081-exec-2] com.shopme.filter.SettingFilter          : SettingFilter | doFilter is called
2024-01-14 23:32:49.921  INFO 8944 --- [http-nio-8081-exec-2] com.shopme.filter.SettingFilter          : SettingFilter | doFilter | url : http://localhost:8081/Shopme/fontawesome/all.css
2024-01-14 23:32:49.921  INFO 8944 --- [http-nio-8081-exec-2] com.shopme.filter.SettingFilter          : SettingFilter | doFilter | .css , .js , .png , . jpg | url : http://localhost:8081/Shopme/fontawesome/all.css
2024-01-14 23:32:49.921  INFO 8944 --- [http-nio-8081-exec-7] com.shopme.filter.SettingFilter          : SettingFilter | doFilter is called
2024-01-14 23:32:49.921  INFO 8944 --- [http-nio-8081-exec-6] com.shopme.filter.SettingFilter          : SettingFilter | doFilter is called
2024-01-14 23:32:49.921  INFO 8944 --- [http-nio-8081-exec-7] com.shopme.filter.SettingFilter          : SettingFilter | doFilter | url : http://localhost:8081/Shopme/css/styles.css
2024-01-14 23:32:49.921  INFO 8944 --- [http-nio-8081-exec-6] com.shopme.filter.SettingFilter          : SettingFilter | doFilter | url : http://localhost:8081/Shopme/webjars/jquery/3.4.1/jquery.min.js
2024-01-14 23:32:49.921  INFO 8944 --- [http-nio-8081-exec-7] com.shopme.filter.SettingFilter          : SettingFilter | doFilter | .css , .js , .png , . jpg | url : http://localhost:8081/Shopme/css/styles.css
2024-01-14 23:32:49.921  INFO 8944 --- [http-nio-8081-exec-6] com.shopme.filter.SettingFilter          : SettingFilter | doFilter | .css , .js , .png , . jpg | url : http://localhost:8081/Shopme/webjars/jquery/3.4.1/jquery.min.js
2024-01-14 23:32:49.921  INFO 8944 --- [http-nio-8081-exec-5] com.shopme.filter.SettingFilter          : SettingFilter | doFilter is called
2024-01-14 23:32:49.921  INFO 8944 --- [http-nio-8081-exec-5] com.shopme.filter.SettingFilter          : SettingFilter | doFilter | url : http://localhost:8081/Shopme/webjars/bootstrap/4.3.1/js/bootstrap.min.js
2024-01-14 23:32:49.921  INFO 8944 --- [http-nio-8081-exec-5] com.shopme.filter.SettingFilter          : SettingFilter | doFilter | .css , .js , .png , . jpg | url : http://localhost:8081/Shopme/webjars/bootstrap/4.3.1/js/bootstrap.min.js
2024-01-14 23:32:49.921  INFO 8944 --- [http-nio-8081-exec-1] com.shopme.filter.SettingFilter          : SettingFilter | doFilter is called
2024-01-14 23:32:49.921  INFO 8944 --- [http-nio-8081-exec-1] com.shopme.filter.SettingFilter          : SettingFilter | doFilter | url : http://localhost:8081/Shopme/star-rating/css/star-rating.css
2024-01-14 23:32:49.921  INFO 8944 --- [http-nio-8081-exec-1] com.shopme.filter.SettingFilter          : SettingFilter | doFilter | .css , .js , .png , . jpg | url : http://localhost:8081/Shopme/star-rating/css/star-rating.css
2024-01-14 23:32:49.922  INFO 8944 --- [http-nio-8081-exec-8] com.shopme.filter.SettingFilter          : SettingFilter | doFilter is called
2024-01-14 23:32:49.922  INFO 8944 --- [http-nio-8081-exec-8] com.shopme.filter.SettingFilter          : SettingFilter | doFilter | url : http://localhost:8081/Shopme/star-rating/themes/krajee-svg/theme.css
2024-01-14 23:32:49.922  INFO 8944 --- [http-nio-8081-exec-8] com.shopme.filter.SettingFilter          : SettingFilter | doFilter | .css , .js , .png , . jpg | url : http://localhost:8081/Shopme/star-rating/themes/krajee-svg/theme.css
2024-01-14 23:32:49.923  INFO 8944 --- [http-nio-8081-exec-8] com.shopme.security.CustomerUserDetails  : CustomerUserDetails | username: diluna617@gmail.com
2024-01-14 23:32:49.925  INFO 8944 --- [http-nio-8081-exec-1] com.shopme.security.CustomerUserDetails  : CustomerUserDetails | username: diluna617@gmail.com
2024-01-14 23:32:49.926  INFO 8944 --- [http-nio-8081-exec-2] com.shopme.security.CustomerUserDetails  : CustomerUserDetails | username: diluna617@gmail.com
2024-01-14 23:32:49.927  INFO 8944 --- [http-nio-8081-exec-4] com.shopme.filter.SettingFilter          : SettingFilter | doFilter is called
2024-01-14 23:32:49.927  INFO 8944 --- [http-nio-8081-exec-3] com.shopme.filter.SettingFilter          : SettingFilter | doFilter is called
2024-01-14 23:32:49.927  INFO 8944 --- [http-nio-8081-exec-9] com.shopme.filter.SettingFilter          : SettingFilter | doFilter is called
2024-01-14 23:32:49.927  INFO 8944 --- [http-nio-8081-exec-3] com.shopme.filter.SettingFilter          : SettingFilter | doFilter | url : http://localhost:8081/Shopme/star-rating/js/star-rating.js
2024-01-14 23:32:49.927  INFO 8944 --- [http-nio-8081-exec-4] com.shopme.filter.SettingFilter          : SettingFilter | doFilter | url : http://localhost:8081/Shopme/images/ShopmeAdminSmall.png
2024-01-14 23:32:49.927  INFO 8944 --- [http-nio-8081-exec-3] com.shopme.filter.SettingFilter          : SettingFilter | doFilter | .css , .js , .png , . jpg | url : http://localhost:8081/Shopme/star-rating/js/star-rating.js
2024-01-14 23:32:49.927  INFO 8944 --- [http-nio-8081-exec-9] com.shopme.filter.SettingFilter          : SettingFilter | doFilter | url : http://localhost:8081/Shopme/star-rating/themes/krajee-svg/theme.js
2024-01-14 23:32:49.927  INFO 8944 --- [http-nio-8081-exec-4] com.shopme.filter.SettingFilter          : SettingFilter | doFilter | .css , .js , .png , . jpg | url : http://localhost:8081/Shopme/images/ShopmeAdminSmall.png
2024-01-14 23:32:49.927  INFO 8944 --- [http-nio-8081-exec-9] com.shopme.filter.SettingFilter          : SettingFilter | doFilter | .css , .js , .png , . jpg | url : http://localhost:8081/Shopme/star-rating/themes/krajee-svg/theme.js
2024-01-14 23:32:49.927  INFO 8944 --- [http-nio-8081-exec-10] com.shopme.filter.SettingFilter          : SettingFilter | doFilter is called
2024-01-14 23:32:49.927  INFO 8944 --- [http-nio-8081-exec-10] com.shopme.filter.SettingFilter          : SettingFilter | doFilter | url : http://localhost:8081/Shopme/product-images/16/mate50-pro-carbon-black.png
2024-01-14 23:32:49.927  INFO 8944 --- [http-nio-8081-exec-10] com.shopme.filter.SettingFilter          : SettingFilter | doFilter | .css , .js , .png , . jpg | url : http://localhost:8081/Shopme/product-images/16/mate50-pro-carbon-black.png
2024-01-14 23:32:49.929  INFO 8944 --- [http-nio-8081-exec-9] com.shopme.security.CustomerUserDetails  : CustomerUserDetails | username: diluna617@gmail.com
2024-01-14 23:32:49.929  INFO 8944 --- [http-nio-8081-exec-3] com.shopme.security.CustomerUserDetails  : CustomerUserDetails | username: diluna617@gmail.com
2024-01-14 23:32:49.930  INFO 8944 --- [http-nio-8081-exec-10] com.shopme.security.CustomerUserDetails  : CustomerUserDetails | username: diluna617@gmail.com
2024-01-14 23:32:49.968  INFO 8944 --- [http-nio-8081-exec-7] com.shopme.filter.SettingFilter          : SettingFilter | doFilter is called
2024-01-14 23:32:49.968  INFO 8944 --- [http-nio-8081-exec-7] com.shopme.filter.SettingFilter          : SettingFilter | doFilter | url : http://localhost:8081/Shopme/js/jquery.number.min.js
2024-01-14 23:32:49.968  INFO 8944 --- [http-nio-8081-exec-7] com.shopme.filter.SettingFilter          : SettingFilter | doFilter | .css , .js , .png , . jpg | url : http://localhost:8081/Shopme/js/jquery.number.min.js
2024-01-14 23:32:49.982  INFO 8944 --- [http-nio-8081-exec-8] com.shopme.filter.SettingFilter          : SettingFilter | doFilter is called
2024-01-14 23:32:49.983  INFO 8944 --- [http-nio-8081-exec-8] com.shopme.filter.SettingFilter          : SettingFilter | doFilter | url : http://localhost:8081/Shopme/js/common_rating.js
2024-01-14 23:32:49.983  INFO 8944 --- [http-nio-8081-exec-8] com.shopme.filter.SettingFilter          : SettingFilter | doFilter | .css , .js , .png , . jpg | url : http://localhost:8081/Shopme/js/common_rating.js
2024-01-14 23:32:49.984  INFO 8944 --- [http-nio-8081-exec-6] com.shopme.filter.SettingFilter          : SettingFilter | doFilter is called
2024-01-14 23:32:49.984  INFO 8944 --- [http-nio-8081-exec-5] com.shopme.filter.SettingFilter          : SettingFilter | doFilter is called
2024-01-14 23:32:49.984  INFO 8944 --- [http-nio-8081-exec-5] com.shopme.filter.SettingFilter          : SettingFilter | doFilter | url : http://localhost:8081/Shopme/js/common_modal.js
2024-01-14 23:32:49.984  INFO 8944 --- [http-nio-8081-exec-6] com.shopme.filter.SettingFilter          : SettingFilter | doFilter | url : http://localhost:8081/Shopme/js/quantity_control.js
2024-01-14 23:32:49.984  INFO 8944 --- [http-nio-8081-exec-5] com.shopme.filter.SettingFilter          : SettingFilter | doFilter | .css , .js , .png , . jpg | url : http://localhost:8081/Shopme/js/common_modal.js
2024-01-14 23:32:49.984  INFO 8944 --- [http-nio-8081-exec-6] com.shopme.filter.SettingFilter          : SettingFilter | doFilter | .css , .js , .png , . jpg | url : http://localhost:8081/Shopme/js/quantity_control.js
2024-01-14 23:32:49.987  INFO 8944 --- [http-nio-8081-exec-1] com.shopme.filter.SettingFilter          : SettingFilter | doFilter is called
2024-01-14 23:32:49.987  INFO 8944 --- [http-nio-8081-exec-1] com.shopme.filter.SettingFilter          : SettingFilter | doFilter | url : http://localhost:8081/Shopme/js/add_to_cart.js
2024-01-14 23:32:49.987  INFO 8944 --- [http-nio-8081-exec-1] com.shopme.filter.SettingFilter          : SettingFilter | doFilter | .css , .js , .png , . jpg | url : http://localhost:8081/Shopme/js/add_to_cart.js
2024-01-14 23:32:49.990  INFO 8944 --- [http-nio-8081-exec-2] com.shopme.filter.SettingFilter          : SettingFilter | doFilter is called
2024-01-14 23:32:49.990  INFO 8944 --- [http-nio-8081-exec-4] com.shopme.filter.SettingFilter          : SettingFilter | doFilter is called
2024-01-14 23:32:49.990  INFO 8944 --- [http-nio-8081-exec-4] com.shopme.filter.SettingFilter          : SettingFilter | doFilter | url : http://localhost:8081/Shopme/js/question_post.js
2024-01-14 23:32:49.990  INFO 8944 --- [http-nio-8081-exec-4] com.shopme.filter.SettingFilter          : SettingFilter | doFilter | .css , .js , .png , . jpg | url : http://localhost:8081/Shopme/js/question_post.js
2024-01-14 23:32:49.990  INFO 8944 --- [http-nio-8081-exec-2] com.shopme.filter.SettingFilter          : SettingFilter | doFilter | url : http://localhost:8081/Shopme/js/common_vote.js
2024-01-14 23:32:49.990  INFO 8944 --- [http-nio-8081-exec-2] com.shopme.filter.SettingFilter          : SettingFilter | doFilter | .css , .js , .png , . jpg | url : http://localhost:8081/Shopme/js/common_vote.js
2024-01-14 23:32:49.991  INFO 8944 --- [http-nio-8081-exec-6] com.shopme.filter.SettingFilter          : SettingFilter | doFilter is called
2024-01-14 23:32:49.991  INFO 8944 --- [http-nio-8081-exec-6] com.shopme.filter.SettingFilter          : SettingFilter | doFilter | url : http://localhost:8081/Shopme/product-images/16/mate50-pro-carbon-black.png
2024-01-14 23:32:49.991  INFO 8944 --- [http-nio-8081-exec-6] com.shopme.filter.SettingFilter          : SettingFilter | doFilter | .css , .js , .png , . jpg | url : http://localhost:8081/Shopme/product-images/16/mate50-pro-carbon-black.png
2024-01-14 23:32:49.994  INFO 8944 --- [http-nio-8081-exec-6] com.shopme.security.CustomerUserDetails  : CustomerUserDetails | username: diluna617@gmail.com
2024-01-14 23:32:49.998  INFO 8944 --- [http-nio-8081-exec-9] com.shopme.filter.SettingFilter          : SettingFilter | doFilter is called
2024-01-14 23:32:49.998  INFO 8944 --- [http-nio-8081-exec-9] com.shopme.filter.SettingFilter          : SettingFilter | doFilter | url : http://localhost:8081/Shopme/webfonts/fa-solid-900.woff2
2024-01-14 23:32:49.998  INFO 8944 --- [http-nio-8081-exec-9] com.shopme.filter.SettingFilter          : SettingFilter | loadGeneralSettings is called
2024-01-14 23:32:50.000  INFO 8944 --- [http-nio-8081-exec-3] com.shopme.filter.SettingFilter          : SettingFilter | doFilter is called
2024-01-14 23:32:50.000  INFO 8944 --- [http-nio-8081-exec-3] com.shopme.filter.SettingFilter          : SettingFilter | doFilter | url : http://localhost:8081/Shopme/webfonts/fa-regular-400.woff2
2024-01-14 23:32:50.000  INFO 8944 --- [http-nio-8081-exec-3] com.shopme.filter.SettingFilter          : SettingFilter | loadGeneralSettings is called
2024-01-14 23:32:50.001  INFO 8944 --- [http-nio-8081-exec-9] com.shopme.filter.SettingFilter          : SettingFilter | loadGeneralSettings | generalSettings : [Setting [key=COPYRIGHT, value=Copyright (C) 2023 Shopme Ltd.], Setting [key=CURRENCY_ID, value=4], Setting [key=CURRENCY_SYMBOL, value=€], Setting [key=CURRENCY_SYMBOL_POSITION, value=Before price], Setting [key=DECIMAL_DIGITS, value=2], Setting [key=DECIMAL_POINT_TYPE, value=POINT], Setting [key=SITE_LOGO, value=/site-logo/shopme logo.jpg], Setting [key=SITE_NAME, value=ShopMe], Setting [key=THOUSANDS_POINT_TYPE, value=POINT]]
2024-01-14 23:32:50.001  INFO 8944 --- [http-nio-8081-exec-9] com.shopme.filter.SettingFilter          : SettingFilter | loadGeneralSettings | generalSettings : [Setting [key=COPYRIGHT, value=Copyright (C) 2023 Shopme Ltd.], Setting [key=CURRENCY_ID, value=4], Setting [key=CURRENCY_SYMBOL, value=€], Setting [key=CURRENCY_SYMBOL_POSITION, value=Before price], Setting [key=DECIMAL_DIGITS, value=2], Setting [key=DECIMAL_POINT_TYPE, value=POINT], Setting [key=SITE_LOGO, value=/site-logo/shopme logo.jpg], Setting [key=SITE_NAME, value=ShopMe], Setting [key=THOUSANDS_POINT_TYPE, value=POINT]]
2024-01-14 23:32:50.001  INFO 8944 --- [http-nio-8081-exec-9] com.shopme.filter.SettingFilter          : SettingFilter | loadGeneralSettings | generalSettings : [Setting [key=COPYRIGHT, value=Copyright (C) 2023 Shopme Ltd.], Setting [key=CURRENCY_ID, value=4], Setting [key=CURRENCY_SYMBOL, value=€], Setting [key=CURRENCY_SYMBOL_POSITION, value=Before price], Setting [key=DECIMAL_DIGITS, value=2], Setting [key=DECIMAL_POINT_TYPE, value=POINT], Setting [key=SITE_LOGO, value=/site-logo/shopme logo.jpg], Setting [key=SITE_NAME, value=ShopMe], Setting [key=THOUSANDS_POINT_TYPE, value=POINT]]
2024-01-14 23:32:50.001  INFO 8944 --- [http-nio-8081-exec-9] com.shopme.filter.SettingFilter          : SettingFilter | loadGeneralSettings | generalSettings : [Setting [key=COPYRIGHT, value=Copyright (C) 2023 Shopme Ltd.], Setting [key=CURRENCY_ID, value=4], Setting [key=CURRENCY_SYMBOL, value=€], Setting [key=CURRENCY_SYMBOL_POSITION, value=Before price], Setting [key=DECIMAL_DIGITS, value=2], Setting [key=DECIMAL_POINT_TYPE, value=POINT], Setting [key=SITE_LOGO, value=/site-logo/shopme logo.jpg], Setting [key=SITE_NAME, value=ShopMe], Setting [key=THOUSANDS_POINT_TYPE, value=POINT]]
2024-01-14 23:32:50.001  INFO 8944 --- [http-nio-8081-exec-9] com.shopme.filter.SettingFilter          : SettingFilter | loadGeneralSettings | generalSettings : [Setting [key=COPYRIGHT, value=Copyright (C) 2023 Shopme Ltd.], Setting [key=CURRENCY_ID, value=4], Setting [key=CURRENCY_SYMBOL, value=€], Setting [key=CURRENCY_SYMBOL_POSITION, value=Before price], Setting [key=DECIMAL_DIGITS, value=2], Setting [key=DECIMAL_POINT_TYPE, value=POINT], Setting [key=SITE_LOGO, value=/site-logo/shopme logo.jpg], Setting [key=SITE_NAME, value=ShopMe], Setting [key=THOUSANDS_POINT_TYPE, value=POINT]]
2024-01-14 23:32:50.001  INFO 8944 --- [http-nio-8081-exec-9] com.shopme.filter.SettingFilter          : SettingFilter | loadGeneralSettings | generalSettings : [Setting [key=COPYRIGHT, value=Copyright (C) 2023 Shopme Ltd.], Setting [key=CURRENCY_ID, value=4], Setting [key=CURRENCY_SYMBOL, value=€], Setting [key=CURRENCY_SYMBOL_POSITION, value=Before price], Setting [key=DECIMAL_DIGITS, value=2], Setting [key=DECIMAL_POINT_TYPE, value=POINT], Setting [key=SITE_LOGO, value=/site-logo/shopme logo.jpg], Setting [key=SITE_NAME, value=ShopMe], Setting [key=THOUSANDS_POINT_TYPE, value=POINT]]
2024-01-14 23:32:50.001  INFO 8944 --- [http-nio-8081-exec-9] com.shopme.filter.SettingFilter          : SettingFilter | loadGeneralSettings | generalSettings : [Setting [key=COPYRIGHT, value=Copyright (C) 2023 Shopme Ltd.], Setting [key=CURRENCY_ID, value=4], Setting [key=CURRENCY_SYMBOL, value=€], Setting [key=CURRENCY_SYMBOL_POSITION, value=Before price], Setting [key=DECIMAL_DIGITS, value=2], Setting [key=DECIMAL_POINT_TYPE, value=POINT], Setting [key=SITE_LOGO, value=/site-logo/shopme logo.jpg], Setting [key=SITE_NAME, value=ShopMe], Setting [key=THOUSANDS_POINT_TYPE, value=POINT]]
2024-01-14 23:32:50.001  INFO 8944 --- [http-nio-8081-exec-9] com.shopme.filter.SettingFilter          : SettingFilter | loadGeneralSettings | generalSettings : [Setting [key=COPYRIGHT, value=Copyright (C) 2023 Shopme Ltd.], Setting [key=CURRENCY_ID, value=4], Setting [key=CURRENCY_SYMBOL, value=€], Setting [key=CURRENCY_SYMBOL_POSITION, value=Before price], Setting [key=DECIMAL_DIGITS, value=2], Setting [key=DECIMAL_POINT_TYPE, value=POINT], Setting [key=SITE_LOGO, value=/site-logo/shopme logo.jpg], Setting [key=SITE_NAME, value=ShopMe], Setting [key=THOUSANDS_POINT_TYPE, value=POINT]]
2024-01-14 23:32:50.001  INFO 8944 --- [http-nio-8081-exec-9] com.shopme.filter.SettingFilter          : SettingFilter | loadGeneralSettings | generalSettings : [Setting [key=COPYRIGHT, value=Copyright (C) 2023 Shopme Ltd.], Setting [key=CURRENCY_ID, value=4], Setting [key=CURRENCY_SYMBOL, value=€], Setting [key=CURRENCY_SYMBOL_POSITION, value=Before price], Setting [key=DECIMAL_DIGITS, value=2], Setting [key=DECIMAL_POINT_TYPE, value=POINT], Setting [key=SITE_LOGO, value=/site-logo/shopme logo.jpg], Setting [key=SITE_NAME, value=ShopMe], Setting [key=THOUSANDS_POINT_TYPE, value=POINT]]
2024-01-14 23:32:50.001  INFO 8944 --- [http-nio-8081-exec-9] com.shopme.filter.SettingFilter          : SettingFilter | loadMenuSettings is called
2024-01-14 23:32:50.004  INFO 8944 --- [http-nio-8081-exec-3] com.shopme.filter.SettingFilter          : SettingFilter | loadGeneralSettings | generalSettings : [Setting [key=COPYRIGHT, value=Copyright (C) 2023 Shopme Ltd.], Setting [key=CURRENCY_ID, value=4], Setting [key=CURRENCY_SYMBOL, value=€], Setting [key=CURRENCY_SYMBOL_POSITION, value=Before price], Setting [key=DECIMAL_DIGITS, value=2], Setting [key=DECIMAL_POINT_TYPE, value=POINT], Setting [key=SITE_LOGO, value=/site-logo/shopme logo.jpg], Setting [key=SITE_NAME, value=ShopMe], Setting [key=THOUSANDS_POINT_TYPE, value=POINT]]
2024-01-14 23:32:50.004  INFO 8944 --- [http-nio-8081-exec-3] com.shopme.filter.SettingFilter          : SettingFilter | loadGeneralSettings | generalSettings : [Setting [key=COPYRIGHT, value=Copyright (C) 2023 Shopme Ltd.], Setting [key=CURRENCY_ID, value=4], Setting [key=CURRENCY_SYMBOL, value=€], Setting [key=CURRENCY_SYMBOL_POSITION, value=Before price], Setting [key=DECIMAL_DIGITS, value=2], Setting [key=DECIMAL_POINT_TYPE, value=POINT], Setting [key=SITE_LOGO, value=/site-logo/shopme logo.jpg], Setting [key=SITE_NAME, value=ShopMe], Setting [key=THOUSANDS_POINT_TYPE, value=POINT]]
2024-01-14 23:32:50.004  INFO 8944 --- [http-nio-8081-exec-3] com.shopme.filter.SettingFilter          : SettingFilter | loadGeneralSettings | generalSettings : [Setting [key=COPYRIGHT, value=Copyright (C) 2023 Shopme Ltd.], Setting [key=CURRENCY_ID, value=4], Setting [key=CURRENCY_SYMBOL, value=€], Setting [key=CURRENCY_SYMBOL_POSITION, value=Before price], Setting [key=DECIMAL_DIGITS, value=2], Setting [key=DECIMAL_POINT_TYPE, value=POINT], Setting [key=SITE_LOGO, value=/site-logo/shopme logo.jpg], Setting [key=SITE_NAME, value=ShopMe], Setting [key=THOUSANDS_POINT_TYPE, value=POINT]]
2024-01-14 23:32:50.004  INFO 8944 --- [http-nio-8081-exec-3] com.shopme.filter.SettingFilter          : SettingFilter | loadGeneralSettings | generalSettings : [Setting [key=COPYRIGHT, value=Copyright (C) 2023 Shopme Ltd.], Setting [key=CURRENCY_ID, value=4], Setting [key=CURRENCY_SYMBOL, value=€], Setting [key=CURRENCY_SYMBOL_POSITION, value=Before price], Setting [key=DECIMAL_DIGITS, value=2], Setting [key=DECIMAL_POINT_TYPE, value=POINT], Setting [key=SITE_LOGO, value=/site-logo/shopme logo.jpg], Setting [key=SITE_NAME, value=ShopMe], Setting [key=THOUSANDS_POINT_TYPE, value=POINT]]
2024-01-14 23:32:50.004  INFO 8944 --- [http-nio-8081-exec-3] com.shopme.filter.SettingFilter          : SettingFilter | loadGeneralSettings | generalSettings : [Setting [key=COPYRIGHT, value=Copyright (C) 2023 Shopme Ltd.], Setting [key=CURRENCY_ID, value=4], Setting [key=CURRENCY_SYMBOL, value=€], Setting [key=CURRENCY_SYMBOL_POSITION, value=Before price], Setting [key=DECIMAL_DIGITS, value=2], Setting [key=DECIMAL_POINT_TYPE, value=POINT], Setting [key=SITE_LOGO, value=/site-logo/shopme logo.jpg], Setting [key=SITE_NAME, value=ShopMe], Setting [key=THOUSANDS_POINT_TYPE, value=POINT]]
2024-01-14 23:32:50.004  INFO 8944 --- [http-nio-8081-exec-3] com.shopme.filter.SettingFilter          : SettingFilter | loadGeneralSettings | generalSettings : [Setting [key=COPYRIGHT, value=Copyright (C) 2023 Shopme Ltd.], Setting [key=CURRENCY_ID, value=4], Setting [key=CURRENCY_SYMBOL, value=€], Setting [key=CURRENCY_SYMBOL_POSITION, value=Before price], Setting [key=DECIMAL_DIGITS, value=2], Setting [key=DECIMAL_POINT_TYPE, value=POINT], Setting [key=SITE_LOGO, value=/site-logo/shopme logo.jpg], Setting [key=SITE_NAME, value=ShopMe], Setting [key=THOUSANDS_POINT_TYPE, value=POINT]]
2024-01-14 23:32:50.004  INFO 8944 --- [http-nio-8081-exec-3] com.shopme.filter.SettingFilter          : SettingFilter | loadGeneralSettings | generalSettings : [Setting [key=COPYRIGHT, value=Copyright (C) 2023 Shopme Ltd.], Setting [key=CURRENCY_ID, value=4], Setting [key=CURRENCY_SYMBOL, value=€], Setting [key=CURRENCY_SYMBOL_POSITION, value=Before price], Setting [key=DECIMAL_DIGITS, value=2], Setting [key=DECIMAL_POINT_TYPE, value=POINT], Setting [key=SITE_LOGO, value=/site-logo/shopme logo.jpg], Setting [key=SITE_NAME, value=ShopMe], Setting [key=THOUSANDS_POINT_TYPE, value=POINT]]
2024-01-14 23:32:50.004  INFO 8944 --- [http-nio-8081-exec-3] com.shopme.filter.SettingFilter          : SettingFilter | loadGeneralSettings | generalSettings : [Setting [key=COPYRIGHT, value=Copyright (C) 2023 Shopme Ltd.], Setting [key=CURRENCY_ID, value=4], Setting [key=CURRENCY_SYMBOL, value=€], Setting [key=CURRENCY_SYMBOL_POSITION, value=Before price], Setting [key=DECIMAL_DIGITS, value=2], Setting [key=DECIMAL_POINT_TYPE, value=POINT], Setting [key=SITE_LOGO, value=/site-logo/shopme logo.jpg], Setting [key=SITE_NAME, value=ShopMe], Setting [key=THOUSANDS_POINT_TYPE, value=POINT]]
2024-01-14 23:32:50.004  INFO 8944 --- [http-nio-8081-exec-3] com.shopme.filter.SettingFilter          : SettingFilter | loadGeneralSettings | generalSettings : [Setting [key=COPYRIGHT, value=Copyright (C) 2023 Shopme Ltd.], Setting [key=CURRENCY_ID, value=4], Setting [key=CURRENCY_SYMBOL, value=€], Setting [key=CURRENCY_SYMBOL_POSITION, value=Before price], Setting [key=DECIMAL_DIGITS, value=2], Setting [key=DECIMAL_POINT_TYPE, value=POINT], Setting [key=SITE_LOGO, value=/site-logo/shopme logo.jpg], Setting [key=SITE_NAME, value=ShopMe], Setting [key=THOUSANDS_POINT_TYPE, value=POINT]]
2024-01-14 23:32:50.004  INFO 8944 --- [http-nio-8081-exec-3] com.shopme.filter.SettingFilter          : SettingFilter | loadMenuSettings is called
2024-01-14 23:32:50.008  INFO 8944 --- [http-nio-8081-exec-9] com.shopme.filter.SettingFilter          : SettingFilter | loadMenuSettings | headerMenuItems size : 4
2024-01-14 23:32:50.014  INFO 8944 --- [http-nio-8081-exec-9] com.shopme.filter.SettingFilter          : SettingFilter | loadMenuSettings | footerMenuItems size : 3
2024-01-14 23:32:50.017  INFO 8944 --- [http-nio-8081-exec-3] com.shopme.filter.SettingFilter          : SettingFilter | loadMenuSettings | headerMenuItems size : 4
2024-01-14 23:32:50.017  INFO 8944 --- [http-nio-8081-exec-9] com.shopme.security.CustomerUserDetails  : CustomerUserDetails | username: diluna617@gmail.com
2024-01-14 23:32:50.021  INFO 8944 --- [http-nio-8081-exec-3] com.shopme.filter.SettingFilter          : SettingFilter | loadMenuSettings | footerMenuItems size : 3
2024-01-14 23:32:50.038  INFO 8944 --- [http-nio-8081-exec-3] com.shopme.security.CustomerUserDetails  : CustomerUserDetails | username: diluna617@gmail.com
