2024-01-20 00:04:10.943  INFO 4520 --- [http-nio-8081-exec-6] com.shopme.filter.SettingFilter          : SettingFilter | doFilter is called
2024-01-20 00:04:10.944  INFO 4520 --- [http-nio-8081-exec-6] com.shopme.filter.SettingFilter          : SettingFilter | doFilter | url : http://localhost:8081/Shopme/
2024-01-20 00:04:10.944  INFO 4520 --- [http-nio-8081-exec-6] com.shopme.filter.SettingFilter          : SettingFilter | loadGeneralSettings is called
2024-01-20 00:04:10.946  INFO 4520 --- [http-nio-8081-exec-6] com.shopme.filter.SettingFilter          : SettingFilter | loadGeneralSettings | generalSettings : [Setting [key=COPYRIGHT, value=Copyright (C) 2023 Shopme Ltd.], Setting [key=CURRENCY_ID, value=4], Setting [key=CURRENCY_SYMBOL, value=€], Setting [key=CURRENCY_SYMBOL_POSITION, value=Before price], Setting [key=DECIMAL_DIGITS, value=2], Setting [key=DECIMAL_POINT_TYPE, value=POINT], Setting [key=SITE_LOGO, value=/site-logo/shopme logo.jpg], Setting [key=SITE_NAME, value=ShopMe], Setting [key=THOUSANDS_POINT_TYPE, value=POINT]]
2024-01-20 00:04:10.947  INFO 4520 --- [http-nio-8081-exec-6] com.shopme.filter.SettingFilter          : SettingFilter | loadGeneralSettings | generalSettings : [Setting [key=COPYRIGHT, value=Copyright (C) 2023 Shopme Ltd.], Setting [key=CURRENCY_ID, value=4], Setting [key=CURRENCY_SYMBOL, value=€], Setting [key=CURRENCY_SYMBOL_POSITION, value=Before price], Setting [key=DECIMAL_DIGITS, value=2], Setting [key=DECIMAL_POINT_TYPE, value=POINT], Setting [key=SITE_LOGO, value=/site-logo/shopme logo.jpg], Setting [key=SITE_NAME, value=ShopMe], Setting [key=THOUSANDS_POINT_TYPE, value=POINT]]
2024-01-20 00:04:10.947  INFO 4520 --- [http-nio-8081-exec-6] com.shopme.filter.SettingFilter          : SettingFilter | loadGeneralSettings | generalSettings : [Setting [key=COPYRIGHT, value=Copyright (C) 2023 Shopme Ltd.], Setting [key=CURRENCY_ID, value=4], Setting [key=CURRENCY_SYMBOL, value=€], Setting [key=CURRENCY_SYMBOL_POSITION, value=Before price], Setting [key=DECIMAL_DIGITS, value=2], Setting [key=DECIMAL_POINT_TYPE, value=POINT], Setting [key=SITE_LOGO, value=/site-logo/shopme logo.jpg], Setting [key=SITE_NAME, value=ShopMe], Setting [key=THOUSANDS_POINT_TYPE, value=POINT]]
2024-01-20 00:04:10.947  INFO 4520 --- [http-nio-8081-exec-6] com.shopme.filter.SettingFilter          : SettingFilter | loadGeneralSettings | generalSettings : [Setting [key=COPYRIGHT, value=Copyright (C) 2023 Shopme Ltd.], Setting [key=CURRENCY_ID, value=4], Setting [key=CURRENCY_SYMBOL, value=€], Setting [key=CURRENCY_SYMBOL_POSITION, value=Before price], Setting [key=DECIMAL_DIGITS, value=2], Setting [key=DECIMAL_POINT_TYPE, value=POINT], Setting [key=SITE_LOGO, value=/site-logo/shopme logo.jpg], Setting [key=SITE_NAME, value=ShopMe], Setting [key=THOUSANDS_POINT_TYPE, value=POINT]]
2024-01-20 00:04:10.947  INFO 4520 --- [http-nio-8081-exec-6] com.shopme.filter.SettingFilter          : SettingFilter | loadGeneralSettings | generalSettings : [Setting [key=COPYRIGHT, value=Copyright (C) 2023 Shopme Ltd.], Setting [key=CURRENCY_ID, value=4], Setting [key=CURRENCY_SYMBOL, value=€], Setting [key=CURRENCY_SYMBOL_POSITION, value=Before price], Setting [key=DECIMAL_DIGITS, value=2], Setting [key=DECIMAL_POINT_TYPE, value=POINT], Setting [key=SITE_LOGO, value=/site-logo/shopme logo.jpg], Setting [key=SITE_NAME, value=ShopMe], Setting [key=THOUSANDS_POINT_TYPE, value=POINT]]
2024-01-20 00:04:10.947  INFO 4520 --- [http-nio-8081-exec-6] com.shopme.filter.SettingFilter          : SettingFilter | loadGeneralSettings | generalSettings : [Setting [key=COPYRIGHT, value=Copyright (C) 2023 Shopme Ltd.], Setting [key=CURRENCY_ID, value=4], Setting [key=CURRENCY_SYMBOL, value=€], Setting [key=CURRENCY_SYMBOL_POSITION, value=Before price], Setting [key=DECIMAL_DIGITS, value=2], Setting [key=DECIMAL_POINT_TYPE, value=POINT], Setting [key=SITE_LOGO, value=/site-logo/shopme logo.jpg], Setting [key=SITE_NAME, value=ShopMe], Setting [key=THOUSANDS_POINT_TYPE, value=POINT]]
2024-01-20 00:04:10.947  INFO 4520 --- [http-nio-8081-exec-6] com.shopme.filter.SettingFilter          : SettingFilter | loadGeneralSettings | generalSettings : [Setting [key=COPYRIGHT, value=Copyright (C) 2023 Shopme Ltd.], Setting [key=CURRENCY_ID, value=4], Setting [key=CURRENCY_SYMBOL, value=€], Setting [key=CURRENCY_SYMBOL_POSITION, value=Before price], Setting [key=DECIMAL_DIGITS, value=2], Setting [key=DECIMAL_POINT_TYPE, value=POINT], Setting [key=SITE_LOGO, value=/site-logo/shopme logo.jpg], Setting [key=SITE_NAME, value=ShopMe], Setting [key=THOUSANDS_POINT_TYPE, value=POINT]]
2024-01-20 00:04:10.947  INFO 4520 --- [http-nio-8081-exec-6] com.shopme.filter.SettingFilter          : SettingFilter | loadGeneralSettings | generalSettings : [Setting [key=COPYRIGHT, value=Copyright (C) 2023 Shopme Ltd.], Setting [key=CURRENCY_ID, value=4], Setting [key=CURRENCY_SYMBOL, value=€], Setting [key=CURRENCY_SYMBOL_POSITION, value=Before price], Setting [key=DECIMAL_DIGITS, value=2], Setting [key=DECIMAL_POINT_TYPE, value=POINT], Setting [key=SITE_LOGO, value=/site-logo/shopme logo.jpg], Setting [key=SITE_NAME, value=ShopMe], Setting [key=THOUSANDS_POINT_TYPE, value=POINT]]
2024-01-20 00:04:10.947  INFO 4520 --- [http-nio-8081-exec-6] com.shopme.filter.SettingFilter          : SettingFilter | loadGeneralSettings | generalSettings : [Setting [key=COPYRIGHT, value=Copyright (C) 2023 Shopme Ltd.], Setting [key=CURRENCY_ID, value=4], Setting [key=CURRENCY_SYMBOL, value=€], Setting [key=CURRENCY_SYMBOL_POSITION, value=Before price], Setting [key=DECIMAL_DIGITS, value=2], Setting [key=DECIMAL_POINT_TYPE, value=POINT], Setting [key=SITE_LOGO, value=/site-logo/shopme logo.jpg], Setting [key=SITE_NAME, value=ShopMe], Setting [key=THOUSANDS_POINT_TYPE, value=POINT]]
2024-01-20 00:04:10.947  INFO 4520 --- [http-nio-8081-exec-6] com.shopme.filter.SettingFilter          : SettingFilter | loadMenuSettings is called
2024-01-20 00:04:10.949  INFO 4520 --- [http-nio-8081-exec-6] com.shopme.filter.SettingFilter          : SettingFilter | loadMenuSettings | headerMenuItems size : 4
2024-01-20 00:04:10.951  INFO 4520 --- [http-nio-8081-exec-6] com.shopme.filter.SettingFilter          : SettingFilter | loadMenuSettings | footerMenuItems size : 3
2024-01-20 00:04:10.952  INFO 4520 --- [http-nio-8081-exec-6] com.shopme.controller.MainController     : MainController | viewHomePage is called
2024-01-20 00:04:10.952  INFO 4520 --- [http-nio-8081-exec-6] com.shopme.controller.MainController     : MainController | viewHomePage | listSections : 3
2024-01-20 00:04:10.962  INFO 4520 --- [http-nio-8081-exec-6] com.shopme.controller.MainController     : MainController | viewHomePage | listCategories : 26
2024-01-20 00:04:10.970  INFO 4520 --- [http-nio-8081-exec-6] com.shopme.security.CustomerUserDetails  : CustomerUserDetails | getFullName: Diluna Chathuranga
2024-01-20 00:04:10.971  INFO 4520 --- [http-nio-8081-exec-6] com.shopme.security.CustomerUserDetails  : CustomerUserDetails | getFullName: Diluna Chathuranga
2024-01-20 00:04:11.009  INFO 4520 --- [http-nio-8081-exec-6] com.shopme.security.CustomerUserDetails  : CustomerUserDetails | username: diluna617@gmail.com
2024-01-20 00:04:11.016  INFO 4520 --- [http-nio-8081-exec-3] com.shopme.filter.SettingFilter          : SettingFilter | doFilter is called
2024-01-20 00:04:11.016  INFO 4520 --- [http-nio-8081-exec-3] com.shopme.filter.SettingFilter          : SettingFilter | doFilter | url : http://localhost:8081/Shopme/webjars/bootstrap/4.3.1/css/bootstrap.min.css
2024-01-20 00:04:11.016  INFO 4520 --- [http-nio-8081-exec-3] com.shopme.filter.SettingFilter          : SettingFilter | doFilter | .css , .js , .png , . jpg | url : http://localhost:8081/Shopme/webjars/bootstrap/4.3.1/css/bootstrap.min.css
2024-01-20 00:04:11.016  INFO 4520 --- [http-nio-8081-exec-10] com.shopme.filter.SettingFilter          : SettingFilter | doFilter is called
2024-01-20 00:04:11.016  INFO 4520 --- [http-nio-8081-exec-10] com.shopme.filter.SettingFilter          : SettingFilter | doFilter | url : http://localhost:8081/Shopme/fontawesome/all.css
2024-01-20 00:04:11.016  INFO 4520 --- [http-nio-8081-exec-10] com.shopme.filter.SettingFilter          : SettingFilter | doFilter | .css , .js , .png , . jpg | url : http://localhost:8081/Shopme/fontawesome/all.css
2024-01-20 00:04:11.017  INFO 4520 --- [http-nio-8081-exec-1] com.shopme.filter.SettingFilter          : SettingFilter | doFilter is called
2024-01-20 00:04:11.017  INFO 4520 --- [http-nio-8081-exec-4] com.shopme.filter.SettingFilter          : SettingFilter | doFilter is called
2024-01-20 00:04:11.017  INFO 4520 --- [http-nio-8081-exec-4] com.shopme.filter.SettingFilter          : SettingFilter | doFilter | url : http://localhost:8081/Shopme/star-rating/css/star-rating.css
2024-01-20 00:04:11.017  INFO 4520 --- [http-nio-8081-exec-2] com.shopme.filter.SettingFilter          : SettingFilter | doFilter is called
2024-01-20 00:04:11.017  INFO 4520 --- [http-nio-8081-exec-1] com.shopme.filter.SettingFilter          : SettingFilter | doFilter | url : http://localhost:8081/Shopme/css/styles.css
2024-01-20 00:04:11.017  INFO 4520 --- [http-nio-8081-exec-4] com.shopme.filter.SettingFilter          : SettingFilter | doFilter | .css , .js , .png , . jpg | url : http://localhost:8081/Shopme/star-rating/css/star-rating.css
2024-01-20 00:04:11.017  INFO 4520 --- [http-nio-8081-exec-1] com.shopme.filter.SettingFilter          : SettingFilter | doFilter | .css , .js , .png , . jpg | url : http://localhost:8081/Shopme/css/styles.css
2024-01-20 00:04:11.017  INFO 4520 --- [http-nio-8081-exec-2] com.shopme.filter.SettingFilter          : SettingFilter | doFilter | url : http://localhost:8081/Shopme/star-rating/themes/krajee-svg/theme.css
2024-01-20 00:04:11.017  INFO 4520 --- [http-nio-8081-exec-9] com.shopme.filter.SettingFilter          : SettingFilter | doFilter is called
2024-01-20 00:04:11.017  INFO 4520 --- [http-nio-8081-exec-2] com.shopme.filter.SettingFilter          : SettingFilter | doFilter | .css , .js , .png , . jpg | url : http://localhost:8081/Shopme/star-rating/themes/krajee-svg/theme.css
2024-01-20 00:04:11.017  INFO 4520 --- [http-nio-8081-exec-9] com.shopme.filter.SettingFilter          : SettingFilter | doFilter | url : http://localhost:8081/Shopme/images/ShopmeAdminSmall.png
2024-01-20 00:04:11.017  INFO 4520 --- [http-nio-8081-exec-9] com.shopme.filter.SettingFilter          : SettingFilter | doFilter | .css , .js , .png , . jpg | url : http://localhost:8081/Shopme/images/ShopmeAdminSmall.png
2024-01-20 00:04:11.018  INFO 4520 --- [http-nio-8081-exec-10] com.shopme.security.CustomerUserDetails  : CustomerUserDetails | username: diluna617@gmail.com
2024-01-20 00:04:11.018  INFO 4520 --- [http-nio-8081-exec-4] com.shopme.security.CustomerUserDetails  : CustomerUserDetails | username: diluna617@gmail.com
2024-01-20 00:04:11.018  INFO 4520 --- [http-nio-8081-exec-2] com.shopme.security.CustomerUserDetails  : CustomerUserDetails | username: diluna617@gmail.com
2024-01-20 00:04:11.021  INFO 4520 --- [http-nio-8081-exec-8] com.shopme.filter.SettingFilter          : SettingFilter | doFilter is called
2024-01-20 00:04:11.021  INFO 4520 --- [http-nio-8081-exec-8] com.shopme.filter.SettingFilter          : SettingFilter | doFilter | url : http://localhost:8081/Shopme/webjars/jquery/3.4.1/jquery.min.js
2024-01-20 00:04:11.021  INFO 4520 --- [http-nio-8081-exec-8] com.shopme.filter.SettingFilter          : SettingFilter | doFilter | .css , .js , .png , . jpg | url : http://localhost:8081/Shopme/webjars/jquery/3.4.1/jquery.min.js
2024-01-20 00:04:11.023  INFO 4520 --- [http-nio-8081-exec-7] com.shopme.filter.SettingFilter          : SettingFilter | doFilter is called
2024-01-20 00:04:11.023  INFO 4520 --- [http-nio-8081-exec-7] com.shopme.filter.SettingFilter          : SettingFilter | doFilter | url : http://localhost:8081/Shopme/category-images/19/cellphone_stands.png
2024-01-20 00:04:11.023  INFO 4520 --- [http-nio-8081-exec-7] com.shopme.filter.SettingFilter          : SettingFilter | doFilter | .css , .js , .png , . jpg | url : http://localhost:8081/Shopme/category-images/19/cellphone_stands.png
2024-01-20 00:04:11.023  INFO 4520 --- [http-nio-8081-exec-5] com.shopme.filter.SettingFilter          : SettingFilter | doFilter is called
2024-01-20 00:04:11.023  INFO 4520 --- [http-nio-8081-exec-5] com.shopme.filter.SettingFilter          : SettingFilter | doFilter | url : http://localhost:8081/Shopme/webjars/bootstrap/4.3.1/js/bootstrap.min.js
2024-01-20 00:04:11.023  INFO 4520 --- [http-nio-8081-exec-5] com.shopme.filter.SettingFilter          : SettingFilter | doFilter | .css , .js , .png , . jpg | url : http://localhost:8081/Shopme/webjars/bootstrap/4.3.1/js/bootstrap.min.js
2024-01-20 00:04:11.024  INFO 4520 --- [http-nio-8081-exec-7] com.shopme.security.CustomerUserDetails  : CustomerUserDetails | username: diluna617@gmail.com
2024-01-20 00:04:11.026  INFO 4520 --- [http-nio-8081-exec-6] com.shopme.filter.SettingFilter          : SettingFilter | doFilter is called
2024-01-20 00:04:11.026  INFO 4520 --- [http-nio-8081-exec-1] com.shopme.filter.SettingFilter          : SettingFilter | doFilter is called
2024-01-20 00:04:11.026  INFO 4520 --- [http-nio-8081-exec-6] com.shopme.filter.SettingFilter          : SettingFilter | doFilter | url : http://localhost:8081/Shopme/star-rating/js/star-rating.js
2024-01-20 00:04:11.026  INFO 4520 --- [http-nio-8081-exec-1] com.shopme.filter.SettingFilter          : SettingFilter | doFilter | url : http://localhost:8081/Shopme/star-rating/themes/krajee-svg/theme.js
2024-01-20 00:04:11.026  INFO 4520 --- [http-nio-8081-exec-6] com.shopme.filter.SettingFilter          : SettingFilter | doFilter | .css , .js , .png , . jpg | url : http://localhost:8081/Shopme/star-rating/js/star-rating.js
2024-01-20 00:04:11.026  INFO 4520 --- [http-nio-8081-exec-1] com.shopme.filter.SettingFilter          : SettingFilter | doFilter | .css , .js , .png , . jpg | url : http://localhost:8081/Shopme/star-rating/themes/krajee-svg/theme.js
2024-01-20 00:04:11.027  INFO 4520 --- [http-nio-8081-exec-1] com.shopme.security.CustomerUserDetails  : CustomerUserDetails | username: diluna617@gmail.com
2024-01-20 00:04:11.027  INFO 4520 --- [http-nio-8081-exec-6] com.shopme.security.CustomerUserDetails  : CustomerUserDetails | username: diluna617@gmail.com
2024-01-20 00:04:11.040  INFO 4520 --- [http-nio-8081-exec-10] com.shopme.filter.SettingFilter          : SettingFilter | doFilter is called
2024-01-20 00:04:11.040  INFO 4520 --- [http-nio-8081-exec-9] com.shopme.filter.SettingFilter          : SettingFilter | doFilter is called
2024-01-20 00:04:11.040  INFO 4520 --- [http-nio-8081-exec-10] com.shopme.filter.SettingFilter          : SettingFilter | doFilter | url : http://localhost:8081/Shopme/category-images/31/HP-PR06-4530s-Laptop-Battery-1.png
2024-01-20 00:04:11.040  INFO 4520 --- [http-nio-8081-exec-9] com.shopme.filter.SettingFilter          : SettingFilter | doFilter | url : http://localhost:8081/Shopme/category-images/15/cellphones.png
2024-01-20 00:04:11.040  INFO 4520 --- [http-nio-8081-exec-10] com.shopme.filter.SettingFilter          : SettingFilter | doFilter | .css , .js , .png , . jpg | url : http://localhost:8081/Shopme/category-images/31/HP-PR06-4530s-Laptop-Battery-1.png
2024-01-20 00:04:11.040  INFO 4520 --- [http-nio-8081-exec-9] com.shopme.filter.SettingFilter          : SettingFilter | doFilter | .css , .js , .png , . jpg | url : http://localhost:8081/Shopme/category-images/15/cellphones.png
2024-01-20 00:04:11.042  INFO 4520 --- [http-nio-8081-exec-9] com.shopme.security.CustomerUserDetails  : CustomerUserDetails | username: diluna617@gmail.com
2024-01-20 00:04:11.042  INFO 4520 --- [http-nio-8081-exec-10] com.shopme.security.CustomerUserDetails  : CustomerUserDetails | username: diluna617@gmail.com
2024-01-20 00:04:11.048  INFO 4520 --- [http-nio-8081-exec-4] com.shopme.filter.SettingFilter          : SettingFilter | doFilter is called
2024-01-20 00:04:11.048  INFO 4520 --- [http-nio-8081-exec-4] com.shopme.filter.SettingFilter          : SettingFilter | doFilter | url : http://localhost:8081/Shopme/category-images/17/cables%20and%20adapters.png
2024-01-20 00:04:11.048  INFO 4520 --- [http-nio-8081-exec-4] com.shopme.filter.SettingFilter          : SettingFilter | doFilter | .css , .js , .png , . jpg | url : http://localhost:8081/Shopme/category-images/17/cables%20and%20adapters.png
2024-01-20 00:04:11.048  INFO 4520 --- [http-nio-8081-exec-2] com.shopme.filter.SettingFilter          : SettingFilter | doFilter is called
2024-01-20 00:04:11.048  INFO 4520 --- [http-nio-8081-exec-2] com.shopme.filter.SettingFilter          : SettingFilter | doFilter | url : http://localhost:8081/Shopme/category-images/20/cellphone%20cases.png
2024-01-20 00:04:11.048  INFO 4520 --- [http-nio-8081-exec-2] com.shopme.filter.SettingFilter          : SettingFilter | doFilter | .css , .js , .png , . jpg | url : http://localhost:8081/Shopme/category-images/20/cellphone%20cases.png
2024-01-20 00:04:11.049  INFO 4520 --- [http-nio-8081-exec-4] com.shopme.security.CustomerUserDetails  : CustomerUserDetails | username: diluna617@gmail.com
2024-01-20 00:04:11.049  INFO 4520 --- [http-nio-8081-exec-2] com.shopme.security.CustomerUserDetails  : CustomerUserDetails | username: diluna617@gmail.com
2024-01-20 00:04:11.050  INFO 4520 --- [http-nio-8081-exec-3] com.shopme.filter.SettingFilter          : SettingFilter | doFilter is called
2024-01-20 00:04:11.050  INFO 4520 --- [http-nio-8081-exec-7] com.shopme.filter.SettingFilter          : SettingFilter | doFilter is called
2024-01-20 00:04:11.050  INFO 4520 --- [http-nio-8081-exec-3] com.shopme.filter.SettingFilter          : SettingFilter | doFilter | url : http://localhost:8081/Shopme/category-images/22/computer%20processors.png
2024-01-20 00:04:11.050  INFO 4520 --- [http-nio-8081-exec-3] com.shopme.filter.SettingFilter          : SettingFilter | doFilter | .css , .js , .png , . jpg | url : http://localhost:8081/Shopme/category-images/22/computer%20processors.png
2024-01-20 00:04:11.050  INFO 4520 --- [http-nio-8081-exec-7] com.shopme.filter.SettingFilter          : SettingFilter | doFilter | url : http://localhost:8081/Shopme/category-images/5/desktop%20computers.png
2024-01-20 00:04:11.050  INFO 4520 --- [http-nio-8081-exec-7] com.shopme.filter.SettingFilter          : SettingFilter | doFilter | .css , .js , .png , . jpg | url : http://localhost:8081/Shopme/category-images/5/desktop%20computers.png
2024-01-20 00:04:11.052  INFO 4520 --- [http-nio-8081-exec-7] com.shopme.security.CustomerUserDetails  : CustomerUserDetails | username: diluna617@gmail.com
2024-01-20 00:04:11.052  INFO 4520 --- [http-nio-8081-exec-3] com.shopme.security.CustomerUserDetails  : CustomerUserDetails | username: diluna617@gmail.com
2024-01-20 00:04:11.056  INFO 4520 --- [http-nio-8081-exec-8] com.shopme.filter.SettingFilter          : SettingFilter | doFilter is called
2024-01-20 00:04:11.056  INFO 4520 --- [http-nio-8081-exec-8] com.shopme.filter.SettingFilter          : SettingFilter | doFilter | url : http://localhost:8081/Shopme/category-images/10/digital%20cameras.png
2024-01-20 00:04:11.056  INFO 4520 --- [http-nio-8081-exec-8] com.shopme.filter.SettingFilter          : SettingFilter | doFilter | .css , .js , .png , . jpg | url : http://localhost:8081/Shopme/category-images/10/digital%20cameras.png
2024-01-20 00:04:11.057  INFO 4520 --- [http-nio-8081-exec-5] com.shopme.filter.SettingFilter          : SettingFilter | doFilter is called
2024-01-20 00:04:11.057  INFO 4520 --- [http-nio-8081-exec-5] com.shopme.filter.SettingFilter          : SettingFilter | doFilter | url : http://localhost:8081/Shopme/category-images/37/octoplus-frp-tool.jpg
2024-01-20 00:04:11.057  INFO 4520 --- [http-nio-8081-exec-5] com.shopme.filter.SettingFilter          : SettingFilter | doFilter | .css , .js , .png , . jpg | url : http://localhost:8081/Shopme/category-images/37/octoplus-frp-tool.jpg
2024-01-20 00:04:11.057  INFO 4520 --- [http-nio-8081-exec-1] com.shopme.filter.SettingFilter          : SettingFilter | doFilter is called
2024-01-20 00:04:11.057  INFO 4520 --- [http-nio-8081-exec-1] com.shopme.filter.SettingFilter          : SettingFilter | doFilter | url : http://localhost:8081/Shopme/category-images/39/images%20(3).jpeg
2024-01-20 00:04:11.057  INFO 4520 --- [http-nio-8081-exec-1] com.shopme.filter.SettingFilter          : SettingFilter | loadGeneralSettings is called
2024-01-20 00:04:11.057  INFO 4520 --- [http-nio-8081-exec-6] com.shopme.filter.SettingFilter          : SettingFilter | doFilter is called
2024-01-20 00:04:11.057  INFO 4520 --- [http-nio-8081-exec-6] com.shopme.filter.SettingFilter          : SettingFilter | doFilter | url : http://localhost:8081/Shopme/category-images/11/flashes.png
2024-01-20 00:04:11.057  INFO 4520 --- [http-nio-8081-exec-6] com.shopme.filter.SettingFilter          : SettingFilter | doFilter | .css , .js , .png , . jpg | url : http://localhost:8081/Shopme/category-images/11/flashes.png
2024-01-20 00:04:11.057  INFO 4520 --- [http-nio-8081-exec-9] com.shopme.filter.SettingFilter          : SettingFilter | doFilter is called
2024-01-20 00:04:11.057  INFO 4520 --- [http-nio-8081-exec-9] com.shopme.filter.SettingFilter          : SettingFilter | doFilter | url : http://localhost:8081/Shopme/category-images/23/graphic%20cards.png
2024-01-20 00:04:11.057  INFO 4520 --- [http-nio-8081-exec-9] com.shopme.filter.SettingFilter          : SettingFilter | doFilter | .css , .js , .png , . jpg | url : http://localhost:8081/Shopme/category-images/23/graphic%20cards.png
2024-01-20 00:04:11.057  INFO 4520 --- [http-nio-8081-exec-10] com.shopme.filter.SettingFilter          : SettingFilter | doFilter is called
2024-01-20 00:04:11.057  INFO 4520 --- [http-nio-8081-exec-10] com.shopme.filter.SettingFilter          : SettingFilter | doFilter | url : http://localhost:8081/Shopme/category-images/21/download%20(1).jpg
2024-01-20 00:04:11.057  INFO 4520 --- [http-nio-8081-exec-10] com.shopme.filter.SettingFilter          : SettingFilter | doFilter | .css , .js , .png , . jpg | url : http://localhost:8081/Shopme/category-images/21/download%20(1).jpg
2024-01-20 00:04:11.057  INFO 4520 --- [http-nio-8081-exec-8] com.shopme.security.CustomerUserDetails  : CustomerUserDetails | username: diluna617@gmail.com
2024-01-20 00:04:11.057  INFO 4520 --- [http-nio-8081-exec-5] com.shopme.security.CustomerUserDetails  : CustomerUserDetails | username: diluna617@gmail.com
2024-01-20 00:04:11.058  INFO 4520 --- [http-nio-8081-exec-6] com.shopme.security.CustomerUserDetails  : CustomerUserDetails | username: diluna617@gmail.com
2024-01-20 00:04:11.058  INFO 4520 --- [http-nio-8081-exec-10] com.shopme.security.CustomerUserDetails  : CustomerUserDetails | username: diluna617@gmail.com
2024-01-20 00:04:11.058  INFO 4520 --- [http-nio-8081-exec-9] com.shopme.security.CustomerUserDetails  : CustomerUserDetails | username: diluna617@gmail.com
2024-01-20 00:04:11.058  INFO 4520 --- [http-nio-8081-exec-1] com.shopme.filter.SettingFilter          : SettingFilter | loadGeneralSettings | generalSettings : [Setting [key=COPYRIGHT, value=Copyright (C) 2023 Shopme Ltd.], Setting [key=CURRENCY_ID, value=4], Setting [key=CURRENCY_SYMBOL, value=€], Setting [key=CURRENCY_SYMBOL_POSITION, value=Before price], Setting [key=DECIMAL_DIGITS, value=2], Setting [key=DECIMAL_POINT_TYPE, value=POINT], Setting [key=SITE_LOGO, value=/site-logo/shopme logo.jpg], Setting [key=SITE_NAME, value=ShopMe], Setting [key=THOUSANDS_POINT_TYPE, value=POINT]]
2024-01-20 00:04:11.058  INFO 4520 --- [http-nio-8081-exec-1] com.shopme.filter.SettingFilter          : SettingFilter | loadGeneralSettings | generalSettings : [Setting [key=COPYRIGHT, value=Copyright (C) 2023 Shopme Ltd.], Setting [key=CURRENCY_ID, value=4], Setting [key=CURRENCY_SYMBOL, value=€], Setting [key=CURRENCY_SYMBOL_POSITION, value=Before price], Setting [key=DECIMAL_DIGITS, value=2], Setting [key=DECIMAL_POINT_TYPE, value=POINT], Setting [key=SITE_LOGO, value=/site-logo/shopme logo.jpg], Setting [key=SITE_NAME, value=ShopMe], Setting [key=THOUSANDS_POINT_TYPE, value=POINT]]
2024-01-20 00:04:11.058  INFO 4520 --- [http-nio-8081-exec-1] com.shopme.filter.SettingFilter          : SettingFilter | loadGeneralSettings | generalSettings : [Setting [key=COPYRIGHT, value=Copyright (C) 2023 Shopme Ltd.], Setting [key=CURRENCY_ID, value=4], Setting [key=CURRENCY_SYMBOL, value=€], Setting [key=CURRENCY_SYMBOL_POSITION, value=Before price], Setting [key=DECIMAL_DIGITS, value=2], Setting [key=DECIMAL_POINT_TYPE, value=POINT], Setting [key=SITE_LOGO, value=/site-logo/shopme logo.jpg], Setting [key=SITE_NAME, value=ShopMe], Setting [key=THOUSANDS_POINT_TYPE, value=POINT]]
2024-01-20 00:04:11.058  INFO 4520 --- [http-nio-8081-exec-1] com.shopme.filter.SettingFilter          : SettingFilter | loadGeneralSettings | generalSettings : [Setting [key=COPYRIGHT, value=Copyright (C) 2023 Shopme Ltd.], Setting [key=CURRENCY_ID, value=4], Setting [key=CURRENCY_SYMBOL, value=€], Setting [key=CURRENCY_SYMBOL_POSITION, value=Before price], Setting [key=DECIMAL_DIGITS, value=2], Setting [key=DECIMAL_POINT_TYPE, value=POINT], Setting [key=SITE_LOGO, value=/site-logo/shopme logo.jpg], Setting [key=SITE_NAME, value=ShopMe], Setting [key=THOUSANDS_POINT_TYPE, value=POINT]]
2024-01-20 00:04:11.058  INFO 4520 --- [http-nio-8081-exec-1] com.shopme.filter.SettingFilter          : SettingFilter | loadGeneralSettings | generalSettings : [Setting [key=COPYRIGHT, value=Copyright (C) 2023 Shopme Ltd.], Setting [key=CURRENCY_ID, value=4], Setting [key=CURRENCY_SYMBOL, value=€], Setting [key=CURRENCY_SYMBOL_POSITION, value=Before price], Setting [key=DECIMAL_DIGITS, value=2], Setting [key=DECIMAL_POINT_TYPE, value=POINT], Setting [key=SITE_LOGO, value=/site-logo/shopme logo.jpg], Setting [key=SITE_NAME, value=ShopMe], Setting [key=THOUSANDS_POINT_TYPE, value=POINT]]
2024-01-20 00:04:11.058  INFO 4520 --- [http-nio-8081-exec-1] com.shopme.filter.SettingFilter          : SettingFilter | loadGeneralSettings | generalSettings : [Setting [key=COPYRIGHT, value=Copyright (C) 2023 Shopme Ltd.], Setting [key=CURRENCY_ID, value=4], Setting [key=CURRENCY_SYMBOL, value=€], Setting [key=CURRENCY_SYMBOL_POSITION, value=Before price], Setting [key=DECIMAL_DIGITS, value=2], Setting [key=DECIMAL_POINT_TYPE, value=POINT], Setting [key=SITE_LOGO, value=/site-logo/shopme logo.jpg], Setting [key=SITE_NAME, value=ShopMe], Setting [key=THOUSANDS_POINT_TYPE, value=POINT]]
2024-01-20 00:04:11.058  INFO 4520 --- [http-nio-8081-exec-1] com.shopme.filter.SettingFilter          : SettingFilter | loadGeneralSettings | generalSettings : [Setting [key=COPYRIGHT, value=Copyright (C) 2023 Shopme Ltd.], Setting [key=CURRENCY_ID, value=4], Setting [key=CURRENCY_SYMBOL, value=€], Setting [key=CURRENCY_SYMBOL_POSITION, value=Before price], Setting [key=DECIMAL_DIGITS, value=2], Setting [key=DECIMAL_POINT_TYPE, value=POINT], Setting [key=SITE_LOGO, value=/site-logo/shopme logo.jpg], Setting [key=SITE_NAME, value=ShopMe], Setting [key=THOUSANDS_POINT_TYPE, value=POINT]]
2024-01-20 00:04:11.058  INFO 4520 --- [http-nio-8081-exec-1] com.shopme.filter.SettingFilter          : SettingFilter | loadGeneralSettings | generalSettings : [Setting [key=COPYRIGHT, value=Copyright (C) 2023 Shopme Ltd.], Setting [key=CURRENCY_ID, value=4], Setting [key=CURRENCY_SYMBOL, value=€], Setting [key=CURRENCY_SYMBOL_POSITION, value=Before price], Setting [key=DECIMAL_DIGITS, value=2], Setting [key=DECIMAL_POINT_TYPE, value=POINT], Setting [key=SITE_LOGO, value=/site-logo/shopme logo.jpg], Setting [key=SITE_NAME, value=ShopMe], Setting [key=THOUSANDS_POINT_TYPE, value=POINT]]
2024-01-20 00:04:11.058  INFO 4520 --- [http-nio-8081-exec-1] com.shopme.filter.SettingFilter          : SettingFilter | loadGeneralSettings | generalSettings : [Setting [key=COPYRIGHT, value=Copyright (C) 2023 Shopme Ltd.], Setting [key=CURRENCY_ID, value=4], Setting [key=CURRENCY_SYMBOL, value=€], Setting [key=CURRENCY_SYMBOL_POSITION, value=Before price], Setting [key=DECIMAL_DIGITS, value=2], Setting [key=DECIMAL_POINT_TYPE, value=POINT], Setting [key=SITE_LOGO, value=/site-logo/shopme logo.jpg], Setting [key=SITE_NAME, value=ShopMe], Setting [key=THOUSANDS_POINT_TYPE, value=POINT]]
2024-01-20 00:04:11.058  INFO 4520 --- [http-nio-8081-exec-1] com.shopme.filter.SettingFilter          : SettingFilter | loadMenuSettings is called
2024-01-20 00:04:11.060  INFO 4520 --- [http-nio-8081-exec-2] com.shopme.filter.SettingFilter          : SettingFilter | doFilter is called
2024-01-20 00:04:11.060  INFO 4520 --- [http-nio-8081-exec-4] com.shopme.filter.SettingFilter          : SettingFilter | doFilter is called
2024-01-20 00:04:11.060  INFO 4520 --- [http-nio-8081-exec-2] com.shopme.filter.SettingFilter          : SettingFilter | doFilter | url : http://localhost:8081/Shopme/category-images/6/laptop%20computers.png
2024-01-20 00:04:11.060  INFO 4520 --- [http-nio-8081-exec-7] com.shopme.filter.SettingFilter          : SettingFilter | doFilter is called
2024-01-20 00:04:11.060  INFO 4520 --- [http-nio-8081-exec-2] com.shopme.filter.SettingFilter          : SettingFilter | doFilter | .css , .js , .png , . jpg | url : http://localhost:8081/Shopme/category-images/6/laptop%20computers.png
2024-01-20 00:04:11.060  INFO 4520 --- [http-nio-8081-exec-4] com.shopme.filter.SettingFilter          : SettingFilter | doFilter | url : http://localhost:8081/Shopme/category-images/34/download%20(9).jpg
2024-01-20 00:04:11.060  INFO 4520 --- [http-nio-8081-exec-7] com.shopme.filter.SettingFilter          : SettingFilter | doFilter | url : http://localhost:8081/Shopme/category-images/12/lenses.png
2024-01-20 00:04:11.060  INFO 4520 --- [http-nio-8081-exec-4] com.shopme.filter.SettingFilter          : SettingFilter | doFilter | .css , .js , .png , . jpg | url : http://localhost:8081/Shopme/category-images/34/download%20(9).jpg
2024-01-20 00:04:11.060  INFO 4520 --- [http-nio-8081-exec-7] com.shopme.filter.SettingFilter          : SettingFilter | doFilter | .css , .js , .png , . jpg | url : http://localhost:8081/Shopme/category-images/12/lenses.png
2024-01-20 00:04:11.060  INFO 4520 --- [http-nio-8081-exec-3] com.shopme.filter.SettingFilter          : SettingFilter | doFilter is called
2024-01-20 00:04:11.060  INFO 4520 --- [http-nio-8081-exec-3] com.shopme.filter.SettingFilter          : SettingFilter | doFilter | url : http://localhost:8081/Shopme/category-images/29/computer%20memory.png
2024-01-20 00:04:11.060  INFO 4520 --- [http-nio-8081-exec-3] com.shopme.filter.SettingFilter          : SettingFilter | doFilter | .css , .js , .png , . jpg | url : http://localhost:8081/Shopme/category-images/29/computer%20memory.png
2024-01-20 00:04:11.060  INFO 4520 --- [http-nio-8081-exec-8] com.shopme.filter.SettingFilter          : SettingFilter | doFilter is called
2024-01-20 00:04:11.060  INFO 4520 --- [http-nio-8081-exec-8] com.shopme.filter.SettingFilter          : SettingFilter | doFilter | url : http://localhost:8081/Shopme/category-images/18/microsd%20cards.png
2024-01-20 00:04:11.060  INFO 4520 --- [http-nio-8081-exec-8] com.shopme.filter.SettingFilter          : SettingFilter | doFilter | .css , .js , .png , . jpg | url : http://localhost:8081/Shopme/category-images/18/microsd%20cards.png
2024-01-20 00:04:11.060  INFO 4520 --- [http-nio-8081-exec-4] com.shopme.security.CustomerUserDetails  : CustomerUserDetails | username: diluna617@gmail.com
2024-01-20 00:04:11.060  INFO 4520 --- [http-nio-8081-exec-7] com.shopme.security.CustomerUserDetails  : CustomerUserDetails | username: diluna617@gmail.com
2024-01-20 00:04:11.060  INFO 4520 --- [http-nio-8081-exec-2] com.shopme.security.CustomerUserDetails  : CustomerUserDetails | username: diluna617@gmail.com
2024-01-20 00:04:11.060  INFO 4520 --- [http-nio-8081-exec-3] com.shopme.security.CustomerUserDetails  : CustomerUserDetails | username: diluna617@gmail.com
2024-01-20 00:04:11.062  INFO 4520 --- [http-nio-8081-exec-8] com.shopme.security.CustomerUserDetails  : CustomerUserDetails | username: diluna617@gmail.com
2024-01-20 00:04:11.062  INFO 4520 --- [http-nio-8081-exec-1] com.shopme.filter.SettingFilter          : SettingFilter | loadMenuSettings | headerMenuItems size : 4
2024-01-20 00:04:11.063  INFO 4520 --- [http-nio-8081-exec-5] com.shopme.filter.SettingFilter          : SettingFilter | doFilter is called
2024-01-20 00:04:11.063  INFO 4520 --- [http-nio-8081-exec-5] com.shopme.filter.SettingFilter          : SettingFilter | doFilter | url : http://localhost:8081/Shopme/category-images/30/motherboards.png
2024-01-20 00:04:11.064  INFO 4520 --- [http-nio-8081-exec-5] com.shopme.filter.SettingFilter          : SettingFilter | doFilter | .css , .js , .png , . jpg | url : http://localhost:8081/Shopme/category-images/30/motherboards.png
2024-01-20 00:04:11.064  INFO 4520 --- [http-nio-8081-exec-6] com.shopme.filter.SettingFilter          : SettingFilter | doFilter is called
2024-01-20 00:04:11.064  INFO 4520 --- [http-nio-8081-exec-6] com.shopme.filter.SettingFilter          : SettingFilter | doFilter | url : http://localhost:8081/Shopme/category-images/36/download%20(10).jpg
2024-01-20 00:04:11.064  INFO 4520 --- [http-nio-8081-exec-10] com.shopme.filter.SettingFilter          : SettingFilter | doFilter is called
2024-01-20 00:04:11.064  INFO 4520 --- [http-nio-8081-exec-6] com.shopme.filter.SettingFilter          : SettingFilter | doFilter | .css , .js , .png , . jpg | url : http://localhost:8081/Shopme/category-images/36/download%20(10).jpg
2024-01-20 00:04:11.064  INFO 4520 --- [http-nio-8081-exec-10] com.shopme.filter.SettingFilter          : SettingFilter | doFilter | url : http://localhost:8081/Shopme/category-images/9/VariCam-35-side.jpg
2024-01-20 00:04:11.064  INFO 4520 --- [http-nio-8081-exec-10] com.shopme.filter.SettingFilter          : SettingFilter | doFilter | .css , .js , .png , . jpg | url : http://localhost:8081/Shopme/category-images/9/VariCam-35-side.jpg
2024-01-20 00:04:11.064  INFO 4520 --- [http-nio-8081-exec-9] com.shopme.filter.SettingFilter          : SettingFilter | doFilter is called
2024-01-20 00:04:11.064  INFO 4520 --- [http-nio-8081-exec-9] com.shopme.filter.SettingFilter          : SettingFilter | doFilter | url : http://localhost:8081/Shopme/category-images/38/f959ef38cbdcf87d50ef26e6c6fca2ff.jpg
2024-01-20 00:04:11.064  INFO 4520 --- [http-nio-8081-exec-9] com.shopme.filter.SettingFilter          : SettingFilter | doFilter | .css , .js , .png , . jpg | url : http://localhost:8081/Shopme/category-images/38/f959ef38cbdcf87d50ef26e6c6fca2ff.jpg
2024-01-20 00:04:11.064  INFO 4520 --- [http-nio-8081-exec-4] com.shopme.filter.SettingFilter          : SettingFilter | doFilter is called
2024-01-20 00:04:11.064  INFO 4520 --- [http-nio-8081-exec-4] com.shopme.filter.SettingFilter          : SettingFilter | doFilter | url : http://localhost:8081/Shopme/category-images/33/download%20(8).jpg
2024-01-20 00:04:11.064  INFO 4520 --- [http-nio-8081-exec-4] com.shopme.filter.SettingFilter          : SettingFilter | doFilter | .css , .js , .png , . jpg | url : http://localhost:8081/Shopme/category-images/33/download%20(8).jpg
2024-01-20 00:04:11.064  INFO 4520 --- [http-nio-8081-exec-1] com.shopme.filter.SettingFilter          : SettingFilter | loadMenuSettings | footerMenuItems size : 3
2024-01-20 00:04:11.065  INFO 4520 --- [http-nio-8081-exec-6] com.shopme.security.CustomerUserDetails  : CustomerUserDetails | username: diluna617@gmail.com
2024-01-20 00:04:11.065  INFO 4520 --- [http-nio-8081-exec-4] com.shopme.security.CustomerUserDetails  : CustomerUserDetails | username: diluna617@gmail.com
2024-01-20 00:04:11.065  INFO 4520 --- [http-nio-8081-exec-1] com.shopme.security.CustomerUserDetails  : CustomerUserDetails | username: diluna617@gmail.com
2024-01-20 00:04:11.065  INFO 4520 --- [http-nio-8081-exec-9] com.shopme.security.CustomerUserDetails  : CustomerUserDetails | username: diluna617@gmail.com
2024-01-20 00:04:11.065  INFO 4520 --- [http-nio-8081-exec-5] com.shopme.security.CustomerUserDetails  : CustomerUserDetails | username: diluna617@gmail.com
2024-01-20 00:04:11.065  INFO 4520 --- [http-nio-8081-exec-10] com.shopme.security.CustomerUserDetails  : CustomerUserDetails | username: diluna617@gmail.com
2024-01-20 00:04:11.069  INFO 4520 --- [http-nio-8081-exec-7] com.shopme.filter.SettingFilter          : SettingFilter | doFilter is called
2024-01-20 00:04:11.069  INFO 4520 --- [http-nio-8081-exec-7] com.shopme.filter.SettingFilter          : SettingFilter | doFilter | url : http://localhost:8081/Shopme/webfonts/fa-solid-900.woff2
2024-01-20 00:04:11.069  INFO 4520 --- [http-nio-8081-exec-7] com.shopme.filter.SettingFilter          : SettingFilter | loadGeneralSettings is called
2024-01-20 00:04:11.070  INFO 4520 --- [http-nio-8081-exec-2] com.shopme.filter.SettingFilter          : SettingFilter | doFilter is called
2024-01-20 00:04:11.070  INFO 4520 --- [http-nio-8081-exec-2] com.shopme.filter.SettingFilter          : SettingFilter | doFilter | url : http://localhost:8081/Shopme/category-images/35/61awFXzj8RL.jpg
2024-01-20 00:04:11.070  INFO 4520 --- [http-nio-8081-exec-2] com.shopme.filter.SettingFilter          : SettingFilter | doFilter | .css , .js , .png , . jpg | url : http://localhost:8081/Shopme/category-images/35/61awFXzj8RL.jpg
2024-01-20 00:04:11.070  INFO 4520 --- [http-nio-8081-exec-3] com.shopme.filter.SettingFilter          : SettingFilter | doFilter is called
2024-01-20 00:04:11.070  INFO 4520 --- [http-nio-8081-exec-3] com.shopme.filter.SettingFilter          : SettingFilter | doFilter | url : http://localhost:8081/Shopme/category-images/7/tablets.png
2024-01-20 00:04:11.070  INFO 4520 --- [http-nio-8081-exec-3] com.shopme.filter.SettingFilter          : SettingFilter | doFilter | .css , .js , .png , . jpg | url : http://localhost:8081/Shopme/category-images/7/tablets.png
2024-01-20 00:04:11.070  INFO 4520 --- [http-nio-8081-exec-8] com.shopme.filter.SettingFilter          : SettingFilter | doFilter is called
2024-01-20 00:04:11.070  INFO 4520 --- [http-nio-8081-exec-8] com.shopme.filter.SettingFilter          : SettingFilter | doFilter | url : http://localhost:8081/Shopme/category-images/13/tripods_monopods.png
2024-01-20 00:04:11.070  INFO 4520 --- [http-nio-8081-exec-8] com.shopme.filter.SettingFilter          : SettingFilter | doFilter | .css , .js , .png , . jpg | url : http://localhost:8081/Shopme/category-images/13/tripods_monopods.png
2024-01-20 00:04:11.070  INFO 4520 --- [http-nio-8081-exec-6] com.shopme.filter.SettingFilter          : SettingFilter | doFilter is called
2024-01-20 00:04:11.070  INFO 4520 --- [http-nio-8081-exec-6] com.shopme.filter.SettingFilter          : SettingFilter | doFilter | url : http://localhost:8081/Shopme/brand-logos/22/ASUS.png
2024-01-20 00:04:11.070  INFO 4520 --- [http-nio-8081-exec-6] com.shopme.filter.SettingFilter          : SettingFilter | doFilter | .css , .js , .png , . jpg | url : http://localhost:8081/Shopme/brand-logos/22/ASUS.png
2024-01-20 00:04:11.070  INFO 4520 --- [http-nio-8081-exec-1] com.shopme.filter.SettingFilter          : SettingFilter | doFilter is called
2024-01-20 00:04:11.070  INFO 4520 --- [http-nio-8081-exec-1] com.shopme.filter.SettingFilter          : SettingFilter | doFilter | url : http://localhost:8081/Shopme/brand-logos/24/AMD.png
2024-01-20 00:04:11.070  INFO 4520 --- [http-nio-8081-exec-1] com.shopme.filter.SettingFilter          : SettingFilter | doFilter | .css , .js , .png , . jpg | url : http://localhost:8081/Shopme/brand-logos/24/AMD.png
2024-01-20 00:04:11.071  INFO 4520 --- [http-nio-8081-exec-1] com.shopme.security.CustomerUserDetails  : CustomerUserDetails | username: diluna617@gmail.com
2024-01-20 00:04:11.071  INFO 4520 --- [http-nio-8081-exec-6] com.shopme.security.CustomerUserDetails  : CustomerUserDetails | username: diluna617@gmail.com
2024-01-20 00:04:11.071  INFO 4520 --- [http-nio-8081-exec-3] com.shopme.security.CustomerUserDetails  : CustomerUserDetails | username: diluna617@gmail.com
2024-01-20 00:04:11.071  INFO 4520 --- [http-nio-8081-exec-8] com.shopme.security.CustomerUserDetails  : CustomerUserDetails | username: diluna617@gmail.com
2024-01-20 00:04:11.071  INFO 4520 --- [http-nio-8081-exec-7] com.shopme.filter.SettingFilter          : SettingFilter | loadGeneralSettings | generalSettings : [Setting [key=COPYRIGHT, value=Copyright (C) 2023 Shopme Ltd.], Setting [key=CURRENCY_ID, value=4], Setting [key=CURRENCY_SYMBOL, value=€], Setting [key=CURRENCY_SYMBOL_POSITION, value=Before price], Setting [key=DECIMAL_DIGITS, value=2], Setting [key=DECIMAL_POINT_TYPE, value=POINT], Setting [key=SITE_LOGO, value=/site-logo/shopme logo.jpg], Setting [key=SITE_NAME, value=ShopMe], Setting [key=THOUSANDS_POINT_TYPE, value=POINT]]
2024-01-20 00:04:11.071  INFO 4520 --- [http-nio-8081-exec-7] com.shopme.filter.SettingFilter          : SettingFilter | loadGeneralSettings | generalSettings : [Setting [key=COPYRIGHT, value=Copyright (C) 2023 Shopme Ltd.], Setting [key=CURRENCY_ID, value=4], Setting [key=CURRENCY_SYMBOL, value=€], Setting [key=CURRENCY_SYMBOL_POSITION, value=Before price], Setting [key=DECIMAL_DIGITS, value=2], Setting [key=DECIMAL_POINT_TYPE, value=POINT], Setting [key=SITE_LOGO, value=/site-logo/shopme logo.jpg], Setting [key=SITE_NAME, value=ShopMe], Setting [key=THOUSANDS_POINT_TYPE, value=POINT]]
2024-01-20 00:04:11.071  INFO 4520 --- [http-nio-8081-exec-7] com.shopme.filter.SettingFilter          : SettingFilter | loadGeneralSettings | generalSettings : [Setting [key=COPYRIGHT, value=Copyright (C) 2023 Shopme Ltd.], Setting [key=CURRENCY_ID, value=4], Setting [key=CURRENCY_SYMBOL, value=€], Setting [key=CURRENCY_SYMBOL_POSITION, value=Before price], Setting [key=DECIMAL_DIGITS, value=2], Setting [key=DECIMAL_POINT_TYPE, value=POINT], Setting [key=SITE_LOGO, value=/site-logo/shopme logo.jpg], Setting [key=SITE_NAME, value=ShopMe], Setting [key=THOUSANDS_POINT_TYPE, value=POINT]]
2024-01-20 00:04:11.071  INFO 4520 --- [http-nio-8081-exec-2] com.shopme.security.CustomerUserDetails  : CustomerUserDetails | username: diluna617@gmail.com
2024-01-20 00:04:11.071  INFO 4520 --- [http-nio-8081-exec-7] com.shopme.filter.SettingFilter          : SettingFilter | loadGeneralSettings | generalSettings : [Setting [key=COPYRIGHT, value=Copyright (C) 2023 Shopme Ltd.], Setting [key=CURRENCY_ID, value=4], Setting [key=CURRENCY_SYMBOL, value=€], Setting [key=CURRENCY_SYMBOL_POSITION, value=Before price], Setting [key=DECIMAL_DIGITS, value=2], Setting [key=DECIMAL_POINT_TYPE, value=POINT], Setting [key=SITE_LOGO, value=/site-logo/shopme logo.jpg], Setting [key=SITE_NAME, value=ShopMe], Setting [key=THOUSANDS_POINT_TYPE, value=POINT]]
2024-01-20 00:04:11.071  INFO 4520 --- [http-nio-8081-exec-7] com.shopme.filter.SettingFilter          : SettingFilter | loadGeneralSettings | generalSettings : [Setting [key=COPYRIGHT, value=Copyright (C) 2023 Shopme Ltd.], Setting [key=CURRENCY_ID, value=4], Setting [key=CURRENCY_SYMBOL, value=€], Setting [key=CURRENCY_SYMBOL_POSITION, value=Before price], Setting [key=DECIMAL_DIGITS, value=2], Setting [key=DECIMAL_POINT_TYPE, value=POINT], Setting [key=SITE_LOGO, value=/site-logo/shopme logo.jpg], Setting [key=SITE_NAME, value=ShopMe], Setting [key=THOUSANDS_POINT_TYPE, value=POINT]]
2024-01-20 00:04:11.071  INFO 4520 --- [http-nio-8081-exec-7] com.shopme.filter.SettingFilter          : SettingFilter | loadGeneralSettings | generalSettings : [Setting [key=COPYRIGHT, value=Copyright (C) 2023 Shopme Ltd.], Setting [key=CURRENCY_ID, value=4], Setting [key=CURRENCY_SYMBOL, value=€], Setting [key=CURRENCY_SYMBOL_POSITION, value=Before price], Setting [key=DECIMAL_DIGITS, value=2], Setting [key=DECIMAL_POINT_TYPE, value=POINT], Setting [key=SITE_LOGO, value=/site-logo/shopme logo.jpg], Setting [key=SITE_NAME, value=ShopMe], Setting [key=THOUSANDS_POINT_TYPE, value=POINT]]
2024-01-20 00:04:11.071  INFO 4520 --- [http-nio-8081-exec-7] com.shopme.filter.SettingFilter          : SettingFilter | loadGeneralSettings | generalSettings : [Setting [key=COPYRIGHT, value=Copyright (C) 2023 Shopme Ltd.], Setting [key=CURRENCY_ID, value=4], Setting [key=CURRENCY_SYMBOL, value=€], Setting [key=CURRENCY_SYMBOL_POSITION, value=Before price], Setting [key=DECIMAL_DIGITS, value=2], Setting [key=DECIMAL_POINT_TYPE, value=POINT], Setting [key=SITE_LOGO, value=/site-logo/shopme logo.jpg], Setting [key=SITE_NAME, value=ShopMe], Setting [key=THOUSANDS_POINT_TYPE, value=POINT]]
2024-01-20 00:04:11.071  INFO 4520 --- [http-nio-8081-exec-7] com.shopme.filter.SettingFilter          : SettingFilter | loadGeneralSettings | generalSettings : [Setting [key=COPYRIGHT, value=Copyright (C) 2023 Shopme Ltd.], Setting [key=CURRENCY_ID, value=4], Setting [key=CURRENCY_SYMBOL, value=€], Setting [key=CURRENCY_SYMBOL_POSITION, value=Before price], Setting [key=DECIMAL_DIGITS, value=2], Setting [key=DECIMAL_POINT_TYPE, value=POINT], Setting [key=SITE_LOGO, value=/site-logo/shopme logo.jpg], Setting [key=SITE_NAME, value=ShopMe], Setting [key=THOUSANDS_POINT_TYPE, value=POINT]]
2024-01-20 00:04:11.071  INFO 4520 --- [http-nio-8081-exec-7] com.shopme.filter.SettingFilter          : SettingFilter | loadGeneralSettings | generalSettings : [Setting [key=COPYRIGHT, value=Copyright (C) 2023 Shopme Ltd.], Setting [key=CURRENCY_ID, value=4], Setting [key=CURRENCY_SYMBOL, value=€], Setting [key=CURRENCY_SYMBOL_POSITION, value=Before price], Setting [key=DECIMAL_DIGITS, value=2], Setting [key=DECIMAL_POINT_TYPE, value=POINT], Setting [key=SITE_LOGO, value=/site-logo/shopme logo.jpg], Setting [key=SITE_NAME, value=ShopMe], Setting [key=THOUSANDS_POINT_TYPE, value=POINT]]
2024-01-20 00:04:11.071  INFO 4520 --- [http-nio-8081-exec-7] com.shopme.filter.SettingFilter          : SettingFilter | loadMenuSettings is called
2024-01-20 00:04:11.074  INFO 4520 --- [http-nio-8081-exec-4] com.shopme.filter.SettingFilter          : SettingFilter | doFilter is called
2024-01-20 00:04:11.074  INFO 4520 --- [http-nio-8081-exec-9] com.shopme.filter.SettingFilter          : SettingFilter | doFilter is called
2024-01-20 00:04:11.074  INFO 4520 --- [http-nio-8081-exec-4] com.shopme.filter.SettingFilter          : SettingFilter | doFilter | url : http://localhost:8081/Shopme/brand-logos/8/Apple.png
2024-01-20 00:04:11.074  INFO 4520 --- [http-nio-8081-exec-9] com.shopme.filter.SettingFilter          : SettingFilter | doFilter | url : http://localhost:8081/Shopme/brand-logos/1/Canon.png
2024-01-20 00:04:11.074  INFO 4520 --- [http-nio-8081-exec-9] com.shopme.filter.SettingFilter          : SettingFilter | doFilter | .css , .js , .png , . jpg | url : http://localhost:8081/Shopme/brand-logos/1/Canon.png
2024-01-20 00:04:11.074  INFO 4520 --- [http-nio-8081-exec-4] com.shopme.filter.SettingFilter          : SettingFilter | doFilter | .css , .js , .png , . jpg | url : http://localhost:8081/Shopme/brand-logos/8/Apple.png
2024-01-20 00:04:11.074  INFO 4520 --- [http-nio-8081-exec-5] com.shopme.filter.SettingFilter          : SettingFilter | doFilter is called
2024-01-20 00:04:11.074  INFO 4520 --- [http-nio-8081-exec-5] com.shopme.filter.SettingFilter          : SettingFilter | doFilter | url : http://localhost:8081/Shopme/brand-logos/14/GoPro.png
2024-01-20 00:04:11.074  INFO 4520 --- [http-nio-8081-exec-5] com.shopme.filter.SettingFilter          : SettingFilter | doFilter | .css , .js , .png , . jpg | url : http://localhost:8081/Shopme/brand-logos/14/GoPro.png
2024-01-20 00:04:11.074  INFO 4520 --- [http-nio-8081-exec-10] com.shopme.filter.SettingFilter          : SettingFilter | doFilter is called
2024-01-20 00:04:11.074  INFO 4520 --- [http-nio-8081-exec-10] com.shopme.filter.SettingFilter          : SettingFilter | doFilter | url : http://localhost:8081/Shopme/brand-logos/4/HP.png
2024-01-20 00:04:11.074  INFO 4520 --- [http-nio-8081-exec-10] com.shopme.filter.SettingFilter          : SettingFilter | doFilter | .css , .js , .png , . jpg | url : http://localhost:8081/Shopme/brand-logos/4/HP.png
2024-01-20 00:04:11.074  INFO 4520 --- [http-nio-8081-exec-1] com.shopme.filter.SettingFilter          : SettingFilter | doFilter is called
2024-01-20 00:04:11.074  INFO 4520 --- [http-nio-8081-exec-1] com.shopme.filter.SettingFilter          : SettingFilter | doFilter | url : http://localhost:8081/Shopme/brand-logos/21/Intel.png
2024-01-20 00:04:11.074  INFO 4520 --- [http-nio-8081-exec-1] com.shopme.filter.SettingFilter          : SettingFilter | doFilter | .css , .js , .png , . jpg | url : http://localhost:8081/Shopme/brand-logos/21/Intel.png
2024-01-20 00:04:11.075  INFO 4520 --- [http-nio-8081-exec-7] com.shopme.filter.SettingFilter          : SettingFilter | loadMenuSettings | headerMenuItems size : 4
2024-01-20 00:04:11.075  INFO 4520 --- [http-nio-8081-exec-5] com.shopme.security.CustomerUserDetails  : CustomerUserDetails | username: diluna617@gmail.com
2024-01-20 00:04:11.075  INFO 4520 --- [http-nio-8081-exec-4] com.shopme.security.CustomerUserDetails  : CustomerUserDetails | username: diluna617@gmail.com
2024-01-20 00:04:11.075  INFO 4520 --- [http-nio-8081-exec-10] com.shopme.security.CustomerUserDetails  : CustomerUserDetails | username: diluna617@gmail.com
2024-01-20 00:04:11.075  INFO 4520 --- [http-nio-8081-exec-1] com.shopme.security.CustomerUserDetails  : CustomerUserDetails | username: diluna617@gmail.com
2024-01-20 00:04:11.075  INFO 4520 --- [http-nio-8081-exec-9] com.shopme.security.CustomerUserDetails  : CustomerUserDetails | username: diluna617@gmail.com
2024-01-20 00:04:11.077  INFO 4520 --- [http-nio-8081-exec-7] com.shopme.filter.SettingFilter          : SettingFilter | loadMenuSettings | footerMenuItems size : 3
2024-01-20 00:04:11.077  INFO 4520 --- [http-nio-8081-exec-8] com.shopme.filter.SettingFilter          : SettingFilter | doFilter is called
2024-01-20 00:04:11.077  INFO 4520 --- [http-nio-8081-exec-8] com.shopme.filter.SettingFilter          : SettingFilter | doFilter | url : http://localhost:8081/Shopme/brand-logos/20/Lenovo.png
2024-01-20 00:04:11.077  INFO 4520 --- [http-nio-8081-exec-8] com.shopme.filter.SettingFilter          : SettingFilter | doFilter | .css , .js , .png , . jpg | url : http://localhost:8081/Shopme/brand-logos/20/Lenovo.png
2024-01-20 00:04:11.077  INFO 4520 --- [http-nio-8081-exec-3] com.shopme.filter.SettingFilter          : SettingFilter | doFilter is called
2024-01-20 00:04:11.077  INFO 4520 --- [http-nio-8081-exec-3] com.shopme.filter.SettingFilter          : SettingFilter | doFilter | url : http://localhost:8081/Shopme/brand-logos/3/Sony.png
2024-01-20 00:04:11.077  INFO 4520 --- [http-nio-8081-exec-3] com.shopme.filter.SettingFilter          : SettingFilter | doFilter | .css , .js , .png , . jpg | url : http://localhost:8081/Shopme/brand-logos/3/Sony.png
2024-01-20 00:04:11.077  INFO 4520 --- [http-nio-8081-exec-6] com.shopme.filter.SettingFilter          : SettingFilter | doFilter is called
2024-01-20 00:04:11.077  INFO 4520 --- [http-nio-8081-exec-6] com.shopme.filter.SettingFilter          : SettingFilter | doFilter | url : http://localhost:8081/Shopme/brand-logos/28/Kingston.png
2024-01-20 00:04:11.077  INFO 4520 --- [http-nio-8081-exec-6] com.shopme.filter.SettingFilter          : SettingFilter | doFilter | .css , .js , .png , . jpg | url : http://localhost:8081/Shopme/brand-logos/28/Kingston.png
2024-01-20 00:04:11.078  INFO 4520 --- [http-nio-8081-exec-8] com.shopme.security.CustomerUserDetails  : CustomerUserDetails | username: diluna617@gmail.com
2024-01-20 00:04:11.078  INFO 4520 --- [http-nio-8081-exec-3] com.shopme.security.CustomerUserDetails  : CustomerUserDetails | username: diluna617@gmail.com
2024-01-20 00:04:11.078  INFO 4520 --- [http-nio-8081-exec-6] com.shopme.security.CustomerUserDetails  : CustomerUserDetails | username: diluna617@gmail.com
2024-01-20 00:04:11.078  INFO 4520 --- [http-nio-8081-exec-7] com.shopme.security.CustomerUserDetails  : CustomerUserDetails | username: diluna617@gmail.com
2024-01-20 00:21:09.312  INFO 4520 --- [RMI TCP Connection(46)-127.0.0.1] inMXBeanRegistrar$SpringApplicationAdmin : Application shutdown requested.
2024-01-20 00:21:09.337  INFO 4520 --- [RMI TCP Connection(46)-127.0.0.1] o.s.s.concurrent.ThreadPoolTaskExecutor  : Shutting down ExecutorService 'applicationTaskExecutor'
2024-01-20 00:21:09.342  INFO 4520 --- [RMI TCP Connection(46)-127.0.0.1] j.LocalContainerEntityManagerFactoryBean : Closing JPA EntityManagerFactory for persistence unit 'default'
2024-01-20 00:21:09.344  INFO 4520 --- [RMI TCP Connection(46)-127.0.0.1] com.zaxxer.hikari.HikariDataSource       : HikariPool-1 - Shutdown initiated...
2024-01-20 00:21:09.345  INFO 4520 --- [RMI TCP Connection(46)-127.0.0.1] com.zaxxer.hikari.HikariDataSource       : HikariPool-1 - Shutdown completed.
2024-01-20 00:21:16.350  INFO 18492 --- [restartedMain] com.shopme.ShopmeFrontEndApplication     : Starting ShopmeFrontEndApplication using Java 17.0.2 on DiLuNa617 with PID 18492 (D:\Skills\Projects\Spring Boot\ShopMe\ShopmeLocal\ShopmeWebParentLocal\ShopmeFrontEndLocal\target\classes started by Dinura Ghathuranga in D:\Skills\Projects\Spring Boot\ShopMe\ShopmeLocal\ShopmeWebParentLocal\ShopmeFrontEndLocal)
2024-01-20 00:21:16.351  INFO 18492 --- [restartedMain] com.shopme.ShopmeFrontEndApplication     : No active profile set, falling back to default profiles: default
2024-01-20 00:21:16.378  INFO 18492 --- [restartedMain] .e.DevToolsPropertyDefaultsPostProcessor : Devtools property defaults active! Set 'spring.devtools.add-properties' to 'false' to disable
2024-01-20 00:21:16.378  INFO 18492 --- [restartedMain] .e.DevToolsPropertyDefaultsPostProcessor : For additional web related logging consider setting the 'logging.level.web' property to 'DEBUG'
2024-01-20 00:21:16.835  INFO 18492 --- [restartedMain] .s.d.r.c.RepositoryConfigurationDelegate : Bootstrapping Spring Data JPA repositories in DEFAULT mode.
2024-01-20 00:21:16.912  INFO 18492 --- [restartedMain] .s.d.r.c.RepositoryConfigurationDelegate : Finished Spring Data repository scanning in 71 ms. Found 20 JPA repository interfaces.
2024-01-20 00:21:17.284  INFO 18492 --- [restartedMain] o.s.b.w.embedded.tomcat.TomcatWebServer  : Tomcat initialized with port(s): 8081 (http)
2024-01-20 00:21:17.291  INFO 18492 --- [restartedMain] o.apache.catalina.core.StandardService   : Starting service [Tomcat]
2024-01-20 00:21:17.291  INFO 18492 --- [restartedMain] org.apache.catalina.core.StandardEngine  : Starting Servlet engine: [Apache Tomcat/9.0.41]
2024-01-20 00:21:17.352  INFO 18492 --- [restartedMain] o.a.c.c.C.[.[localhost].[/Shopme]        : Initializing Spring embedded WebApplicationContext
2024-01-20 00:21:17.352  INFO 18492 --- [restartedMain] w.s.c.ServletWebServerApplicationContext : Root WebApplicationContext: initialization completed in 973 ms
2024-01-20 00:21:17.486  INFO 18492 --- [restartedMain] o.hibernate.jpa.internal.util.LogHelper  : HHH000204: Processing PersistenceUnitInfo [name: default]
2024-01-20 00:21:17.522  INFO 18492 --- [restartedMain] org.hibernate.Version                    : HHH000412: Hibernate ORM core version 5.4.27.Final
2024-01-20 00:21:17.614  INFO 18492 --- [restartedMain] o.hibernate.annotations.common.Version   : HCANN000001: Hibernate Commons Annotations {5.1.2.Final}
2024-01-20 00:21:17.686  INFO 18492 --- [restartedMain] com.zaxxer.hikari.HikariDataSource       : HikariPool-1 - Starting...
2024-01-20 00:21:17.804  INFO 18492 --- [restartedMain] com.zaxxer.hikari.HikariDataSource       : HikariPool-1 - Start completed.
2024-01-20 00:21:17.814  INFO 18492 --- [restartedMain] org.hibernate.dialect.Dialect            : HHH000400: Using dialect: org.hibernate.dialect.MySQL8Dialect
2024-01-20 00:21:18.603  INFO 18492 --- [restartedMain] o.h.e.t.j.p.i.JtaPlatformInitiator       : HHH000490: Using JtaPlatform implementation: [org.hibernate.engine.transaction.jta.platform.internal.NoJtaPlatform]
2024-01-20 00:21:18.610  INFO 18492 --- [restartedMain] j.LocalContainerEntityManagerFactoryBean : Initialized JPA EntityManagerFactory for persistence unit 'default'
2024-01-20 00:21:18.960  WARN 18492 --- [restartedMain] o.s.b.d.a.OptionalLiveReloadServer       : Unable to start LiveReload server
2024-01-20 00:21:19.098  WARN 18492 --- [restartedMain] JpaBaseConfiguration$JpaWebConfiguration : spring.jpa.open-in-view is enabled by default. Therefore, database queries may be performed during view rendering. Explicitly configure spring.jpa.open-in-view to disable this warning
2024-01-20 00:21:19.500  INFO 18492 --- [restartedMain] o.s.s.web.DefaultSecurityFilterChain     : Will secure Ant [pattern='/images/**'] with []
2024-01-20 00:21:19.501  INFO 18492 --- [restartedMain] o.s.s.web.DefaultSecurityFilterChain     : Will secure Ant [pattern='/js/**'] with []
2024-01-20 00:21:19.501  INFO 18492 --- [restartedMain] o.s.s.web.DefaultSecurityFilterChain     : Will secure Ant [pattern='/webjars/**'] with []
2024-01-20 00:21:19.501  INFO 18492 --- [restartedMain] o.s.s.web.DefaultSecurityFilterChain     : Will secure Ant [pattern='/css/**'] with []
2024-01-20 00:21:19.540  INFO 18492 --- [restartedMain] o.s.s.web.DefaultSecurityFilterChain     : Will secure any request with [org.springframework.security.web.context.request.async.WebAsyncManagerIntegrationFilter@64ecfd8, org.springframework.security.web.context.SecurityContextPersistenceFilter@a14d289, org.springframework.security.web.header.HeaderWriterFilter@3c586a31, org.springframework.security.web.csrf.CsrfFilter@25b5eb25, org.springframework.security.web.authentication.logout.LogoutFilter@4b374db8, org.springframework.security.oauth2.client.web.OAuth2AuthorizationRequestRedirectFilter@db94fad, org.springframework.security.oauth2.client.web.OAuth2LoginAuthenticationFilter@5d7fae21, org.springframework.security.web.authentication.UsernamePasswordAuthenticationFilter@39ab007, org.springframework.security.web.savedrequest.RequestCacheAwareFilter@6f18656, org.springframework.security.web.servletapi.SecurityContextHolderAwareRequestFilter@674dd01c, org.springframework.security.web.authentication.rememberme.RememberMeAuthenticationFilter@414d347b, org.springframework.security.web.authentication.AnonymousAuthenticationFilter@26e06796, org.springframework.security.web.session.SessionManagementFilter@39218cce, org.springframework.security.web.access.ExceptionTranslationFilter@3388f07c, org.springframework.security.web.access.intercept.FilterSecurityInterceptor@683a2018]
2024-01-20 00:21:19.617  INFO 18492 --- [restartedMain] o.s.s.concurrent.ThreadPoolTaskExecutor  : Initializing ExecutorService 'applicationTaskExecutor'
2024-01-20 00:21:19.678  INFO 18492 --- [restartedMain] o.s.b.a.w.s.WelcomePageHandlerMapping    : Adding welcome page template: index
2024-01-20 00:21:19.953  INFO 18492 --- [restartedMain] o.s.b.w.embedded.tomcat.TomcatWebServer  : Tomcat started on port(s): 8081 (http) with context path '/Shopme'
2024-01-20 00:21:19.960  INFO 18492 --- [restartedMain] com.shopme.ShopmeFrontEndApplication     : Started ShopmeFrontEndApplication in 3.868 seconds (JVM running for 4.38)
2024-01-20 00:30:44.984  INFO 18492 --- [RMI TCP Connection(14)-127.0.0.1] inMXBeanRegistrar$SpringApplicationAdmin : Application shutdown requested.
2024-01-20 00:30:45.008  INFO 18492 --- [RMI TCP Connection(14)-127.0.0.1] o.s.s.concurrent.ThreadPoolTaskExecutor  : Shutting down ExecutorService 'applicationTaskExecutor'
2024-01-20 00:30:45.013  INFO 18492 --- [RMI TCP Connection(14)-127.0.0.1] j.LocalContainerEntityManagerFactoryBean : Closing JPA EntityManagerFactory for persistence unit 'default'
2024-01-20 00:30:45.015  INFO 18492 --- [RMI TCP Connection(14)-127.0.0.1] com.zaxxer.hikari.HikariDataSource       : HikariPool-1 - Shutdown initiated...
2024-01-20 00:30:45.019  INFO 18492 --- [RMI TCP Connection(14)-127.0.0.1] com.zaxxer.hikari.HikariDataSource       : HikariPool-1 - Shutdown completed.
2024-01-20 00:30:51.326  INFO 11396 --- [restartedMain] com.shopme.ShopmeFrontEndApplication     : Starting ShopmeFrontEndApplication using Java 17.0.2 on DiLuNa617 with PID 11396 (D:\Skills\Projects\Spring Boot\ShopMe\ShopmeLocal\ShopmeWebParentLocal\ShopmeFrontEndLocal\target\classes started by Dinura Ghathuranga in D:\Skills\Projects\Spring Boot\ShopMe\ShopmeLocal\ShopmeWebParentLocal\ShopmeFrontEndLocal)
2024-01-20 00:30:51.328  INFO 11396 --- [restartedMain] com.shopme.ShopmeFrontEndApplication     : No active profile set, falling back to default profiles: default
2024-01-20 00:30:51.356  INFO 11396 --- [restartedMain] .e.DevToolsPropertyDefaultsPostProcessor : Devtools property defaults active! Set 'spring.devtools.add-properties' to 'false' to disable
2024-01-20 00:30:51.356  INFO 11396 --- [restartedMain] .e.DevToolsPropertyDefaultsPostProcessor : For additional web related logging consider setting the 'logging.level.web' property to 'DEBUG'
2024-01-20 00:30:51.782  INFO 11396 --- [restartedMain] .s.d.r.c.RepositoryConfigurationDelegate : Bootstrapping Spring Data JPA repositories in DEFAULT mode.
2024-01-20 00:30:51.851  INFO 11396 --- [restartedMain] .s.d.r.c.RepositoryConfigurationDelegate : Finished Spring Data repository scanning in 63 ms. Found 20 JPA repository interfaces.
2024-01-20 00:30:52.199  INFO 11396 --- [restartedMain] o.s.b.w.embedded.tomcat.TomcatWebServer  : Tomcat initialized with port(s): 8081 (http)
2024-01-20 00:30:52.205  INFO 11396 --- [restartedMain] o.apache.catalina.core.StandardService   : Starting service [Tomcat]
2024-01-20 00:30:52.205  INFO 11396 --- [restartedMain] org.apache.catalina.core.StandardEngine  : Starting Servlet engine: [Apache Tomcat/9.0.41]
2024-01-20 00:30:52.262  INFO 11396 --- [restartedMain] o.a.c.c.C.[.[localhost].[/Shopme]        : Initializing Spring embedded WebApplicationContext
2024-01-20 00:30:52.262  INFO 11396 --- [restartedMain] w.s.c.ServletWebServerApplicationContext : Root WebApplicationContext: initialization completed in 905 ms
2024-01-20 00:30:52.385  INFO 11396 --- [restartedMain] o.hibernate.jpa.internal.util.LogHelper  : HHH000204: Processing PersistenceUnitInfo [name: default]
2024-01-20 00:30:52.418  INFO 11396 --- [restartedMain] org.hibernate.Version                    : HHH000412: Hibernate ORM core version 5.4.27.Final
2024-01-20 00:30:52.500  INFO 11396 --- [restartedMain] o.hibernate.annotations.common.Version   : HCANN000001: Hibernate Commons Annotations {5.1.2.Final}
2024-01-20 00:30:52.565  INFO 11396 --- [restartedMain] com.zaxxer.hikari.HikariDataSource       : HikariPool-1 - Starting...
2024-01-20 00:30:52.673  INFO 11396 --- [restartedMain] com.zaxxer.hikari.HikariDataSource       : HikariPool-1 - Start completed.
2024-01-20 00:30:52.683  INFO 11396 --- [restartedMain] org.hibernate.dialect.Dialect            : HHH000400: Using dialect: org.hibernate.dialect.MySQL8Dialect
2024-01-20 00:30:53.398  INFO 11396 --- [restartedMain] o.h.e.t.j.p.i.JtaPlatformInitiator       : HHH000490: Using JtaPlatform implementation: [org.hibernate.engine.transaction.jta.platform.internal.NoJtaPlatform]
2024-01-20 00:30:53.404  INFO 11396 --- [restartedMain] j.LocalContainerEntityManagerFactoryBean : Initialized JPA EntityManagerFactory for persistence unit 'default'
2024-01-20 00:30:53.726  WARN 11396 --- [restartedMain] o.s.b.d.a.OptionalLiveReloadServer       : Unable to start LiveReload server
2024-01-20 00:30:53.922  WARN 11396 --- [restartedMain] JpaBaseConfiguration$JpaWebConfiguration : spring.jpa.open-in-view is enabled by default. Therefore, database queries may be performed during view rendering. Explicitly configure spring.jpa.open-in-view to disable this warning
2024-01-20 00:30:54.257  INFO 11396 --- [restartedMain] o.s.s.web.DefaultSecurityFilterChain     : Will secure Ant [pattern='/images/**'] with []
2024-01-20 00:30:54.258  INFO 11396 --- [restartedMain] o.s.s.web.DefaultSecurityFilterChain     : Will secure Ant [pattern='/js/**'] with []
2024-01-20 00:30:54.258  INFO 11396 --- [restartedMain] o.s.s.web.DefaultSecurityFilterChain     : Will secure Ant [pattern='/webjars/**'] with []
2024-01-20 00:30:54.258  INFO 11396 --- [restartedMain] o.s.s.web.DefaultSecurityFilterChain     : Will secure Ant [pattern='/css/**'] with []
2024-01-20 00:30:54.291  INFO 11396 --- [restartedMain] o.s.s.web.DefaultSecurityFilterChain     : Will secure any request with [org.springframework.security.web.context.request.async.WebAsyncManagerIntegrationFilter@2f285d5a, org.springframework.security.web.context.SecurityContextPersistenceFilter@543a2a3b, org.springframework.security.web.header.HeaderWriterFilter@45ab0be7, org.springframework.security.web.csrf.CsrfFilter@1ca32896, org.springframework.security.web.authentication.logout.LogoutFilter@45474d9b, org.springframework.security.oauth2.client.web.OAuth2AuthorizationRequestRedirectFilter@64b4aa6e, org.springframework.security.oauth2.client.web.OAuth2LoginAuthenticationFilter@7fa65000, org.springframework.security.web.authentication.UsernamePasswordAuthenticationFilter@77bdfb3a, org.springframework.security.web.savedrequest.RequestCacheAwareFilter@5038a561, org.springframework.security.web.servletapi.SecurityContextHolderAwareRequestFilter@66b5b7b3, org.springframework.security.web.authentication.rememberme.RememberMeAuthenticationFilter@6e0e6d2f, org.springframework.security.web.authentication.AnonymousAuthenticationFilter@62433eef, org.springframework.security.web.session.SessionManagementFilter@cae0b7e, org.springframework.security.web.access.ExceptionTranslationFilter@1cb7fc0a, org.springframework.security.web.access.intercept.FilterSecurityInterceptor@6097d579]
2024-01-20 00:30:54.359  INFO 11396 --- [restartedMain] o.s.s.concurrent.ThreadPoolTaskExecutor  : Initializing ExecutorService 'applicationTaskExecutor'
2024-01-20 00:30:54.414  INFO 11396 --- [restartedMain] o.s.b.a.w.s.WelcomePageHandlerMapping    : Adding welcome page template: index
2024-01-20 00:30:54.673  INFO 11396 --- [restartedMain] o.s.b.w.embedded.tomcat.TomcatWebServer  : Tomcat started on port(s): 8081 (http) with context path '/Shopme'
2024-01-20 00:30:54.681  INFO 11396 --- [restartedMain] com.shopme.ShopmeFrontEndApplication     : Started ShopmeFrontEndApplication in 3.602 seconds (JVM running for 4.096)
2024-01-20 00:31:32.331  INFO 11396 --- [RMI TCP Connection(3)-127.0.0.1] inMXBeanRegistrar$SpringApplicationAdmin : Application shutdown requested.
2024-01-20 00:31:32.354  INFO 11396 --- [RMI TCP Connection(3)-127.0.0.1] o.s.s.concurrent.ThreadPoolTaskExecutor  : Shutting down ExecutorService 'applicationTaskExecutor'
2024-01-20 00:31:32.358  INFO 11396 --- [RMI TCP Connection(3)-127.0.0.1] j.LocalContainerEntityManagerFactoryBean : Closing JPA EntityManagerFactory for persistence unit 'default'
2024-01-20 00:31:32.360  INFO 11396 --- [RMI TCP Connection(3)-127.0.0.1] com.zaxxer.hikari.HikariDataSource       : HikariPool-1 - Shutdown initiated...
2024-01-20 00:31:32.365  INFO 11396 --- [RMI TCP Connection(3)-127.0.0.1] com.zaxxer.hikari.HikariDataSource       : HikariPool-1 - Shutdown completed.
