2023-07-29 14:50:01.252  INFO 4676 --- [http-nio-8080-exec-8] c.s.admin.paging.PagingAndSortingHelper  : PagingAndSortingHelper | updateModelAttributes | endCount : 5
2023-07-29 14:50:01.254  INFO 4676 --- [http-nio-8080-exec-8] c.s.admin.paging.PagingAndSortingHelper  : PagingAndSortingHelper | updateModelAttributes | currentPage : 1
2023-07-29 14:50:01.254  INFO 4676 --- [http-nio-8080-exec-8] c.s.admin.paging.PagingAndSortingHelper  : PagingAndSortingHelper | updateModelAttributes | totalPages : 7
2023-07-29 14:50:01.254  INFO 4676 --- [http-nio-8080-exec-8] c.s.admin.paging.PagingAndSortingHelper  : PagingAndSortingHelper | updateModelAttributes | totalItems : 32
2023-07-29 14:50:01.291  INFO 4676 --- [http-nio-8080-exec-8] c.s.admin.controller.ProductController   : ProductController | newProduct | categoryId : 0
2023-07-29 14:50:01.292  INFO 4676 --- [http-nio-8080-exec-8] c.s.admin.controller.ProductController   : ProductController | newProduct | listCategories : [Electronics, --Camera & Accessories, ----Digital Cameras, ----Flashes, ----Lenses, ----Movie Cameras, ----Tripods & Monopods, --Phones & Accessories, ----Android Phones, ----Apple Phones, ----Phone Accessories, ------Cables & Adapters, ------Cases, ------Earbuds, ------MicroSD Cards, ----Phone_Holders, --Smart Watch, Camera & Accessories, --Digital Cameras, --Flashes, --Lenses, --Movie Cameras, --Tripods & Monopods, Computers, --Computer Accessories, ----Battery, ----CPU Processors, ----Dongles, ----Graphic Cards, ----Headphones, ----Keyboard, ----Memory, ----Motherboard, ----Mouse, ----Power Supply, --Desktops, --Laptops, --Tablets, Phones & Accessories, --Android Phones, --Apple Phones, --Phone Accessories, ----Cables & Adapters, ----Cases, ----Earbuds, ----MicroSD Cards, --Phone_Holders, Desktops, Laptops, Tablets, Computer Accessories, --Battery, --CPU Processors, --Dongles, --Graphic Cards, --Headphones, --Keyboard, --Memory, --Motherboard, --Mouse, --Power Supply, Movie Cameras, Digital Cameras, Flashes, Lenses, Tripods & Monopods, Apple Phones, Phone Accessories, --Cables & Adapters, --Cases, --Earbuds, --MicroSD Cards, Cables & Adapters, MicroSD Cards, Android Phones, Cases, Headphones, CPU Processors, Graphic Cards, Memory, Motherboard, Battery, Power Supply, Keyboard, Smart Watch, Mouse, Dongles, Phone_Holders, Earbuds]
2023-07-29 14:50:01.293 DEBUG 4676 --- [http-nio-8080-exec-8] o.s.w.s.v.ContentNegotiatingViewResolver : Selected 'text/html' given [text/html, application/xhtml+xml, image/avif, image/webp, image/apng, application/xml;q=0.9, application/signed-exchange;v=b3;q=0.7, */*;q=0.8]
2023-07-29 14:50:01.459 DEBUG 4676 --- [http-nio-8080-exec-5] o.s.web.servlet.DispatcherServlet        : GET "/webjars/bootstrap/4.3.1/css/bootstrap.min.css", parameters={}
2023-07-29 14:50:01.460 DEBUG 4676 --- [http-nio-8080-exec-7] o.s.web.servlet.DispatcherServlet        : GET "/fontawesome/all.css", parameters={}
2023-07-29 14:50:01.460 DEBUG 4676 --- [http-nio-8080-exec-5] o.s.w.s.handler.SimpleUrlHandlerMapping  : Mapped to ResourceHttpRequestHandler [class path resource [META-INF/resources/webjars/]]
2023-07-29 14:50:01.460 DEBUG 4676 --- [http-nio-8080-exec-6] o.s.web.servlet.DispatcherServlet        : GET "/css/styles.css", parameters={}
2023-07-29 14:50:01.462 DEBUG 4676 --- [http-nio-8080-exec-10] o.s.web.servlet.DispatcherServlet        : GET "/webjars/jquery/3.4.1/jquery.min.js", parameters={}
2023-07-29 14:50:01.462 DEBUG 4676 --- [http-nio-8080-exec-7] o.s.w.s.handler.SimpleUrlHandlerMapping  : Mapped to ResourceHttpRequestHandler [class path resource [META-INF/resources/], class path resource [resources/], class path resource [static/], class path resource [public/], ServletContext resource [/]]
2023-07-29 14:50:01.462 DEBUG 4676 --- [http-nio-8080-exec-9] o.s.web.servlet.DispatcherServlet        : GET "/webjars/bootstrap/4.3.1/js/bootstrap.min.js", parameters={}
2023-07-29 14:50:01.462 DEBUG 4676 --- [http-nio-8080-exec-10] o.s.w.s.handler.SimpleUrlHandlerMapping  : Mapped to ResourceHttpRequestHandler [class path resource [META-INF/resources/webjars/]]
2023-07-29 14:50:01.462 DEBUG 4676 --- [http-nio-8080-exec-9] o.s.w.s.handler.SimpleUrlHandlerMapping  : Mapped to ResourceHttpRequestHandler [class path resource [META-INF/resources/webjars/]]
2023-07-29 14:50:01.462 DEBUG 4676 --- [http-nio-8080-exec-6] o.s.w.s.handler.SimpleUrlHandlerMapping  : Mapped to ResourceHttpRequestHandler [class path resource [META-INF/resources/], class path resource [resources/], class path resource [static/], class path resource [public/], ServletContext resource [/]]
2023-07-29 14:50:01.464 DEBUG 4676 --- [http-nio-8080-exec-6] o.s.web.servlet.DispatcherServlet        : Completed 200 OK
2023-07-29 14:50:01.465 DEBUG 4676 --- [http-nio-8080-exec-9] o.s.web.servlet.DispatcherServlet        : Completed 200 OK
2023-07-29 14:50:01.464 DEBUG 4676 --- [http-nio-8080-exec-7] o.s.web.servlet.DispatcherServlet        : Completed 200 OK
2023-07-29 14:50:01.465 DEBUG 4676 --- [http-nio-8080-exec-10] o.s.web.servlet.DispatcherServlet        : Completed 200 OK
2023-07-29 14:50:01.465 DEBUG 4676 --- [http-nio-8080-exec-5] o.s.web.servlet.DispatcherServlet        : Completed 200 OK
2023-07-29 14:50:01.468 DEBUG 4676 --- [http-nio-8080-exec-4] o.s.web.servlet.DispatcherServlet        : GET "/js/common.js", parameters={}
2023-07-29 14:50:01.470 DEBUG 4676 --- [http-nio-8080-exec-4] o.s.w.s.handler.SimpleUrlHandlerMapping  : Mapped to ResourceHttpRequestHandler [class path resource [META-INF/resources/], class path resource [resources/], class path resource [static/], class path resource [public/], ServletContext resource [/]]
2023-07-29 14:50:01.472 DEBUG 4676 --- [http-nio-8080-exec-4] o.s.web.servlet.DispatcherServlet        : Completed 200 OK
2023-07-29 14:50:01.487 DEBUG 4676 --- [http-nio-8080-exec-8] o.s.web.servlet.DispatcherServlet        : Completed 200 OK
2023-07-29 14:50:01.499 DEBUG 4676 --- [http-nio-8080-exec-1] o.s.web.servlet.DispatcherServlet        : GET "/images/new%20new%20logo.png", parameters={}
2023-07-29 14:50:01.499 DEBUG 4676 --- [http-nio-8080-exec-2] o.s.web.servlet.DispatcherServlet        : GET "/js/common_list.js", parameters={}
2023-07-29 14:50:01.500 DEBUG 4676 --- [http-nio-8080-exec-1] o.s.w.s.handler.SimpleUrlHandlerMapping  : Mapped to ResourceHttpRequestHandler [class path resource [META-INF/resources/], class path resource [resources/], class path resource [static/], class path resource [public/], ServletContext resource [/]]
2023-07-29 14:50:01.500 DEBUG 4676 --- [http-nio-8080-exec-2] o.s.w.s.handler.SimpleUrlHandlerMapping  : Mapped to ResourceHttpRequestHandler [class path resource [META-INF/resources/], class path resource [resources/], class path resource [static/], class path resource [public/], ServletContext resource [/]]
2023-07-29 14:50:01.503 DEBUG 4676 --- [http-nio-8080-exec-2] o.s.web.servlet.DispatcherServlet        : Completed 200 OK
2023-07-29 14:50:01.503 DEBUG 4676 --- [http-nio-8080-exec-1] o.s.web.servlet.DispatcherServlet        : Completed 200 OK
2023-07-29 14:50:01.512 DEBUG 4676 --- [http-nio-8080-exec-3] o.s.web.servlet.DispatcherServlet        : GET "/images/english.png", parameters={}
2023-07-29 14:50:01.514 DEBUG 4676 --- [http-nio-8080-exec-6] o.s.web.servlet.DispatcherServlet        : GET "/images/turkish.png", parameters={}
2023-07-29 14:50:01.515 DEBUG 4676 --- [http-nio-8080-exec-3] o.s.w.s.handler.SimpleUrlHandlerMapping  : Mapped to ResourceHttpRequestHandler [class path resource [META-INF/resources/], class path resource [resources/], class path resource [static/], class path resource [public/], ServletContext resource [/]]
2023-07-29 14:50:01.515 DEBUG 4676 --- [http-nio-8080-exec-6] o.s.w.s.handler.SimpleUrlHandlerMapping  : Mapped to ResourceHttpRequestHandler [class path resource [META-INF/resources/], class path resource [resources/], class path resource [static/], class path resource [public/], ServletContext resource [/]]
2023-07-29 14:50:01.516 DEBUG 4676 --- [http-nio-8080-exec-6] o.s.web.servlet.DispatcherServlet        : Completed 200 OK
2023-07-29 14:50:01.516 DEBUG 4676 --- [http-nio-8080-exec-3] o.s.web.servlet.DispatcherServlet        : Completed 200 OK
2023-07-29 14:50:01.525 DEBUG 4676 --- [http-nio-8080-exec-9] o.s.web.servlet.DispatcherServlet        : GET "/webfonts/fa-solid-900.woff2", parameters={}
2023-07-29 14:50:01.526 DEBUG 4676 --- [http-nio-8080-exec-9] o.s.w.s.handler.SimpleUrlHandlerMapping  : Mapped to ResourceHttpRequestHandler [class path resource [META-INF/resources/], class path resource [resources/], class path resource [static/], class path resource [public/], ServletContext resource [/]]
2023-07-29 14:50:01.529 DEBUG 4676 --- [http-nio-8080-exec-9] o.s.web.servlet.DispatcherServlet        : Completed 200 OK
2023-07-29 14:50:08.445 DEBUG 4676 --- [http-nio-8080-exec-10] o.s.web.servlet.DispatcherServlet        : GET "/products/edit/36", parameters={}
2023-07-29 14:50:08.445 DEBUG 4676 --- [http-nio-8080-exec-10] s.w.s.m.m.a.RequestMappingHandlerMapping : Mapped to com.shopme.admin.controller.ProductController#editProduct(Integer, Model, RedirectAttributes, ShopmeUserDetails)
2023-07-29 14:50:08.447  INFO 4676 --- [http-nio-8080-exec-10] c.s.admin.controller.ProductController   : ProductController | editProduct is started
2023-07-29 14:50:08.460  INFO 4676 --- [http-nio-8080-exec-10] c.s.admin.controller.ProductController   : ProductController | editProduct | loggedUser  : ShopmeUserDetails [user=com.shopme.common.entity.User@6830d6c3]
2023-07-29 14:50:08.461  INFO 4676 --- [http-nio-8080-exec-10] c.s.admin.controller.ProductController   : ProductController | editProduct | product  : Product [id=36, name=Airpods]
2023-07-29 14:50:08.476  INFO 4676 --- [http-nio-8080-exec-10] c.s.admin.controller.ProductController   : ProductController | editProduct | listBrands : [Brand [id=24, name=AMD, categories=[CPU Processors]], Brand [id=8, name=Apple, categories=[Apple Phones, Earbuds, Smart Watch]], Brand [id=22, name=ASUS, categories=[Laptops, Motherboard]], Brand [id=1, name=Canon, categories=[Digital Cameras]], Brand [id=2, name=Fujifilm, categories=[Movie Cameras, Lenses, Flashes]], Brand [id=29, name=Gigabyte, categories=[Graphic Cards]], Brand [id=14, name=GoPro, categories=[Digital Cameras, Tripods & Monopods]], Brand [id=4, name=HP, categories=[Desktops, Laptops, Keyboard, Phone_Holders, Headphones, Mouse, Dongles, Battery]], Brand [id=16, name=Huawei, categories=[Phone_Holders, Dongles, Phone Accessories, Cables & Adapters, Android Phones]], Brand [id=21, name=Intel, categories=[CPU Processors, Motherboard]], Brand [id=28, name=Kingston, categories=[Memory, MicroSD Cards]], Brand [id=20, name=Lenovo, categories=[Tablets, Laptops]], Brand [id=18, name=Lexar, categories=[MicroSD Cards]], Brand [id=15, name=LG, categories=[Tripods & Monopods, Cables & Adapters, Android Phones]], Brand [id=25, name=MSI, categories=[Power Supply, Motherboard]], Brand [id=11, name=Nikon, categories=[Movie Cameras, Digital Cameras]], Brand [id=10, name=Olympus, categories=[Movie Cameras, Tripods & Monopods, Lenses, Flashes]], Brand [id=7, name=Panasonic, categories=[Movie Cameras, Digital Cameras]], Brand [id=9, name=Samsung, categories=[Tablets, Cases, Tripods & Monopods, Cables & Adapters, Android Phones]], Brand [id=5, name=SanDisk, categories=[MicroSD Cards]], Brand [id=3, name=Sony, categories=[Headphones, Digital Cameras, Tripods & Monopods]]]
2023-07-29 14:50:08.476  INFO 4676 --- [http-nio-8080-exec-10] c.s.admin.controller.ProductController   : ProductController | editProduct | numberOfExistingExtraImages : 0
2023-07-29 14:50:08.476  INFO 4676 --- [http-nio-8080-exec-10] c.s.admin.controller.ProductController   : ProductController | editProduct | isReadOnlyForSalesperson  : false
2023-07-29 14:50:08.477 DEBUG 4676 --- [http-nio-8080-exec-10] o.s.w.s.v.ContentNegotiatingViewResolver : Selected 'text/html' given [text/html, application/xhtml+xml, image/avif, image/webp, image/apng, application/xml;q=0.9, application/signed-exchange;v=b3;q=0.7, */*;q=0.8]
2023-07-29 14:50:08.574 DEBUG 4676 --- [http-nio-8080-exec-10] o.s.web.servlet.DispatcherServlet        : Completed 200 OK
2023-07-29 14:50:08.605 DEBUG 4676 --- [http-nio-8080-exec-7] o.s.web.servlet.DispatcherServlet        : GET "/webjars/bootstrap/4.3.1/css/bootstrap.min.css", parameters={}
2023-07-29 14:50:08.606 DEBUG 4676 --- [http-nio-8080-exec-7] o.s.w.s.handler.SimpleUrlHandlerMapping  : Mapped to ResourceHttpRequestHandler [class path resource [META-INF/resources/webjars/]]
2023-07-29 14:50:08.607 DEBUG 4676 --- [http-nio-8080-exec-4] o.s.web.servlet.DispatcherServlet        : GET "/css/styles.css", parameters={}
2023-07-29 14:50:08.607 DEBUG 4676 --- [http-nio-8080-exec-5] o.s.web.servlet.DispatcherServlet        : GET "/fontawesome/all.css", parameters={}
2023-07-29 14:50:08.607 DEBUG 4676 --- [http-nio-8080-exec-8] o.s.web.servlet.DispatcherServlet        : GET "/webjars/jquery/3.4.1/jquery.min.js", parameters={}
2023-07-29 14:50:08.607 DEBUG 4676 --- [http-nio-8080-exec-2] o.s.web.servlet.DispatcherServlet        : GET "/webjars/bootstrap/4.3.1/js/bootstrap.min.js", parameters={}
2023-07-29 14:50:08.607 DEBUG 4676 --- [http-nio-8080-exec-1] o.s.web.servlet.DispatcherServlet        : GET "/js/common.js", parameters={}
2023-07-29 14:50:08.607 DEBUG 4676 --- [http-nio-8080-exec-5] o.s.w.s.handler.SimpleUrlHandlerMapping  : Mapped to ResourceHttpRequestHandler [class path resource [META-INF/resources/], class path resource [resources/], class path resource [static/], class path resource [public/], ServletContext resource [/]]
2023-07-29 14:50:08.608 DEBUG 4676 --- [http-nio-8080-exec-4] o.s.w.s.handler.SimpleUrlHandlerMapping  : Mapped to ResourceHttpRequestHandler [class path resource [META-INF/resources/], class path resource [resources/], class path resource [static/], class path resource [public/], ServletContext resource [/]]
2023-07-29 14:50:08.608 DEBUG 4676 --- [http-nio-8080-exec-8] o.s.w.s.handler.SimpleUrlHandlerMapping  : Mapped to ResourceHttpRequestHandler [class path resource [META-INF/resources/webjars/]]
2023-07-29 14:50:08.608 DEBUG 4676 --- [http-nio-8080-exec-2] o.s.w.s.handler.SimpleUrlHandlerMapping  : Mapped to ResourceHttpRequestHandler [class path resource [META-INF/resources/webjars/]]
2023-07-29 14:50:08.608 DEBUG 4676 --- [http-nio-8080-exec-1] o.s.w.s.handler.SimpleUrlHandlerMapping  : Mapped to ResourceHttpRequestHandler [class path resource [META-INF/resources/], class path resource [resources/], class path resource [static/], class path resource [public/], ServletContext resource [/]]
2023-07-29 14:50:08.609 DEBUG 4676 --- [http-nio-8080-exec-4] o.s.web.servlet.DispatcherServlet        : Completed 200 OK
2023-07-29 14:50:08.611 DEBUG 4676 --- [http-nio-8080-exec-5] o.s.web.servlet.DispatcherServlet        : Completed 200 OK
2023-07-29 14:50:08.611 DEBUG 4676 --- [http-nio-8080-exec-1] o.s.web.servlet.DispatcherServlet        : Completed 200 OK
2023-07-29 14:50:08.611 DEBUG 4676 --- [http-nio-8080-exec-7] o.s.web.servlet.DispatcherServlet        : Completed 200 OK
2023-07-29 14:50:08.612 DEBUG 4676 --- [http-nio-8080-exec-8] o.s.web.servlet.DispatcherServlet        : Completed 200 OK
2023-07-29 14:50:08.611 DEBUG 4676 --- [http-nio-8080-exec-2] o.s.web.servlet.DispatcherServlet        : Completed 200 OK
2023-07-29 14:50:08.612 DEBUG 4676 --- [http-nio-8080-exec-6] o.s.web.servlet.DispatcherServlet        : GET "/richtext/richtext.min.css", parameters={}
2023-07-29 14:50:08.613 DEBUG 4676 --- [http-nio-8080-exec-6] o.s.w.s.handler.SimpleUrlHandlerMapping  : Mapped to ResourceHttpRequestHandler [class path resource [META-INF/resources/], class path resource [resources/], class path resource [static/], class path resource [public/], ServletContext resource [/]]
2023-07-29 14:50:08.613 DEBUG 4676 --- [http-nio-8080-exec-3] o.s.web.servlet.DispatcherServlet        : GET "/richtext/jquery.richtext.min.js", parameters={}
2023-07-29 14:50:08.613 DEBUG 4676 --- [http-nio-8080-exec-3] o.s.w.s.handler.SimpleUrlHandlerMapping  : Mapped to ResourceHttpRequestHandler [class path resource [META-INF/resources/], class path resource [resources/], class path resource [static/], class path resource [public/], ServletContext resource [/]]
2023-07-29 14:50:08.614 DEBUG 4676 --- [http-nio-8080-exec-6] o.s.web.servlet.DispatcherServlet        : Completed 200 OK
2023-07-29 14:50:08.615 DEBUG 4676 --- [http-nio-8080-exec-3] o.s.web.servlet.DispatcherServlet        : Completed 200 OK
2023-07-29 14:50:08.649 DEBUG 4676 --- [http-nio-8080-exec-9] o.s.web.servlet.DispatcherServlet        : GET "/js/common_form.js", parameters={}
2023-07-29 14:50:08.651 DEBUG 4676 --- [http-nio-8080-exec-9] o.s.w.s.handler.SimpleUrlHandlerMapping  : Mapped to ResourceHttpRequestHandler [class path resource [META-INF/resources/], class path resource [resources/], class path resource [static/], class path resource [public/], ServletContext resource [/]]
2023-07-29 14:50:08.654 DEBUG 4676 --- [http-nio-8080-exec-9] o.s.web.servlet.DispatcherServlet        : Completed 200 OK
2023-07-29 14:50:08.658 DEBUG 4676 --- [http-nio-8080-exec-10] o.s.web.servlet.DispatcherServlet        : GET "/js/product_form_overview.js", parameters={}
2023-07-29 14:50:08.659 DEBUG 4676 --- [http-nio-8080-exec-10] o.s.w.s.handler.SimpleUrlHandlerMapping  : Mapped to ResourceHttpRequestHandler [class path resource [META-INF/resources/], class path resource [resources/], class path resource [static/], class path resource [public/], ServletContext resource [/]]
2023-07-29 14:50:08.662 DEBUG 4676 --- [http-nio-8080-exec-10] o.s.web.servlet.DispatcherServlet        : Completed 200 OK
2023-07-29 14:50:08.665 DEBUG 4676 --- [http-nio-8080-exec-4] o.s.web.servlet.DispatcherServlet        : GET "/js/product_form_images.js", parameters={}
2023-07-29 14:50:08.666 DEBUG 4676 --- [http-nio-8080-exec-4] o.s.w.s.handler.SimpleUrlHandlerMapping  : Mapped to ResourceHttpRequestHandler [class path resource [META-INF/resources/], class path resource [resources/], class path resource [static/], class path resource [public/], ServletContext resource [/]]
2023-07-29 14:50:08.668 DEBUG 4676 --- [http-nio-8080-exec-4] o.s.web.servlet.DispatcherServlet        : Completed 200 OK
2023-07-29 14:50:08.669 DEBUG 4676 --- [http-nio-8080-exec-5] o.s.web.servlet.DispatcherServlet        : GET "/js/product_form_details.js", parameters={}
2023-07-29 14:50:08.670 DEBUG 4676 --- [http-nio-8080-exec-5] o.s.w.s.handler.SimpleUrlHandlerMapping  : Mapped to ResourceHttpRequestHandler [class path resource [META-INF/resources/], class path resource [resources/], class path resource [static/], class path resource [public/], ServletContext resource [/]]
2023-07-29 14:50:08.672 DEBUG 4676 --- [http-nio-8080-exec-5] o.s.web.servlet.DispatcherServlet        : Completed 200 OK
2023-07-29 14:50:08.673 DEBUG 4676 --- [http-nio-8080-exec-7] o.s.web.servlet.DispatcherServlet        : GET "/images/english.png", parameters={}
2023-07-29 14:50:08.673 DEBUG 4676 --- [http-nio-8080-exec-8] o.s.web.servlet.DispatcherServlet        : GET "/images/turkish.png", parameters={}
2023-07-29 14:50:08.673 DEBUG 4676 --- [http-nio-8080-exec-1] o.s.web.servlet.DispatcherServlet        : GET "/images/new%20new%20logo.png", parameters={}
2023-07-29 14:50:08.674 DEBUG 4676 --- [http-nio-8080-exec-7] o.s.w.s.handler.SimpleUrlHandlerMapping  : Mapped to ResourceHttpRequestHandler [class path resource [META-INF/resources/], class path resource [resources/], class path resource [static/], class path resource [public/], ServletContext resource [/]]
2023-07-29 14:50:08.674 DEBUG 4676 --- [http-nio-8080-exec-8] o.s.w.s.handler.SimpleUrlHandlerMapping  : Mapped to ResourceHttpRequestHandler [class path resource [META-INF/resources/], class path resource [resources/], class path resource [static/], class path resource [public/], ServletContext resource [/]]
2023-07-29 14:50:08.675 DEBUG 4676 --- [http-nio-8080-exec-1] o.s.w.s.handler.SimpleUrlHandlerMapping  : Mapped to ResourceHttpRequestHandler [class path resource [META-INF/resources/], class path resource [resources/], class path resource [static/], class path resource [public/], ServletContext resource [/]]
2023-07-29 14:50:08.679 DEBUG 4676 --- [http-nio-8080-exec-8] o.s.web.servlet.DispatcherServlet        : Completed 200 OK
2023-07-29 14:50:08.679 DEBUG 4676 --- [http-nio-8080-exec-7] o.s.web.servlet.DispatcherServlet        : Completed 200 OK
2023-07-29 14:50:08.679 DEBUG 4676 --- [http-nio-8080-exec-2] o.s.web.servlet.DispatcherServlet        : GET "/images/image-thumbnail.png", parameters={}
2023-07-29 14:50:08.680 DEBUG 4676 --- [http-nio-8080-exec-1] o.s.web.servlet.DispatcherServlet        : Completed 200 OK
2023-07-29 14:50:08.680 DEBUG 4676 --- [http-nio-8080-exec-2] o.s.w.s.handler.SimpleUrlHandlerMapping  : Mapped to ResourceHttpRequestHandler [class path resource [META-INF/resources/], class path resource [resources/], class path resource [static/], class path resource [public/], ServletContext resource [/]]
2023-07-29 14:50:08.687 DEBUG 4676 --- [http-nio-8080-exec-2] o.s.web.servlet.DispatcherServlet        : Completed 200 OK
2023-07-29 14:50:08.694 DEBUG 4676 --- [http-nio-8080-exec-6] o.s.web.servlet.DispatcherServlet        : GET "/webfonts/fa-solid-900.woff2", parameters={}
2023-07-29 14:50:08.695 DEBUG 4676 --- [http-nio-8080-exec-6] o.s.w.s.handler.SimpleUrlHandlerMapping  : Mapped to ResourceHttpRequestHandler [class path resource [META-INF/resources/], class path resource [resources/], class path resource [static/], class path resource [public/], ServletContext resource [/]]
2023-07-29 14:50:08.699 DEBUG 4676 --- [http-nio-8080-exec-6] o.s.web.servlet.DispatcherServlet        : Completed 200 OK
2023-07-29 14:50:29.070 DEBUG 4676 --- [http-nio-8080-exec-3] o.s.web.servlet.DispatcherServlet        : POST "/products/check_unique", parameters={masked}
2023-07-29 14:50:29.070 DEBUG 4676 --- [http-nio-8080-exec-3] s.w.s.m.m.a.RequestMappingHandlerMapping : Mapped to com.shopme.admin.controller.ProductRestController#checkUnique(Integer, String)
2023-07-29 14:50:29.081 DEBUG 4676 --- [http-nio-8080-exec-3] m.m.a.RequestResponseBodyMethodProcessor : Using 'text/plain', given [*/*] and supported [text/plain, */*, text/plain, */*, application/json, application/*+json, application/json, application/*+json]
2023-07-29 14:50:29.082 DEBUG 4676 --- [http-nio-8080-exec-3] m.m.a.RequestResponseBodyMethodProcessor : Writing ["OK"]
2023-07-29 14:50:29.083 DEBUG 4676 --- [http-nio-8080-exec-3] o.s.web.servlet.DispatcherServlet        : Completed 200 OK
2023-07-29 14:50:29.153 DEBUG 4676 --- [http-nio-8080-exec-9] o.s.web.servlet.DispatcherServlet        : POST "/products/save", parameters={masked}
2023-07-29 14:50:29.155 DEBUG 4676 --- [http-nio-8080-exec-9] s.w.s.m.m.a.RequestMappingHandlerMapping : Mapped to com.shopme.admin.controller.ProductController#saveProduct(Product, RedirectAttributes, MultipartFile, MultipartFile[], String[], String[], String[], String[], String[], ShopmeUserDetails)
2023-07-29 14:50:29.164  INFO 4676 --- [http-nio-8080-exec-9] c.s.admin.controller.ProductController   : ProductController | saveProduct is started
2023-07-29 14:50:29.164  INFO 4676 --- [http-nio-8080-exec-9] c.s.admin.controller.ProductController   : ProductController | saveProduct | mainImageMultipart.isEmpty() : true
2023-07-29 14:50:29.164  INFO 4676 --- [http-nio-8080-exec-9] c.s.admin.controller.ProductController   : ProductController | saveProduct | extraImageMultiparts size : 1
2023-07-29 14:50:29.164  INFO 4676 --- [http-nio-8080-exec-9] c.s.admin.controller.ProductController   : ProductController | saveProduct | loggedUser.getUsername() : diluna617@gmail.com
2023-07-29 14:50:29.164  INFO 4676 --- [http-nio-8080-exec-9] c.s.admin.controller.ProductController   : ProductController | saveProduct | loggedUser.getFullname() : Diluna Chathuranga
2023-07-29 14:50:29.164  INFO 4676 --- [http-nio-8080-exec-9] c.s.admin.controller.ProductController   : ProductController | saveProduct | loggedUser.getAuthorities() : [Admin]
2023-07-29 14:50:29.164  INFO 4676 --- [http-nio-8080-exec-9] c.shopme.admin.helper.ProductSaveHelper  : ProductSaveHelper | setMainImageName is started
2023-07-29 14:50:29.165  INFO 4676 --- [http-nio-8080-exec-9] c.shopme.admin.helper.ProductSaveHelper  : ProductSaveHelper | setMainImageName | !mainImageMultipart.isEmpty() : false
2023-07-29 14:50:29.165  INFO 4676 --- [http-nio-8080-exec-9] c.shopme.admin.helper.ProductSaveHelper  : ProductSaveHelper | setMainImageName is completed
2023-07-29 14:50:29.165  INFO 4676 --- [http-nio-8080-exec-9] c.shopme.admin.helper.ProductSaveHelper  : ProductSaveHelper | setExistingExtraImageNames is started
2023-07-29 14:50:29.165  INFO 4676 --- [http-nio-8080-exec-9] c.shopme.admin.helper.ProductSaveHelper  : ProductSaveHelper | setNewExtraImageNames is started
2023-07-29 14:50:29.165  INFO 4676 --- [http-nio-8080-exec-9] c.shopme.admin.helper.ProductSaveHelper  : ProductSaveHelper | setNewExtraImageNames | extraImageMultiparts.length : 1
2023-07-29 14:50:29.165  INFO 4676 --- [http-nio-8080-exec-9] c.shopme.admin.helper.ProductSaveHelper  : ProductSaveHelper | setNewExtraImageNames | !multipartFile.isEmpty() : false
2023-07-29 14:50:29.165  INFO 4676 --- [http-nio-8080-exec-9] c.shopme.admin.helper.ProductSaveHelper  : ProductSaveHelper | setExtraImageNames is completed
2023-07-29 14:50:29.165  INFO 4676 --- [http-nio-8080-exec-9] c.shopme.admin.helper.ProductSaveHelper  : ProductSaveHelper | setProductDetails is started
2023-07-29 14:50:29.165  INFO 4676 --- [http-nio-8080-exec-9] c.shopme.admin.helper.ProductSaveHelper  : ProductSaveHelper | setProductDetails | detailNames : [Ljava.lang.String;@62faf799
2023-07-29 14:50:29.165  INFO 4676 --- [http-nio-8080-exec-9] c.shopme.admin.helper.ProductSaveHelper  : ProductSaveHelper | setProductDetails | detailNames : [Ljava.lang.String;@7d342c5a
2023-07-29 14:50:29.165  INFO 4676 --- [http-nio-8080-exec-9] c.shopme.admin.helper.ProductSaveHelper  : ProductSaveHelper | setProductDetails | product : Product [id=36, name=Airpods]
2023-07-29 14:50:29.165  INFO 4676 --- [http-nio-8080-exec-9] c.shopme.admin.helper.ProductSaveHelper  : ProductSaveHelper | setProductDetails | product with its detail : [com.shopme.common.entity.product.ProductDetail@41b24955]
2023-07-29 14:50:29.165  INFO 4676 --- [http-nio-8080-exec-9] c.shopme.admin.helper.ProductSaveHelper  : ProductSaveHelper | setProductDetails is completed
2023-07-29 14:50:29.192  INFO 4676 --- [http-nio-8080-exec-9] c.shopme.admin.helper.ProductSaveHelper  : ProductSaveHelper | saveUploadedImagesForAmazonS3 is started
2023-07-29 14:50:29.192  INFO 4676 --- [http-nio-8080-exec-9] c.shopme.admin.helper.ProductSaveHelper  : ProductSaveHelper | saveUploadedImagesForAmazonS3 | extraImageMultiparts.length > 0
2023-07-29 14:50:29.192  INFO 4676 --- [http-nio-8080-exec-9] c.shopme.admin.helper.ProductSaveHelper  : ProductSaveHelper | saveUploadedImagesForAmazonS3 | uploadDir : product-images/36/extras
2023-07-29 14:50:29.192  INFO 4676 --- [http-nio-8080-exec-9] c.shopme.admin.helper.ProductSaveHelper  : ProductSaveHelper | deleteExtraImagesWeredRemovedOnFormForAmazonS3 is started
2023-07-29 14:50:29.193  INFO 4676 --- [http-nio-8080-exec-9] com.shopme.admin.util.AmazonS3Util       : AmazonS3Util | BUCKET_NAME : awsshopme-files
2023-07-29 14:50:29.193  INFO 4676 --- [http-nio-8080-exec-9] com.shopme.admin.util.AmazonS3Util       : AmazonS3Util | listFolder is started
2023-07-29 14:50:29.495  INFO 4676 --- [http-nio-8080-exec-9] com.shopme.admin.util.AmazonS3Util       : AmazonS3Util | listFolder | client : software.amazon.awssdk.services.s3.DefaultS3Client@77443143
2023-07-29 14:50:29.502  INFO 4676 --- [http-nio-8080-exec-9] com.shopme.admin.util.AmazonS3Util       : AmazonS3Util | listFolder | listRequest : software.amazon.awssdk.services.s3.DefaultS3Client@77443143
2023-07-29 14:50:30.444  INFO 4676 --- [http-nio-8080-exec-9] com.shopme.admin.util.AmazonS3Util       : AmazonS3Util | listFolder | response : ListObjectsResponse(IsTruncated=false, Marker=, Name=awsshopme-files, Prefix=product-images/36/extras, MaxKeys=1000)
2023-07-29 14:50:30.444  INFO 4676 --- [http-nio-8080-exec-9] com.shopme.admin.util.AmazonS3Util       : AmazonS3Util | listFolder | contents : []
2023-07-29 14:50:30.444  INFO 4676 --- [http-nio-8080-exec-9] com.shopme.admin.util.AmazonS3Util       : AmazonS3Util | listFolder | listIterator : java.util.Collections$EmptyListIterator@1f7bdd12
2023-07-29 14:50:30.444  INFO 4676 --- [http-nio-8080-exec-9] com.shopme.admin.util.AmazonS3Util       : AmazonS3Util | listFolder | listKeys : []
2023-07-29 14:50:30.444  INFO 4676 --- [http-nio-8080-exec-9] c.shopme.admin.helper.ProductSaveHelper  : ProductSaveHelper | deleteExtraImagesWeredRemovedOnForm | listObjectKeys : []
2023-07-29 14:50:30.445 DEBUG 4676 --- [http-nio-8080-exec-9] o.s.web.servlet.view.RedirectView        : View name 'redirect:', model {}
2023-07-29 14:50:30.446 DEBUG 4676 --- [http-nio-8080-exec-9] o.s.web.servlet.DispatcherServlet        : Completed 302 FOUND
2023-07-29 14:50:30.451 DEBUG 4676 --- [http-nio-8080-exec-9] o.s.web.servlet.DispatcherServlet        : GET "/products/page/1?sortField=name&sortDir=asc&categoryId=0", parameters={masked}
2023-07-29 14:50:30.452 DEBUG 4676 --- [http-nio-8080-exec-9] s.w.s.m.m.a.RequestMappingHandlerMapping : Mapped to com.shopme.admin.controller.ProductController#listByPage(PagingAndSortingHelper, int, Model, Integer)
2023-07-29 14:50:30.453  INFO 4676 --- [http-nio-8080-exec-9] c.s.a.p.PagingAndSortingArgumentResolver : PagingAndSortingArgumentResolver | resolveArgument | sortField : name
2023-07-29 14:50:30.453  INFO 4676 --- [http-nio-8080-exec-9] c.s.a.p.PagingAndSortingArgumentResolver : PagingAndSortingArgumentResolver | resolveArgument | sortDir : asc
2023-07-29 14:50:30.453  INFO 4676 --- [http-nio-8080-exec-9] c.s.a.p.PagingAndSortingArgumentResolver : PagingAndSortingArgumentResolver | resolveArgument | reverseSortDir : desc
2023-07-29 14:50:30.453  INFO 4676 --- [http-nio-8080-exec-9] c.s.a.p.PagingAndSortingArgumentResolver : PagingAndSortingArgumentResolver | resolveArgument | keyword : null
2023-07-29 14:50:30.453  INFO 4676 --- [http-nio-8080-exec-9] c.s.a.p.PagingAndSortingArgumentResolver : PagingAndSortingArgumentResolver | resolveArgument | moduleURL : /products
2023-07-29 14:50:30.453  INFO 4676 --- [http-nio-8080-exec-9] c.s.admin.controller.ProductController   : ProductController | listByPage is started
2023-07-29 14:50:30.453  INFO 4676 --- [http-nio-8080-exec-9] c.s.admin.paging.PagingAndSortingHelper  : PagingAndSortingHelper | createPageable is started
2023-07-29 14:50:30.453  INFO 4676 --- [http-nio-8080-exec-9] c.s.admin.paging.PagingAndSortingHelper  : PagingAndSortingHelper | createPageable | sort : name: ASC
2023-07-29 14:50:30.453  INFO 4676 --- [http-nio-8080-exec-9] c.s.admin.paging.PagingAndSortingHelper  : PagingAndSortingHelper | createPageable | pageNum - 1 : 0
2023-07-29 14:50:30.453  INFO 4676 --- [http-nio-8080-exec-9] c.s.admin.paging.PagingAndSortingHelper  : PagingAndSortingHelper | createPageable | pageSize : 5
2023-07-29 14:50:30.463  INFO 4676 --- [http-nio-8080-exec-9] c.s.admin.paging.PagingAndSortingHelper  : PagingAndSortingHelper | updateModelAttributes is started
2023-07-29 14:50:30.463  INFO 4676 --- [http-nio-8080-exec-9] c.s.admin.paging.PagingAndSortingHelper  : PagingAndSortingHelper | updateModelAttributes | startCount : 1
2023-07-29 14:50:30.463  INFO 4676 --- [http-nio-8080-exec-9] c.s.admin.paging.PagingAndSortingHelper  : PagingAndSortingHelper | updateModelAttributes | endCount : 5
2023-07-29 14:50:30.463  INFO 4676 --- [http-nio-8080-exec-9] c.s.admin.paging.PagingAndSortingHelper  : PagingAndSortingHelper | updateModelAttributes | page.getTotalElements() : 32
2023-07-29 14:50:30.463  INFO 4676 --- [http-nio-8080-exec-9] c.s.admin.paging.PagingAndSortingHelper  : PagingAndSortingHelper | updateModelAttributes | endCount : 5
2023-07-29 14:50:30.463  INFO 4676 --- [http-nio-8080-exec-9] c.s.admin.paging.PagingAndSortingHelper  : PagingAndSortingHelper | updateModelAttributes | currentPage : 1
2023-07-29 14:50:30.463  INFO 4676 --- [http-nio-8080-exec-9] c.s.admin.paging.PagingAndSortingHelper  : PagingAndSortingHelper | updateModelAttributes | totalPages : 7
2023-07-29 14:50:30.463  INFO 4676 --- [http-nio-8080-exec-9] c.s.admin.paging.PagingAndSortingHelper  : PagingAndSortingHelper | updateModelAttributes | totalItems : 32
2023-07-29 14:50:30.479  INFO 4676 --- [http-nio-8080-exec-9] c.s.admin.controller.ProductController   : ProductController | newProduct | categoryId : 0
2023-07-29 14:50:30.479  INFO 4676 --- [http-nio-8080-exec-9] c.s.admin.controller.ProductController   : ProductController | newProduct | listCategories : [Electronics, --Camera & Accessories, ----Digital Cameras, ----Flashes, ----Lenses, ----Movie Cameras, ----Tripods & Monopods, --Phones & Accessories, ----Android Phones, ----Apple Phones, ----Phone Accessories, ------Cables & Adapters, ------Cases, ------Earbuds, ------MicroSD Cards, ----Phone_Holders, --Smart Watch, Camera & Accessories, --Digital Cameras, --Flashes, --Lenses, --Movie Cameras, --Tripods & Monopods, Computers, --Computer Accessories, ----Battery, ----CPU Processors, ----Dongles, ----Graphic Cards, ----Headphones, ----Keyboard, ----Memory, ----Motherboard, ----Mouse, ----Power Supply, --Desktops, --Laptops, --Tablets, Phones & Accessories, --Android Phones, --Apple Phones, --Phone Accessories, ----Cables & Adapters, ----Cases, ----Earbuds, ----MicroSD Cards, --Phone_Holders, Desktops, Laptops, Tablets, Computer Accessories, --Battery, --CPU Processors, --Dongles, --Graphic Cards, --Headphones, --Keyboard, --Memory, --Motherboard, --Mouse, --Power Supply, Movie Cameras, Digital Cameras, Flashes, Lenses, Tripods & Monopods, Apple Phones, Phone Accessories, --Cables & Adapters, --Cases, --Earbuds, --MicroSD Cards, Cables & Adapters, MicroSD Cards, Android Phones, Cases, Headphones, CPU Processors, Graphic Cards, Memory, Motherboard, Battery, Power Supply, Keyboard, Smart Watch, Mouse, Dongles, Phone_Holders, Earbuds]
2023-07-29 14:50:30.480 DEBUG 4676 --- [http-nio-8080-exec-9] o.s.w.s.v.ContentNegotiatingViewResolver : Selected 'text/html' given [text/html, application/xhtml+xml, image/avif, image/webp, image/apng, application/xml;q=0.9, application/signed-exchange;v=b3;q=0.7, */*;q=0.8]
2023-07-29 14:50:30.585 DEBUG 4676 --- [http-nio-8080-exec-10] o.s.web.servlet.DispatcherServlet        : GET "/webjars/bootstrap/4.3.1/css/bootstrap.min.css", parameters={}
2023-07-29 14:50:30.586 DEBUG 4676 --- [http-nio-8080-exec-10] o.s.w.s.handler.SimpleUrlHandlerMapping  : Mapped to ResourceHttpRequestHandler [class path resource [META-INF/resources/webjars/]]
2023-07-29 14:50:30.586 DEBUG 4676 --- [http-nio-8080-exec-4] o.s.web.servlet.DispatcherServlet        : GET "/fontawesome/all.css", parameters={}
2023-07-29 14:50:30.586 DEBUG 4676 --- [http-nio-8080-exec-5] o.s.web.servlet.DispatcherServlet        : GET "/css/styles.css", parameters={}
2023-07-29 14:50:30.586 DEBUG 4676 --- [http-nio-8080-exec-7] o.s.web.servlet.DispatcherServlet        : GET "/webjars/bootstrap/4.3.1/js/bootstrap.min.js", parameters={}
2023-07-29 14:50:30.586 DEBUG 4676 --- [http-nio-8080-exec-8] o.s.web.servlet.DispatcherServlet        : GET "/webjars/jquery/3.4.1/jquery.min.js", parameters={}
2023-07-29 14:50:30.586 DEBUG 4676 --- [http-nio-8080-exec-7] o.s.w.s.handler.SimpleUrlHandlerMapping  : Mapped to ResourceHttpRequestHandler [class path resource [META-INF/resources/webjars/]]
2023-07-29 14:50:30.587 DEBUG 4676 --- [http-nio-8080-exec-4] o.s.w.s.handler.SimpleUrlHandlerMapping  : Mapped to ResourceHttpRequestHandler [class path resource [META-INF/resources/], class path resource [resources/], class path resource [static/], class path resource [public/], ServletContext resource [/]]
2023-07-29 14:50:30.587 DEBUG 4676 --- [http-nio-8080-exec-8] o.s.w.s.handler.SimpleUrlHandlerMapping  : Mapped to ResourceHttpRequestHandler [class path resource [META-INF/resources/webjars/]]
2023-07-29 14:50:30.587 DEBUG 4676 --- [http-nio-8080-exec-5] o.s.w.s.handler.SimpleUrlHandlerMapping  : Mapped to ResourceHttpRequestHandler [class path resource [META-INF/resources/], class path resource [resources/], class path resource [static/], class path resource [public/], ServletContext resource [/]]
2023-07-29 14:50:30.588 DEBUG 4676 --- [http-nio-8080-exec-5] o.s.web.servlet.DispatcherServlet        : Completed 200 OK
2023-07-29 14:50:30.588 DEBUG 4676 --- [http-nio-8080-exec-4] o.s.web.servlet.DispatcherServlet        : Completed 200 OK
2023-07-29 14:50:30.588 DEBUG 4676 --- [http-nio-8080-exec-7] o.s.web.servlet.DispatcherServlet        : Completed 200 OK
2023-07-29 14:50:30.588 DEBUG 4676 --- [http-nio-8080-exec-8] o.s.web.servlet.DispatcherServlet        : Completed 200 OK
2023-07-29 14:50:30.588 DEBUG 4676 --- [http-nio-8080-exec-10] o.s.web.servlet.DispatcherServlet        : Completed 200 OK
2023-07-29 14:50:30.593 DEBUG 4676 --- [http-nio-8080-exec-1] o.s.web.servlet.DispatcherServlet        : GET "/js/common.js", parameters={}
2023-07-29 14:50:30.595 DEBUG 4676 --- [http-nio-8080-exec-1] o.s.w.s.handler.SimpleUrlHandlerMapping  : Mapped to ResourceHttpRequestHandler [class path resource [META-INF/resources/], class path resource [resources/], class path resource [static/], class path resource [public/], ServletContext resource [/]]
2023-07-29 14:50:30.596 DEBUG 4676 --- [http-nio-8080-exec-1] o.s.web.servlet.DispatcherServlet        : Completed 200 OK
2023-07-29 14:50:30.612 DEBUG 4676 --- [http-nio-8080-exec-2] o.s.web.servlet.DispatcherServlet        : GET "/images/new%20new%20logo.png", parameters={}
2023-07-29 14:50:30.613 DEBUG 4676 --- [http-nio-8080-exec-2] o.s.w.s.handler.SimpleUrlHandlerMapping  : Mapped to ResourceHttpRequestHandler [class path resource [META-INF/resources/], class path resource [resources/], class path resource [static/], class path resource [public/], ServletContext resource [/]]
2023-07-29 14:50:30.615 DEBUG 4676 --- [http-nio-8080-exec-2] o.s.web.servlet.DispatcherServlet        : Completed 200 OK
2023-07-29 14:50:30.622 DEBUG 4676 --- [http-nio-8080-exec-9] o.s.web.servlet.DispatcherServlet        : Completed 200 OK
2023-07-29 14:50:30.629 DEBUG 4676 --- [http-nio-8080-exec-6] o.s.web.servlet.DispatcherServlet        : GET "/images/english.png", parameters={}
2023-07-29 14:50:30.629 DEBUG 4676 --- [http-nio-8080-exec-3] o.s.web.servlet.DispatcherServlet        : GET "/images/turkish.png", parameters={}
2023-07-29 14:50:30.630 DEBUG 4676 --- [http-nio-8080-exec-6] o.s.w.s.handler.SimpleUrlHandlerMapping  : Mapped to ResourceHttpRequestHandler [class path resource [META-INF/resources/], class path resource [resources/], class path resource [static/], class path resource [public/], ServletContext resource [/]]
2023-07-29 14:50:30.630 DEBUG 4676 --- [http-nio-8080-exec-3] o.s.w.s.handler.SimpleUrlHandlerMapping  : Mapped to ResourceHttpRequestHandler [class path resource [META-INF/resources/], class path resource [resources/], class path resource [static/], class path resource [public/], ServletContext resource [/]]
2023-07-29 14:50:30.632 DEBUG 4676 --- [http-nio-8080-exec-6] o.s.web.servlet.DispatcherServlet        : Completed 200 OK
2023-07-29 14:50:30.632 DEBUG 4676 --- [http-nio-8080-exec-3] o.s.web.servlet.DispatcherServlet        : Completed 200 OK
2023-07-29 14:50:30.640 DEBUG 4676 --- [http-nio-8080-exec-5] o.s.web.servlet.DispatcherServlet        : GET "/webfonts/fa-solid-900.woff2", parameters={}
2023-07-29 14:50:30.641 DEBUG 4676 --- [http-nio-8080-exec-5] o.s.w.s.handler.SimpleUrlHandlerMapping  : Mapped to ResourceHttpRequestHandler [class path resource [META-INF/resources/], class path resource [resources/], class path resource [static/], class path resource [public/], ServletContext resource [/]]
2023-07-29 14:50:30.643 DEBUG 4676 --- [http-nio-8080-exec-5] o.s.web.servlet.DispatcherServlet        : Completed 200 OK
2023-07-29 14:50:30.654 DEBUG 4676 --- [http-nio-8080-exec-4] o.s.web.servlet.DispatcherServlet        : GET "/js/common_list.js", parameters={}
2023-07-29 14:50:30.654 DEBUG 4676 --- [http-nio-8080-exec-4] o.s.w.s.handler.SimpleUrlHandlerMapping  : Mapped to ResourceHttpRequestHandler [class path resource [META-INF/resources/], class path resource [resources/], class path resource [static/], class path resource [public/], ServletContext resource [/]]
2023-07-29 14:50:30.656 DEBUG 4676 --- [http-nio-8080-exec-4] o.s.web.servlet.DispatcherServlet        : Completed 200 OK
2023-07-29 14:50:34.577 DEBUG 4676 --- [http-nio-8080-exec-7] o.s.web.servlet.DispatcherServlet        : GET "/", parameters={}
2023-07-29 14:50:34.577 DEBUG 4676 --- [http-nio-8080-exec-7] s.w.s.m.m.a.RequestMappingHandlerMapping : Mapped to com.shopme.admin.controller.MainController#viewHomePage(Model)
2023-07-29 14:50:34.580 DEBUG 4676 --- [http-nio-8080-exec-7] o.s.w.s.v.ContentNegotiatingViewResolver : Selected 'text/html' given [text/html, application/xhtml+xml, image/avif, image/webp, image/apng, application/xml;q=0.9, application/signed-exchange;v=b3;q=0.7, */*;q=0.8]
2023-07-29 14:50:34.612 DEBUG 4676 --- [http-nio-8080-exec-7] o.s.web.servlet.DispatcherServlet        : Completed 200 OK
2023-07-29 14:50:34.644 DEBUG 4676 --- [http-nio-8080-exec-8] o.s.web.servlet.DispatcherServlet        : GET "/webjars/bootstrap/4.3.1/css/bootstrap.min.css", parameters={}
2023-07-29 14:50:34.644 DEBUG 4676 --- [http-nio-8080-exec-10] o.s.web.servlet.DispatcherServlet        : GET "/fontawesome/all.css", parameters={}
2023-07-29 14:50:34.645 DEBUG 4676 --- [http-nio-8080-exec-8] o.s.w.s.handler.SimpleUrlHandlerMapping  : Mapped to ResourceHttpRequestHandler [class path resource [META-INF/resources/webjars/]]
2023-07-29 14:50:34.645 DEBUG 4676 --- [http-nio-8080-exec-10] o.s.w.s.handler.SimpleUrlHandlerMapping  : Mapped to ResourceHttpRequestHandler [class path resource [META-INF/resources/], class path resource [resources/], class path resource [static/], class path resource [public/], ServletContext resource [/]]
2023-07-29 14:50:34.645 DEBUG 4676 --- [http-nio-8080-exec-2] o.s.web.servlet.DispatcherServlet        : GET "/webjars/jquery/3.4.1/jquery.min.js", parameters={}
2023-07-29 14:50:34.645 DEBUG 4676 --- [http-nio-8080-exec-1] o.s.web.servlet.DispatcherServlet        : GET "/css/styles.css", parameters={}
2023-07-29 14:50:34.645 DEBUG 4676 --- [http-nio-8080-exec-9] o.s.web.servlet.DispatcherServlet        : GET "/webjars/bootstrap/4.3.1/js/bootstrap.min.js", parameters={}
2023-07-29 14:50:34.646 DEBUG 4676 --- [http-nio-8080-exec-3] o.s.web.servlet.DispatcherServlet        : GET "/js/common.js", parameters={}
2023-07-29 14:50:34.646 DEBUG 4676 --- [http-nio-8080-exec-2] o.s.w.s.handler.SimpleUrlHandlerMapping  : Mapped to ResourceHttpRequestHandler [class path resource [META-INF/resources/webjars/]]
2023-07-29 14:50:34.646 DEBUG 4676 --- [http-nio-8080-exec-9] o.s.w.s.handler.SimpleUrlHandlerMapping  : Mapped to ResourceHttpRequestHandler [class path resource [META-INF/resources/webjars/]]
2023-07-29 14:50:34.646 DEBUG 4676 --- [http-nio-8080-exec-1] o.s.w.s.handler.SimpleUrlHandlerMapping  : Mapped to ResourceHttpRequestHandler [class path resource [META-INF/resources/], class path resource [resources/], class path resource [static/], class path resource [public/], ServletContext resource [/]]
2023-07-29 14:50:34.646 DEBUG 4676 --- [http-nio-8080-exec-3] o.s.w.s.handler.SimpleUrlHandlerMapping  : Mapped to ResourceHttpRequestHandler [class path resource [META-INF/resources/], class path resource [resources/], class path resource [static/], class path resource [public/], ServletContext resource [/]]
2023-07-29 14:50:34.647 DEBUG 4676 --- [http-nio-8080-exec-10] o.s.web.servlet.DispatcherServlet        : Completed 200 OK
2023-07-29 14:50:34.647 DEBUG 4676 --- [http-nio-8080-exec-3] o.s.web.servlet.DispatcherServlet        : Completed 200 OK
2023-07-29 14:50:34.647 DEBUG 4676 --- [http-nio-8080-exec-1] o.s.web.servlet.DispatcherServlet        : Completed 200 OK
2023-07-29 14:50:34.648 DEBUG 4676 --- [http-nio-8080-exec-8] o.s.web.servlet.DispatcherServlet        : Completed 200 OK
2023-07-29 14:50:34.648 DEBUG 4676 --- [http-nio-8080-exec-9] o.s.web.servlet.DispatcherServlet        : Completed 200 OK
2023-07-29 14:50:34.648 DEBUG 4676 --- [http-nio-8080-exec-2] o.s.web.servlet.DispatcherServlet        : Completed 200 OK
2023-07-29 14:50:34.678 DEBUG 4676 --- [http-nio-8080-exec-5] o.s.web.servlet.DispatcherServlet        : GET "/images/english.png", parameters={}
2023-07-29 14:50:34.679 DEBUG 4676 --- [http-nio-8080-exec-4] o.s.web.servlet.DispatcherServlet        : GET "/images/turkish.png", parameters={}
2023-07-29 14:50:34.680 DEBUG 4676 --- [http-nio-8080-exec-6] o.s.web.servlet.DispatcherServlet        : GET "/images/new%20new%20logo.png", parameters={}
2023-07-29 14:50:34.680 DEBUG 4676 --- [http-nio-8080-exec-4] o.s.w.s.handler.SimpleUrlHandlerMapping  : Mapped to ResourceHttpRequestHandler [class path resource [META-INF/resources/], class path resource [resources/], class path resource [static/], class path resource [public/], ServletContext resource [/]]
2023-07-29 14:50:34.681 DEBUG 4676 --- [http-nio-8080-exec-6] o.s.w.s.handler.SimpleUrlHandlerMapping  : Mapped to ResourceHttpRequestHandler [class path resource [META-INF/resources/], class path resource [resources/], class path resource [static/], class path resource [public/], ServletContext resource [/]]
2023-07-29 14:50:34.681 DEBUG 4676 --- [http-nio-8080-exec-5] o.s.w.s.handler.SimpleUrlHandlerMapping  : Mapped to ResourceHttpRequestHandler [class path resource [META-INF/resources/], class path resource [resources/], class path resource [static/], class path resource [public/], ServletContext resource [/]]
2023-07-29 14:50:34.682 DEBUG 4676 --- [http-nio-8080-exec-4] o.s.web.servlet.DispatcherServlet        : Completed 200 OK
2023-07-29 14:50:34.682 DEBUG 4676 --- [http-nio-8080-exec-6] o.s.web.servlet.DispatcherServlet        : Completed 200 OK
2023-07-29 14:50:34.682 DEBUG 4676 --- [http-nio-8080-exec-5] o.s.web.servlet.DispatcherServlet        : Completed 200 OK
2023-07-29 14:50:34.692 DEBUG 4676 --- [http-nio-8080-exec-7] o.s.web.servlet.DispatcherServlet        : GET "/webfonts/fa-solid-900.woff2", parameters={}
2023-07-29 14:50:34.693 DEBUG 4676 --- [http-nio-8080-exec-7] o.s.w.s.handler.SimpleUrlHandlerMapping  : Mapped to ResourceHttpRequestHandler [class path resource [META-INF/resources/], class path resource [resources/], class path resource [static/], class path resource [public/], ServletContext resource [/]]
2023-07-29 14:50:34.696 DEBUG 4676 --- [http-nio-8080-exec-7] o.s.web.servlet.DispatcherServlet        : Completed 200 OK
