2023-07-28 11:03:45.826  INFO 19644 --- [http-nio-8081-exec-2] com.shopme.filter.SettingFilter          : SettingFilter | loadGeneralSettings | generalSettings : [Setting [key=COPYRIGHT, value=Copyright (C) 2021 Shopme Ltd.], Setting [key=CURRENCY_ID, value=4], Setting [key=CURRENCY_SYMBOL, value=€], Setting [key=CURRENCY_SYMBOL_POSITION, value=Before price], Setting [key=DECIMAL_DIGITS, value=2], Setting [key=DECIMAL_POINT_TYPE, value=POINT], Setting [key=SITE_LOGO, value=/site-logo/111.png], Setting [key=SITE_NAME, value=ShopMe], Setting [key=THOUSANDS_POINT_TYPE, value=POINT]]
2023-07-28 11:03:45.827  INFO 19644 --- [http-nio-8081-exec-2] com.shopme.filter.SettingFilter          : SettingFilter | loadGeneralSettings | generalSettings : [Setting [key=COPYRIGHT, value=Copyright (C) 2021 Shopme Ltd.], Setting [key=CURRENCY_ID, value=4], Setting [key=CURRENCY_SYMBOL, value=€], Setting [key=CURRENCY_SYMBOL_POSITION, value=Before price], Setting [key=DECIMAL_DIGITS, value=2], Setting [key=DECIMAL_POINT_TYPE, value=POINT], Setting [key=SITE_LOGO, value=/site-logo/111.png], Setting [key=SITE_NAME, value=ShopMe], Setting [key=THOUSANDS_POINT_TYPE, value=POINT]]
2023-07-28 11:03:45.828  INFO 19644 --- [http-nio-8081-exec-2] com.shopme.filter.SettingFilter          : SettingFilter | loadGeneralSettings | generalSettings : [Setting [key=COPYRIGHT, value=Copyright (C) 2021 Shopme Ltd.], Setting [key=CURRENCY_ID, value=4], Setting [key=CURRENCY_SYMBOL, value=€], Setting [key=CURRENCY_SYMBOL_POSITION, value=Before price], Setting [key=DECIMAL_DIGITS, value=2], Setting [key=DECIMAL_POINT_TYPE, value=POINT], Setting [key=SITE_LOGO, value=/site-logo/111.png], Setting [key=SITE_NAME, value=ShopMe], Setting [key=THOUSANDS_POINT_TYPE, value=POINT]]
2023-07-28 11:03:45.828  INFO 19644 --- [http-nio-8081-exec-2] com.shopme.filter.SettingFilter          : SettingFilter | loadGeneralSettings | generalSettings : [Setting [key=COPYRIGHT, value=Copyright (C) 2021 Shopme Ltd.], Setting [key=CURRENCY_ID, value=4], Setting [key=CURRENCY_SYMBOL, value=€], Setting [key=CURRENCY_SYMBOL_POSITION, value=Before price], Setting [key=DECIMAL_DIGITS, value=2], Setting [key=DECIMAL_POINT_TYPE, value=POINT], Setting [key=SITE_LOGO, value=/site-logo/111.png], Setting [key=SITE_NAME, value=ShopMe], Setting [key=THOUSANDS_POINT_TYPE, value=POINT]]
2023-07-28 11:03:45.828  INFO 19644 --- [http-nio-8081-exec-2] com.shopme.filter.SettingFilter          : SettingFilter | loadGeneralSettings | generalSettings : [Setting [key=COPYRIGHT, value=Copyright (C) 2021 Shopme Ltd.], Setting [key=CURRENCY_ID, value=4], Setting [key=CURRENCY_SYMBOL, value=€], Setting [key=CURRENCY_SYMBOL_POSITION, value=Before price], Setting [key=DECIMAL_DIGITS, value=2], Setting [key=DECIMAL_POINT_TYPE, value=POINT], Setting [key=SITE_LOGO, value=/site-logo/111.png], Setting [key=SITE_NAME, value=ShopMe], Setting [key=THOUSANDS_POINT_TYPE, value=POINT]]
2023-07-28 11:03:45.828  INFO 19644 --- [http-nio-8081-exec-2] com.shopme.filter.SettingFilter          : SettingFilter | loadMenuSettings is called
2023-07-28 11:03:45.833  INFO 19644 --- [http-nio-8081-exec-2] com.shopme.filter.SettingFilter          : SettingFilter | loadMenuSettings | headerMenuItems size : 3
2023-07-28 11:03:45.837  INFO 19644 --- [http-nio-8081-exec-2] com.shopme.filter.SettingFilter          : SettingFilter | loadMenuSettings | footerMenuItems size : 3
2023-07-28 11:03:45.840  INFO 19644 --- [http-nio-8081-exec-2] com.shopme.security.CustomerUserDetails  : CustomerUserDetails | username: diluna617@gmail.com
2023-07-28 11:03:48.378  INFO 19644 --- [http-nio-8081-exec-7] com.shopme.filter.SettingFilter          : SettingFilter | doFilter is called
2023-07-28 11:03:48.378  INFO 19644 --- [http-nio-8081-exec-7] com.shopme.filter.SettingFilter          : SettingFilter | doFilter | url : http://localhost:8081/Shopme/
2023-07-28 11:03:48.378  INFO 19644 --- [http-nio-8081-exec-7] com.shopme.filter.SettingFilter          : SettingFilter | loadGeneralSettings is called
2023-07-28 11:03:48.380  INFO 19644 --- [http-nio-8081-exec-7] com.shopme.filter.SettingFilter          : SettingFilter | loadGeneralSettings | generalSettings : [Setting [key=COPYRIGHT, value=Copyright (C) 2021 Shopme Ltd.], Setting [key=CURRENCY_ID, value=4], Setting [key=CURRENCY_SYMBOL, value=€], Setting [key=CURRENCY_SYMBOL_POSITION, value=Before price], Setting [key=DECIMAL_DIGITS, value=2], Setting [key=DECIMAL_POINT_TYPE, value=POINT], Setting [key=SITE_LOGO, value=/site-logo/111.png], Setting [key=SITE_NAME, value=ShopMe], Setting [key=THOUSANDS_POINT_TYPE, value=POINT]]
2023-07-28 11:03:48.380  INFO 19644 --- [http-nio-8081-exec-7] com.shopme.filter.SettingFilter          : SettingFilter | loadGeneralSettings | generalSettings : [Setting [key=COPYRIGHT, value=Copyright (C) 2021 Shopme Ltd.], Setting [key=CURRENCY_ID, value=4], Setting [key=CURRENCY_SYMBOL, value=€], Setting [key=CURRENCY_SYMBOL_POSITION, value=Before price], Setting [key=DECIMAL_DIGITS, value=2], Setting [key=DECIMAL_POINT_TYPE, value=POINT], Setting [key=SITE_LOGO, value=/site-logo/111.png], Setting [key=SITE_NAME, value=ShopMe], Setting [key=THOUSANDS_POINT_TYPE, value=POINT]]
2023-07-28 11:03:48.380  INFO 19644 --- [http-nio-8081-exec-7] com.shopme.filter.SettingFilter          : SettingFilter | loadGeneralSettings | generalSettings : [Setting [key=COPYRIGHT, value=Copyright (C) 2021 Shopme Ltd.], Setting [key=CURRENCY_ID, value=4], Setting [key=CURRENCY_SYMBOL, value=€], Setting [key=CURRENCY_SYMBOL_POSITION, value=Before price], Setting [key=DECIMAL_DIGITS, value=2], Setting [key=DECIMAL_POINT_TYPE, value=POINT], Setting [key=SITE_LOGO, value=/site-logo/111.png], Setting [key=SITE_NAME, value=ShopMe], Setting [key=THOUSANDS_POINT_TYPE, value=POINT]]
2023-07-28 11:03:48.380  INFO 19644 --- [http-nio-8081-exec-7] com.shopme.filter.SettingFilter          : SettingFilter | loadGeneralSettings | generalSettings : [Setting [key=COPYRIGHT, value=Copyright (C) 2021 Shopme Ltd.], Setting [key=CURRENCY_ID, value=4], Setting [key=CURRENCY_SYMBOL, value=€], Setting [key=CURRENCY_SYMBOL_POSITION, value=Before price], Setting [key=DECIMAL_DIGITS, value=2], Setting [key=DECIMAL_POINT_TYPE, value=POINT], Setting [key=SITE_LOGO, value=/site-logo/111.png], Setting [key=SITE_NAME, value=ShopMe], Setting [key=THOUSANDS_POINT_TYPE, value=POINT]]
2023-07-28 11:03:48.380  INFO 19644 --- [http-nio-8081-exec-7] com.shopme.filter.SettingFilter          : SettingFilter | loadGeneralSettings | generalSettings : [Setting [key=COPYRIGHT, value=Copyright (C) 2021 Shopme Ltd.], Setting [key=CURRENCY_ID, value=4], Setting [key=CURRENCY_SYMBOL, value=€], Setting [key=CURRENCY_SYMBOL_POSITION, value=Before price], Setting [key=DECIMAL_DIGITS, value=2], Setting [key=DECIMAL_POINT_TYPE, value=POINT], Setting [key=SITE_LOGO, value=/site-logo/111.png], Setting [key=SITE_NAME, value=ShopMe], Setting [key=THOUSANDS_POINT_TYPE, value=POINT]]
2023-07-28 11:03:48.380  INFO 19644 --- [http-nio-8081-exec-7] com.shopme.filter.SettingFilter          : SettingFilter | loadGeneralSettings | generalSettings : [Setting [key=COPYRIGHT, value=Copyright (C) 2021 Shopme Ltd.], Setting [key=CURRENCY_ID, value=4], Setting [key=CURRENCY_SYMBOL, value=€], Setting [key=CURRENCY_SYMBOL_POSITION, value=Before price], Setting [key=DECIMAL_DIGITS, value=2], Setting [key=DECIMAL_POINT_TYPE, value=POINT], Setting [key=SITE_LOGO, value=/site-logo/111.png], Setting [key=SITE_NAME, value=ShopMe], Setting [key=THOUSANDS_POINT_TYPE, value=POINT]]
2023-07-28 11:03:48.380  INFO 19644 --- [http-nio-8081-exec-7] com.shopme.filter.SettingFilter          : SettingFilter | loadGeneralSettings | generalSettings : [Setting [key=COPYRIGHT, value=Copyright (C) 2021 Shopme Ltd.], Setting [key=CURRENCY_ID, value=4], Setting [key=CURRENCY_SYMBOL, value=€], Setting [key=CURRENCY_SYMBOL_POSITION, value=Before price], Setting [key=DECIMAL_DIGITS, value=2], Setting [key=DECIMAL_POINT_TYPE, value=POINT], Setting [key=SITE_LOGO, value=/site-logo/111.png], Setting [key=SITE_NAME, value=ShopMe], Setting [key=THOUSANDS_POINT_TYPE, value=POINT]]
2023-07-28 11:03:48.380  INFO 19644 --- [http-nio-8081-exec-7] com.shopme.filter.SettingFilter          : SettingFilter | loadGeneralSettings | generalSettings : [Setting [key=COPYRIGHT, value=Copyright (C) 2021 Shopme Ltd.], Setting [key=CURRENCY_ID, value=4], Setting [key=CURRENCY_SYMBOL, value=€], Setting [key=CURRENCY_SYMBOL_POSITION, value=Before price], Setting [key=DECIMAL_DIGITS, value=2], Setting [key=DECIMAL_POINT_TYPE, value=POINT], Setting [key=SITE_LOGO, value=/site-logo/111.png], Setting [key=SITE_NAME, value=ShopMe], Setting [key=THOUSANDS_POINT_TYPE, value=POINT]]
2023-07-28 11:03:48.380  INFO 19644 --- [http-nio-8081-exec-7] com.shopme.filter.SettingFilter          : SettingFilter | loadGeneralSettings | generalSettings : [Setting [key=COPYRIGHT, value=Copyright (C) 2021 Shopme Ltd.], Setting [key=CURRENCY_ID, value=4], Setting [key=CURRENCY_SYMBOL, value=€], Setting [key=CURRENCY_SYMBOL_POSITION, value=Before price], Setting [key=DECIMAL_DIGITS, value=2], Setting [key=DECIMAL_POINT_TYPE, value=POINT], Setting [key=SITE_LOGO, value=/site-logo/111.png], Setting [key=SITE_NAME, value=ShopMe], Setting [key=THOUSANDS_POINT_TYPE, value=POINT]]
2023-07-28 11:03:48.380  INFO 19644 --- [http-nio-8081-exec-7] com.shopme.filter.SettingFilter          : SettingFilter | loadMenuSettings is called
2023-07-28 11:03:48.384  INFO 19644 --- [http-nio-8081-exec-7] com.shopme.filter.SettingFilter          : SettingFilter | loadMenuSettings | headerMenuItems size : 3
2023-07-28 11:03:48.386  INFO 19644 --- [http-nio-8081-exec-7] com.shopme.filter.SettingFilter          : SettingFilter | loadMenuSettings | footerMenuItems size : 3
2023-07-28 11:03:48.388  INFO 19644 --- [http-nio-8081-exec-7] com.shopme.controller.MainController     : MainController | viewHomePage is called
2023-07-28 11:03:48.389  INFO 19644 --- [http-nio-8081-exec-7] com.shopme.controller.MainController     : MainController | viewHomePage | listSections : 3
2023-07-28 11:03:48.404  INFO 19644 --- [http-nio-8081-exec-7] com.shopme.controller.MainController     : MainController | viewHomePage | listCategories : 26
2023-07-28 11:03:48.415  INFO 19644 --- [http-nio-8081-exec-7] com.shopme.security.CustomerUserDetails  : CustomerUserDetails | getFullName: Diluna Chathuranga
2023-07-28 11:03:48.416  INFO 19644 --- [http-nio-8081-exec-7] com.shopme.security.CustomerUserDetails  : CustomerUserDetails | getFullName: Diluna Chathuranga
2023-07-28 11:03:48.471  INFO 19644 --- [http-nio-8081-exec-7] com.shopme.security.CustomerUserDetails  : CustomerUserDetails | username: diluna617@gmail.com
2023-07-28 11:03:48.558  INFO 19644 --- [http-nio-8081-exec-3] com.shopme.filter.SettingFilter          : SettingFilter | doFilter is called
2023-07-28 11:03:48.558  INFO 19644 --- [http-nio-8081-exec-5] com.shopme.filter.SettingFilter          : SettingFilter | doFilter is called
2023-07-28 11:03:48.558  INFO 19644 --- [http-nio-8081-exec-3] com.shopme.filter.SettingFilter          : SettingFilter | doFilter | url : http://localhost:8081/Shopme/webjars/bootstrap/4.3.1/css/bootstrap.min.css
2023-07-28 11:03:48.558  INFO 19644 --- [http-nio-8081-exec-5] com.shopme.filter.SettingFilter          : SettingFilter | doFilter | url : http://localhost:8081/Shopme/fontawesome/all.css
2023-07-28 11:03:48.558  INFO 19644 --- [http-nio-8081-exec-3] com.shopme.filter.SettingFilter          : SettingFilter | doFilter | .css , .js , .png , . jpg | url : http://localhost:8081/Shopme/webjars/bootstrap/4.3.1/css/bootstrap.min.css
2023-07-28 11:03:48.558  INFO 19644 --- [http-nio-8081-exec-5] com.shopme.filter.SettingFilter          : SettingFilter | doFilter | .css , .js , .png , . jpg | url : http://localhost:8081/Shopme/fontawesome/all.css
2023-07-28 11:03:48.558  INFO 19644 --- [http-nio-8081-exec-1] com.shopme.filter.SettingFilter          : SettingFilter | doFilter is called
2023-07-28 11:03:48.558  INFO 19644 --- [http-nio-8081-exec-1] com.shopme.filter.SettingFilter          : SettingFilter | doFilter | url : http://localhost:8081/Shopme/css/styles.css
2023-07-28 11:03:48.558  INFO 19644 --- [http-nio-8081-exec-4] com.shopme.filter.SettingFilter          : SettingFilter | doFilter is called
2023-07-28 11:03:48.558  INFO 19644 --- [http-nio-8081-exec-1] com.shopme.filter.SettingFilter          : SettingFilter | doFilter | .css , .js , .png , . jpg | url : http://localhost:8081/Shopme/css/styles.css
2023-07-28 11:03:48.558  INFO 19644 --- [http-nio-8081-exec-4] com.shopme.filter.SettingFilter          : SettingFilter | doFilter | url : http://localhost:8081/Shopme/webjars/jquery/3.4.1/jquery.min.js
2023-07-28 11:03:48.558  INFO 19644 --- [http-nio-8081-exec-4] com.shopme.filter.SettingFilter          : SettingFilter | doFilter | .css , .js , .png , . jpg | url : http://localhost:8081/Shopme/webjars/jquery/3.4.1/jquery.min.js
2023-07-28 11:03:48.560  INFO 19644 --- [http-nio-8081-exec-6] com.shopme.filter.SettingFilter          : SettingFilter | doFilter is called
2023-07-28 11:03:48.560  INFO 19644 --- [http-nio-8081-exec-6] com.shopme.filter.SettingFilter          : SettingFilter | doFilter | url : http://localhost:8081/Shopme/webjars/bootstrap/4.3.1/js/bootstrap.min.js
2023-07-28 11:03:48.560  INFO 19644 --- [http-nio-8081-exec-6] com.shopme.filter.SettingFilter          : SettingFilter | doFilter | .css , .js , .png , . jpg | url : http://localhost:8081/Shopme/webjars/bootstrap/4.3.1/js/bootstrap.min.js
2023-07-28 11:03:48.560  INFO 19644 --- [http-nio-8081-exec-8] com.shopme.filter.SettingFilter          : SettingFilter | doFilter is called
2023-07-28 11:03:48.560  INFO 19644 --- [http-nio-8081-exec-8] com.shopme.filter.SettingFilter          : SettingFilter | doFilter | url : http://localhost:8081/Shopme/star-rating/css/star-rating.css
2023-07-28 11:03:48.560  INFO 19644 --- [http-nio-8081-exec-8] com.shopme.filter.SettingFilter          : SettingFilter | doFilter | .css , .js , .png , . jpg | url : http://localhost:8081/Shopme/star-rating/css/star-rating.css
2023-07-28 11:03:48.562  INFO 19644 --- [http-nio-8081-exec-8] com.shopme.security.CustomerUserDetails  : CustomerUserDetails | username: diluna617@gmail.com
2023-07-28 11:03:48.562  INFO 19644 --- [http-nio-8081-exec-5] com.shopme.security.CustomerUserDetails  : CustomerUserDetails | username: diluna617@gmail.com
2023-07-28 11:03:48.563  INFO 19644 --- [http-nio-8081-exec-9] com.shopme.filter.SettingFilter          : SettingFilter | doFilter is called
2023-07-28 11:03:48.563  INFO 19644 --- [http-nio-8081-exec-9] com.shopme.filter.SettingFilter          : SettingFilter | doFilter | url : http://localhost:8081/Shopme/star-rating/themes/krajee-svg/theme.css
2023-07-28 11:03:48.563  INFO 19644 --- [http-nio-8081-exec-9] com.shopme.filter.SettingFilter          : SettingFilter | doFilter | .css , .js , .png , . jpg | url : http://localhost:8081/Shopme/star-rating/themes/krajee-svg/theme.css
2023-07-28 11:03:48.564  INFO 19644 --- [http-nio-8081-exec-10] com.shopme.filter.SettingFilter          : SettingFilter | doFilter is called
2023-07-28 11:03:48.564  INFO 19644 --- [http-nio-8081-exec-2] com.shopme.filter.SettingFilter          : SettingFilter | doFilter is called
2023-07-28 11:03:48.564  INFO 19644 --- [http-nio-8081-exec-10] com.shopme.filter.SettingFilter          : SettingFilter | doFilter | url : http://localhost:8081/Shopme/star-rating/js/star-rating.js
2023-07-28 11:03:48.564  INFO 19644 --- [http-nio-8081-exec-2] com.shopme.filter.SettingFilter          : SettingFilter | doFilter | url : http://localhost:8081/Shopme/star-rating/themes/krajee-svg/theme.js
2023-07-28 11:03:48.564  INFO 19644 --- [http-nio-8081-exec-10] com.shopme.filter.SettingFilter          : SettingFilter | doFilter | .css , .js , .png , . jpg | url : http://localhost:8081/Shopme/star-rating/js/star-rating.js
2023-07-28 11:03:48.564  INFO 19644 --- [http-nio-8081-exec-2] com.shopme.filter.SettingFilter          : SettingFilter | doFilter | .css , .js , .png , . jpg | url : http://localhost:8081/Shopme/star-rating/themes/krajee-svg/theme.js
2023-07-28 11:03:48.566  INFO 19644 --- [http-nio-8081-exec-10] com.shopme.security.CustomerUserDetails  : CustomerUserDetails | username: diluna617@gmail.com
2023-07-28 11:03:48.566  INFO 19644 --- [http-nio-8081-exec-9] com.shopme.security.CustomerUserDetails  : CustomerUserDetails | username: diluna617@gmail.com
2023-07-28 11:03:48.567  INFO 19644 --- [http-nio-8081-exec-2] com.shopme.security.CustomerUserDetails  : CustomerUserDetails | username: diluna617@gmail.com
2023-07-28 11:03:48.693  INFO 19644 --- [http-nio-8081-exec-7] com.shopme.filter.SettingFilter          : SettingFilter | doFilter is called
2023-07-28 11:03:48.693  INFO 19644 --- [http-nio-8081-exec-7] com.shopme.filter.SettingFilter          : SettingFilter | doFilter | url : http://localhost:8081/Shopme/webfonts/fa-solid-900.woff2
2023-07-28 11:03:48.693  INFO 19644 --- [http-nio-8081-exec-7] com.shopme.filter.SettingFilter          : SettingFilter | loadGeneralSettings is called
2023-07-28 11:03:48.695  INFO 19644 --- [http-nio-8081-exec-7] com.shopme.filter.SettingFilter          : SettingFilter | loadGeneralSettings | generalSettings : [Setting [key=COPYRIGHT, value=Copyright (C) 2021 Shopme Ltd.], Setting [key=CURRENCY_ID, value=4], Setting [key=CURRENCY_SYMBOL, value=€], Setting [key=CURRENCY_SYMBOL_POSITION, value=Before price], Setting [key=DECIMAL_DIGITS, value=2], Setting [key=DECIMAL_POINT_TYPE, value=POINT], Setting [key=SITE_LOGO, value=/site-logo/111.png], Setting [key=SITE_NAME, value=ShopMe], Setting [key=THOUSANDS_POINT_TYPE, value=POINT]]
2023-07-28 11:03:48.696  INFO 19644 --- [http-nio-8081-exec-7] com.shopme.filter.SettingFilter          : SettingFilter | loadGeneralSettings | generalSettings : [Setting [key=COPYRIGHT, value=Copyright (C) 2021 Shopme Ltd.], Setting [key=CURRENCY_ID, value=4], Setting [key=CURRENCY_SYMBOL, value=€], Setting [key=CURRENCY_SYMBOL_POSITION, value=Before price], Setting [key=DECIMAL_DIGITS, value=2], Setting [key=DECIMAL_POINT_TYPE, value=POINT], Setting [key=SITE_LOGO, value=/site-logo/111.png], Setting [key=SITE_NAME, value=ShopMe], Setting [key=THOUSANDS_POINT_TYPE, value=POINT]]
2023-07-28 11:03:48.696  INFO 19644 --- [http-nio-8081-exec-7] com.shopme.filter.SettingFilter          : SettingFilter | loadGeneralSettings | generalSettings : [Setting [key=COPYRIGHT, value=Copyright (C) 2021 Shopme Ltd.], Setting [key=CURRENCY_ID, value=4], Setting [key=CURRENCY_SYMBOL, value=€], Setting [key=CURRENCY_SYMBOL_POSITION, value=Before price], Setting [key=DECIMAL_DIGITS, value=2], Setting [key=DECIMAL_POINT_TYPE, value=POINT], Setting [key=SITE_LOGO, value=/site-logo/111.png], Setting [key=SITE_NAME, value=ShopMe], Setting [key=THOUSANDS_POINT_TYPE, value=POINT]]
2023-07-28 11:03:48.696  INFO 19644 --- [http-nio-8081-exec-7] com.shopme.filter.SettingFilter          : SettingFilter | loadGeneralSettings | generalSettings : [Setting [key=COPYRIGHT, value=Copyright (C) 2021 Shopme Ltd.], Setting [key=CURRENCY_ID, value=4], Setting [key=CURRENCY_SYMBOL, value=€], Setting [key=CURRENCY_SYMBOL_POSITION, value=Before price], Setting [key=DECIMAL_DIGITS, value=2], Setting [key=DECIMAL_POINT_TYPE, value=POINT], Setting [key=SITE_LOGO, value=/site-logo/111.png], Setting [key=SITE_NAME, value=ShopMe], Setting [key=THOUSANDS_POINT_TYPE, value=POINT]]
2023-07-28 11:03:48.696  INFO 19644 --- [http-nio-8081-exec-7] com.shopme.filter.SettingFilter          : SettingFilter | loadGeneralSettings | generalSettings : [Setting [key=COPYRIGHT, value=Copyright (C) 2021 Shopme Ltd.], Setting [key=CURRENCY_ID, value=4], Setting [key=CURRENCY_SYMBOL, value=€], Setting [key=CURRENCY_SYMBOL_POSITION, value=Before price], Setting [key=DECIMAL_DIGITS, value=2], Setting [key=DECIMAL_POINT_TYPE, value=POINT], Setting [key=SITE_LOGO, value=/site-logo/111.png], Setting [key=SITE_NAME, value=ShopMe], Setting [key=THOUSANDS_POINT_TYPE, value=POINT]]
2023-07-28 11:03:48.696  INFO 19644 --- [http-nio-8081-exec-7] com.shopme.filter.SettingFilter          : SettingFilter | loadGeneralSettings | generalSettings : [Setting [key=COPYRIGHT, value=Copyright (C) 2021 Shopme Ltd.], Setting [key=CURRENCY_ID, value=4], Setting [key=CURRENCY_SYMBOL, value=€], Setting [key=CURRENCY_SYMBOL_POSITION, value=Before price], Setting [key=DECIMAL_DIGITS, value=2], Setting [key=DECIMAL_POINT_TYPE, value=POINT], Setting [key=SITE_LOGO, value=/site-logo/111.png], Setting [key=SITE_NAME, value=ShopMe], Setting [key=THOUSANDS_POINT_TYPE, value=POINT]]
2023-07-28 11:03:48.696  INFO 19644 --- [http-nio-8081-exec-7] com.shopme.filter.SettingFilter          : SettingFilter | loadGeneralSettings | generalSettings : [Setting [key=COPYRIGHT, value=Copyright (C) 2021 Shopme Ltd.], Setting [key=CURRENCY_ID, value=4], Setting [key=CURRENCY_SYMBOL, value=€], Setting [key=CURRENCY_SYMBOL_POSITION, value=Before price], Setting [key=DECIMAL_DIGITS, value=2], Setting [key=DECIMAL_POINT_TYPE, value=POINT], Setting [key=SITE_LOGO, value=/site-logo/111.png], Setting [key=SITE_NAME, value=ShopMe], Setting [key=THOUSANDS_POINT_TYPE, value=POINT]]
2023-07-28 11:03:48.696  INFO 19644 --- [http-nio-8081-exec-7] com.shopme.filter.SettingFilter          : SettingFilter | loadGeneralSettings | generalSettings : [Setting [key=COPYRIGHT, value=Copyright (C) 2021 Shopme Ltd.], Setting [key=CURRENCY_ID, value=4], Setting [key=CURRENCY_SYMBOL, value=€], Setting [key=CURRENCY_SYMBOL_POSITION, value=Before price], Setting [key=DECIMAL_DIGITS, value=2], Setting [key=DECIMAL_POINT_TYPE, value=POINT], Setting [key=SITE_LOGO, value=/site-logo/111.png], Setting [key=SITE_NAME, value=ShopMe], Setting [key=THOUSANDS_POINT_TYPE, value=POINT]]
2023-07-28 11:03:48.696  INFO 19644 --- [http-nio-8081-exec-7] com.shopme.filter.SettingFilter          : SettingFilter | loadGeneralSettings | generalSettings : [Setting [key=COPYRIGHT, value=Copyright (C) 2021 Shopme Ltd.], Setting [key=CURRENCY_ID, value=4], Setting [key=CURRENCY_SYMBOL, value=€], Setting [key=CURRENCY_SYMBOL_POSITION, value=Before price], Setting [key=DECIMAL_DIGITS, value=2], Setting [key=DECIMAL_POINT_TYPE, value=POINT], Setting [key=SITE_LOGO, value=/site-logo/111.png], Setting [key=SITE_NAME, value=ShopMe], Setting [key=THOUSANDS_POINT_TYPE, value=POINT]]
2023-07-28 11:03:48.696  INFO 19644 --- [http-nio-8081-exec-7] com.shopme.filter.SettingFilter          : SettingFilter | loadMenuSettings is called
2023-07-28 11:03:48.703  INFO 19644 --- [http-nio-8081-exec-7] com.shopme.filter.SettingFilter          : SettingFilter | loadMenuSettings | headerMenuItems size : 3
2023-07-28 11:03:48.709  INFO 19644 --- [http-nio-8081-exec-7] com.shopme.filter.SettingFilter          : SettingFilter | loadMenuSettings | footerMenuItems size : 3
2023-07-28 11:03:48.713  INFO 19644 --- [http-nio-8081-exec-7] com.shopme.security.CustomerUserDetails  : CustomerUserDetails | username: diluna617@gmail.com
2023-07-28 11:03:49.833  INFO 19644 --- [http-nio-8081-exec-1] com.shopme.filter.SettingFilter          : SettingFilter | doFilter is called
2023-07-28 11:03:49.833  INFO 19644 --- [http-nio-8081-exec-1] com.shopme.filter.SettingFilter          : SettingFilter | doFilter | url : http://localhost:8081/Shopme/orders
2023-07-28 11:03:49.833  INFO 19644 --- [http-nio-8081-exec-1] com.shopme.filter.SettingFilter          : SettingFilter | loadGeneralSettings is called
2023-07-28 11:03:49.836  INFO 19644 --- [http-nio-8081-exec-1] com.shopme.filter.SettingFilter          : SettingFilter | loadGeneralSettings | generalSettings : [Setting [key=COPYRIGHT, value=Copyright (C) 2021 Shopme Ltd.], Setting [key=CURRENCY_ID, value=4], Setting [key=CURRENCY_SYMBOL, value=€], Setting [key=CURRENCY_SYMBOL_POSITION, value=Before price], Setting [key=DECIMAL_DIGITS, value=2], Setting [key=DECIMAL_POINT_TYPE, value=POINT], Setting [key=SITE_LOGO, value=/site-logo/111.png], Setting [key=SITE_NAME, value=ShopMe], Setting [key=THOUSANDS_POINT_TYPE, value=POINT]]
2023-07-28 11:03:49.836  INFO 19644 --- [http-nio-8081-exec-1] com.shopme.filter.SettingFilter          : SettingFilter | loadGeneralSettings | generalSettings : [Setting [key=COPYRIGHT, value=Copyright (C) 2021 Shopme Ltd.], Setting [key=CURRENCY_ID, value=4], Setting [key=CURRENCY_SYMBOL, value=€], Setting [key=CURRENCY_SYMBOL_POSITION, value=Before price], Setting [key=DECIMAL_DIGITS, value=2], Setting [key=DECIMAL_POINT_TYPE, value=POINT], Setting [key=SITE_LOGO, value=/site-logo/111.png], Setting [key=SITE_NAME, value=ShopMe], Setting [key=THOUSANDS_POINT_TYPE, value=POINT]]
2023-07-28 11:03:49.836  INFO 19644 --- [http-nio-8081-exec-1] com.shopme.filter.SettingFilter          : SettingFilter | loadGeneralSettings | generalSettings : [Setting [key=COPYRIGHT, value=Copyright (C) 2021 Shopme Ltd.], Setting [key=CURRENCY_ID, value=4], Setting [key=CURRENCY_SYMBOL, value=€], Setting [key=CURRENCY_SYMBOL_POSITION, value=Before price], Setting [key=DECIMAL_DIGITS, value=2], Setting [key=DECIMAL_POINT_TYPE, value=POINT], Setting [key=SITE_LOGO, value=/site-logo/111.png], Setting [key=SITE_NAME, value=ShopMe], Setting [key=THOUSANDS_POINT_TYPE, value=POINT]]
2023-07-28 11:03:49.836  INFO 19644 --- [http-nio-8081-exec-1] com.shopme.filter.SettingFilter          : SettingFilter | loadGeneralSettings | generalSettings : [Setting [key=COPYRIGHT, value=Copyright (C) 2021 Shopme Ltd.], Setting [key=CURRENCY_ID, value=4], Setting [key=CURRENCY_SYMBOL, value=€], Setting [key=CURRENCY_SYMBOL_POSITION, value=Before price], Setting [key=DECIMAL_DIGITS, value=2], Setting [key=DECIMAL_POINT_TYPE, value=POINT], Setting [key=SITE_LOGO, value=/site-logo/111.png], Setting [key=SITE_NAME, value=ShopMe], Setting [key=THOUSANDS_POINT_TYPE, value=POINT]]
2023-07-28 11:03:49.836  INFO 19644 --- [http-nio-8081-exec-1] com.shopme.filter.SettingFilter          : SettingFilter | loadGeneralSettings | generalSettings : [Setting [key=COPYRIGHT, value=Copyright (C) 2021 Shopme Ltd.], Setting [key=CURRENCY_ID, value=4], Setting [key=CURRENCY_SYMBOL, value=€], Setting [key=CURRENCY_SYMBOL_POSITION, value=Before price], Setting [key=DECIMAL_DIGITS, value=2], Setting [key=DECIMAL_POINT_TYPE, value=POINT], Setting [key=SITE_LOGO, value=/site-logo/111.png], Setting [key=SITE_NAME, value=ShopMe], Setting [key=THOUSANDS_POINT_TYPE, value=POINT]]
2023-07-28 11:03:49.836  INFO 19644 --- [http-nio-8081-exec-1] com.shopme.filter.SettingFilter          : SettingFilter | loadGeneralSettings | generalSettings : [Setting [key=COPYRIGHT, value=Copyright (C) 2021 Shopme Ltd.], Setting [key=CURRENCY_ID, value=4], Setting [key=CURRENCY_SYMBOL, value=€], Setting [key=CURRENCY_SYMBOL_POSITION, value=Before price], Setting [key=DECIMAL_DIGITS, value=2], Setting [key=DECIMAL_POINT_TYPE, value=POINT], Setting [key=SITE_LOGO, value=/site-logo/111.png], Setting [key=SITE_NAME, value=ShopMe], Setting [key=THOUSANDS_POINT_TYPE, value=POINT]]
2023-07-28 11:03:49.836  INFO 19644 --- [http-nio-8081-exec-1] com.shopme.filter.SettingFilter          : SettingFilter | loadGeneralSettings | generalSettings : [Setting [key=COPYRIGHT, value=Copyright (C) 2021 Shopme Ltd.], Setting [key=CURRENCY_ID, value=4], Setting [key=CURRENCY_SYMBOL, value=€], Setting [key=CURRENCY_SYMBOL_POSITION, value=Before price], Setting [key=DECIMAL_DIGITS, value=2], Setting [key=DECIMAL_POINT_TYPE, value=POINT], Setting [key=SITE_LOGO, value=/site-logo/111.png], Setting [key=SITE_NAME, value=ShopMe], Setting [key=THOUSANDS_POINT_TYPE, value=POINT]]
2023-07-28 11:03:49.836  INFO 19644 --- [http-nio-8081-exec-1] com.shopme.filter.SettingFilter          : SettingFilter | loadGeneralSettings | generalSettings : [Setting [key=COPYRIGHT, value=Copyright (C) 2021 Shopme Ltd.], Setting [key=CURRENCY_ID, value=4], Setting [key=CURRENCY_SYMBOL, value=€], Setting [key=CURRENCY_SYMBOL_POSITION, value=Before price], Setting [key=DECIMAL_DIGITS, value=2], Setting [key=DECIMAL_POINT_TYPE, value=POINT], Setting [key=SITE_LOGO, value=/site-logo/111.png], Setting [key=SITE_NAME, value=ShopMe], Setting [key=THOUSANDS_POINT_TYPE, value=POINT]]
2023-07-28 11:03:49.836  INFO 19644 --- [http-nio-8081-exec-1] com.shopme.filter.SettingFilter          : SettingFilter | loadGeneralSettings | generalSettings : [Setting [key=COPYRIGHT, value=Copyright (C) 2021 Shopme Ltd.], Setting [key=CURRENCY_ID, value=4], Setting [key=CURRENCY_SYMBOL, value=€], Setting [key=CURRENCY_SYMBOL_POSITION, value=Before price], Setting [key=DECIMAL_DIGITS, value=2], Setting [key=DECIMAL_POINT_TYPE, value=POINT], Setting [key=SITE_LOGO, value=/site-logo/111.png], Setting [key=SITE_NAME, value=ShopMe], Setting [key=THOUSANDS_POINT_TYPE, value=POINT]]
2023-07-28 11:03:49.836  INFO 19644 --- [http-nio-8081-exec-1] com.shopme.filter.SettingFilter          : SettingFilter | loadMenuSettings is called
2023-07-28 11:03:49.838  INFO 19644 --- [http-nio-8081-exec-1] com.shopme.filter.SettingFilter          : SettingFilter | loadMenuSettings | headerMenuItems size : 3
2023-07-28 11:03:49.841  INFO 19644 --- [http-nio-8081-exec-1] com.shopme.filter.SettingFilter          : SettingFilter | loadMenuSettings | footerMenuItems size : 3
2023-07-28 11:03:49.842  INFO 19644 --- [http-nio-8081-exec-1] com.shopme.controller.OrderController    : OrderController | listFirstPage is called
2023-07-28 11:03:49.842  INFO 19644 --- [http-nio-8081-exec-1] com.shopme.controller.OrderController    : OrderController | listOrdersByPage is called
2023-07-28 11:03:49.842  INFO 19644 --- [http-nio-8081-exec-1] com.shopme.util.CustomerAccountUtil      : CustomerAccountUtil | getEmailOfAuthenticatedCustomer is called
2023-07-28 11:03:49.842  INFO 19644 --- [http-nio-8081-exec-1] com.shopme.util.CustomerAccountUtil      : CustomerAccountUtil | getEmailOfAuthenticatedCustomer | principal : RememberMeAuthenticationToken [Principal=com.shopme.security.CustomerUserDetails@2ed073, Credentials=[PROTECTED], Authenticated=true, Details=WebAuthenticationDetails [RemoteIpAddress=0:0:0:0:0:0:0:1, SessionId=3F93A953080C547C3FCBC57ED93ECE51], Granted Authorities=[]]
2023-07-28 11:03:49.842  INFO 19644 --- [http-nio-8081-exec-1] com.shopme.util.CustomerAccountUtil      : CustomerAccountUtil | getEmailOfAuthenticatedCustomer | principal instanceof UsernamePasswordAuthenticationToken  : false
2023-07-28 11:03:49.842  INFO 19644 --- [http-nio-8081-exec-1] com.shopme.util.CustomerAccountUtil      : CustomerAccountUtil | getEmailOfAuthenticatedCustomer | principal instanceof RememberMeAuthenticationToken  : true
2023-07-28 11:03:49.842  INFO 19644 --- [http-nio-8081-exec-1] com.shopme.util.CustomerAccountUtil      : CustomerAccountUtil | getEmailOfAuthenticatedCustomer | principal instanceof OAuth2AuthenticationToken  : false
2023-07-28 11:03:49.842  INFO 19644 --- [http-nio-8081-exec-1] com.shopme.security.CustomerUserDetails  : CustomerUserDetails | username: diluna617@gmail.com
2023-07-28 11:03:49.842  INFO 19644 --- [http-nio-8081-exec-1] com.shopme.util.CustomerAccountUtil      : CustomerAccountUtil | getEmailOfAuthenticatedCustomer | customerEmail : diluna617@gmail.com
2023-07-28 11:03:49.845  INFO 19644 --- [http-nio-8081-exec-1] com.shopme.controller.OrderController    : OrderController | listOrdersByPage | customer : Diluna Chathuranga, Milla Road, Nalagasdeniya, Hikkaduwa, Central, Sri Lanka. Postal Code: 80244. Phone Number: 0701029511
2023-07-28 11:03:49.847  INFO 19644 --- [http-nio-8081-exec-1] com.shopme.controller.OrderController    : OrderController | listOrdersByPage | page : Page 1 of 1 containing com.shopme.common.entity.order.Order instances
2023-07-28 11:03:49.847  INFO 19644 --- [http-nio-8081-exec-1] com.shopme.controller.OrderController    : OrderController | listOrdersByPage | totalPages : 1
2023-07-28 11:03:49.847  INFO 19644 --- [http-nio-8081-exec-1] com.shopme.controller.OrderController    : OrderController | listOrdersByPage | totalItems : 3
2023-07-28 11:03:49.847  INFO 19644 --- [http-nio-8081-exec-1] com.shopme.controller.OrderController    : OrderController | listOrdersByPage | currentPage : 1
2023-07-28 11:03:49.847  INFO 19644 --- [http-nio-8081-exec-1] com.shopme.controller.OrderController    : OrderController | listOrdersByPage | listOrders : [Order [id=3, subtotal=180.0, paymentMethod=COD, status=NEW, customer=Diluna Chathuranga], Order [id=2, subtotal=757.0, paymentMethod=COD, status=NEW, customer=Diluna Chathuranga], Order [id=1, subtotal=288.0, paymentMethod=COD, status=DELIVERED, customer=Diluna Chathuranga]]
2023-07-28 11:03:49.847  INFO 19644 --- [http-nio-8081-exec-1] com.shopme.controller.OrderController    : OrderController | listOrdersByPage | sortField : orderTime
2023-07-28 11:03:49.847  INFO 19644 --- [http-nio-8081-exec-1] com.shopme.controller.OrderController    : OrderController | listOrdersByPage | sortDir : desc
2023-07-28 11:03:49.847  INFO 19644 --- [http-nio-8081-exec-1] com.shopme.controller.OrderController    : OrderController | listOrdersByPage | keyword : null
2023-07-28 11:03:49.847  INFO 19644 --- [http-nio-8081-exec-1] com.shopme.controller.OrderController    : OrderController | listOrdersByPage | reverseSortDir : asc
2023-07-28 11:03:49.847  INFO 19644 --- [http-nio-8081-exec-1] com.shopme.controller.OrderController    : OrderController | listOrdersByPage | startCount : 1
2023-07-28 11:03:49.847  INFO 19644 --- [http-nio-8081-exec-1] com.shopme.controller.OrderController    : OrderController | listOrdersByPage | endCount : 5
2023-07-28 11:03:49.847  INFO 19644 --- [http-nio-8081-exec-1] com.shopme.controller.OrderController    : OrderController | listOrdersByPage | endCount : 5
2023-07-28 11:03:49.847  INFO 19644 --- [http-nio-8081-exec-1] com.shopme.controller.OrderController    : OrderController | listOrdersByPage | page.getTotalElements() : 3
2023-07-28 11:03:49.847  INFO 19644 --- [http-nio-8081-exec-1] com.shopme.controller.OrderController    : OrderController | listOrdersByPage | endCount : 3
2023-07-28 11:03:49.855  INFO 19644 --- [http-nio-8081-exec-1] com.shopme.security.CustomerUserDetails  : CustomerUserDetails | getFullName: Diluna Chathuranga
2023-07-28 11:03:49.855  INFO 19644 --- [http-nio-8081-exec-1] com.shopme.security.CustomerUserDetails  : CustomerUserDetails | getFullName: Diluna Chathuranga
2023-07-28 11:03:49.871  INFO 19644 --- [http-nio-8081-exec-1] com.shopme.common.entity.order.Order     : Order | hasStatus is called
2023-07-28 11:03:49.871  INFO 19644 --- [http-nio-8081-exec-1] com.shopme.common.entity.order.Order     : Order | hasStatus | status : RETURN_REQUESTED
2023-07-28 11:03:49.871  INFO 19644 --- [http-nio-8081-exec-1] com.shopme.common.entity.order.Order     : Order | hasStatus | return False 
2023-07-28 11:03:49.872  INFO 19644 --- [http-nio-8081-exec-1] com.shopme.common.entity.order.Order     : Order | hasStatus is called
2023-07-28 11:03:49.872  INFO 19644 --- [http-nio-8081-exec-1] com.shopme.common.entity.order.Order     : Order | hasStatus | status : DELIVERED
2023-07-28 11:03:49.872  INFO 19644 --- [http-nio-8081-exec-1] com.shopme.common.entity.order.Order     : Order | hasStatus | return False 
2023-07-28 11:03:49.877  INFO 19644 --- [http-nio-8081-exec-1] com.shopme.common.entity.order.Order     : Order | hasStatus is called
2023-07-28 11:03:49.877  INFO 19644 --- [http-nio-8081-exec-1] com.shopme.common.entity.order.Order     : Order | hasStatus | status : RETURN_REQUESTED
2023-07-28 11:03:49.878  INFO 19644 --- [http-nio-8081-exec-1] com.shopme.common.entity.order.Order     : Order | hasStatus | return False 
2023-07-28 11:03:49.878  INFO 19644 --- [http-nio-8081-exec-1] com.shopme.common.entity.order.Order     : Order | hasStatus is called
2023-07-28 11:03:49.878  INFO 19644 --- [http-nio-8081-exec-1] com.shopme.common.entity.order.Order     : Order | hasStatus | status : DELIVERED
2023-07-28 11:03:49.878  INFO 19644 --- [http-nio-8081-exec-1] com.shopme.common.entity.order.Order     : Order | hasStatus | return False 
2023-07-28 11:03:49.882  INFO 19644 --- [http-nio-8081-exec-1] com.shopme.common.entity.order.Order     : Order | hasStatus is called
2023-07-28 11:03:49.882  INFO 19644 --- [http-nio-8081-exec-1] com.shopme.common.entity.order.Order     : Order | hasStatus | status : RETURN_REQUESTED
2023-07-28 11:03:49.884  INFO 19644 --- [http-nio-8081-exec-1] com.shopme.common.entity.order.Order     : Order | hasStatus | return False 
2023-07-28 11:03:49.884  INFO 19644 --- [http-nio-8081-exec-1] com.shopme.common.entity.order.Order     : Order | hasStatus is called
2023-07-28 11:03:49.884  INFO 19644 --- [http-nio-8081-exec-1] com.shopme.common.entity.order.Order     : Order | hasStatus | status : DELIVERED
2023-07-28 11:03:49.884  INFO 19644 --- [http-nio-8081-exec-1] com.shopme.common.entity.order.Order     : Order | hasStatus | return True 
2023-07-28 11:03:49.884  INFO 19644 --- [http-nio-8081-exec-1] com.shopme.common.entity.order.Order     : Order | hasStatus is called
2023-07-28 11:03:49.884  INFO 19644 --- [http-nio-8081-exec-1] com.shopme.common.entity.order.Order     : Order | hasStatus | status : RETURNED
2023-07-28 11:03:49.884  INFO 19644 --- [http-nio-8081-exec-1] com.shopme.common.entity.order.Order     : Order | hasStatus | return False 
2023-07-28 11:03:49.885  INFO 19644 --- [http-nio-8081-exec-1] com.shopme.common.entity.order.Order     : Order | hasStatus is called
2023-07-28 11:03:49.885  INFO 19644 --- [http-nio-8081-exec-1] com.shopme.common.entity.order.Order     : Order | hasStatus | status : RETURN_REQUESTED
2023-07-28 11:03:49.885  INFO 19644 --- [http-nio-8081-exec-1] com.shopme.common.entity.order.Order     : Order | hasStatus | return False 
2023-07-28 11:03:49.885  INFO 19644 --- [http-nio-8081-exec-1] com.shopme.common.entity.order.Order     : Order | hasStatus is called
2023-07-28 11:03:49.885  INFO 19644 --- [http-nio-8081-exec-1] com.shopme.common.entity.order.Order     : Order | hasStatus | status : DELIVERED
2023-07-28 11:03:49.885  INFO 19644 --- [http-nio-8081-exec-1] com.shopme.common.entity.order.Order     : Order | hasStatus | return False 
2023-07-28 11:03:49.888  INFO 19644 --- [http-nio-8081-exec-1] com.shopme.common.entity.order.Order     : Order | hasStatus is called
2023-07-28 11:03:49.888  INFO 19644 --- [http-nio-8081-exec-1] com.shopme.common.entity.order.Order     : Order | hasStatus | status : RETURN_REQUESTED
2023-07-28 11:03:49.888  INFO 19644 --- [http-nio-8081-exec-1] com.shopme.common.entity.order.Order     : Order | hasStatus | return False 
2023-07-28 11:03:49.888  INFO 19644 --- [http-nio-8081-exec-1] com.shopme.common.entity.order.Order     : Order | hasStatus is called
2023-07-28 11:03:49.888  INFO 19644 --- [http-nio-8081-exec-1] com.shopme.common.entity.order.Order     : Order | hasStatus | status : DELIVERED
2023-07-28 11:03:49.888  INFO 19644 --- [http-nio-8081-exec-1] com.shopme.common.entity.order.Order     : Order | hasStatus | return False 
2023-07-28 11:03:49.891  INFO 19644 --- [http-nio-8081-exec-1] com.shopme.common.entity.order.Order     : Order | hasStatus is called
2023-07-28 11:03:49.891  INFO 19644 --- [http-nio-8081-exec-1] com.shopme.common.entity.order.Order     : Order | hasStatus | status : RETURN_REQUESTED
2023-07-28 11:03:49.891  INFO 19644 --- [http-nio-8081-exec-1] com.shopme.common.entity.order.Order     : Order | hasStatus | return False 
2023-07-28 11:03:49.891  INFO 19644 --- [http-nio-8081-exec-1] com.shopme.common.entity.order.Order     : Order | hasStatus is called
2023-07-28 11:03:49.891  INFO 19644 --- [http-nio-8081-exec-1] com.shopme.common.entity.order.Order     : Order | hasStatus | status : DELIVERED
2023-07-28 11:03:49.891  INFO 19644 --- [http-nio-8081-exec-1] com.shopme.common.entity.order.Order     : Order | hasStatus | return True 
2023-07-28 11:03:49.891  INFO 19644 --- [http-nio-8081-exec-1] com.shopme.common.entity.order.Order     : Order | hasStatus is called
2023-07-28 11:03:49.891  INFO 19644 --- [http-nio-8081-exec-1] com.shopme.common.entity.order.Order     : Order | hasStatus | status : RETURNED
2023-07-28 11:03:49.891  INFO 19644 --- [http-nio-8081-exec-1] com.shopme.common.entity.order.Order     : Order | hasStatus | return False 
2023-07-28 11:03:49.899  INFO 19644 --- [http-nio-8081-exec-1] com.shopme.security.CustomerUserDetails  : CustomerUserDetails | username: diluna617@gmail.com
2023-07-28 11:03:49.974  INFO 19644 --- [http-nio-8081-exec-8] com.shopme.filter.SettingFilter          : SettingFilter | doFilter is called
2023-07-28 11:03:49.974  INFO 19644 --- [http-nio-8081-exec-4] com.shopme.filter.SettingFilter          : SettingFilter | doFilter is called
2023-07-28 11:03:49.974  INFO 19644 --- [http-nio-8081-exec-6] com.shopme.filter.SettingFilter          : SettingFilter | doFilter is called
2023-07-28 11:03:49.974  INFO 19644 --- [http-nio-8081-exec-5] com.shopme.filter.SettingFilter          : SettingFilter | doFilter is called
2023-07-28 11:03:49.974  INFO 19644 --- [http-nio-8081-exec-8] com.shopme.filter.SettingFilter          : SettingFilter | doFilter | url : http://localhost:8081/Shopme/webjars/bootstrap/4.3.1/css/bootstrap.min.css
2023-07-28 11:03:49.974  INFO 19644 --- [http-nio-8081-exec-6] com.shopme.filter.SettingFilter          : SettingFilter | doFilter | url : http://localhost:8081/Shopme/css/styles.css
2023-07-28 11:03:49.974  INFO 19644 --- [http-nio-8081-exec-5] com.shopme.filter.SettingFilter          : SettingFilter | doFilter | url : http://localhost:8081/Shopme/fontawesome/all.css
2023-07-28 11:03:49.974  INFO 19644 --- [http-nio-8081-exec-8] com.shopme.filter.SettingFilter          : SettingFilter | doFilter | .css , .js , .png , . jpg | url : http://localhost:8081/Shopme/webjars/bootstrap/4.3.1/css/bootstrap.min.css
2023-07-28 11:03:49.974  INFO 19644 --- [http-nio-8081-exec-4] com.shopme.filter.SettingFilter          : SettingFilter | doFilter | url : http://localhost:8081/Shopme/webjars/jquery/3.4.1/jquery.min.js
2023-07-28 11:03:49.974  INFO 19644 --- [http-nio-8081-exec-3] com.shopme.filter.SettingFilter          : SettingFilter | doFilter is called
2023-07-28 11:03:49.974  INFO 19644 --- [http-nio-8081-exec-4] com.shopme.filter.SettingFilter          : SettingFilter | doFilter | .css , .js , .png , . jpg | url : http://localhost:8081/Shopme/webjars/jquery/3.4.1/jquery.min.js
2023-07-28 11:03:49.974  INFO 19644 --- [http-nio-8081-exec-6] com.shopme.filter.SettingFilter          : SettingFilter | doFilter | .css , .js , .png , . jpg | url : http://localhost:8081/Shopme/css/styles.css
2023-07-28 11:03:49.974  INFO 19644 --- [http-nio-8081-exec-5] com.shopme.filter.SettingFilter          : SettingFilter | doFilter | .css , .js , .png , . jpg | url : http://localhost:8081/Shopme/fontawesome/all.css
2023-07-28 11:03:49.974  INFO 19644 --- [http-nio-8081-exec-3] com.shopme.filter.SettingFilter          : SettingFilter | doFilter | url : http://localhost:8081/Shopme/webjars/bootstrap/4.3.1/js/bootstrap.min.js
2023-07-28 11:03:49.974  INFO 19644 --- [http-nio-8081-exec-3] com.shopme.filter.SettingFilter          : SettingFilter | doFilter | .css , .js , .png , . jpg | url : http://localhost:8081/Shopme/webjars/bootstrap/4.3.1/js/bootstrap.min.js
2023-07-28 11:03:49.977  INFO 19644 --- [http-nio-8081-exec-5] com.shopme.security.CustomerUserDetails  : CustomerUserDetails | username: diluna617@gmail.com
2023-07-28 11:03:49.991  INFO 19644 --- [http-nio-8081-exec-10] com.shopme.filter.SettingFilter          : SettingFilter | doFilter is called
2023-07-28 11:03:49.991  INFO 19644 --- [http-nio-8081-exec-9] com.shopme.filter.SettingFilter          : SettingFilter | doFilter is called
2023-07-28 11:03:49.991  INFO 19644 --- [http-nio-8081-exec-10] com.shopme.filter.SettingFilter          : SettingFilter | doFilter | url : http://localhost:8081/Shopme/js/common_list.js
2023-07-28 11:03:49.991  INFO 19644 --- [http-nio-8081-exec-9] com.shopme.filter.SettingFilter          : SettingFilter | doFilter | url : http://localhost:8081/Shopme/js/return_order.js
2023-07-28 11:03:49.991  INFO 19644 --- [http-nio-8081-exec-10] com.shopme.filter.SettingFilter          : SettingFilter | doFilter | .css , .js , .png , . jpg | url : http://localhost:8081/Shopme/js/common_list.js
2023-07-28 11:03:49.991  INFO 19644 --- [http-nio-8081-exec-9] com.shopme.filter.SettingFilter          : SettingFilter | doFilter | .css , .js , .png , . jpg | url : http://localhost:8081/Shopme/js/return_order.js
2023-07-28 11:03:50.006  INFO 19644 --- [http-nio-8081-exec-2] com.shopme.filter.SettingFilter          : SettingFilter | doFilter is called
2023-07-28 11:03:50.006  INFO 19644 --- [http-nio-8081-exec-2] com.shopme.filter.SettingFilter          : SettingFilter | doFilter | url : http://localhost:8081/Shopme/webfonts/fa-solid-900.woff2
2023-07-28 11:03:50.006  INFO 19644 --- [http-nio-8081-exec-2] com.shopme.filter.SettingFilter          : SettingFilter | loadGeneralSettings is called
2023-07-28 11:03:50.008  INFO 19644 --- [http-nio-8081-exec-2] com.shopme.filter.SettingFilter          : SettingFilter | loadGeneralSettings | generalSettings : [Setting [key=COPYRIGHT, value=Copyright (C) 2021 Shopme Ltd.], Setting [key=CURRENCY_ID, value=4], Setting [key=CURRENCY_SYMBOL, value=€], Setting [key=CURRENCY_SYMBOL_POSITION, value=Before price], Setting [key=DECIMAL_DIGITS, value=2], Setting [key=DECIMAL_POINT_TYPE, value=POINT], Setting [key=SITE_LOGO, value=/site-logo/111.png], Setting [key=SITE_NAME, value=ShopMe], Setting [key=THOUSANDS_POINT_TYPE, value=POINT]]
2023-07-28 11:03:50.009  INFO 19644 --- [http-nio-8081-exec-2] com.shopme.filter.SettingFilter          : SettingFilter | loadGeneralSettings | generalSettings : [Setting [key=COPYRIGHT, value=Copyright (C) 2021 Shopme Ltd.], Setting [key=CURRENCY_ID, value=4], Setting [key=CURRENCY_SYMBOL, value=€], Setting [key=CURRENCY_SYMBOL_POSITION, value=Before price], Setting [key=DECIMAL_DIGITS, value=2], Setting [key=DECIMAL_POINT_TYPE, value=POINT], Setting [key=SITE_LOGO, value=/site-logo/111.png], Setting [key=SITE_NAME, value=ShopMe], Setting [key=THOUSANDS_POINT_TYPE, value=POINT]]
2023-07-28 11:03:50.009  INFO 19644 --- [http-nio-8081-exec-2] com.shopme.filter.SettingFilter          : SettingFilter | loadGeneralSettings | generalSettings : [Setting [key=COPYRIGHT, value=Copyright (C) 2021 Shopme Ltd.], Setting [key=CURRENCY_ID, value=4], Setting [key=CURRENCY_SYMBOL, value=€], Setting [key=CURRENCY_SYMBOL_POSITION, value=Before price], Setting [key=DECIMAL_DIGITS, value=2], Setting [key=DECIMAL_POINT_TYPE, value=POINT], Setting [key=SITE_LOGO, value=/site-logo/111.png], Setting [key=SITE_NAME, value=ShopMe], Setting [key=THOUSANDS_POINT_TYPE, value=POINT]]
2023-07-28 11:03:50.009  INFO 19644 --- [http-nio-8081-exec-2] com.shopme.filter.SettingFilter          : SettingFilter | loadGeneralSettings | generalSettings : [Setting [key=COPYRIGHT, value=Copyright (C) 2021 Shopme Ltd.], Setting [key=CURRENCY_ID, value=4], Setting [key=CURRENCY_SYMBOL, value=€], Setting [key=CURRENCY_SYMBOL_POSITION, value=Before price], Setting [key=DECIMAL_DIGITS, value=2], Setting [key=DECIMAL_POINT_TYPE, value=POINT], Setting [key=SITE_LOGO, value=/site-logo/111.png], Setting [key=SITE_NAME, value=ShopMe], Setting [key=THOUSANDS_POINT_TYPE, value=POINT]]
2023-07-28 11:03:50.009  INFO 19644 --- [http-nio-8081-exec-2] com.shopme.filter.SettingFilter          : SettingFilter | loadGeneralSettings | generalSettings : [Setting [key=COPYRIGHT, value=Copyright (C) 2021 Shopme Ltd.], Setting [key=CURRENCY_ID, value=4], Setting [key=CURRENCY_SYMBOL, value=€], Setting [key=CURRENCY_SYMBOL_POSITION, value=Before price], Setting [key=DECIMAL_DIGITS, value=2], Setting [key=DECIMAL_POINT_TYPE, value=POINT], Setting [key=SITE_LOGO, value=/site-logo/111.png], Setting [key=SITE_NAME, value=ShopMe], Setting [key=THOUSANDS_POINT_TYPE, value=POINT]]
2023-07-28 11:03:50.009  INFO 19644 --- [http-nio-8081-exec-2] com.shopme.filter.SettingFilter          : SettingFilter | loadGeneralSettings | generalSettings : [Setting [key=COPYRIGHT, value=Copyright (C) 2021 Shopme Ltd.], Setting [key=CURRENCY_ID, value=4], Setting [key=CURRENCY_SYMBOL, value=€], Setting [key=CURRENCY_SYMBOL_POSITION, value=Before price], Setting [key=DECIMAL_DIGITS, value=2], Setting [key=DECIMAL_POINT_TYPE, value=POINT], Setting [key=SITE_LOGO, value=/site-logo/111.png], Setting [key=SITE_NAME, value=ShopMe], Setting [key=THOUSANDS_POINT_TYPE, value=POINT]]
2023-07-28 11:03:50.009  INFO 19644 --- [http-nio-8081-exec-2] com.shopme.filter.SettingFilter          : SettingFilter | loadGeneralSettings | generalSettings : [Setting [key=COPYRIGHT, value=Copyright (C) 2021 Shopme Ltd.], Setting [key=CURRENCY_ID, value=4], Setting [key=CURRENCY_SYMBOL, value=€], Setting [key=CURRENCY_SYMBOL_POSITION, value=Before price], Setting [key=DECIMAL_DIGITS, value=2], Setting [key=DECIMAL_POINT_TYPE, value=POINT], Setting [key=SITE_LOGO, value=/site-logo/111.png], Setting [key=SITE_NAME, value=ShopMe], Setting [key=THOUSANDS_POINT_TYPE, value=POINT]]
2023-07-28 11:03:50.009  INFO 19644 --- [http-nio-8081-exec-2] com.shopme.filter.SettingFilter          : SettingFilter | loadGeneralSettings | generalSettings : [Setting [key=COPYRIGHT, value=Copyright (C) 2021 Shopme Ltd.], Setting [key=CURRENCY_ID, value=4], Setting [key=CURRENCY_SYMBOL, value=€], Setting [key=CURRENCY_SYMBOL_POSITION, value=Before price], Setting [key=DECIMAL_DIGITS, value=2], Setting [key=DECIMAL_POINT_TYPE, value=POINT], Setting [key=SITE_LOGO, value=/site-logo/111.png], Setting [key=SITE_NAME, value=ShopMe], Setting [key=THOUSANDS_POINT_TYPE, value=POINT]]
2023-07-28 11:03:50.009  INFO 19644 --- [http-nio-8081-exec-2] com.shopme.filter.SettingFilter          : SettingFilter | loadGeneralSettings | generalSettings : [Setting [key=COPYRIGHT, value=Copyright (C) 2021 Shopme Ltd.], Setting [key=CURRENCY_ID, value=4], Setting [key=CURRENCY_SYMBOL, value=€], Setting [key=CURRENCY_SYMBOL_POSITION, value=Before price], Setting [key=DECIMAL_DIGITS, value=2], Setting [key=DECIMAL_POINT_TYPE, value=POINT], Setting [key=SITE_LOGO, value=/site-logo/111.png], Setting [key=SITE_NAME, value=ShopMe], Setting [key=THOUSANDS_POINT_TYPE, value=POINT]]
2023-07-28 11:03:50.009  INFO 19644 --- [http-nio-8081-exec-2] com.shopme.filter.SettingFilter          : SettingFilter | loadMenuSettings is called
2023-07-28 11:03:50.013  INFO 19644 --- [http-nio-8081-exec-2] com.shopme.filter.SettingFilter          : SettingFilter | loadMenuSettings | headerMenuItems size : 3
2023-07-28 11:03:50.017  INFO 19644 --- [http-nio-8081-exec-2] com.shopme.filter.SettingFilter          : SettingFilter | loadMenuSettings | footerMenuItems size : 3
2023-07-28 11:03:50.019  INFO 19644 --- [http-nio-8081-exec-2] com.shopme.security.CustomerUserDetails  : CustomerUserDetails | username: diluna617@gmail.com
2023-07-28 11:03:54.080  INFO 19644 --- [http-nio-8081-exec-7] com.shopme.filter.SettingFilter          : SettingFilter | doFilter is called
2023-07-28 11:03:54.080  INFO 19644 --- [http-nio-8081-exec-7] com.shopme.filter.SettingFilter          : SettingFilter | doFilter | url : http://localhost:8081/Shopme/orders/detail/3
2023-07-28 11:03:54.080  INFO 19644 --- [http-nio-8081-exec-7] com.shopme.filter.SettingFilter          : SettingFilter | loadGeneralSettings is called
2023-07-28 11:03:54.083  INFO 19644 --- [http-nio-8081-exec-7] com.shopme.filter.SettingFilter          : SettingFilter | loadGeneralSettings | generalSettings : [Setting [key=COPYRIGHT, value=Copyright (C) 2021 Shopme Ltd.], Setting [key=CURRENCY_ID, value=4], Setting [key=CURRENCY_SYMBOL, value=€], Setting [key=CURRENCY_SYMBOL_POSITION, value=Before price], Setting [key=DECIMAL_DIGITS, value=2], Setting [key=DECIMAL_POINT_TYPE, value=POINT], Setting [key=SITE_LOGO, value=/site-logo/111.png], Setting [key=SITE_NAME, value=ShopMe], Setting [key=THOUSANDS_POINT_TYPE, value=POINT]]
2023-07-28 11:03:54.083  INFO 19644 --- [http-nio-8081-exec-7] com.shopme.filter.SettingFilter          : SettingFilter | loadGeneralSettings | generalSettings : [Setting [key=COPYRIGHT, value=Copyright (C) 2021 Shopme Ltd.], Setting [key=CURRENCY_ID, value=4], Setting [key=CURRENCY_SYMBOL, value=€], Setting [key=CURRENCY_SYMBOL_POSITION, value=Before price], Setting [key=DECIMAL_DIGITS, value=2], Setting [key=DECIMAL_POINT_TYPE, value=POINT], Setting [key=SITE_LOGO, value=/site-logo/111.png], Setting [key=SITE_NAME, value=ShopMe], Setting [key=THOUSANDS_POINT_TYPE, value=POINT]]
2023-07-28 11:03:54.083  INFO 19644 --- [http-nio-8081-exec-7] com.shopme.filter.SettingFilter          : SettingFilter | loadGeneralSettings | generalSettings : [Setting [key=COPYRIGHT, value=Copyright (C) 2021 Shopme Ltd.], Setting [key=CURRENCY_ID, value=4], Setting [key=CURRENCY_SYMBOL, value=€], Setting [key=CURRENCY_SYMBOL_POSITION, value=Before price], Setting [key=DECIMAL_DIGITS, value=2], Setting [key=DECIMAL_POINT_TYPE, value=POINT], Setting [key=SITE_LOGO, value=/site-logo/111.png], Setting [key=SITE_NAME, value=ShopMe], Setting [key=THOUSANDS_POINT_TYPE, value=POINT]]
2023-07-28 11:03:54.083  INFO 19644 --- [http-nio-8081-exec-7] com.shopme.filter.SettingFilter          : SettingFilter | loadGeneralSettings | generalSettings : [Setting [key=COPYRIGHT, value=Copyright (C) 2021 Shopme Ltd.], Setting [key=CURRENCY_ID, value=4], Setting [key=CURRENCY_SYMBOL, value=€], Setting [key=CURRENCY_SYMBOL_POSITION, value=Before price], Setting [key=DECIMAL_DIGITS, value=2], Setting [key=DECIMAL_POINT_TYPE, value=POINT], Setting [key=SITE_LOGO, value=/site-logo/111.png], Setting [key=SITE_NAME, value=ShopMe], Setting [key=THOUSANDS_POINT_TYPE, value=POINT]]
2023-07-28 11:03:54.083  INFO 19644 --- [http-nio-8081-exec-7] com.shopme.filter.SettingFilter          : SettingFilter | loadGeneralSettings | generalSettings : [Setting [key=COPYRIGHT, value=Copyright (C) 2021 Shopme Ltd.], Setting [key=CURRENCY_ID, value=4], Setting [key=CURRENCY_SYMBOL, value=€], Setting [key=CURRENCY_SYMBOL_POSITION, value=Before price], Setting [key=DECIMAL_DIGITS, value=2], Setting [key=DECIMAL_POINT_TYPE, value=POINT], Setting [key=SITE_LOGO, value=/site-logo/111.png], Setting [key=SITE_NAME, value=ShopMe], Setting [key=THOUSANDS_POINT_TYPE, value=POINT]]
2023-07-28 11:03:54.083  INFO 19644 --- [http-nio-8081-exec-7] com.shopme.filter.SettingFilter          : SettingFilter | loadGeneralSettings | generalSettings : [Setting [key=COPYRIGHT, value=Copyright (C) 2021 Shopme Ltd.], Setting [key=CURRENCY_ID, value=4], Setting [key=CURRENCY_SYMBOL, value=€], Setting [key=CURRENCY_SYMBOL_POSITION, value=Before price], Setting [key=DECIMAL_DIGITS, value=2], Setting [key=DECIMAL_POINT_TYPE, value=POINT], Setting [key=SITE_LOGO, value=/site-logo/111.png], Setting [key=SITE_NAME, value=ShopMe], Setting [key=THOUSANDS_POINT_TYPE, value=POINT]]
2023-07-28 11:03:54.083  INFO 19644 --- [http-nio-8081-exec-7] com.shopme.filter.SettingFilter          : SettingFilter | loadGeneralSettings | generalSettings : [Setting [key=COPYRIGHT, value=Copyright (C) 2021 Shopme Ltd.], Setting [key=CURRENCY_ID, value=4], Setting [key=CURRENCY_SYMBOL, value=€], Setting [key=CURRENCY_SYMBOL_POSITION, value=Before price], Setting [key=DECIMAL_DIGITS, value=2], Setting [key=DECIMAL_POINT_TYPE, value=POINT], Setting [key=SITE_LOGO, value=/site-logo/111.png], Setting [key=SITE_NAME, value=ShopMe], Setting [key=THOUSANDS_POINT_TYPE, value=POINT]]
2023-07-28 11:03:54.083  INFO 19644 --- [http-nio-8081-exec-7] com.shopme.filter.SettingFilter          : SettingFilter | loadGeneralSettings | generalSettings : [Setting [key=COPYRIGHT, value=Copyright (C) 2021 Shopme Ltd.], Setting [key=CURRENCY_ID, value=4], Setting [key=CURRENCY_SYMBOL, value=€], Setting [key=CURRENCY_SYMBOL_POSITION, value=Before price], Setting [key=DECIMAL_DIGITS, value=2], Setting [key=DECIMAL_POINT_TYPE, value=POINT], Setting [key=SITE_LOGO, value=/site-logo/111.png], Setting [key=SITE_NAME, value=ShopMe], Setting [key=THOUSANDS_POINT_TYPE, value=POINT]]
2023-07-28 11:03:54.083  INFO 19644 --- [http-nio-8081-exec-7] com.shopme.filter.SettingFilter          : SettingFilter | loadGeneralSettings | generalSettings : [Setting [key=COPYRIGHT, value=Copyright (C) 2021 Shopme Ltd.], Setting [key=CURRENCY_ID, value=4], Setting [key=CURRENCY_SYMBOL, value=€], Setting [key=CURRENCY_SYMBOL_POSITION, value=Before price], Setting [key=DECIMAL_DIGITS, value=2], Setting [key=DECIMAL_POINT_TYPE, value=POINT], Setting [key=SITE_LOGO, value=/site-logo/111.png], Setting [key=SITE_NAME, value=ShopMe], Setting [key=THOUSANDS_POINT_TYPE, value=POINT]]
2023-07-28 11:03:54.083  INFO 19644 --- [http-nio-8081-exec-7] com.shopme.filter.SettingFilter          : SettingFilter | loadMenuSettings is called
2023-07-28 11:03:54.086  INFO 19644 --- [http-nio-8081-exec-7] com.shopme.filter.SettingFilter          : SettingFilter | loadMenuSettings | headerMenuItems size : 3
2023-07-28 11:03:54.088  INFO 19644 --- [http-nio-8081-exec-7] com.shopme.filter.SettingFilter          : SettingFilter | loadMenuSettings | footerMenuItems size : 3
2023-07-28 11:03:54.090  INFO 19644 --- [http-nio-8081-exec-7] com.shopme.controller.OrderController    : OrderController | viewOrderDetails is called
2023-07-28 11:03:54.090  INFO 19644 --- [http-nio-8081-exec-7] com.shopme.util.CustomerAccountUtil      : CustomerAccountUtil | getEmailOfAuthenticatedCustomer is called
2023-07-28 11:03:54.090  INFO 19644 --- [http-nio-8081-exec-7] com.shopme.util.CustomerAccountUtil      : CustomerAccountUtil | getEmailOfAuthenticatedCustomer | principal : RememberMeAuthenticationToken [Principal=com.shopme.security.CustomerUserDetails@2ed073, Credentials=[PROTECTED], Authenticated=true, Details=WebAuthenticationDetails [RemoteIpAddress=0:0:0:0:0:0:0:1, SessionId=3F93A953080C547C3FCBC57ED93ECE51], Granted Authorities=[]]
2023-07-28 11:03:54.090  INFO 19644 --- [http-nio-8081-exec-7] com.shopme.util.CustomerAccountUtil      : CustomerAccountUtil | getEmailOfAuthenticatedCustomer | principal instanceof UsernamePasswordAuthenticationToken  : false
2023-07-28 11:03:54.090  INFO 19644 --- [http-nio-8081-exec-7] com.shopme.util.CustomerAccountUtil      : CustomerAccountUtil | getEmailOfAuthenticatedCustomer | principal instanceof RememberMeAuthenticationToken  : true
2023-07-28 11:03:54.090  INFO 19644 --- [http-nio-8081-exec-7] com.shopme.util.CustomerAccountUtil      : CustomerAccountUtil | getEmailOfAuthenticatedCustomer | principal instanceof OAuth2AuthenticationToken  : false
2023-07-28 11:03:54.090  INFO 19644 --- [http-nio-8081-exec-7] com.shopme.security.CustomerUserDetails  : CustomerUserDetails | username: diluna617@gmail.com
2023-07-28 11:03:54.090  INFO 19644 --- [http-nio-8081-exec-7] com.shopme.util.CustomerAccountUtil      : CustomerAccountUtil | getEmailOfAuthenticatedCustomer | customerEmail : diluna617@gmail.com
2023-07-28 11:03:54.092  INFO 19644 --- [http-nio-8081-exec-7] com.shopme.controller.OrderController    : OrderController | listOrdersByPage | customer : Diluna Chathuranga, Milla Road, Nalagasdeniya, Hikkaduwa, Central, Sri Lanka. Postal Code: 80244. Phone Number: 0701029511
2023-07-28 11:03:54.114  INFO 19644 --- [http-nio-8081-exec-7] com.shopme.common.entity.order.Order     : Order | hasStatus is called
2023-07-28 11:03:54.114  INFO 19644 --- [http-nio-8081-exec-7] com.shopme.common.entity.order.Order     : Order | hasStatus | status : PROCESSING
2023-07-28 11:03:54.115  INFO 19644 --- [http-nio-8081-exec-7] com.shopme.common.entity.order.Order     : Order | hasStatus | return False 
2023-07-28 11:03:54.117  INFO 19644 --- [http-nio-8081-exec-7] com.shopme.common.entity.order.Order     : Order | hasStatus is called
2023-07-28 11:03:54.117  INFO 19644 --- [http-nio-8081-exec-7] com.shopme.common.entity.order.Order     : Order | hasStatus | status : PICKED
2023-07-28 11:03:54.117  INFO 19644 --- [http-nio-8081-exec-7] com.shopme.common.entity.order.Order     : Order | hasStatus | return False 
2023-07-28 11:03:54.118  INFO 19644 --- [http-nio-8081-exec-7] com.shopme.common.entity.order.Order     : Order | hasStatus is called
2023-07-28 11:03:54.118  INFO 19644 --- [http-nio-8081-exec-7] com.shopme.common.entity.order.Order     : Order | hasStatus | status : SHIPPING
2023-07-28 11:03:54.118  INFO 19644 --- [http-nio-8081-exec-7] com.shopme.common.entity.order.Order     : Order | hasStatus | return False 
2023-07-28 11:03:54.119  INFO 19644 --- [http-nio-8081-exec-7] com.shopme.common.entity.order.Order     : Order | hasStatus is called
2023-07-28 11:03:54.119  INFO 19644 --- [http-nio-8081-exec-7] com.shopme.common.entity.order.Order     : Order | hasStatus | status : DELIVERED
2023-07-28 11:03:54.119  INFO 19644 --- [http-nio-8081-exec-7] com.shopme.common.entity.order.Order     : Order | hasStatus | return False 
2023-07-28 11:03:54.120  INFO 19644 --- [http-nio-8081-exec-7] com.shopme.common.entity.order.Order     : Order | hasStatus is called
2023-07-28 11:03:54.120  INFO 19644 --- [http-nio-8081-exec-7] com.shopme.common.entity.order.Order     : Order | hasStatus | status : RETURNED
2023-07-28 11:03:54.120  INFO 19644 --- [http-nio-8081-exec-7] com.shopme.common.entity.order.Order     : Order | hasStatus | return False 
2023-07-28 11:03:54.120  INFO 19644 --- [http-nio-8081-exec-7] com.shopme.common.entity.order.Order     : Order | hasStatus is called
2023-07-28 11:03:54.120  INFO 19644 --- [http-nio-8081-exec-7] com.shopme.common.entity.order.Order     : Order | hasStatus | status : PROCESSING
2023-07-28 11:03:54.120  INFO 19644 --- [http-nio-8081-exec-7] com.shopme.common.entity.order.Order     : Order | hasStatus | return False 
2023-07-28 11:03:54.121  INFO 19644 --- [http-nio-8081-exec-7] com.shopme.common.entity.order.Order     : Order | hasStatus is called
2023-07-28 11:03:54.121  INFO 19644 --- [http-nio-8081-exec-7] com.shopme.common.entity.order.Order     : Order | hasStatus | status : PICKED
2023-07-28 11:03:54.121  INFO 19644 --- [http-nio-8081-exec-7] com.shopme.common.entity.order.Order     : Order | hasStatus | return False 
2023-07-28 11:03:54.122  INFO 19644 --- [http-nio-8081-exec-7] com.shopme.common.entity.order.Order     : Order | hasStatus is called
2023-07-28 11:03:54.122  INFO 19644 --- [http-nio-8081-exec-7] com.shopme.common.entity.order.Order     : Order | hasStatus | status : SHIPPING
2023-07-28 11:03:54.122  INFO 19644 --- [http-nio-8081-exec-7] com.shopme.common.entity.order.Order     : Order | hasStatus | return False 
2023-07-28 11:03:54.123  INFO 19644 --- [http-nio-8081-exec-7] com.shopme.common.entity.order.Order     : Order | hasStatus is called
2023-07-28 11:03:54.123  INFO 19644 --- [http-nio-8081-exec-7] com.shopme.common.entity.order.Order     : Order | hasStatus | status : DELIVERED
2023-07-28 11:03:54.123  INFO 19644 --- [http-nio-8081-exec-7] com.shopme.common.entity.order.Order     : Order | hasStatus | return False 
2023-07-28 11:03:54.123  INFO 19644 --- [http-nio-8081-exec-7] com.shopme.common.entity.order.Order     : Order | hasStatus is called
2023-07-28 11:03:54.123  INFO 19644 --- [http-nio-8081-exec-7] com.shopme.common.entity.order.Order     : Order | hasStatus | status : RETURNED
2023-07-28 11:03:54.123  INFO 19644 --- [http-nio-8081-exec-7] com.shopme.common.entity.order.Order     : Order | hasStatus | return False 
2023-07-28 11:03:54.124  INFO 19644 --- [http-nio-8081-exec-7] com.shopme.security.CustomerUserDetails  : CustomerUserDetails | username: diluna617@gmail.com
