2023-07-29 14:52:21.988  INFO 16600 --- [http-nio-8081-exec-4] com.shopme.security.CustomerUserDetails  : CustomerUserDetails | getFullName: Diluna Chathuranga
2023-07-29 14:52:21.989  INFO 16600 --- [http-nio-8081-exec-4] com.shopme.security.CustomerUserDetails  : CustomerUserDetails | getFullName: Diluna Chathuranga
2023-07-29 14:52:22.003  INFO 16600 --- [http-nio-8081-exec-4] com.shopme.security.CustomerUserDetails  : CustomerUserDetails | username: diluna617@gmail.com
2023-07-29 14:52:22.051  INFO 16600 --- [http-nio-8081-exec-9] com.shopme.filter.SettingFilter          : SettingFilter | doFilter is called
2023-07-29 14:52:22.051  INFO 16600 --- [http-nio-8081-exec-3] com.shopme.filter.SettingFilter          : SettingFilter | doFilter is called
2023-07-29 14:52:22.053  INFO 16600 --- [http-nio-8081-exec-1] com.shopme.filter.SettingFilter          : SettingFilter | doFilter is called
2023-07-29 14:52:22.053  INFO 16600 --- [http-nio-8081-exec-9] com.shopme.filter.SettingFilter          : SettingFilter | doFilter | url : http://localhost:8081/fontawesome/all.css
2023-07-29 14:52:22.053  INFO 16600 --- [http-nio-8081-exec-10] com.shopme.filter.SettingFilter          : SettingFilter | doFilter is called
2023-07-29 14:52:22.053  INFO 16600 --- [http-nio-8081-exec-6] com.shopme.filter.SettingFilter          : SettingFilter | doFilter is called
2023-07-29 14:52:22.054  INFO 16600 --- [http-nio-8081-exec-1] com.shopme.filter.SettingFilter          : SettingFilter | doFilter | url : http://localhost:8081/css/styles.css
2023-07-29 14:52:22.054  INFO 16600 --- [http-nio-8081-exec-3] com.shopme.filter.SettingFilter          : SettingFilter | doFilter | url : http://localhost:8081/webjars/bootstrap/4.3.1/css/bootstrap.min.css
2023-07-29 14:52:22.054  INFO 16600 --- [http-nio-8081-exec-1] com.shopme.filter.SettingFilter          : SettingFilter | doFilter | .css , .js , .png , . jpg | url : http://localhost:8081/css/styles.css
2023-07-29 14:52:22.054  INFO 16600 --- [http-nio-8081-exec-10] com.shopme.filter.SettingFilter          : SettingFilter | doFilter | url : http://localhost:8081/webjars/jquery/3.4.1/jquery.min.js
2023-07-29 14:52:22.054  INFO 16600 --- [http-nio-8081-exec-6] com.shopme.filter.SettingFilter          : SettingFilter | doFilter | url : http://localhost:8081/webjars/bootstrap/4.3.1/js/bootstrap.min.js
2023-07-29 14:52:22.054  INFO 16600 --- [http-nio-8081-exec-10] com.shopme.filter.SettingFilter          : SettingFilter | doFilter | .css , .js , .png , . jpg | url : http://localhost:8081/webjars/jquery/3.4.1/jquery.min.js
2023-07-29 14:52:22.054  INFO 16600 --- [http-nio-8081-exec-6] com.shopme.filter.SettingFilter          : SettingFilter | doFilter | .css , .js , .png , . jpg | url : http://localhost:8081/webjars/bootstrap/4.3.1/js/bootstrap.min.js
2023-07-29 14:52:22.054  INFO 16600 --- [http-nio-8081-exec-3] com.shopme.filter.SettingFilter          : SettingFilter | doFilter | .css , .js , .png , . jpg | url : http://localhost:8081/webjars/bootstrap/4.3.1/css/bootstrap.min.css
2023-07-29 14:52:22.054  INFO 16600 --- [http-nio-8081-exec-9] com.shopme.filter.SettingFilter          : SettingFilter | doFilter | .css , .js , .png , . jpg | url : http://localhost:8081/fontawesome/all.css
2023-07-29 14:52:22.056  INFO 16600 --- [http-nio-8081-exec-9] com.shopme.security.CustomerUserDetails  : CustomerUserDetails | username: diluna617@gmail.com
2023-07-29 14:52:22.094  INFO 16600 --- [http-nio-8081-exec-7] com.shopme.filter.SettingFilter          : SettingFilter | doFilter is called
2023-07-29 14:52:22.094  INFO 16600 --- [http-nio-8081-exec-7] com.shopme.filter.SettingFilter          : SettingFilter | doFilter | url : http://localhost:8081/webfonts/fa-solid-900.woff2
2023-07-29 14:52:22.094  INFO 16600 --- [http-nio-8081-exec-7] com.shopme.filter.SettingFilter          : SettingFilter | loadGeneralSettings is called
2023-07-29 14:52:22.097  INFO 16600 --- [http-nio-8081-exec-7] com.shopme.filter.SettingFilter          : SettingFilter | loadGeneralSettings | generalSettings : [Setting [key=COPYRIGHT, value=Copyright (C) 2021 Shopme Ltd.], Setting [key=CURRENCY_ID, value=4], Setting [key=CURRENCY_SYMBOL, value=€], Setting [key=CURRENCY_SYMBOL_POSITION, value=Before price], Setting [key=DECIMAL_DIGITS, value=2], Setting [key=DECIMAL_POINT_TYPE, value=POINT], Setting [key=SITE_LOGO, value=/site-logo/111.png], Setting [key=SITE_NAME, value=ShopMe], Setting [key=THOUSANDS_POINT_TYPE, value=POINT]]
2023-07-29 14:52:22.097  INFO 16600 --- [http-nio-8081-exec-7] com.shopme.filter.SettingFilter          : SettingFilter | loadGeneralSettings | generalSettings : [Setting [key=COPYRIGHT, value=Copyright (C) 2021 Shopme Ltd.], Setting [key=CURRENCY_ID, value=4], Setting [key=CURRENCY_SYMBOL, value=€], Setting [key=CURRENCY_SYMBOL_POSITION, value=Before price], Setting [key=DECIMAL_DIGITS, value=2], Setting [key=DECIMAL_POINT_TYPE, value=POINT], Setting [key=SITE_LOGO, value=/site-logo/111.png], Setting [key=SITE_NAME, value=ShopMe], Setting [key=THOUSANDS_POINT_TYPE, value=POINT]]
2023-07-29 14:52:22.097  INFO 16600 --- [http-nio-8081-exec-7] com.shopme.filter.SettingFilter          : SettingFilter | loadGeneralSettings | generalSettings : [Setting [key=COPYRIGHT, value=Copyright (C) 2021 Shopme Ltd.], Setting [key=CURRENCY_ID, value=4], Setting [key=CURRENCY_SYMBOL, value=€], Setting [key=CURRENCY_SYMBOL_POSITION, value=Before price], Setting [key=DECIMAL_DIGITS, value=2], Setting [key=DECIMAL_POINT_TYPE, value=POINT], Setting [key=SITE_LOGO, value=/site-logo/111.png], Setting [key=SITE_NAME, value=ShopMe], Setting [key=THOUSANDS_POINT_TYPE, value=POINT]]
2023-07-29 14:52:22.097  INFO 16600 --- [http-nio-8081-exec-7] com.shopme.filter.SettingFilter          : SettingFilter | loadGeneralSettings | generalSettings : [Setting [key=COPYRIGHT, value=Copyright (C) 2021 Shopme Ltd.], Setting [key=CURRENCY_ID, value=4], Setting [key=CURRENCY_SYMBOL, value=€], Setting [key=CURRENCY_SYMBOL_POSITION, value=Before price], Setting [key=DECIMAL_DIGITS, value=2], Setting [key=DECIMAL_POINT_TYPE, value=POINT], Setting [key=SITE_LOGO, value=/site-logo/111.png], Setting [key=SITE_NAME, value=ShopMe], Setting [key=THOUSANDS_POINT_TYPE, value=POINT]]
2023-07-29 14:52:22.097  INFO 16600 --- [http-nio-8081-exec-7] com.shopme.filter.SettingFilter          : SettingFilter | loadGeneralSettings | generalSettings : [Setting [key=COPYRIGHT, value=Copyright (C) 2021 Shopme Ltd.], Setting [key=CURRENCY_ID, value=4], Setting [key=CURRENCY_SYMBOL, value=€], Setting [key=CURRENCY_SYMBOL_POSITION, value=Before price], Setting [key=DECIMAL_DIGITS, value=2], Setting [key=DECIMAL_POINT_TYPE, value=POINT], Setting [key=SITE_LOGO, value=/site-logo/111.png], Setting [key=SITE_NAME, value=ShopMe], Setting [key=THOUSANDS_POINT_TYPE, value=POINT]]
2023-07-29 14:52:22.097  INFO 16600 --- [http-nio-8081-exec-7] com.shopme.filter.SettingFilter          : SettingFilter | loadGeneralSettings | generalSettings : [Setting [key=COPYRIGHT, value=Copyright (C) 2021 Shopme Ltd.], Setting [key=CURRENCY_ID, value=4], Setting [key=CURRENCY_SYMBOL, value=€], Setting [key=CURRENCY_SYMBOL_POSITION, value=Before price], Setting [key=DECIMAL_DIGITS, value=2], Setting [key=DECIMAL_POINT_TYPE, value=POINT], Setting [key=SITE_LOGO, value=/site-logo/111.png], Setting [key=SITE_NAME, value=ShopMe], Setting [key=THOUSANDS_POINT_TYPE, value=POINT]]
2023-07-29 14:52:22.097  INFO 16600 --- [http-nio-8081-exec-7] com.shopme.filter.SettingFilter          : SettingFilter | loadGeneralSettings | generalSettings : [Setting [key=COPYRIGHT, value=Copyright (C) 2021 Shopme Ltd.], Setting [key=CURRENCY_ID, value=4], Setting [key=CURRENCY_SYMBOL, value=€], Setting [key=CURRENCY_SYMBOL_POSITION, value=Before price], Setting [key=DECIMAL_DIGITS, value=2], Setting [key=DECIMAL_POINT_TYPE, value=POINT], Setting [key=SITE_LOGO, value=/site-logo/111.png], Setting [key=SITE_NAME, value=ShopMe], Setting [key=THOUSANDS_POINT_TYPE, value=POINT]]
2023-07-29 14:52:22.097  INFO 16600 --- [http-nio-8081-exec-7] com.shopme.filter.SettingFilter          : SettingFilter | loadGeneralSettings | generalSettings : [Setting [key=COPYRIGHT, value=Copyright (C) 2021 Shopme Ltd.], Setting [key=CURRENCY_ID, value=4], Setting [key=CURRENCY_SYMBOL, value=€], Setting [key=CURRENCY_SYMBOL_POSITION, value=Before price], Setting [key=DECIMAL_DIGITS, value=2], Setting [key=DECIMAL_POINT_TYPE, value=POINT], Setting [key=SITE_LOGO, value=/site-logo/111.png], Setting [key=SITE_NAME, value=ShopMe], Setting [key=THOUSANDS_POINT_TYPE, value=POINT]]
2023-07-29 14:52:22.097  INFO 16600 --- [http-nio-8081-exec-7] com.shopme.filter.SettingFilter          : SettingFilter | loadGeneralSettings | generalSettings : [Setting [key=COPYRIGHT, value=Copyright (C) 2021 Shopme Ltd.], Setting [key=CURRENCY_ID, value=4], Setting [key=CURRENCY_SYMBOL, value=€], Setting [key=CURRENCY_SYMBOL_POSITION, value=Before price], Setting [key=DECIMAL_DIGITS, value=2], Setting [key=DECIMAL_POINT_TYPE, value=POINT], Setting [key=SITE_LOGO, value=/site-logo/111.png], Setting [key=SITE_NAME, value=ShopMe], Setting [key=THOUSANDS_POINT_TYPE, value=POINT]]
2023-07-29 14:52:22.097  INFO 16600 --- [http-nio-8081-exec-7] com.shopme.filter.SettingFilter          : SettingFilter | loadMenuSettings is called
2023-07-29 14:52:22.105  INFO 16600 --- [http-nio-8081-exec-7] com.shopme.filter.SettingFilter          : SettingFilter | loadMenuSettings | headerMenuItems size : 3
2023-07-29 14:52:22.109  INFO 16600 --- [http-nio-8081-exec-7] com.shopme.filter.SettingFilter          : SettingFilter | loadMenuSettings | footerMenuItems size : 3
2023-07-29 14:52:22.112  INFO 16600 --- [http-nio-8081-exec-7] com.shopme.security.CustomerUserDetails  : CustomerUserDetails | username: diluna617@gmail.com
2023-07-29 14:52:24.646  INFO 16600 --- [http-nio-8081-exec-8] com.shopme.filter.SettingFilter          : SettingFilter | doFilter is called
2023-07-29 14:52:24.646  INFO 16600 --- [http-nio-8081-exec-8] com.shopme.filter.SettingFilter          : SettingFilter | doFilter | url : http://localhost:8081/
2023-07-29 14:52:24.646  INFO 16600 --- [http-nio-8081-exec-8] com.shopme.filter.SettingFilter          : SettingFilter | loadGeneralSettings is called
2023-07-29 14:52:24.648  INFO 16600 --- [http-nio-8081-exec-8] com.shopme.filter.SettingFilter          : SettingFilter | loadGeneralSettings | generalSettings : [Setting [key=COPYRIGHT, value=Copyright (C) 2021 Shopme Ltd.], Setting [key=CURRENCY_ID, value=4], Setting [key=CURRENCY_SYMBOL, value=€], Setting [key=CURRENCY_SYMBOL_POSITION, value=Before price], Setting [key=DECIMAL_DIGITS, value=2], Setting [key=DECIMAL_POINT_TYPE, value=POINT], Setting [key=SITE_LOGO, value=/site-logo/111.png], Setting [key=SITE_NAME, value=ShopMe], Setting [key=THOUSANDS_POINT_TYPE, value=POINT]]
2023-07-29 14:52:24.648  INFO 16600 --- [http-nio-8081-exec-8] com.shopme.filter.SettingFilter          : SettingFilter | loadGeneralSettings | generalSettings : [Setting [key=COPYRIGHT, value=Copyright (C) 2021 Shopme Ltd.], Setting [key=CURRENCY_ID, value=4], Setting [key=CURRENCY_SYMBOL, value=€], Setting [key=CURRENCY_SYMBOL_POSITION, value=Before price], Setting [key=DECIMAL_DIGITS, value=2], Setting [key=DECIMAL_POINT_TYPE, value=POINT], Setting [key=SITE_LOGO, value=/site-logo/111.png], Setting [key=SITE_NAME, value=ShopMe], Setting [key=THOUSANDS_POINT_TYPE, value=POINT]]
2023-07-29 14:52:24.648  INFO 16600 --- [http-nio-8081-exec-8] com.shopme.filter.SettingFilter          : SettingFilter | loadGeneralSettings | generalSettings : [Setting [key=COPYRIGHT, value=Copyright (C) 2021 Shopme Ltd.], Setting [key=CURRENCY_ID, value=4], Setting [key=CURRENCY_SYMBOL, value=€], Setting [key=CURRENCY_SYMBOL_POSITION, value=Before price], Setting [key=DECIMAL_DIGITS, value=2], Setting [key=DECIMAL_POINT_TYPE, value=POINT], Setting [key=SITE_LOGO, value=/site-logo/111.png], Setting [key=SITE_NAME, value=ShopMe], Setting [key=THOUSANDS_POINT_TYPE, value=POINT]]
2023-07-29 14:52:24.648  INFO 16600 --- [http-nio-8081-exec-8] com.shopme.filter.SettingFilter          : SettingFilter | loadGeneralSettings | generalSettings : [Setting [key=COPYRIGHT, value=Copyright (C) 2021 Shopme Ltd.], Setting [key=CURRENCY_ID, value=4], Setting [key=CURRENCY_SYMBOL, value=€], Setting [key=CURRENCY_SYMBOL_POSITION, value=Before price], Setting [key=DECIMAL_DIGITS, value=2], Setting [key=DECIMAL_POINT_TYPE, value=POINT], Setting [key=SITE_LOGO, value=/site-logo/111.png], Setting [key=SITE_NAME, value=ShopMe], Setting [key=THOUSANDS_POINT_TYPE, value=POINT]]
2023-07-29 14:52:24.648  INFO 16600 --- [http-nio-8081-exec-8] com.shopme.filter.SettingFilter          : SettingFilter | loadGeneralSettings | generalSettings : [Setting [key=COPYRIGHT, value=Copyright (C) 2021 Shopme Ltd.], Setting [key=CURRENCY_ID, value=4], Setting [key=CURRENCY_SYMBOL, value=€], Setting [key=CURRENCY_SYMBOL_POSITION, value=Before price], Setting [key=DECIMAL_DIGITS, value=2], Setting [key=DECIMAL_POINT_TYPE, value=POINT], Setting [key=SITE_LOGO, value=/site-logo/111.png], Setting [key=SITE_NAME, value=ShopMe], Setting [key=THOUSANDS_POINT_TYPE, value=POINT]]
2023-07-29 14:52:24.648  INFO 16600 --- [http-nio-8081-exec-8] com.shopme.filter.SettingFilter          : SettingFilter | loadGeneralSettings | generalSettings : [Setting [key=COPYRIGHT, value=Copyright (C) 2021 Shopme Ltd.], Setting [key=CURRENCY_ID, value=4], Setting [key=CURRENCY_SYMBOL, value=€], Setting [key=CURRENCY_SYMBOL_POSITION, value=Before price], Setting [key=DECIMAL_DIGITS, value=2], Setting [key=DECIMAL_POINT_TYPE, value=POINT], Setting [key=SITE_LOGO, value=/site-logo/111.png], Setting [key=SITE_NAME, value=ShopMe], Setting [key=THOUSANDS_POINT_TYPE, value=POINT]]
2023-07-29 14:52:24.648  INFO 16600 --- [http-nio-8081-exec-8] com.shopme.filter.SettingFilter          : SettingFilter | loadGeneralSettings | generalSettings : [Setting [key=COPYRIGHT, value=Copyright (C) 2021 Shopme Ltd.], Setting [key=CURRENCY_ID, value=4], Setting [key=CURRENCY_SYMBOL, value=€], Setting [key=CURRENCY_SYMBOL_POSITION, value=Before price], Setting [key=DECIMAL_DIGITS, value=2], Setting [key=DECIMAL_POINT_TYPE, value=POINT], Setting [key=SITE_LOGO, value=/site-logo/111.png], Setting [key=SITE_NAME, value=ShopMe], Setting [key=THOUSANDS_POINT_TYPE, value=POINT]]
2023-07-29 14:52:24.649  INFO 16600 --- [http-nio-8081-exec-8] com.shopme.filter.SettingFilter          : SettingFilter | loadGeneralSettings | generalSettings : [Setting [key=COPYRIGHT, value=Copyright (C) 2021 Shopme Ltd.], Setting [key=CURRENCY_ID, value=4], Setting [key=CURRENCY_SYMBOL, value=€], Setting [key=CURRENCY_SYMBOL_POSITION, value=Before price], Setting [key=DECIMAL_DIGITS, value=2], Setting [key=DECIMAL_POINT_TYPE, value=POINT], Setting [key=SITE_LOGO, value=/site-logo/111.png], Setting [key=SITE_NAME, value=ShopMe], Setting [key=THOUSANDS_POINT_TYPE, value=POINT]]
2023-07-29 14:52:24.649  INFO 16600 --- [http-nio-8081-exec-8] com.shopme.filter.SettingFilter          : SettingFilter | loadGeneralSettings | generalSettings : [Setting [key=COPYRIGHT, value=Copyright (C) 2021 Shopme Ltd.], Setting [key=CURRENCY_ID, value=4], Setting [key=CURRENCY_SYMBOL, value=€], Setting [key=CURRENCY_SYMBOL_POSITION, value=Before price], Setting [key=DECIMAL_DIGITS, value=2], Setting [key=DECIMAL_POINT_TYPE, value=POINT], Setting [key=SITE_LOGO, value=/site-logo/111.png], Setting [key=SITE_NAME, value=ShopMe], Setting [key=THOUSANDS_POINT_TYPE, value=POINT]]
2023-07-29 14:52:24.649  INFO 16600 --- [http-nio-8081-exec-8] com.shopme.filter.SettingFilter          : SettingFilter | loadMenuSettings is called
2023-07-29 14:52:24.652  INFO 16600 --- [http-nio-8081-exec-8] com.shopme.filter.SettingFilter          : SettingFilter | loadMenuSettings | headerMenuItems size : 3
2023-07-29 14:52:24.654  INFO 16600 --- [http-nio-8081-exec-8] com.shopme.filter.SettingFilter          : SettingFilter | loadMenuSettings | footerMenuItems size : 3
2023-07-29 14:52:24.655  INFO 16600 --- [http-nio-8081-exec-8] com.shopme.controller.MainController     : MainController | viewHomePage is called
2023-07-29 14:52:24.656  INFO 16600 --- [http-nio-8081-exec-8] com.shopme.controller.MainController     : MainController | viewHomePage | listSections : 3
2023-07-29 14:52:24.668  INFO 16600 --- [http-nio-8081-exec-8] com.shopme.controller.MainController     : MainController | viewHomePage | listCategories : 26
2023-07-29 14:52:24.677  INFO 16600 --- [http-nio-8081-exec-8] com.shopme.security.CustomerUserDetails  : CustomerUserDetails | getFullName: Diluna Chathuranga
2023-07-29 14:52:24.678  INFO 16600 --- [http-nio-8081-exec-8] com.shopme.security.CustomerUserDetails  : CustomerUserDetails | getFullName: Diluna Chathuranga
2023-07-29 14:52:24.730  INFO 16600 --- [http-nio-8081-exec-8] com.shopme.security.CustomerUserDetails  : CustomerUserDetails | username: diluna617@gmail.com
2023-07-29 14:52:24.765  INFO 16600 --- [http-nio-8081-exec-5] com.shopme.filter.SettingFilter          : SettingFilter | doFilter is called
2023-07-29 14:52:24.765  INFO 16600 --- [http-nio-8081-exec-5] com.shopme.filter.SettingFilter          : SettingFilter | doFilter | url : http://localhost:8081/webjars/bootstrap/4.3.1/css/bootstrap.min.css
2023-07-29 14:52:24.765  INFO 16600 --- [http-nio-8081-exec-5] com.shopme.filter.SettingFilter          : SettingFilter | doFilter | .css , .js , .png , . jpg | url : http://localhost:8081/webjars/bootstrap/4.3.1/css/bootstrap.min.css
2023-07-29 14:52:24.765  INFO 16600 --- [http-nio-8081-exec-2] com.shopme.filter.SettingFilter          : SettingFilter | doFilter is called
2023-07-29 14:52:24.765  INFO 16600 --- [http-nio-8081-exec-2] com.shopme.filter.SettingFilter          : SettingFilter | doFilter | url : http://localhost:8081/fontawesome/all.css
2023-07-29 14:52:24.765  INFO 16600 --- [http-nio-8081-exec-2] com.shopme.filter.SettingFilter          : SettingFilter | doFilter | .css , .js , .png , . jpg | url : http://localhost:8081/fontawesome/all.css
2023-07-29 14:52:24.765  INFO 16600 --- [http-nio-8081-exec-4] com.shopme.filter.SettingFilter          : SettingFilter | doFilter is called
2023-07-29 14:52:24.765  INFO 16600 --- [http-nio-8081-exec-4] com.shopme.filter.SettingFilter          : SettingFilter | doFilter | url : http://localhost:8081/css/styles.css
2023-07-29 14:52:24.765  INFO 16600 --- [http-nio-8081-exec-4] com.shopme.filter.SettingFilter          : SettingFilter | doFilter | .css , .js , .png , . jpg | url : http://localhost:8081/css/styles.css
2023-07-29 14:52:24.766  INFO 16600 --- [http-nio-8081-exec-6] com.shopme.filter.SettingFilter          : SettingFilter | doFilter is called
2023-07-29 14:52:24.766  INFO 16600 --- [http-nio-8081-exec-6] com.shopme.filter.SettingFilter          : SettingFilter | doFilter | url : http://localhost:8081/star-rating/css/star-rating.css
2023-07-29 14:52:24.766  INFO 16600 --- [http-nio-8081-exec-6] com.shopme.filter.SettingFilter          : SettingFilter | doFilter | .css , .js , .png , . jpg | url : http://localhost:8081/star-rating/css/star-rating.css
2023-07-29 14:52:24.766  INFO 16600 --- [http-nio-8081-exec-9] com.shopme.filter.SettingFilter          : SettingFilter | doFilter is called
2023-07-29 14:52:24.766  INFO 16600 --- [http-nio-8081-exec-1] com.shopme.filter.SettingFilter          : SettingFilter | doFilter is called
2023-07-29 14:52:24.766  INFO 16600 --- [http-nio-8081-exec-9] com.shopme.filter.SettingFilter          : SettingFilter | doFilter | url : http://localhost:8081/webjars/bootstrap/4.3.1/js/bootstrap.min.js
2023-07-29 14:52:24.766  INFO 16600 --- [http-nio-8081-exec-1] com.shopme.filter.SettingFilter          : SettingFilter | doFilter | url : http://localhost:8081/webjars/jquery/3.4.1/jquery.min.js
2023-07-29 14:52:24.766  INFO 16600 --- [http-nio-8081-exec-1] com.shopme.filter.SettingFilter          : SettingFilter | doFilter | .css , .js , .png , . jpg | url : http://localhost:8081/webjars/jquery/3.4.1/jquery.min.js
2023-07-29 14:52:24.766  INFO 16600 --- [http-nio-8081-exec-9] com.shopme.filter.SettingFilter          : SettingFilter | doFilter | .css , .js , .png , . jpg | url : http://localhost:8081/webjars/bootstrap/4.3.1/js/bootstrap.min.js
2023-07-29 14:52:24.767  INFO 16600 --- [http-nio-8081-exec-2] com.shopme.security.CustomerUserDetails  : CustomerUserDetails | username: diluna617@gmail.com
2023-07-29 14:52:24.768  INFO 16600 --- [http-nio-8081-exec-6] com.shopme.security.CustomerUserDetails  : CustomerUserDetails | username: diluna617@gmail.com
2023-07-29 14:52:24.773  INFO 16600 --- [http-nio-8081-exec-10] com.shopme.filter.SettingFilter          : SettingFilter | doFilter is called
2023-07-29 14:52:24.773  INFO 16600 --- [http-nio-8081-exec-10] com.shopme.filter.SettingFilter          : SettingFilter | doFilter | url : http://localhost:8081/star-rating/themes/krajee-svg/theme.css
2023-07-29 14:52:24.773  INFO 16600 --- [http-nio-8081-exec-10] com.shopme.filter.SettingFilter          : SettingFilter | doFilter | .css , .js , .png , . jpg | url : http://localhost:8081/star-rating/themes/krajee-svg/theme.css
2023-07-29 14:52:24.775  INFO 16600 --- [http-nio-8081-exec-7] com.shopme.filter.SettingFilter          : SettingFilter | doFilter is called
2023-07-29 14:52:24.775  INFO 16600 --- [http-nio-8081-exec-3] com.shopme.filter.SettingFilter          : SettingFilter | doFilter is called
2023-07-29 14:52:24.776  INFO 16600 --- [http-nio-8081-exec-7] com.shopme.filter.SettingFilter          : SettingFilter | doFilter | url : http://localhost:8081/star-rating/themes/krajee-svg/theme.js
2023-07-29 14:52:24.776  INFO 16600 --- [http-nio-8081-exec-7] com.shopme.filter.SettingFilter          : SettingFilter | doFilter | .css , .js , .png , . jpg | url : http://localhost:8081/star-rating/themes/krajee-svg/theme.js
2023-07-29 14:52:24.776  INFO 16600 --- [http-nio-8081-exec-3] com.shopme.filter.SettingFilter          : SettingFilter | doFilter | url : http://localhost:8081/star-rating/js/star-rating.js
2023-07-29 14:52:24.776  INFO 16600 --- [http-nio-8081-exec-3] com.shopme.filter.SettingFilter          : SettingFilter | doFilter | .css , .js , .png , . jpg | url : http://localhost:8081/star-rating/js/star-rating.js
2023-07-29 14:52:24.776  INFO 16600 --- [http-nio-8081-exec-10] com.shopme.security.CustomerUserDetails  : CustomerUserDetails | username: diluna617@gmail.com
2023-07-29 14:52:24.778  INFO 16600 --- [http-nio-8081-exec-7] com.shopme.security.CustomerUserDetails  : CustomerUserDetails | username: diluna617@gmail.com
2023-07-29 14:52:24.778  INFO 16600 --- [http-nio-8081-exec-3] com.shopme.security.CustomerUserDetails  : CustomerUserDetails | username: diluna617@gmail.com
2023-07-29 14:52:24.851  INFO 16600 --- [http-nio-8081-exec-8] com.shopme.filter.SettingFilter          : SettingFilter | doFilter is called
2023-07-29 14:52:24.851  INFO 16600 --- [http-nio-8081-exec-8] com.shopme.filter.SettingFilter          : SettingFilter | doFilter | url : http://localhost:8081/webfonts/fa-solid-900.woff2
2023-07-29 14:52:24.851  INFO 16600 --- [http-nio-8081-exec-8] com.shopme.filter.SettingFilter          : SettingFilter | loadGeneralSettings is called
2023-07-29 14:52:24.854  INFO 16600 --- [http-nio-8081-exec-8] com.shopme.filter.SettingFilter          : SettingFilter | loadGeneralSettings | generalSettings : [Setting [key=COPYRIGHT, value=Copyright (C) 2021 Shopme Ltd.], Setting [key=CURRENCY_ID, value=4], Setting [key=CURRENCY_SYMBOL, value=€], Setting [key=CURRENCY_SYMBOL_POSITION, value=Before price], Setting [key=DECIMAL_DIGITS, value=2], Setting [key=DECIMAL_POINT_TYPE, value=POINT], Setting [key=SITE_LOGO, value=/site-logo/111.png], Setting [key=SITE_NAME, value=ShopMe], Setting [key=THOUSANDS_POINT_TYPE, value=POINT]]
2023-07-29 14:52:24.854  INFO 16600 --- [http-nio-8081-exec-8] com.shopme.filter.SettingFilter          : SettingFilter | loadGeneralSettings | generalSettings : [Setting [key=COPYRIGHT, value=Copyright (C) 2021 Shopme Ltd.], Setting [key=CURRENCY_ID, value=4], Setting [key=CURRENCY_SYMBOL, value=€], Setting [key=CURRENCY_SYMBOL_POSITION, value=Before price], Setting [key=DECIMAL_DIGITS, value=2], Setting [key=DECIMAL_POINT_TYPE, value=POINT], Setting [key=SITE_LOGO, value=/site-logo/111.png], Setting [key=SITE_NAME, value=ShopMe], Setting [key=THOUSANDS_POINT_TYPE, value=POINT]]
2023-07-29 14:52:24.854  INFO 16600 --- [http-nio-8081-exec-8] com.shopme.filter.SettingFilter          : SettingFilter | loadGeneralSettings | generalSettings : [Setting [key=COPYRIGHT, value=Copyright (C) 2021 Shopme Ltd.], Setting [key=CURRENCY_ID, value=4], Setting [key=CURRENCY_SYMBOL, value=€], Setting [key=CURRENCY_SYMBOL_POSITION, value=Before price], Setting [key=DECIMAL_DIGITS, value=2], Setting [key=DECIMAL_POINT_TYPE, value=POINT], Setting [key=SITE_LOGO, value=/site-logo/111.png], Setting [key=SITE_NAME, value=ShopMe], Setting [key=THOUSANDS_POINT_TYPE, value=POINT]]
2023-07-29 14:52:24.854  INFO 16600 --- [http-nio-8081-exec-8] com.shopme.filter.SettingFilter          : SettingFilter | loadGeneralSettings | generalSettings : [Setting [key=COPYRIGHT, value=Copyright (C) 2021 Shopme Ltd.], Setting [key=CURRENCY_ID, value=4], Setting [key=CURRENCY_SYMBOL, value=€], Setting [key=CURRENCY_SYMBOL_POSITION, value=Before price], Setting [key=DECIMAL_DIGITS, value=2], Setting [key=DECIMAL_POINT_TYPE, value=POINT], Setting [key=SITE_LOGO, value=/site-logo/111.png], Setting [key=SITE_NAME, value=ShopMe], Setting [key=THOUSANDS_POINT_TYPE, value=POINT]]
2023-07-29 14:52:24.854  INFO 16600 --- [http-nio-8081-exec-8] com.shopme.filter.SettingFilter          : SettingFilter | loadGeneralSettings | generalSettings : [Setting [key=COPYRIGHT, value=Copyright (C) 2021 Shopme Ltd.], Setting [key=CURRENCY_ID, value=4], Setting [key=CURRENCY_SYMBOL, value=€], Setting [key=CURRENCY_SYMBOL_POSITION, value=Before price], Setting [key=DECIMAL_DIGITS, value=2], Setting [key=DECIMAL_POINT_TYPE, value=POINT], Setting [key=SITE_LOGO, value=/site-logo/111.png], Setting [key=SITE_NAME, value=ShopMe], Setting [key=THOUSANDS_POINT_TYPE, value=POINT]]
2023-07-29 14:52:24.854  INFO 16600 --- [http-nio-8081-exec-8] com.shopme.filter.SettingFilter          : SettingFilter | loadGeneralSettings | generalSettings : [Setting [key=COPYRIGHT, value=Copyright (C) 2021 Shopme Ltd.], Setting [key=CURRENCY_ID, value=4], Setting [key=CURRENCY_SYMBOL, value=€], Setting [key=CURRENCY_SYMBOL_POSITION, value=Before price], Setting [key=DECIMAL_DIGITS, value=2], Setting [key=DECIMAL_POINT_TYPE, value=POINT], Setting [key=SITE_LOGO, value=/site-logo/111.png], Setting [key=SITE_NAME, value=ShopMe], Setting [key=THOUSANDS_POINT_TYPE, value=POINT]]
2023-07-29 14:52:24.854  INFO 16600 --- [http-nio-8081-exec-8] com.shopme.filter.SettingFilter          : SettingFilter | loadGeneralSettings | generalSettings : [Setting [key=COPYRIGHT, value=Copyright (C) 2021 Shopme Ltd.], Setting [key=CURRENCY_ID, value=4], Setting [key=CURRENCY_SYMBOL, value=€], Setting [key=CURRENCY_SYMBOL_POSITION, value=Before price], Setting [key=DECIMAL_DIGITS, value=2], Setting [key=DECIMAL_POINT_TYPE, value=POINT], Setting [key=SITE_LOGO, value=/site-logo/111.png], Setting [key=SITE_NAME, value=ShopMe], Setting [key=THOUSANDS_POINT_TYPE, value=POINT]]
2023-07-29 14:52:24.854  INFO 16600 --- [http-nio-8081-exec-8] com.shopme.filter.SettingFilter          : SettingFilter | loadGeneralSettings | generalSettings : [Setting [key=COPYRIGHT, value=Copyright (C) 2021 Shopme Ltd.], Setting [key=CURRENCY_ID, value=4], Setting [key=CURRENCY_SYMBOL, value=€], Setting [key=CURRENCY_SYMBOL_POSITION, value=Before price], Setting [key=DECIMAL_DIGITS, value=2], Setting [key=DECIMAL_POINT_TYPE, value=POINT], Setting [key=SITE_LOGO, value=/site-logo/111.png], Setting [key=SITE_NAME, value=ShopMe], Setting [key=THOUSANDS_POINT_TYPE, value=POINT]]
2023-07-29 14:52:24.854  INFO 16600 --- [http-nio-8081-exec-8] com.shopme.filter.SettingFilter          : SettingFilter | loadGeneralSettings | generalSettings : [Setting [key=COPYRIGHT, value=Copyright (C) 2021 Shopme Ltd.], Setting [key=CURRENCY_ID, value=4], Setting [key=CURRENCY_SYMBOL, value=€], Setting [key=CURRENCY_SYMBOL_POSITION, value=Before price], Setting [key=DECIMAL_DIGITS, value=2], Setting [key=DECIMAL_POINT_TYPE, value=POINT], Setting [key=SITE_LOGO, value=/site-logo/111.png], Setting [key=SITE_NAME, value=ShopMe], Setting [key=THOUSANDS_POINT_TYPE, value=POINT]]
2023-07-29 14:52:24.854  INFO 16600 --- [http-nio-8081-exec-8] com.shopme.filter.SettingFilter          : SettingFilter | loadMenuSettings is called
2023-07-29 14:52:24.860  INFO 16600 --- [http-nio-8081-exec-8] com.shopme.filter.SettingFilter          : SettingFilter | loadMenuSettings | headerMenuItems size : 3
2023-07-29 14:52:24.868  INFO 16600 --- [http-nio-8081-exec-8] com.shopme.filter.SettingFilter          : SettingFilter | loadMenuSettings | footerMenuItems size : 3
2023-07-29 14:52:24.871  INFO 16600 --- [http-nio-8081-exec-8] com.shopme.security.CustomerUserDetails  : CustomerUserDetails | username: diluna617@gmail.com
