2023-07-08 16:33:02.685 DEBUG 23516 --- [http-nio-8080-exec-6] o.s.w.s.handler.SimpleUrlHandlerMapping  : Mapped to ResourceHttpRequestHandler [class path resource [META-INF/resources/], class path resource [resources/], class path resource [static/], class path resource [public/], ServletContext resource [/]]
2023-07-08 16:33:02.686 DEBUG 23516 --- [http-nio-8080-exec-1] o.s.web.servlet.DispatcherServlet        : Completed 200 OK
2023-07-08 16:33:02.686 DEBUG 23516 --- [http-nio-8080-exec-2] o.s.web.servlet.DispatcherServlet        : Completed 200 OK
2023-07-08 16:33:02.687 DEBUG 23516 --- [http-nio-8080-exec-7] o.s.web.servlet.DispatcherServlet        : Completed 200 OK
2023-07-08 16:33:02.687 DEBUG 23516 --- [http-nio-8080-exec-6] o.s.web.servlet.DispatcherServlet        : Completed 200 OK
2023-07-08 16:33:02.687 DEBUG 23516 --- [http-nio-8080-exec-3] o.s.web.servlet.DispatcherServlet        : Completed 200 OK
2023-07-08 16:33:02.689 DEBUG 23516 --- [http-nio-8080-exec-10] o.s.web.servlet.DispatcherServlet        : Completed 200 OK
2023-07-08 16:33:02.703 DEBUG 23516 --- [http-nio-8080-exec-5] o.s.web.servlet.DispatcherServlet        : GET "/ShopmeAdmin/js/common_form.js", parameters={}
2023-07-08 16:33:02.703 DEBUG 23516 --- [http-nio-8080-exec-5] o.s.w.s.handler.SimpleUrlHandlerMapping  : Mapped to ResourceHttpRequestHandler [class path resource [META-INF/resources/], class path resource [resources/], class path resource [static/], class path resource [public/], ServletContext resource [/]]
2023-07-08 16:33:02.703 DEBUG 23516 --- [http-nio-8080-exec-4] o.s.web.servlet.DispatcherServlet        : GET "/ShopmeAdmin/js/common_form_country_state.js", parameters={}
2023-07-08 16:33:02.704 DEBUG 23516 --- [http-nio-8080-exec-4] o.s.w.s.handler.SimpleUrlHandlerMapping  : Mapped to ResourceHttpRequestHandler [class path resource [META-INF/resources/], class path resource [resources/], class path resource [static/], class path resource [public/], ServletContext resource [/]]
2023-07-08 16:33:02.704 DEBUG 23516 --- [http-nio-8080-exec-5] o.s.web.servlet.DispatcherServlet        : Completed 200 OK
2023-07-08 16:33:02.705 DEBUG 23516 --- [http-nio-8080-exec-4] o.s.web.servlet.DispatcherServlet        : Completed 200 OK
2023-07-08 16:33:02.719 DEBUG 23516 --- [http-nio-8080-exec-9] o.s.web.servlet.DispatcherServlet        : GET "/ShopmeAdmin/js/jquery.number.min.js", parameters={}
2023-07-08 16:33:02.719 DEBUG 23516 --- [http-nio-8080-exec-1] o.s.web.servlet.DispatcherServlet        : GET "/ShopmeAdmin/js/order_form_add_product.js", parameters={}
2023-07-08 16:33:02.719 DEBUG 23516 --- [http-nio-8080-exec-7] o.s.web.servlet.DispatcherServlet        : GET "/ShopmeAdmin/js/order_form_tracks.js", parameters={}
2023-07-08 16:33:02.719 DEBUG 23516 --- [http-nio-8080-exec-7] o.s.w.s.handler.SimpleUrlHandlerMapping  : Mapped to ResourceHttpRequestHandler [class path resource [META-INF/resources/], class path resource [resources/], class path resource [static/], class path resource [public/], ServletContext resource [/]]
2023-07-08 16:33:02.719 DEBUG 23516 --- [http-nio-8080-exec-1] o.s.w.s.handler.SimpleUrlHandlerMapping  : Mapped to ResourceHttpRequestHandler [class path resource [META-INF/resources/], class path resource [resources/], class path resource [static/], class path resource [public/], ServletContext resource [/]]
2023-07-08 16:33:02.720 DEBUG 23516 --- [http-nio-8080-exec-2] o.s.web.servlet.DispatcherServlet        : GET "/ShopmeAdmin/js/order_form_remove_product.js", parameters={}
2023-07-08 16:33:02.720 DEBUG 23516 --- [http-nio-8080-exec-3] o.s.web.servlet.DispatcherServlet        : GET "/ShopmeAdmin/images/ShopmeAdminSmall.png", parameters={}
2023-07-08 16:33:02.720 DEBUG 23516 --- [http-nio-8080-exec-2] o.s.w.s.handler.SimpleUrlHandlerMapping  : Mapped to ResourceHttpRequestHandler [class path resource [META-INF/resources/], class path resource [resources/], class path resource [static/], class path resource [public/], ServletContext resource [/]]
2023-07-08 16:33:02.719 DEBUG 23516 --- [http-nio-8080-exec-8] o.s.web.servlet.DispatcherServlet        : GET "/ShopmeAdmin/js/order_form_overview_products.js", parameters={}
2023-07-08 16:33:02.720 DEBUG 23516 --- [http-nio-8080-exec-3] o.s.w.s.handler.SimpleUrlHandlerMapping  : Mapped to ResourceHttpRequestHandler [class path resource [META-INF/resources/], class path resource [resources/], class path resource [static/], class path resource [public/], ServletContext resource [/]]
2023-07-08 16:33:02.719 DEBUG 23516 --- [http-nio-8080-exec-9] o.s.w.s.handler.SimpleUrlHandlerMapping  : Mapped to ResourceHttpRequestHandler [class path resource [META-INF/resources/], class path resource [resources/], class path resource [static/], class path resource [public/], ServletContext resource [/]]
2023-07-08 16:33:02.721 DEBUG 23516 --- [http-nio-8080-exec-8] o.s.w.s.handler.SimpleUrlHandlerMapping  : Mapped to ResourceHttpRequestHandler [class path resource [META-INF/resources/], class path resource [resources/], class path resource [static/], class path resource [public/], ServletContext resource [/]]
2023-07-08 16:33:02.721 DEBUG 23516 --- [http-nio-8080-exec-1] o.s.web.servlet.DispatcherServlet        : Completed 200 OK
2023-07-08 16:33:02.721 DEBUG 23516 --- [http-nio-8080-exec-7] o.s.web.servlet.DispatcherServlet        : Completed 200 OK
2023-07-08 16:33:02.722 DEBUG 23516 --- [http-nio-8080-exec-2] o.s.web.servlet.DispatcherServlet        : Completed 200 OK
2023-07-08 16:33:02.722 DEBUG 23516 --- [http-nio-8080-exec-9] o.s.web.servlet.DispatcherServlet        : Completed 200 OK
2023-07-08 16:33:02.722 DEBUG 23516 --- [http-nio-8080-exec-3] o.s.web.servlet.DispatcherServlet        : Completed 200 OK
2023-07-08 16:33:02.722 DEBUG 23516 --- [http-nio-8080-exec-8] o.s.web.servlet.DispatcherServlet        : Completed 200 OK
2023-07-08 16:33:02.726 DEBUG 23516 --- [http-nio-8080-exec-6] o.s.web.servlet.DispatcherServlet        : GET "/ShopmeAdmin/images/english.png", parameters={}
2023-07-08 16:33:02.727 DEBUG 23516 --- [http-nio-8080-exec-6] o.s.w.s.handler.SimpleUrlHandlerMapping  : Mapped to ResourceHttpRequestHandler [class path resource [META-INF/resources/], class path resource [resources/], class path resource [static/], class path resource [public/], ServletContext resource [/]]
2023-07-08 16:33:02.727 DEBUG 23516 --- [http-nio-8080-exec-5] o.s.web.servlet.DispatcherServlet        : GET "/ShopmeAdmin/product-images/1/apple-main.jpg", parameters={}
2023-07-08 16:33:02.728 DEBUG 23516 --- [http-nio-8080-exec-10] o.s.web.servlet.DispatcherServlet        : GET "/ShopmeAdmin/images/turkish.png", parameters={}
2023-07-08 16:33:02.728 DEBUG 23516 --- [http-nio-8080-exec-5] o.s.w.s.handler.SimpleUrlHandlerMapping  : Mapped to ResourceHttpRequestHandler [URL [file:/D:/Skills/Projects/Spring Boot/ShopMe/ShopmeLocal/ShopmeWebParentLocal/ShopmeBackendLocal/../product-images/]]
2023-07-08 16:33:02.729 DEBUG 23516 --- [http-nio-8080-exec-10] o.s.w.s.handler.SimpleUrlHandlerMapping  : Mapped to ResourceHttpRequestHandler [class path resource [META-INF/resources/], class path resource [resources/], class path resource [static/], class path resource [public/], ServletContext resource [/]]
2023-07-08 16:33:02.729 DEBUG 23516 --- [http-nio-8080-exec-6] o.s.web.servlet.DispatcherServlet        : Completed 200 OK
2023-07-08 16:33:02.730 DEBUG 23516 --- [http-nio-8080-exec-10] o.s.web.servlet.DispatcherServlet        : Completed 200 OK
2023-07-08 16:33:02.730 DEBUG 23516 --- [http-nio-8080-exec-5] o.s.web.servlet.DispatcherServlet        : Completed 200 OK
2023-07-08 16:33:02.745 DEBUG 23516 --- [http-nio-8080-exec-4] o.s.web.servlet.DispatcherServlet        : GET "/ShopmeAdmin/webfonts/fa-solid-900.woff2", parameters={}
2023-07-08 16:33:02.746 DEBUG 23516 --- [http-nio-8080-exec-4] o.s.w.s.handler.SimpleUrlHandlerMapping  : Mapped to ResourceHttpRequestHandler [class path resource [META-INF/resources/], class path resource [resources/], class path resource [static/], class path resource [public/], ServletContext resource [/]]
2023-07-08 16:33:02.748 DEBUG 23516 --- [http-nio-8080-exec-4] o.s.web.servlet.DispatcherServlet        : Completed 200 OK
2023-07-08 16:33:02.772 DEBUG 23516 --- [http-nio-8080-exec-1] o.s.web.servlet.DispatcherServlet        : GET "/ShopmeAdmin/states/list_by_country/163", parameters={}
2023-07-08 16:33:02.773 DEBUG 23516 --- [http-nio-8080-exec-1] s.w.s.m.m.a.RequestMappingHandlerMapping : Mapped to com.shopme.admin.controller.StateRestController#listByCountry(Integer)
2023-07-08 16:33:02.773  INFO 23516 --- [http-nio-8080-exec-1] c.s.a.controller.StateRestController     : StateRestController | listByCountry is called
2023-07-08 16:33:02.773  INFO 23516 --- [http-nio-8080-exec-1] c.s.a.controller.StateRestController     : StateRestController | listByCountry | countryId : 163
2023-07-08 16:33:02.775  INFO 23516 --- [http-nio-8080-exec-1] c.s.a.controller.StateRestController     : StateRestController | listByCountry | listStates.size() : 3
2023-07-08 16:33:02.775  INFO 23516 --- [http-nio-8080-exec-1] c.s.a.controller.StateRestController     : StateRestController | listByCountry | result : [StateDTO [id=14, name=Central], StateDTO [id=13, name=Southern], StateDTO [id=12, name=Western]]
2023-07-08 16:33:02.775 DEBUG 23516 --- [http-nio-8080-exec-1] m.m.a.RequestResponseBodyMethodProcessor : Using 'application/json', given [*/*] and supported [application/json, application/*+json, application/json, application/*+json]
2023-07-08 16:33:02.775 DEBUG 23516 --- [http-nio-8080-exec-1] m.m.a.RequestResponseBodyMethodProcessor : Writing [[StateDTO [id=14, name=Central], StateDTO [id=13, name=Southern], StateDTO [id=12, name=Western]]]
2023-07-08 16:33:02.776 DEBUG 23516 --- [http-nio-8080-exec-1] o.s.web.servlet.DispatcherServlet        : Completed 200 OK
2023-07-08 16:33:18.071 DEBUG 23516 --- [http-nio-8080-exec-7] o.s.web.servlet.DispatcherServlet        : POST "/ShopmeAdmin/order/save", parameters={masked}
2023-07-08 16:33:18.071 DEBUG 23516 --- [http-nio-8080-exec-7] s.w.s.m.m.a.RequestMappingHandlerMapping : Mapped to com.shopme.admin.controller.OrderController#saveOrder(Order, HttpServletRequest, RedirectAttributes)
2023-07-08 16:33:18.074  INFO 23516 --- [http-nio-8080-exec-7] c.s.admin.controller.OrderController     : OrderController | saveOrder is called
2023-07-08 16:33:18.074  INFO 23516 --- [http-nio-8080-exec-7] c.s.admin.controller.OrderController     : OrderController | saveOrder | countryName : Sri Lanka
2023-07-08 16:33:18.074  INFO 23516 --- [http-nio-8080-exec-7] com.shopme.admin.util.OrderUtil          : OrderUtil | updateProductDetails is called
2023-07-08 16:33:18.074  INFO 23516 --- [http-nio-8080-exec-7] com.shopme.admin.util.OrderUtil          : OrderUtil | updateOrderTracks | detailIds : [Ljava.lang.String;@419cd2a3
2023-07-08 16:33:18.074  INFO 23516 --- [http-nio-8080-exec-7] com.shopme.admin.util.OrderUtil          : OrderUtil | updateOrderTracks | productIds : [Ljava.lang.String;@392dfa49
2023-07-08 16:33:18.074  INFO 23516 --- [http-nio-8080-exec-7] com.shopme.admin.util.OrderUtil          : OrderUtil | updateOrderTracks | productPrices : [Ljava.lang.String;@33ec07fa
2023-07-08 16:33:18.074  INFO 23516 --- [http-nio-8080-exec-7] com.shopme.admin.util.OrderUtil          : OrderUtil | updateOrderTracks | productDetailCosts : [Ljava.lang.String;@45df9372
2023-07-08 16:33:18.074  INFO 23516 --- [http-nio-8080-exec-7] com.shopme.admin.util.OrderUtil          : OrderUtil | updateOrderTracks | quantities : [Ljava.lang.String;@62f148a0
2023-07-08 16:33:18.074  INFO 23516 --- [http-nio-8080-exec-7] com.shopme.admin.util.OrderUtil          : OrderUtil | updateOrderTracks | productSubtotals : [Ljava.lang.String;@34581905
2023-07-08 16:33:18.074  INFO 23516 --- [http-nio-8080-exec-7] com.shopme.admin.util.OrderUtil          : OrderUtil | updateOrderTracks | productSubtotals : [Ljava.lang.String;@67580ba3
2023-07-08 16:33:18.074  INFO 23516 --- [http-nio-8080-exec-7] com.shopme.admin.util.OrderUtil          : OrderUtil | updateOrderTracks | orderDetails : []
2023-07-08 16:33:18.074  INFO 23516 --- [http-nio-8080-exec-7] com.shopme.admin.util.OrderUtil          : OrderUtil | updateOrderTracks | orderDetails.size : 0
2023-07-08 16:33:18.074  INFO 23516 --- [http-nio-8080-exec-7] com.shopme.admin.util.OrderUtil          : OrderUtil | updateOrderTracks | productSubtotals : 1
2023-07-08 16:33:18.074  INFO 23516 --- [http-nio-8080-exec-7] com.shopme.admin.util.OrderUtil          : OrderUtil | updateOrderTracks | Detail ID : 4
2023-07-08 16:33:18.074  INFO 23516 --- [http-nio-8080-exec-7] com.shopme.admin.util.OrderUtil          : OrderUtil | updateOrderTracks | Prodouct ID : 1
2023-07-08 16:33:18.074  INFO 23516 --- [http-nio-8080-exec-7] com.shopme.admin.util.OrderUtil          : OrderUtil | updateOrderTracks | Cost : 36.00
2023-07-08 16:33:18.074  INFO 23516 --- [http-nio-8080-exec-7] com.shopme.admin.util.OrderUtil          : OrderUtil | updateOrderTracks | Quantity : 3
2023-07-08 16:33:18.074  INFO 23516 --- [http-nio-8080-exec-7] com.shopme.admin.util.OrderUtil          : OrderUtil | updateOrderTracks | Subtotal : 43.65
2023-07-08 16:33:18.074  INFO 23516 --- [http-nio-8080-exec-7] com.shopme.admin.util.OrderUtil          : OrderUtil | updateOrderTracks | Ship cost : 54.00
2023-07-08 16:33:18.074  INFO 23516 --- [http-nio-8080-exec-7] com.shopme.admin.util.OrderUtil          : OrderUtil | updateOrderTracks | detailId : 4
2023-07-08 16:33:18.074  INFO 23516 --- [http-nio-8080-exec-7] com.shopme.admin.util.OrderUtil          : OrderUtil | updateOrderTracks | orderDetail : com.shopme.common.entity.order.OrderDetail@5e254039
2023-07-08 16:33:18.074  INFO 23516 --- [http-nio-8080-exec-7] com.shopme.admin.util.OrderUtil          : OrderUtil | updateOrderTracks is called
2023-07-08 16:33:18.074  INFO 23516 --- [http-nio-8080-exec-7] com.shopme.admin.util.OrderUtil          : OrderUtil | updateOrderTracks | trackIds : [Ljava.lang.String;@36f9b715
2023-07-08 16:33:18.074  INFO 23516 --- [http-nio-8080-exec-7] com.shopme.admin.util.OrderUtil          : OrderUtil | updateOrderTracks | trackStatuses : [Ljava.lang.String;@421d10fe
2023-07-08 16:33:18.075  INFO 23516 --- [http-nio-8080-exec-7] com.shopme.admin.util.OrderUtil          : OrderUtil | updateOrderTracks | trackDates : [Ljava.lang.String;@65bf0e0d
2023-07-08 16:33:18.075  INFO 23516 --- [http-nio-8080-exec-7] com.shopme.admin.util.OrderUtil          : OrderUtil | updateOrderTracks | trackNotes : [Ljava.lang.String;@11efbe0b
2023-07-08 16:33:18.075  INFO 23516 --- [http-nio-8080-exec-7] com.shopme.admin.util.OrderUtil          : OrderUtil | updateOrderTracks | orderTracks : []
2023-07-08 16:33:18.075  INFO 23516 --- [http-nio-8080-exec-7] com.shopme.admin.util.OrderUtil          : OrderUtil | updateOrderTracks | orderTracks.size : 0
2023-07-08 16:33:18.075  INFO 23516 --- [http-nio-8080-exec-7] com.shopme.admin.util.OrderUtil          : OrderUtil | updateOrderTracks | trackIds.length : 3
2023-07-08 16:33:18.075  INFO 23516 --- [http-nio-8080-exec-7] com.shopme.admin.util.OrderUtil          : OrderUtil | updateOrderTracks | trackId : 11
2023-07-08 16:33:18.075  INFO 23516 --- [http-nio-8080-exec-7] com.shopme.admin.util.OrderUtil          : OrderUtil | updateOrderTracks | trackRecord : com.shopme.common.entity.order.OrderTrack@6a55f23c
2023-07-08 16:33:18.075  INFO 23516 --- [http-nio-8080-exec-7] com.shopme.admin.util.OrderUtil          : OrderUtil | updateOrderTracks | trackId : 17
2023-07-08 16:33:18.075  INFO 23516 --- [http-nio-8080-exec-7] com.shopme.admin.util.OrderUtil          : OrderUtil | updateOrderTracks | trackRecord : com.shopme.common.entity.order.OrderTrack@40658568
2023-07-08 16:33:18.075  INFO 23516 --- [http-nio-8080-exec-7] com.shopme.admin.util.OrderUtil          : OrderUtil | updateOrderTracks | trackId : 0
2023-07-08 16:33:18.075  INFO 23516 --- [http-nio-8080-exec-7] com.shopme.admin.util.OrderUtil          : OrderUtil | updateOrderTracks | trackRecord : com.shopme.common.entity.order.OrderTrack@5db7340f
2023-07-08 16:33:18.127  INFO 23516 --- [http-nio-8080-exec-7] c.s.admin.controller.OrderController     : OrderController | saveOrder | message : The order ID 2 has been updated successfully
2023-07-08 16:33:18.128 DEBUG 23516 --- [http-nio-8080-exec-7] o.s.web.servlet.view.RedirectView        : View name 'redirect:', model {}
2023-07-08 16:33:18.129 DEBUG 23516 --- [http-nio-8080-exec-7] o.s.web.servlet.DispatcherServlet        : Completed 302 FOUND
2023-07-08 16:33:18.133 DEBUG 23516 --- [http-nio-8080-exec-2] o.s.web.servlet.DispatcherServlet        : GET "/ShopmeAdmin/orders/page/1?sortField=orderTime&sortDir=desc", parameters={masked}
2023-07-08 16:33:18.133 DEBUG 23516 --- [http-nio-8080-exec-2] s.w.s.m.m.a.RequestMappingHandlerMapping : Mapped to com.shopme.admin.controller.OrderController#listByPage(PagingAndSortingHelper, int, ShopmeUserDetails, HttpServletRequest)
2023-07-08 16:33:18.134  INFO 23516 --- [http-nio-8080-exec-2] c.s.a.p.PagingAndSortingArgumentResolver : PagingAndSortingArgumentResolver | resolveArgument | sortField : orderTime
2023-07-08 16:33:18.134  INFO 23516 --- [http-nio-8080-exec-2] c.s.a.p.PagingAndSortingArgumentResolver : PagingAndSortingArgumentResolver | resolveArgument | sortDir : desc
2023-07-08 16:33:18.134  INFO 23516 --- [http-nio-8080-exec-2] c.s.a.p.PagingAndSortingArgumentResolver : PagingAndSortingArgumentResolver | resolveArgument | reverseSortDir : asc
2023-07-08 16:33:18.134  INFO 23516 --- [http-nio-8080-exec-2] c.s.a.p.PagingAndSortingArgumentResolver : PagingAndSortingArgumentResolver | resolveArgument | keyword : null
2023-07-08 16:33:18.134  INFO 23516 --- [http-nio-8080-exec-2] c.s.a.p.PagingAndSortingArgumentResolver : PagingAndSortingArgumentResolver | resolveArgument | moduleURL : /orders
2023-07-08 16:33:18.134  INFO 23516 --- [http-nio-8080-exec-2] c.s.admin.controller.OrderController     : OrderController | listByPage is called
2023-07-08 16:33:18.137  INFO 23516 --- [http-nio-8080-exec-2] c.s.admin.paging.PagingAndSortingHelper  : PagingAndSortingHelper | updateModelAttributes is started
2023-07-08 16:33:18.138  INFO 23516 --- [http-nio-8080-exec-2] c.s.admin.paging.PagingAndSortingHelper  : PagingAndSortingHelper | updateModelAttributes | startCount : 1
2023-07-08 16:33:18.138  INFO 23516 --- [http-nio-8080-exec-2] c.s.admin.paging.PagingAndSortingHelper  : PagingAndSortingHelper | updateModelAttributes | endCount : 10
2023-07-08 16:33:18.138  INFO 23516 --- [http-nio-8080-exec-2] c.s.admin.paging.PagingAndSortingHelper  : PagingAndSortingHelper | updateModelAttributes | page.getTotalElements() : 4
2023-07-08 16:33:18.138  INFO 23516 --- [http-nio-8080-exec-2] c.s.admin.paging.PagingAndSortingHelper  : PagingAndSortingHelper | updateModelAttributes | endCount : 4
2023-07-08 16:33:18.138  INFO 23516 --- [http-nio-8080-exec-2] c.s.admin.paging.PagingAndSortingHelper  : PagingAndSortingHelper | updateModelAttributes | currentPage : 1
2023-07-08 16:33:18.138  INFO 23516 --- [http-nio-8080-exec-2] c.s.admin.paging.PagingAndSortingHelper  : PagingAndSortingHelper | updateModelAttributes | totalPages : 1
2023-07-08 16:33:18.138  INFO 23516 --- [http-nio-8080-exec-2] c.s.admin.paging.PagingAndSortingHelper  : PagingAndSortingHelper | updateModelAttributes | totalItems : 4
2023-07-08 16:33:18.138  INFO 23516 --- [http-nio-8080-exec-2] com.shopme.admin.util.OrderUtil          : OrderUtil | loadCurrencySetting is called
2023-07-08 16:33:18.139  INFO 23516 --- [http-nio-8080-exec-2] com.shopme.admin.util.OrderUtil          : OrderUtil | loadCurrencySetting | currencySettings : [Setting [key=CURRENCY_ID, value=4], Setting [key=CURRENCY_SYMBOL, value=€], Setting [key=CURRENCY_SYMBOL_POSITION, value=Before price], Setting [key=DECIMAL_DIGITS, value=2], Setting [key=DECIMAL_POINT_TYPE, value=POINT], Setting [key=THOUSANDS_POINT_TYPE, value=POINT]]
2023-07-08 16:33:18.139  INFO 23516 --- [http-nio-8080-exec-2] com.shopme.admin.util.OrderUtil          : OrderUtil | loadCurrencySetting | setting | key : CURRENCY_ID , value : 4
2023-07-08 16:33:18.139  INFO 23516 --- [http-nio-8080-exec-2] com.shopme.admin.util.OrderUtil          : OrderUtil | loadCurrencySetting | setting | key : CURRENCY_SYMBOL , value : €
2023-07-08 16:33:18.139  INFO 23516 --- [http-nio-8080-exec-2] com.shopme.admin.util.OrderUtil          : OrderUtil | loadCurrencySetting | setting | key : CURRENCY_SYMBOL_POSITION , value : Before price
2023-07-08 16:33:18.139  INFO 23516 --- [http-nio-8080-exec-2] com.shopme.admin.util.OrderUtil          : OrderUtil | loadCurrencySetting | setting | key : DECIMAL_DIGITS , value : 2
2023-07-08 16:33:18.139  INFO 23516 --- [http-nio-8080-exec-2] com.shopme.admin.util.OrderUtil          : OrderUtil | loadCurrencySetting | setting | key : DECIMAL_POINT_TYPE , value : POINT
2023-07-08 16:33:18.139  INFO 23516 --- [http-nio-8080-exec-2] com.shopme.admin.util.OrderUtil          : OrderUtil | loadCurrencySetting | setting | key : THOUSANDS_POINT_TYPE , value : POINT
2023-07-08 16:33:18.139  INFO 23516 --- [http-nio-8080-exec-2] c.s.admin.controller.OrderController     : OrderController | listByPage | loggedUser : ShopmeUserDetails [user=com.shopme.common.entity.User@59b69e6d]
2023-07-08 16:33:18.139 DEBUG 23516 --- [http-nio-8080-exec-2] o.s.w.s.v.ContentNegotiatingViewResolver : Selected 'text/html' given [text/html, application/xhtml+xml, image/avif, image/webp, image/apng, application/xml;q=0.9, application/signed-exchange;v=b3;q=0.7, */*;q=0.8]
2023-07-08 16:33:18.238 DEBUG 23516 --- [http-nio-8080-exec-2] o.s.web.servlet.DispatcherServlet        : Completed 200 OK
2023-07-08 16:33:18.254 DEBUG 23516 --- [http-nio-8080-exec-6] o.s.web.servlet.DispatcherServlet        : GET "/ShopmeAdmin/webjars/jquery/3.4.1/jquery.min.js", parameters={}
2023-07-08 16:33:18.254 DEBUG 23516 --- [http-nio-8080-exec-3] o.s.web.servlet.DispatcherServlet        : GET "/ShopmeAdmin/css/styles.css", parameters={}
2023-07-08 16:33:18.254 DEBUG 23516 --- [http-nio-8080-exec-9] o.s.web.servlet.DispatcherServlet        : GET "/ShopmeAdmin/webjars/bootstrap/4.3.1/css/bootstrap.min.css", parameters={}
2023-07-08 16:33:18.254 DEBUG 23516 --- [http-nio-8080-exec-5] o.s.web.servlet.DispatcherServlet        : GET "/ShopmeAdmin/webjars/bootstrap/4.3.1/js/bootstrap.min.js", parameters={}
2023-07-08 16:33:18.254 DEBUG 23516 --- [http-nio-8080-exec-10] o.s.web.servlet.DispatcherServlet        : GET "/ShopmeAdmin/js/common.js", parameters={}
2023-07-08 16:33:18.254 DEBUG 23516 --- [http-nio-8080-exec-8] o.s.web.servlet.DispatcherServlet        : GET "/ShopmeAdmin/fontawesome/all.css", parameters={}
2023-07-08 16:33:18.254 DEBUG 23516 --- [http-nio-8080-exec-5] o.s.w.s.handler.SimpleUrlHandlerMapping  : Mapped to ResourceHttpRequestHandler [class path resource [META-INF/resources/webjars/]]
2023-07-08 16:33:18.254 DEBUG 23516 --- [http-nio-8080-exec-9] o.s.w.s.handler.SimpleUrlHandlerMapping  : Mapped to ResourceHttpRequestHandler [class path resource [META-INF/resources/webjars/]]
2023-07-08 16:33:18.254 DEBUG 23516 --- [http-nio-8080-exec-6] o.s.w.s.handler.SimpleUrlHandlerMapping  : Mapped to ResourceHttpRequestHandler [class path resource [META-INF/resources/webjars/]]
2023-07-08 16:33:18.254 DEBUG 23516 --- [http-nio-8080-exec-3] o.s.w.s.handler.SimpleUrlHandlerMapping  : Mapped to ResourceHttpRequestHandler [class path resource [META-INF/resources/], class path resource [resources/], class path resource [static/], class path resource [public/], ServletContext resource [/]]
2023-07-08 16:33:18.254 DEBUG 23516 --- [http-nio-8080-exec-10] o.s.w.s.handler.SimpleUrlHandlerMapping  : Mapped to ResourceHttpRequestHandler [class path resource [META-INF/resources/], class path resource [resources/], class path resource [static/], class path resource [public/], ServletContext resource [/]]
2023-07-08 16:33:18.254 DEBUG 23516 --- [http-nio-8080-exec-8] o.s.w.s.handler.SimpleUrlHandlerMapping  : Mapped to ResourceHttpRequestHandler [class path resource [META-INF/resources/], class path resource [resources/], class path resource [static/], class path resource [public/], ServletContext resource [/]]
2023-07-08 16:33:18.256 DEBUG 23516 --- [http-nio-8080-exec-3] o.s.web.servlet.DispatcherServlet        : Completed 200 OK
2023-07-08 16:33:18.256 DEBUG 23516 --- [http-nio-8080-exec-10] o.s.web.servlet.DispatcherServlet        : Completed 200 OK
2023-07-08 16:33:18.256 DEBUG 23516 --- [http-nio-8080-exec-8] o.s.web.servlet.DispatcherServlet        : Completed 200 OK
2023-07-08 16:33:18.257 DEBUG 23516 --- [http-nio-8080-exec-9] o.s.web.servlet.DispatcherServlet        : Completed 200 OK
2023-07-08 16:33:18.257 DEBUG 23516 --- [http-nio-8080-exec-5] o.s.web.servlet.DispatcherServlet        : Completed 200 OK
2023-07-08 16:33:18.257 DEBUG 23516 --- [http-nio-8080-exec-6] o.s.web.servlet.DispatcherServlet        : Completed 200 OK
2023-07-08 16:33:18.273 DEBUG 23516 --- [http-nio-8080-exec-1] o.s.web.servlet.DispatcherServlet        : GET "/ShopmeAdmin/images/ShopmeAdminSmall.png", parameters={}
2023-07-08 16:33:18.273 DEBUG 23516 --- [http-nio-8080-exec-4] o.s.web.servlet.DispatcherServlet        : GET "/ShopmeAdmin/js/common_list.js", parameters={}
2023-07-08 16:33:18.274 DEBUG 23516 --- [http-nio-8080-exec-4] o.s.w.s.handler.SimpleUrlHandlerMapping  : Mapped to ResourceHttpRequestHandler [class path resource [META-INF/resources/], class path resource [resources/], class path resource [static/], class path resource [public/], ServletContext resource [/]]
2023-07-08 16:33:18.274 DEBUG 23516 --- [http-nio-8080-exec-1] o.s.w.s.handler.SimpleUrlHandlerMapping  : Mapped to ResourceHttpRequestHandler [class path resource [META-INF/resources/], class path resource [resources/], class path resource [static/], class path resource [public/], ServletContext resource [/]]
2023-07-08 16:33:18.275 DEBUG 23516 --- [http-nio-8080-exec-4] o.s.web.servlet.DispatcherServlet        : Completed 200 OK
2023-07-08 16:33:18.275 DEBUG 23516 --- [http-nio-8080-exec-1] o.s.web.servlet.DispatcherServlet        : Completed 200 OK
2023-07-08 16:33:18.281 DEBUG 23516 --- [http-nio-8080-exec-7] o.s.web.servlet.DispatcherServlet        : GET "/ShopmeAdmin/images/english.png", parameters={}
2023-07-08 16:33:18.281 DEBUG 23516 --- [http-nio-8080-exec-2] o.s.web.servlet.DispatcherServlet        : GET "/ShopmeAdmin/images/turkish.png", parameters={}
2023-07-08 16:33:18.281 DEBUG 23516 --- [http-nio-8080-exec-2] o.s.w.s.handler.SimpleUrlHandlerMapping  : Mapped to ResourceHttpRequestHandler [class path resource [META-INF/resources/], class path resource [resources/], class path resource [static/], class path resource [public/], ServletContext resource [/]]
2023-07-08 16:33:18.281 DEBUG 23516 --- [http-nio-8080-exec-7] o.s.w.s.handler.SimpleUrlHandlerMapping  : Mapped to ResourceHttpRequestHandler [class path resource [META-INF/resources/], class path resource [resources/], class path resource [static/], class path resource [public/], ServletContext resource [/]]
2023-07-08 16:33:18.283 DEBUG 23516 --- [http-nio-8080-exec-2] o.s.web.servlet.DispatcherServlet        : Completed 200 OK
2023-07-08 16:33:18.283 DEBUG 23516 --- [http-nio-8080-exec-7] o.s.web.servlet.DispatcherServlet        : Completed 200 OK
2023-07-08 16:33:18.291 DEBUG 23516 --- [http-nio-8080-exec-3] o.s.web.servlet.DispatcherServlet        : GET "/ShopmeAdmin/webfonts/fa-solid-900.woff2", parameters={}
2023-07-08 16:33:18.292 DEBUG 23516 --- [http-nio-8080-exec-3] o.s.w.s.handler.SimpleUrlHandlerMapping  : Mapped to ResourceHttpRequestHandler [class path resource [META-INF/resources/], class path resource [resources/], class path resource [static/], class path resource [public/], ServletContext resource [/]]
2023-07-08 16:33:18.293 DEBUG 23516 --- [http-nio-8080-exec-3] o.s.web.servlet.DispatcherServlet        : Completed 200 OK
2023-07-08 16:33:23.971 DEBUG 23516 --- [http-nio-8080-exec-10] o.s.web.servlet.DispatcherServlet        : GET "/ShopmeAdmin/orders/edit/4", parameters={}
2023-07-08 16:33:23.972 DEBUG 23516 --- [http-nio-8080-exec-10] s.w.s.m.m.a.RequestMappingHandlerMapping : Mapped to com.shopme.admin.controller.OrderController#editOrder(Integer, Model, RedirectAttributes, HttpServletRequest)
2023-07-08 16:33:23.972  INFO 23516 --- [http-nio-8080-exec-10] c.s.admin.controller.OrderController     : OrderController | editOrder is called
2023-07-08 16:33:23.981  INFO 23516 --- [http-nio-8080-exec-10] c.s.admin.controller.OrderController     : OrderController | editOrder | order : Order [id=4, subtotal=19.0, paymentMethod=COD, status=NEW, customer=kmac 617]
2023-07-08 16:33:23.981  INFO 23516 --- [http-nio-8080-exec-10] c.s.admin.controller.OrderController     : OrderController | editOrder | listCountries : [Country [id=1, name=Afghanistan, code=AF], Country [id=2, name=Albania, code=AL], Country [id=3, name=Algeria, code=DZ], Country [id=4, name=Andorra, code=AD], Country [id=5, name=Angola, code=AO], Country [id=6, name=Antigua and Barbuda, code=AG], Country [id=7, name=Argentina, code=AR], Country [id=8, name=Armenia, code=AM], Country [id=9, name=Australia, code=AU], Country [id=10, name=Austria, code=AT], Country [id=11, name=Azerbaijan, code=AZ], Country [id=12, name=Bahamas, code=BS], Country [id=13, name=Bahrain, code=BH], Country [id=14, name=Bangladesh, code=BD], Country [id=15, name=Barbados, code=BB], Country [id=16, name=Belarus, code=BY], Country [id=17, name=Belgium, code=BE], Country [id=18, name=Belize, code=BZ], Country [id=19, name=Benin, code=BJ], Country [id=20, name=Bhutan, code=BT], Country [id=21, name=Bolivia, code=BO], Country [id=22, name=Bosnia and Herzegovina, code=BA], Country [id=23, name=Botswana, code=BW], Country [id=24, name=Brazil, code=BR], Country [id=25, name=Brunei, code=BN], Country [id=26, name=Bulgaria, code=BG], Country [id=27, name=Burkina Faso, code=BF], Country [id=28, name=Burundi, code=BI], Country [id=29, name=Cabo Verde, code=CV], Country [id=30, name=Cambodia, code=KH], Country [id=31, name=Cameroon, code=CM], Country [id=32, name=Canada, code=CA], Country [id=33, name=Central African Republic, code=CF], Country [id=34, name=Chad, code=TD], Country [id=35, name=Chile, code=CL], Country [id=36, name=China, code=CN], Country [id=37, name=Colombia, code=CO], Country [id=38, name=Comoros, code=KM], Country [id=39, name=Congo, code=CG], Country [id=40, name=Costa Rica, code=CR], Country [id=41, name=Croatia, code=HR], Country [id=42, name=Cuba, code=CU], Country [id=43, name=Cyprus, code=CY], Country [id=44, name=Czech Republic, code=CZ], Country [id=45, name=Denmark, code=DK], Country [id=46, name=Djibouti, code=DJ], Country [id=47, name=Dominica, code=DM], Country [id=48, name=Dominican Republic, code=DO], Country [id=49, name=East Timor, code=TL], Country [id=50, name=Ecuador, code=EC], Country [id=51, name=Egypt, code=EG], Country [id=52, name=El Salvador, code=SV], Country [id=53, name=Equatorial Guinea, code=GQ], Country [id=54, name=Eritrea, code=ER], Country [id=55, name=Estonia, code=EE], Country [id=56, name=Eswatini, code=SZ], Country [id=57, name=Ethiopia, code=ET], Country [id=58, name=Fiji, code=FJ], Country [id=59, name=Finland, code=FI], Country [id=60, name=France, code=FR], Country [id=61, name=Gabon, code=GA], Country [id=62, name=Gambia, code=GM], Country [id=63, name=Georgia, code=GE], Country [id=64, name=Germany, code=DE], Country [id=65, name=Ghana, code=GH], Country [id=66, name=Greece, code=GR], Country [id=67, name=Grenada, code=GD], Country [id=68, name=Guatemala, code=GT], Country [id=69, name=Guinea, code=GN], Country [id=70, name=Guinea-Bissau, code=GW], Country [id=71, name=Guyana, code=GY], Country [id=72, name=Haiti, code=HT], Country [id=73, name=Honduras, code=HN], Country [id=74, name=Hungary, code=HU], Country [id=75, name=Iceland, code=IS], Country [id=76, name=India, code=IN], Country [id=77, name=Indonesia, code=ID], Country [id=78, name=Iran, code=IR], Country [id=79, name=Iraq, code=IQ], Country [id=80, name=Ireland, code=IE], Country [id=81, name=Israel, code=IL], Country [id=82, name=Italy, code=IT], Country [id=83, name=Jamaica, code=JM], Country [id=84, name=Japan, code=JP], Country [id=85, name=Jordan, code=JO], Country [id=86, name=Kazakhstan, code=KZ], Country [id=87, name=Kenya, code=KE], Country [id=88, name=Kiribati, code=KI], Country [id=91, name=Kuwait, code=KW], Country [id=92, name=Kyrgyzstan, code=KG], Country [id=93, name=Laos, code=LA], Country [id=94, name=Latvia, code=LV], Country [id=95, name=Lebanon, code=LB], Country [id=96, name=Lesotho, code=LS], Country [id=97, name=Liberia, code=LR], Country [id=98, name=Libya, code=LY], Country [id=99, name=Liechtenstein, code=LI], Country [id=100, name=Lithuania, code=LT], Country [id=101, name=Luxembourg, code=LU], Country [id=102, name=Madagascar, code=MG], Country [id=103, name=Malawi, code=MW], Country [id=104, name=Malaysia, code=MY], Country [id=105, name=Maldives, code=MV], Country [id=106, name=Mali, code=ML], Country [id=107, name=Malta, code=MT], Country [id=108, name=Marshall Islands, code=MH], Country [id=109, name=Mauritania, code=MR], Country [id=110, name=Mauritius, code=MU], Country [id=111, name=Mexico, code=MX], Country [id=112, name=Micronesia, code=FM], Country [id=113, name=Moldova, code=MD], Country [id=114, name=Monaco, code=MC], Country [id=115, name=Mongolia, code=MN], Country [id=116, name=Montenegro, code=ME], Country [id=117, name=Morocco, code=MA], Country [id=118, name=Mozambique, code=MZ], Country [id=119, name=Myanmar, code=MM], Country [id=120, name=Namibia, code=NA], Country [id=121, name=Nauru, code=NR], Country [id=122, name=Nepal, code=NP], Country [id=123, name=Netherlands, code=NL], Country [id=124, name=New Zealand, code=NZ], Country [id=125, name=Nicaragua, code=NI], Country [id=126, name=Niger, code=NE], Country [id=127, name=Nigeria, code=NG], Country [id=89, name=North Korea, code=KP], Country [id=128, name=North Macedonia, code=MK], Country [id=129, name=Norway, code=NO], Country [id=130, name=Oman, code=OM], Country [id=131, name=Pakistan, code=PK], Country [id=132, name=Palau, code=PW], Country [id=133, name=Panama, code=PA], Country [id=134, name=Papua New Guinea, code=PG], Country [id=135, name=Paraguay, code=PY], Country [id=136, name=Peru, code=PE], Country [id=137, name=Philippines, code=PH], Country [id=138, name=Poland, code=PL], Country [id=139, name=Portugal, code=PT], Country [id=140, name=Qatar, code=QA], Country [id=141, name=Romania, code=RO], Country [id=142, name=Russia, code=RU], Country [id=143, name=Rwanda, code=RW], Country [id=144, name=Saint Kitts and Nevis, code=KN], Country [id=145, name=Saint Lucia, code=LC], Country [id=146, name=Saint Vincent and the Grenadines, code=VC], Country [id=147, name=Samoa, code=WS], Country [id=148, name=San Marino, code=SM], Country [id=149, name=Sao Tome and Principe, code=ST], Country [id=150, name=Saudi Arabia, code=SA], Country [id=151, name=Senegal, code=SN], Country [id=152, name=Serbia, code=RS], Country [id=153, name=Seychelles, code=SC], Country [id=154, name=Sierra Leone, code=SL], Country [id=155, name=Singapore, code=SG], Country [id=156, name=Slovakia, code=SK], Country [id=157, name=Slovenia, code=SI], Country [id=158, name=Solomon Islands, code=SB], Country [id=159, name=Somalia, code=SO], Country [id=160, name=South Africa, code=ZA], Country [id=90, name=South Korea, code=KR], Country [id=161, name=South Sudan, code=SS], Country [id=162, name=Spain, code=ES], Country [id=163, name=Sri Lanka, code=LK], Country [id=164, name=Sudan, code=SD], Country [id=165, name=Suriname, code=SR], Country [id=166, name=Sweden, code=SE], Country [id=167, name=Switzerland, code=CH], Country [id=168, name=Syria, code=SY], Country [id=169, name=Taiwan, code=TW], Country [id=170, name=Tajikistan, code=TJ], Country [id=171, name=Tanzania, code=TZ], Country [id=172, name=Thailand, code=TH], Country [id=173, name=Togo, code=TG], Country [id=174, name=Tonga, code=TO], Country [id=175, name=Trinidad and Tobago, code=TT], Country [id=176, name=Tunisia, code=TN], Country [id=177, name=Turkey, code=TR], Country [id=178, name=Turkmenistan, code=TM], Country [id=179, name=Tuvalu, code=TV], Country [id=180, name=Uganda, code=UG], Country [id=181, name=Ukraine, code=UA], Country [id=182, name=United Arab Emirates, code=AE], Country [id=183, name=United Kingdom, code=GB], Country [id=184, name=United States, code=US], Country [id=185, name=Uruguay, code=UY], Country [id=186, name=Uzbekistan, code=UZ], Country [id=187, name=Vanuatu, code=VU], Country [id=188, name=Vatican City, code=VA], Country [id=189, name=Venezuela, code=VE], Country [id=190, name=Vietnam, code=VN], Country [id=191, name=Yemen, code=YE], Country [id=192, name=Zambia, code=ZM], Country [id=193, name=Zimbabwe, code=ZW]]
2023-07-08 16:33:23.981  INFO 23516 --- [http-nio-8080-exec-10] c.s.admin.controller.OrderController     : OrderController | editOrder | pageTitle : Edit Order (ID: 4)
2023-07-08 16:33:23.981 DEBUG 23516 --- [http-nio-8080-exec-10] o.s.w.s.v.ContentNegotiatingViewResolver : Selected 'text/html' given [text/html, application/xhtml+xml, image/avif, image/webp, image/apng, application/xml;q=0.9, application/signed-exchange;v=b3;q=0.7, */*;q=0.8]
2023-07-08 16:33:24.038 DEBUG 23516 --- [http-nio-8080-exec-10] o.s.web.servlet.DispatcherServlet        : Completed 200 OK
2023-07-08 16:33:24.098 DEBUG 23516 --- [http-nio-8080-exec-8] o.s.web.servlet.DispatcherServlet        : GET "/ShopmeAdmin/webjars/bootstrap/4.3.1/css/bootstrap.min.css", parameters={}
2023-07-08 16:33:24.098 DEBUG 23516 --- [http-nio-8080-exec-1] o.s.web.servlet.DispatcherServlet        : GET "/ShopmeAdmin/webjars/bootstrap/4.3.1/js/bootstrap.min.js", parameters={}
2023-07-08 16:33:24.098 DEBUG 23516 --- [http-nio-8080-exec-6] o.s.web.servlet.DispatcherServlet        : GET "/ShopmeAdmin/webjars/jquery/3.4.1/jquery.min.js", parameters={}
2023-07-08 16:33:24.098 DEBUG 23516 --- [http-nio-8080-exec-5] o.s.web.servlet.DispatcherServlet        : GET "/ShopmeAdmin/css/styles.css", parameters={}
2023-07-08 16:33:24.098 DEBUG 23516 --- [http-nio-8080-exec-9] o.s.web.servlet.DispatcherServlet        : GET "/ShopmeAdmin/fontawesome/all.css", parameters={}
2023-07-08 16:33:24.098 DEBUG 23516 --- [http-nio-8080-exec-4] o.s.web.servlet.DispatcherServlet        : GET "/ShopmeAdmin/js/common.js", parameters={}
2023-07-08 16:33:24.098 DEBUG 23516 --- [http-nio-8080-exec-6] o.s.w.s.handler.SimpleUrlHandlerMapping  : Mapped to ResourceHttpRequestHandler [class path resource [META-INF/resources/webjars/]]
2023-07-08 16:33:24.098 DEBUG 23516 --- [http-nio-8080-exec-5] o.s.w.s.handler.SimpleUrlHandlerMapping  : Mapped to ResourceHttpRequestHandler [class path resource [META-INF/resources/], class path resource [resources/], class path resource [static/], class path resource [public/], ServletContext resource [/]]
2023-07-08 16:33:24.098 DEBUG 23516 --- [http-nio-8080-exec-4] o.s.w.s.handler.SimpleUrlHandlerMapping  : Mapped to ResourceHttpRequestHandler [class path resource [META-INF/resources/], class path resource [resources/], class path resource [static/], class path resource [public/], ServletContext resource [/]]
2023-07-08 16:33:24.098 DEBUG 23516 --- [http-nio-8080-exec-9] o.s.w.s.handler.SimpleUrlHandlerMapping  : Mapped to ResourceHttpRequestHandler [class path resource [META-INF/resources/], class path resource [resources/], class path resource [static/], class path resource [public/], ServletContext resource [/]]
2023-07-08 16:33:24.098 DEBUG 23516 --- [http-nio-8080-exec-1] o.s.w.s.handler.SimpleUrlHandlerMapping  : Mapped to ResourceHttpRequestHandler [class path resource [META-INF/resources/webjars/]]
2023-07-08 16:33:24.098 DEBUG 23516 --- [http-nio-8080-exec-8] o.s.w.s.handler.SimpleUrlHandlerMapping  : Mapped to ResourceHttpRequestHandler [class path resource [META-INF/resources/webjars/]]
2023-07-08 16:33:24.100 DEBUG 23516 --- [http-nio-8080-exec-4] o.s.web.servlet.DispatcherServlet        : Completed 200 OK
2023-07-08 16:33:24.100 DEBUG 23516 --- [http-nio-8080-exec-5] o.s.web.servlet.DispatcherServlet        : Completed 200 OK
2023-07-08 16:33:24.100 DEBUG 23516 --- [http-nio-8080-exec-1] o.s.web.servlet.DispatcherServlet        : Completed 200 OK
2023-07-08 16:33:24.100 DEBUG 23516 --- [http-nio-8080-exec-9] o.s.web.servlet.DispatcherServlet        : Completed 200 OK
2023-07-08 16:33:24.101 DEBUG 23516 --- [http-nio-8080-exec-6] o.s.web.servlet.DispatcherServlet        : Completed 200 OK
2023-07-08 16:33:24.101 DEBUG 23516 --- [http-nio-8080-exec-8] o.s.web.servlet.DispatcherServlet        : Completed 200 OK
2023-07-08 16:33:24.114 DEBUG 23516 --- [http-nio-8080-exec-2] o.s.web.servlet.DispatcherServlet        : GET "/ShopmeAdmin/js/common_form.js", parameters={}
2023-07-08 16:33:24.114 DEBUG 23516 --- [http-nio-8080-exec-7] o.s.web.servlet.DispatcherServlet        : GET "/ShopmeAdmin/js/common_form_country_state.js", parameters={}
2023-07-08 16:33:24.115 DEBUG 23516 --- [http-nio-8080-exec-7] o.s.w.s.handler.SimpleUrlHandlerMapping  : Mapped to ResourceHttpRequestHandler [class path resource [META-INF/resources/], class path resource [resources/], class path resource [static/], class path resource [public/], ServletContext resource [/]]
2023-07-08 16:33:24.115 DEBUG 23516 --- [http-nio-8080-exec-2] o.s.w.s.handler.SimpleUrlHandlerMapping  : Mapped to ResourceHttpRequestHandler [class path resource [META-INF/resources/], class path resource [resources/], class path resource [static/], class path resource [public/], ServletContext resource [/]]
2023-07-08 16:33:24.116 DEBUG 23516 --- [http-nio-8080-exec-7] o.s.web.servlet.DispatcherServlet        : Completed 200 OK
2023-07-08 16:33:24.117 DEBUG 23516 --- [http-nio-8080-exec-2] o.s.web.servlet.DispatcherServlet        : Completed 200 OK
2023-07-08 16:33:24.124 DEBUG 23516 --- [http-nio-8080-exec-3] o.s.web.servlet.DispatcherServlet        : GET "/ShopmeAdmin/js/jquery.number.min.js", parameters={}
2023-07-08 16:33:24.124 DEBUG 23516 --- [http-nio-8080-exec-3] o.s.w.s.handler.SimpleUrlHandlerMapping  : Mapped to ResourceHttpRequestHandler [class path resource [META-INF/resources/], class path resource [resources/], class path resource [static/], class path resource [public/], ServletContext resource [/]]
2023-07-08 16:33:24.126 DEBUG 23516 --- [http-nio-8080-exec-3] o.s.web.servlet.DispatcherServlet        : Completed 200 OK
2023-07-08 16:33:24.127 DEBUG 23516 --- [http-nio-8080-exec-1] o.s.web.servlet.DispatcherServlet        : GET "/ShopmeAdmin/js/order_form_add_product.js", parameters={}
2023-07-08 16:33:24.127 DEBUG 23516 --- [http-nio-8080-exec-9] o.s.web.servlet.DispatcherServlet        : GET "/ShopmeAdmin/images/ShopmeAdminSmall.png", parameters={}
2023-07-08 16:33:24.127 DEBUG 23516 --- [http-nio-8080-exec-4] o.s.web.servlet.DispatcherServlet        : GET "/ShopmeAdmin/js/order_form_remove_product.js", parameters={}
2023-07-08 16:33:24.127 DEBUG 23516 --- [http-nio-8080-exec-4] o.s.w.s.handler.SimpleUrlHandlerMapping  : Mapped to ResourceHttpRequestHandler [class path resource [META-INF/resources/], class path resource [resources/], class path resource [static/], class path resource [public/], ServletContext resource [/]]
2023-07-08 16:33:24.127 DEBUG 23516 --- [http-nio-8080-exec-10] o.s.web.servlet.DispatcherServlet        : GET "/ShopmeAdmin/js/order_form_overview_products.js", parameters={}
2023-07-08 16:33:24.127 DEBUG 23516 --- [http-nio-8080-exec-1] o.s.w.s.handler.SimpleUrlHandlerMapping  : Mapped to ResourceHttpRequestHandler [class path resource [META-INF/resources/], class path resource [resources/], class path resource [static/], class path resource [public/], ServletContext resource [/]]
2023-07-08 16:33:24.127 DEBUG 23516 --- [http-nio-8080-exec-5] o.s.web.servlet.DispatcherServlet        : GET "/ShopmeAdmin/js/order_form_tracks.js", parameters={}
2023-07-08 16:33:24.127 DEBUG 23516 --- [http-nio-8080-exec-10] o.s.w.s.handler.SimpleUrlHandlerMapping  : Mapped to ResourceHttpRequestHandler [class path resource [META-INF/resources/], class path resource [resources/], class path resource [static/], class path resource [public/], ServletContext resource [/]]
2023-07-08 16:33:24.127 DEBUG 23516 --- [http-nio-8080-exec-9] o.s.w.s.handler.SimpleUrlHandlerMapping  : Mapped to ResourceHttpRequestHandler [class path resource [META-INF/resources/], class path resource [resources/], class path resource [static/], class path resource [public/], ServletContext resource [/]]
2023-07-08 16:33:24.128 DEBUG 23516 --- [http-nio-8080-exec-5] o.s.w.s.handler.SimpleUrlHandlerMapping  : Mapped to ResourceHttpRequestHandler [class path resource [META-INF/resources/], class path resource [resources/], class path resource [static/], class path resource [public/], ServletContext resource [/]]
2023-07-08 16:33:24.129 DEBUG 23516 --- [http-nio-8080-exec-4] o.s.web.servlet.DispatcherServlet        : Completed 200 OK
2023-07-08 16:33:24.129 DEBUG 23516 --- [http-nio-8080-exec-1] o.s.web.servlet.DispatcherServlet        : Completed 200 OK
2023-07-08 16:33:24.129 DEBUG 23516 --- [http-nio-8080-exec-9] o.s.web.servlet.DispatcherServlet        : Completed 200 OK
2023-07-08 16:33:24.130 DEBUG 23516 --- [http-nio-8080-exec-6] o.s.web.servlet.DispatcherServlet        : GET "/ShopmeAdmin/images/english.png", parameters={}
2023-07-08 16:33:24.130 DEBUG 23516 --- [http-nio-8080-exec-5] o.s.web.servlet.DispatcherServlet        : Completed 200 OK
2023-07-08 16:33:24.131 DEBUG 23516 --- [http-nio-8080-exec-10] o.s.web.servlet.DispatcherServlet        : Completed 200 OK
2023-07-08 16:33:24.131 DEBUG 23516 --- [http-nio-8080-exec-6] o.s.w.s.handler.SimpleUrlHandlerMapping  : Mapped to ResourceHttpRequestHandler [class path resource [META-INF/resources/], class path resource [resources/], class path resource [static/], class path resource [public/], ServletContext resource [/]]
2023-07-08 16:33:24.133 DEBUG 23516 --- [http-nio-8080-exec-8] o.s.web.servlet.DispatcherServlet        : GET "/ShopmeAdmin/images/turkish.png", parameters={}
2023-07-08 16:33:24.133 DEBUG 23516 --- [http-nio-8080-exec-6] o.s.web.servlet.DispatcherServlet        : Completed 200 OK
2023-07-08 16:33:24.134 DEBUG 23516 --- [http-nio-8080-exec-7] o.s.web.servlet.DispatcherServlet        : GET "/ShopmeAdmin/product-images/20/SNY_WH-1000XM4-B-01_zoom.jpg", parameters={}
2023-07-08 16:33:24.134 DEBUG 23516 --- [http-nio-8080-exec-8] o.s.w.s.handler.SimpleUrlHandlerMapping  : Mapped to ResourceHttpRequestHandler [class path resource [META-INF/resources/], class path resource [resources/], class path resource [static/], class path resource [public/], ServletContext resource [/]]
2023-07-08 16:33:24.134 DEBUG 23516 --- [http-nio-8080-exec-7] o.s.w.s.handler.SimpleUrlHandlerMapping  : Mapped to ResourceHttpRequestHandler [URL [file:/D:/Skills/Projects/Spring Boot/ShopMe/ShopmeLocal/ShopmeWebParentLocal/ShopmeBackendLocal/../product-images/]]
2023-07-08 16:33:24.135 DEBUG 23516 --- [http-nio-8080-exec-7] o.s.web.servlet.DispatcherServlet        : Completed 200 OK
2023-07-08 16:33:24.135 DEBUG 23516 --- [http-nio-8080-exec-8] o.s.web.servlet.DispatcherServlet        : Completed 200 OK
2023-07-08 16:33:24.149 DEBUG 23516 --- [http-nio-8080-exec-2] o.s.web.servlet.DispatcherServlet        : GET "/ShopmeAdmin/webfonts/fa-solid-900.woff2", parameters={}
2023-07-08 16:33:24.149 DEBUG 23516 --- [http-nio-8080-exec-2] o.s.w.s.handler.SimpleUrlHandlerMapping  : Mapped to ResourceHttpRequestHandler [class path resource [META-INF/resources/], class path resource [resources/], class path resource [static/], class path resource [public/], ServletContext resource [/]]
2023-07-08 16:33:24.155 DEBUG 23516 --- [http-nio-8080-exec-2] o.s.web.servlet.DispatcherServlet        : Completed 200 OK
2023-07-08 16:33:24.183 DEBUG 23516 --- [http-nio-8080-exec-3] o.s.web.servlet.DispatcherServlet        : GET "/ShopmeAdmin/states/list_by_country/183", parameters={}
2023-07-08 16:33:24.183 DEBUG 23516 --- [http-nio-8080-exec-3] s.w.s.m.m.a.RequestMappingHandlerMapping : Mapped to com.shopme.admin.controller.StateRestController#listByCountry(Integer)
2023-07-08 16:33:24.183  INFO 23516 --- [http-nio-8080-exec-3] c.s.a.controller.StateRestController     : StateRestController | listByCountry is called
2023-07-08 16:33:24.183  INFO 23516 --- [http-nio-8080-exec-3] c.s.a.controller.StateRestController     : StateRestController | listByCountry | countryId : 183
2023-07-08 16:33:24.185  INFO 23516 --- [http-nio-8080-exec-3] c.s.a.controller.StateRestController     : StateRestController | listByCountry | listStates.size() : 1
2023-07-08 16:33:24.185  INFO 23516 --- [http-nio-8080-exec-3] c.s.a.controller.StateRestController     : StateRestController | listByCountry | result : [StateDTO [id=17, name=London]]
2023-07-08 16:33:24.185 DEBUG 23516 --- [http-nio-8080-exec-3] m.m.a.RequestResponseBodyMethodProcessor : Using 'application/json', given [*/*] and supported [application/json, application/*+json, application/json, application/*+json]
2023-07-08 16:33:24.185 DEBUG 23516 --- [http-nio-8080-exec-3] m.m.a.RequestResponseBodyMethodProcessor : Writing [[StateDTO [id=17, name=London]]]
2023-07-08 16:33:24.187 DEBUG 23516 --- [http-nio-8080-exec-3] o.s.web.servlet.DispatcherServlet        : Completed 200 OK
