2022-10-20 17:13:38,326 [Worker-7: Loading available Gradle versions] INFO  o.e.b.c.i.u.g.PublishedGradleVersions - Gradle version information cache is up-to-date. Trying to read.
2023-06-13 11:47:09,844 [Worker-5: Updating Maven Dependencies] INFO  o.e.m.c.i.l.LifecycleMappingFactory - Using org.eclipse.m2e.jdt.JarLifecycleMapping lifecycle mapping for MavenProject: com.shopme:ShopmeCommon:0.0.1-SNAPSHOT @ D:\Skills\Projects\Spring Boot\ShopmeAWS\ShopmeCommon\pom.xml.
2023-06-13 11:47:09,844 [Worker-8: Building] INFO  o.e.m.c.i.l.LifecycleMappingFactory - Using org.eclipse.m2e.jdt.JarLifecycleMapping lifecycle mapping for MavenProject: com.shopme:ShopmeCommon:0.0.1-SNAPSHOT @ D:\Skills\Projects\Spring Boot\ShopmeAWS\ShopmeCommon\pom.xml.
2023-06-13 11:47:11,585 [Worker-8: Building] INFO  o.e.m.c.i.embedder.EclipseLogger - Using 'UTF-8' encoding to copy filtered resources.
2023-06-13 11:47:11,585 [Worker-8: Building] INFO  o.e.m.c.i.embedder.EclipseLogger - Using 'UTF-8' encoding to copy filtered properties files.
2023-06-13 11:47:11,587 [Worker-8: Building] INFO  o.e.m.c.i.embedder.EclipseLogger - Copying 1 resource
2023-06-13 11:47:11,598 [Worker-8: Building] INFO  o.e.m.c.i.embedder.EclipseLogger - Copying 0 resource
2023-06-13 11:47:11,600 [Worker-8: Building] INFO  o.e.m.c.i.embedder.EclipseLogger - Using 'UTF-8' encoding to copy filtered resources.
2023-06-13 11:47:11,600 [Worker-8: Building] INFO  o.e.m.c.i.embedder.EclipseLogger - Using 'UTF-8' encoding to copy filtered properties files.
2023-06-13 11:47:11,600 [Worker-8: Building] INFO  o.e.m.c.i.embedder.EclipseLogger - skip non existing resourceDirectory D:\Skills\Projects\Spring Boot\ShopmeAWS\ShopmeCommon\src\test\resources
2023-06-13 11:47:13,475 [Worker-13: Building] INFO  o.e.m.c.i.embedder.EclipseLogger - Using 'UTF-8' encoding to copy filtered resources.
2023-06-13 11:47:13,475 [Worker-13: Building] INFO  o.e.m.c.i.embedder.EclipseLogger - Using 'UTF-8' encoding to copy filtered properties files.
2023-06-13 11:47:13,477 [Worker-13: Building] INFO  o.e.m.c.i.embedder.EclipseLogger - Copying 1 resource
2023-06-13 11:47:13,478 [Worker-13: Building] INFO  o.e.m.c.i.embedder.EclipseLogger - Copying 0 resource
2023-06-13 11:47:13,479 [Worker-13: Building] INFO  o.e.m.c.i.embedder.EclipseLogger - Using 'UTF-8' encoding to copy filtered resources.
2023-06-13 11:47:13,479 [Worker-13: Building] INFO  o.e.m.c.i.embedder.EclipseLogger - Using 'UTF-8' encoding to copy filtered properties files.
2023-06-13 11:47:13,479 [Worker-13: Building] INFO  o.e.m.c.i.embedder.EclipseLogger - skip non existing resourceDirectory D:\Skills\Projects\Spring Boot\ShopmeAWS\ShopmeCommon\src\test\resources
2023-06-13 11:47:14,229 [Worker-3: Updating Maven Dependencies] INFO  o.e.m.c.i.l.LifecycleMappingFactory - Using org.eclipse.m2e.jdt.JarLifecycleMapping lifecycle mapping for MavenProject: com.shopme:ShopmeCommon:0.0.1-SNAPSHOT @ D:\Skills\Projects\Spring Boot\ShopmeAWS\ShopmeCommon\pom.xml.
2023-06-13 11:47:14,904 [Worker-12: Building] INFO  o.e.m.c.i.embedder.EclipseLogger - Using 'UTF-8' encoding to copy filtered resources.
2023-06-13 11:47:14,904 [Worker-12: Building] INFO  o.e.m.c.i.embedder.EclipseLogger - Using 'UTF-8' encoding to copy filtered properties files.
2023-06-13 11:47:14,905 [Worker-12: Building] INFO  o.e.m.c.i.embedder.EclipseLogger - Copying 0 resource
2023-06-13 11:47:14,906 [Worker-12: Building] INFO  o.e.m.c.i.embedder.EclipseLogger - Copying 0 resource
2023-06-13 11:47:14,907 [Worker-12: Building] INFO  o.e.m.c.i.embedder.EclipseLogger - Using 'UTF-8' encoding to copy filtered resources.
2023-06-13 11:47:14,907 [Worker-12: Building] INFO  o.e.m.c.i.embedder.EclipseLogger - Using 'UTF-8' encoding to copy filtered properties files.
2023-06-13 11:47:14,907 [Worker-12: Building] INFO  o.e.m.c.i.embedder.EclipseLogger - skip non existing resourceDirectory D:\Skills\Projects\Spring Boot\ShopmeAWS\ShopmeCommon\src\test\resources
2023-06-13 11:47:15,868 [Worker-12: Building] INFO  o.e.m.c.i.l.LifecycleMappingFactory - Using org.eclipse.m2e.jdt.JarLifecycleMapping lifecycle mapping for MavenProject: com.shopme:ShopmeBackEnd:0.0.1-SNAPSHOT @ D:\Skills\Projects\Spring Boot\ShopmeAWS\ShopmeWebParent\ShopmeBackend\pom.xml.
2023-06-13 11:47:16,045 [Worker-12: Building] INFO  o.e.m.c.i.p.WorkspaceClassifierResolverManager - Resolving P/ShopmeCommon: com.shopme:ShopmeCommon:0.0.1-SNAPSHOT with classifier  to /ShopmeCommon/target/classes
2023-06-13 11:47:16,509 [Worker-12: Building] INFO  o.e.m.c.i.embedder.EclipseLogger - Using 'UTF-8' encoding to copy filtered resources.
2023-06-13 11:47:16,509 [Worker-12: Building] INFO  o.e.m.c.i.embedder.EclipseLogger - Using 'UTF-8' encoding to copy filtered properties files.
2023-06-13 11:47:16,509 [Worker-12: Building] INFO  o.e.m.c.i.embedder.EclipseLogger - Copying 1 resource
2023-06-13 11:47:16,519 [Worker-12: Building] INFO  o.e.m.c.i.embedder.EclipseLogger - Copying 138 resources
2023-06-13 11:47:16,641 [Worker-12: Building] INFO  o.e.m.c.i.embedder.EclipseLogger - Using 'UTF-8' encoding to copy filtered resources.
2023-06-13 11:47:16,641 [Worker-12: Building] INFO  o.e.m.c.i.embedder.EclipseLogger - Using 'UTF-8' encoding to copy filtered properties files.
2023-06-13 11:47:16,641 [Worker-12: Building] INFO  o.e.m.c.i.embedder.EclipseLogger - skip non existing resourceDirectory D:\Skills\Projects\Spring Boot\ShopmeAWS\ShopmeWebParent\ShopmeBackend\src\test\resources
2023-06-13 11:47:16,973 [Worker-12: Building] INFO  o.e.m.c.i.l.LifecycleMappingFactory - Using org.eclipse.m2e.jdt.JarLifecycleMapping lifecycle mapping for MavenProject: com.shopme:ShopmeFrontEnd:0.0.1-SNAPSHOT @ D:\Skills\Projects\Spring Boot\ShopmeAWS\ShopmeWebParent\ShopmeFrontEnd\pom.xml.
2023-06-13 11:47:17,079 [Worker-12: Building] INFO  o.e.m.c.i.p.WorkspaceClassifierResolverManager - Resolving P/ShopmeCommon: com.shopme:ShopmeCommon:0.0.1-SNAPSHOT with classifier  to /ShopmeCommon/target/classes
2023-06-13 11:47:17,216 [Worker-12: Building] INFO  o.e.m.c.i.embedder.EclipseLogger - Using 'UTF-8' encoding to copy filtered resources.
2023-06-13 11:47:17,216 [Worker-12: Building] INFO  o.e.m.c.i.embedder.EclipseLogger - Using 'UTF-8' encoding to copy filtered properties files.
2023-06-13 11:47:17,217 [Worker-12: Building] INFO  o.e.m.c.i.embedder.EclipseLogger - Copying 1 resource
2023-06-13 11:47:17,218 [Worker-12: Building] INFO  o.e.m.c.i.embedder.EclipseLogger - Copying 92 resources
2023-06-13 11:47:17,296 [Worker-12: Building] INFO  o.e.m.c.i.embedder.EclipseLogger - Using 'UTF-8' encoding to copy filtered resources.
2023-06-13 11:47:17,296 [Worker-12: Building] INFO  o.e.m.c.i.embedder.EclipseLogger - Using 'UTF-8' encoding to copy filtered properties files.
2023-06-13 11:47:17,296 [Worker-12: Building] INFO  o.e.m.c.i.embedder.EclipseLogger - skip non existing resourceDirectory D:\Skills\Projects\Spring Boot\ShopmeAWS\ShopmeWebParent\ShopmeFrontEnd\src\test\resources
2023-06-13 11:47:17,810 [Worker-12: Building] INFO  o.e.m.c.i.l.LifecycleMappingFactory - Using org.eclipse.m2e.jdt.JarLifecycleMapping lifecycle mapping for MavenProject: com.shopme:ShopmeFrontEnd:0.0.1-SNAPSHOT @ D:\Skills\Projects\Spring Boot\ShopmeAWS\ShopmeWebParent\ShopmeFrontEnd\pom.xml.
2023-06-13 11:47:17,967 [Worker-12: Building] INFO  o.e.m.c.i.p.WorkspaceClassifierResolverManager - Resolving P/ShopmeCommon: com.shopme:ShopmeCommon:0.0.1-SNAPSHOT with classifier  to /ShopmeCommon/target/classes
2023-06-13 11:47:17,991 [Worker-12: Building] INFO  o.e.m.c.i.l.LifecycleMappingFactory - Using org.eclipse.m2e.jdt.JarLifecycleMapping lifecycle mapping for MavenProject: com.shopme:ShopmeBackEnd:0.0.1-SNAPSHOT @ D:\Skills\Projects\Spring Boot\ShopmeAWS\ShopmeWebParent\ShopmeBackend\pom.xml.
2023-06-13 11:47:18,078 [Worker-12: Building] INFO  o.e.m.c.i.p.WorkspaceClassifierResolverManager - Resolving P/ShopmeCommon: com.shopme:ShopmeCommon:0.0.1-SNAPSHOT with classifier  to /ShopmeCommon/target/classes
2023-06-13 11:47:18,080 [Worker-12: Building] INFO  o.e.m.c.i.l.LifecycleMappingFactory - Using NULL lifecycle mapping for MavenProject: com.shopme:ShopmeWebParent:0.0.1-SNAPSHOT @ D:\Skills\Projects\Spring Boot\ShopmeAWS\ShopmeWebParent\pom.xml.
2023-06-13 11:47:18,093 [Worker-12: Building] INFO  o.e.m.c.i.p.WorkspaceClassifierResolverManager - Resolving P/ShopmeCommon: com.shopme:ShopmeCommon:0.0.1-SNAPSHOT with classifier  to /ShopmeCommon/target/classes
2023-06-13 11:47:18,115 [Worker-12: Building] INFO  o.e.m.c.i.l.LifecycleMappingFactory - Using org.eclipse.m2e.jdt.JarLifecycleMapping lifecycle mapping for MavenProject: com.shopme:ShopmeFrontEnd:0.0.1-SNAPSHOT @ D:\Skills\Projects\Spring Boot\ShopmeAWS\ShopmeWebParent\ShopmeFrontEnd\pom.xml.
2023-06-13 11:47:18,133 [Worker-12: Building] INFO  o.e.m.c.i.p.WorkspaceClassifierResolverManager - Resolving P/ShopmeCommon: com.shopme:ShopmeCommon:0.0.1-SNAPSHOT with classifier  to /ShopmeCommon/target/classes
2023-06-13 11:47:18,156 [Worker-12: Building] INFO  o.e.m.c.i.l.LifecycleMappingFactory - Using org.eclipse.m2e.jdt.JarLifecycleMapping lifecycle mapping for MavenProject: com.shopme:ShopmeBackEnd:0.0.1-SNAPSHOT @ D:\Skills\Projects\Spring Boot\ShopmeAWS\ShopmeWebParent\ShopmeBackend\pom.xml.
2023-06-13 11:47:18,182 [Worker-12: Building] INFO  o.e.m.c.i.p.WorkspaceClassifierResolverManager - Resolving P/ShopmeCommon: com.shopme:ShopmeCommon:0.0.1-SNAPSHOT with classifier  to /ShopmeCommon/target/classes
2023-06-13 11:47:20,574 [Worker-11: Building] INFO  o.e.m.c.i.p.WorkspaceClassifierResolverManager - Resolving P/ShopmeCommon: com.shopme:ShopmeCommon:0.0.1-SNAPSHOT with classifier  to /ShopmeCommon/target/classes
2023-06-13 11:47:20,659 [Worker-11: Building] INFO  o.e.m.c.i.p.WorkspaceClassifierResolverManager - Resolving P/ShopmeCommon: com.shopme:ShopmeCommon:0.0.1-SNAPSHOT with classifier  to /ShopmeCommon/target/classes
2023-06-13 11:47:20,663 [Worker-11: Building] INFO  o.e.m.c.i.embedder.EclipseLogger - Using 'UTF-8' encoding to copy filtered resources.
2023-06-13 11:47:20,663 [Worker-11: Building] INFO  o.e.m.c.i.embedder.EclipseLogger - Using 'UTF-8' encoding to copy filtered properties files.
2023-06-13 11:47:20,666 [Worker-11: Building] INFO  o.e.m.c.i.embedder.EclipseLogger - Copying 1 resource
2023-06-13 11:47:20,669 [Worker-11: Building] INFO  o.e.m.c.i.embedder.EclipseLogger - Copying 138 resources
2023-06-13 11:47:20,822 [Worker-11: Building] INFO  o.e.m.c.i.embedder.EclipseLogger - Using 'UTF-8' encoding to copy filtered resources.
2023-06-13 11:47:20,822 [Worker-11: Building] INFO  o.e.m.c.i.embedder.EclipseLogger - Using 'UTF-8' encoding to copy filtered properties files.
2023-06-13 11:47:20,822 [Worker-11: Building] INFO  o.e.m.c.i.embedder.EclipseLogger - skip non existing resourceDirectory D:\Skills\Projects\Spring Boot\ShopmeAWS\ShopmeWebParent\ShopmeBackend\src\test\resources
2023-06-13 11:47:21,425 [Worker-11: Building] INFO  o.e.m.c.i.p.WorkspaceClassifierResolverManager - Resolving P/ShopmeCommon: com.shopme:ShopmeCommon:0.0.1-SNAPSHOT with classifier  to /ShopmeCommon/target/classes
2023-06-13 11:47:21,447 [Worker-11: Building] INFO  o.e.m.c.i.p.WorkspaceClassifierResolverManager - Resolving P/ShopmeCommon: com.shopme:ShopmeCommon:0.0.1-SNAPSHOT with classifier  to /ShopmeCommon/target/classes
2023-06-13 11:47:21,450 [Worker-11: Building] INFO  o.e.m.c.i.embedder.EclipseLogger - Using 'UTF-8' encoding to copy filtered resources.
2023-06-13 11:47:21,450 [Worker-11: Building] INFO  o.e.m.c.i.embedder.EclipseLogger - Using 'UTF-8' encoding to copy filtered properties files.
2023-06-13 11:47:21,452 [Worker-11: Building] INFO  o.e.m.c.i.embedder.EclipseLogger - Copying 1 resource
2023-06-13 11:47:21,455 [Worker-11: Building] INFO  o.e.m.c.i.embedder.EclipseLogger - Copying 92 resources
2023-06-13 11:47:21,535 [Worker-11: Building] INFO  o.e.m.c.i.embedder.EclipseLogger - Using 'UTF-8' encoding to copy filtered resources.
2023-06-13 11:47:21,535 [Worker-11: Building] INFO  o.e.m.c.i.embedder.EclipseLogger - Using 'UTF-8' encoding to copy filtered properties files.
2023-06-13 11:47:21,535 [Worker-11: Building] INFO  o.e.m.c.i.embedder.EclipseLogger - skip non existing resourceDirectory D:\Skills\Projects\Spring Boot\ShopmeAWS\ShopmeWebParent\ShopmeFrontEnd\src\test\resources
2023-06-13 11:47:21,814 [Worker-11: Building] INFO  o.e.m.c.i.p.WorkspaceClassifierResolverManager - Resolving P/ShopmeCommon: com.shopme:ShopmeCommon:0.0.1-SNAPSHOT with classifier  to /ShopmeCommon/target/classes
2023-06-13 11:47:54,865 [Worker-11: Loading available Gradle versions] INFO  o.e.b.c.i.u.g.PublishedGradleVersions - Gradle version information cache is up-to-date. Trying to read.
